                Step[ FC]     Time          Energy          fmax
BFGSLineSearch:    0[  0] 16:44:59    -8573.982490       2.7902
BFGSLineSearch:    1[  2] 16:45:01    -8576.652228       1.5617
BFGSLineSearch:    2[  4] 16:46:45    -8577.794975       1.1862
BFGSLineSearch:    3[  5] 16:48:30    -8578.702499       0.7800
BFGSLineSearch:    4[  6] 16:50:11    -8579.252525       0.7722
BFGSLineSearch:    5[  7] 16:51:48    -8579.829693       0.7145
BFGSLineSearch:    6[  9] 16:53:29    -8580.201540       0.5963
BFGSLineSearch:    7[ 10] 16:55:13    -8580.550026       0.8567
BFGSLineSearch:    8[ 11] 16:56:55    -8581.007479       0.4969
BFGSLineSearch:    9[ 12] 16:58:32    -8581.314673       0.8386
BFGSLineSearch:   10[ 13] 17:00:12    -8581.599944       0.6218
BFGSLineSearch:   11[ 14] 17:01:56    -8581.868886       0.4530
BFGSLineSearch:   12[ 15] 17:03:35    -8582.084691       0.4498
BFGSLineSearch:   13[ 16] 17:05:11    -8582.287336       0.4277
BFGSLineSearch:   14[ 17] 17:06:50    -8582.466321       0.4057
BFGSLineSearch:   15[ 18] 17:08:34    -8582.638061       0.4456
BFGSLineSearch:   16[ 19] 17:10:18    -8582.806098       0.5155
BFGSLineSearch:   17[ 20] 17:12:02    -8582.966591       0.7689
BFGSLineSearch:   18[ 21] 17:13:48    -8583.116293       0.3947
BFGSLineSearch:   19[ 22] 17:15:35    -8583.275044       0.5938
BFGSLineSearch:   20[ 23] 17:17:21    -8583.428875       0.4302
BFGSLineSearch:   21[ 24] 17:19:07    -8583.538867       1.1302
BFGSLineSearch:   22[ 25] 17:20:54    -8583.652195       0.8663
BFGSLineSearch:   23[ 26] 17:22:42    -8583.786652       0.5407
BFGSLineSearch:   24[ 27] 17:24:30    -8583.963040       0.3780
BFGSLineSearch:   25[ 29] 17:26:14    -8584.044011       0.5141
BFGSLineSearch:   26[ 31] 17:28:01    -8584.124446       0.3925
             Step     Time          Energy          fmax
SciPyFminCG:    0 17:29:10    -8564.771984        2.693239
SciPyFminCG:    1 17:29:11    -8567.311246        1.613025
SciPyFminCG:    2 17:29:11    -8568.368702        1.201211
SciPyFminCG:    3 17:29:12    -8569.327165        0.908891
SciPyFminCG:    4 17:29:13    -8569.880787        0.697546
SciPyFminCG:    5 17:29:13    -8570.363737        0.548368
SciPyFminCG:    6 17:29:14    -8570.706699        0.845842
SciPyFminCG:    7 17:29:14    -8571.179736        0.602465
SciPyFminCG:    8 17:29:15    -8571.653357        0.575501
SciPyFminCG:    9 17:29:16    -8571.908565        0.606660
SciPyFminCG:   10 17:29:16    -8572.190179        0.431594
SciPyFminCG:   11 17:29:17    -8572.428670        0.396585
SciPyFminCG:   12 17:29:17    -8572.594441        0.448628
SciPyFminCG:   13 17:29:18    -8572.795246        0.490514
SciPyFminCG:   14 17:29:19    -8573.007906        0.486769
SciPyFminCG:   15 17:29:19    -8573.187072        0.572237
SciPyFminCG:   16 17:29:20    -8573.382574        0.554250
