2025-08-18 23:23:42.002 INFO: ===========VERIFYING SETTINGS===========
2025-08-18 23:23:42.002 INFO: MACE version: 0.3.14
2025-08-18 23:23:42.277 INFO: CUDA version: 12.6, CUDA device: 0
2025-08-18 23:23:43.220 INFO: Using foundation model /home/phanim/harshitrawat/summer/mace_models/universal/2024-01-07-mace-128-L2_epoch-199.model as initial checkpoint.
2025-08-18 23:23:43.221 INFO: Multihead finetuning mode, setting learning rate to 0.0001 and EMA to True. To use a different learning rate, set --force_mh_ft_lr=True.
2025-08-18 23:23:43.221 INFO: Using multiheads finetuning mode, setting learning rate to 0.0001 and EMA to True
2025-08-18 23:23:43.221 INFO: ===========LOADING INPUT DATA===========
2025-08-18 23:23:43.221 INFO: Using heads: ['Default', 'pt_head']
2025-08-18 23:23:43.221 INFO: Using the key specifications to parse data:
2025-08-18 23:23:43.221 INFO: Default: KeySpecification(info_keys={'energy': 'REF_energy', 'stress': 'REF_stress', 'virials': 'REF_virials', 'dipole': 'dipole', 'head': 'head', 'elec_temp': 'elec_temp', 'total_charge': 'total_charge', 'polarizability': 'polarizability', 'total_spin': 'total_spin'}, arrays_keys={'forces': 'REF_forces', 'charges': 'REF_charges'})
2025-08-18 23:23:43.221 INFO: pt_head: KeySpecification(info_keys={'energy': 'REF_energy', 'stress': 'REF_stress', 'virials': 'REF_virials', 'dipole': 'dipole', 'head': 'head', 'elec_temp': 'elec_temp', 'total_charge': 'total_charge', 'polarizability': 'polarizability', 'total_spin': 'total_spin'}, arrays_keys={'forces': 'REF_forces', 'charges': 'REF_charges'})
2025-08-18 23:23:43.221 INFO: =============    Processing head Default     ===========
2025-08-18 23:23:48.705 INFO: Training set 1/1 [energy: 1612, stress: 0, virials: 0, dipole components: 0, head: 1612, elec_temp: 0, total_charge: 0, polarizability: 0, total_spin: 0, forces: 1612, charges: 0]
2025-08-18 23:23:48.710 INFO: Total Training set [energy: 1612, stress: 0, virials: 0, dipole components: 0, head: 1612, elec_temp: 0, total_charge: 0, polarizability: 0, total_spin: 0, forces: 1612, charges: 0]
2025-08-18 23:23:51.038 INFO: Validation set 1/1 [energy: 705, stress: 0, virials: 0, dipole components: 0, head: 705, elec_temp: 0, total_charge: 0, polarizability: 0, total_spin: 0, forces: 705, charges: 0]
2025-08-18 23:23:51.040 INFO: Total Validation set [energy: 705, stress: 0, virials: 0, dipole components: 0, head: 705, elec_temp: 0, total_charge: 0, polarizability: 0, total_spin: 0, forces: 705, charges: 0]
2025-08-18 23:23:51.040 INFO: Total number of configurations: train=1612, valid=705, tests=[],
2025-08-18 23:23:51.040 INFO: =============    Processing head pt_head     ===========
2025-08-18 23:40:13.500 INFO: ===========VERIFYING SETTINGS===========
2025-08-18 23:40:13.501 INFO: MACE version: 0.3.14
2025-08-18 23:40:13.810 INFO: CUDA version: 12.6, CUDA device: 0
2025-08-18 23:40:14.461 INFO: Using foundation model /home/phanim/harshitrawat/summer/mace_models/universal/2024-01-07-mace-128-L2_epoch-199.model as initial checkpoint.
2025-08-18 23:40:14.462 INFO: Multihead finetuning mode, setting learning rate to 0.0001 and EMA to True. To use a different learning rate, set --force_mh_ft_lr=True.
2025-08-18 23:40:14.462 INFO: Using multiheads finetuning mode, setting learning rate to 0.0001 and EMA to True
2025-08-18 23:40:14.462 INFO: ===========LOADING INPUT DATA===========
2025-08-18 23:40:14.462 INFO: Using heads: ['Default', 'pt_head']
2025-08-18 23:40:14.463 INFO: Using the key specifications to parse data:
2025-08-18 23:40:14.463 INFO: Default: KeySpecification(info_keys={'energy': 'REF_energy', 'stress': 'REF_stress', 'virials': 'REF_virials', 'dipole': 'dipole', 'head': 'head', 'elec_temp': 'elec_temp', 'total_charge': 'total_charge', 'polarizability': 'polarizability', 'total_spin': 'total_spin'}, arrays_keys={'forces': 'REF_forces', 'charges': 'REF_charges'})
2025-08-18 23:40:14.463 INFO: pt_head: KeySpecification(info_keys={'energy': 'REF_energy', 'stress': 'REF_stress', 'virials': 'REF_virials', 'dipole': 'dipole', 'head': 'head', 'elec_temp': 'elec_temp', 'total_charge': 'total_charge', 'polarizability': 'polarizability', 'total_spin': 'total_spin'}, arrays_keys={'forces': 'REF_forces', 'charges': 'REF_charges'})
2025-08-18 23:40:14.463 INFO: =============    Processing head Default     ===========
2025-08-18 23:40:19.851 INFO: Training set 1/1 [energy: 1612, stress: 0, virials: 0, dipole components: 0, head: 1612, elec_temp: 0, total_charge: 0, polarizability: 0, total_spin: 0, forces: 1612, charges: 0]
2025-08-18 23:40:19.856 INFO: Total Training set [energy: 1612, stress: 0, virials: 0, dipole components: 0, head: 1612, elec_temp: 0, total_charge: 0, polarizability: 0, total_spin: 0, forces: 1612, charges: 0]
2025-08-18 23:40:22.198 INFO: Validation set 1/1 [energy: 705, stress: 0, virials: 0, dipole components: 0, head: 705, elec_temp: 0, total_charge: 0, polarizability: 0, total_spin: 0, forces: 705, charges: 0]
2025-08-18 23:40:22.200 INFO: Total Validation set [energy: 705, stress: 0, virials: 0, dipole components: 0, head: 705, elec_temp: 0, total_charge: 0, polarizability: 0, total_spin: 0, forces: 705, charges: 0]
2025-08-18 23:40:22.200 INFO: Total number of configurations: train=1612, valid=705, tests=[],
2025-08-18 23:40:22.200 INFO: =============    Processing head pt_head     ===========
2025-08-18 23:40:22.206 WARNING: No forces found with key 'REF_forces' in '/home/phanim/harshitrawat/summer/replay_data/mp_finetuning-mace_T2_mp_replay_run-42_REFkeys.xyz'. If this is unexpected, Please change the key name in the command line arguments or ensure that the file contains the required data.
2025-08-18 23:40:22.206 INFO: Training set 1/1 [energy: 1, stress: 1, virials: 0, dipole components: 0, head: 1, elec_temp: 0, total_charge: 0, polarizability: 0, total_spin: 0, forces: 0, charges: 0]
2025-08-18 23:40:22.206 INFO: Total Training set [energy: 1, stress: 1, virials: 0, dipole components: 0, head: 1, elec_temp: 0, total_charge: 0, polarizability: 0, total_spin: 0, forces: 0, charges: 0]
2025-08-18 23:40:22.206 INFO: No validation set provided, splitting training data instead.
2025-08-18 23:59:01.550 INFO: ===========VERIFYING SETTINGS===========
2025-08-18 23:59:01.550 INFO: MACE version: 0.3.14
2025-08-18 23:59:01.864 INFO: CUDA version: 12.6, CUDA device: 0
2025-08-18 23:59:02.552 INFO: Using foundation model /home/phanim/harshitrawat/summer/mace_models/universal/2024-01-07-mace-128-L2_epoch-199.model as initial checkpoint.
2025-08-18 23:59:02.553 INFO: Multihead finetuning mode, setting learning rate to 0.0001 and EMA to True. To use a different learning rate, set --force_mh_ft_lr=True.
2025-08-18 23:59:02.553 INFO: Using multiheads finetuning mode, setting learning rate to 0.0001 and EMA to True
2025-08-18 23:59:02.553 INFO: ===========LOADING INPUT DATA===========
2025-08-18 23:59:02.554 INFO: Using heads: ['Default', 'pt_head']
2025-08-18 23:59:02.554 INFO: Using the key specifications to parse data:
2025-08-18 23:59:02.554 INFO: Default: KeySpecification(info_keys={'energy': 'REF_energy', 'stress': 'REF_stress', 'virials': 'REF_virials', 'dipole': 'dipole', 'head': 'head', 'elec_temp': 'elec_temp', 'total_charge': 'total_charge', 'polarizability': 'polarizability', 'total_spin': 'total_spin'}, arrays_keys={'forces': 'REF_forces', 'charges': 'REF_charges'})
2025-08-18 23:59:02.554 INFO: pt_head: KeySpecification(info_keys={'energy': 'REF_energy', 'stress': 'REF_stress', 'virials': 'REF_virials', 'dipole': 'dipole', 'head': 'head', 'elec_temp': 'elec_temp', 'total_charge': 'total_charge', 'polarizability': 'polarizability', 'total_spin': 'total_spin'}, arrays_keys={'forces': 'REF_forces', 'charges': 'REF_charges'})
2025-08-18 23:59:02.554 INFO: =============    Processing head Default     ===========
2025-08-18 23:59:07.920 INFO: Training set 1/1 [energy: 1612, stress: 0, virials: 0, dipole components: 0, head: 1612, elec_temp: 0, total_charge: 0, polarizability: 0, total_spin: 0, forces: 1612, charges: 0]
2025-08-18 23:59:07.924 INFO: Total Training set [energy: 1612, stress: 0, virials: 0, dipole components: 0, head: 1612, elec_temp: 0, total_charge: 0, polarizability: 0, total_spin: 0, forces: 1612, charges: 0]
2025-08-18 23:59:10.236 INFO: Validation set 1/1 [energy: 705, stress: 0, virials: 0, dipole components: 0, head: 705, elec_temp: 0, total_charge: 0, polarizability: 0, total_spin: 0, forces: 705, charges: 0]
2025-08-18 23:59:10.238 INFO: Total Validation set [energy: 705, stress: 0, virials: 0, dipole components: 0, head: 705, elec_temp: 0, total_charge: 0, polarizability: 0, total_spin: 0, forces: 705, charges: 0]
2025-08-18 23:59:10.238 INFO: Total number of configurations: train=1612, valid=705, tests=[],
2025-08-18 23:59:10.238 INFO: =============    Processing head pt_head     ===========
2025-08-18 23:59:13.390 INFO: Training set 1/1 [energy: 10000, stress: 10000, virials: 0, dipole components: 0, head: 10000, elec_temp: 0, total_charge: 0, polarizability: 0, total_spin: 0, forces: 10000, charges: 0]
2025-08-18 23:59:13.417 INFO: Total Training set [energy: 10000, stress: 10000, virials: 0, dipole components: 0, head: 10000, elec_temp: 0, total_charge: 0, polarizability: 0, total_spin: 0, forces: 10000, charges: 0]
2025-08-18 23:59:13.417 INFO: No validation set provided, splitting training data instead.
2025-08-18 23:59:13.426 INFO: Using random 10% of training set for validation with indices saved in: ./valid_indices_42.txt
2025-08-18 23:59:13.455 INFO: Random Split Training set [energy: 9000, stress: 9000, virials: 0, dipole components: 0, head: 9000, elec_temp: 0, total_charge: 0, polarizability: 0, total_spin: 0, forces: 9000, charges: 0]
2025-08-18 23:59:13.458 INFO: Random Split Validation set [energy: 1000, stress: 1000, virials: 0, dipole components: 0, head: 1000, elec_temp: 0, total_charge: 0, polarizability: 0, total_spin: 0, forces: 1000, charges: 0]
2025-08-18 23:59:13.458 INFO: Total number of configurations: train=9000, valid=1000, tests=[],
2025-08-18 23:59:13.458 INFO: ==================Using multiheads finetuning mode==================
2025-08-18 23:59:13.458 INFO: Total number of configurations in pretraining: train=9000, valid=1000
2025-08-18 23:59:13.458 INFO: Using atomic numbers from command line argument
2025-08-18 23:59:13.483 INFO: Atomic Numbers used: [1, 3, 4, 5, 6, 7, 8, 9, 11, 12, 13, 14, 15, 16, 17, 19, 20, 21, 22, 23, 24, 25, 26, 27, 28, 29, 30, 31, 32, 33, 34, 35, 36, 37, 38, 39, 40, 41, 42, 43, 44, 45, 46, 47, 48, 49, 50, 51, 52, 53, 54, 55, 56, 57, 58, 59, 60, 61, 62, 63, 64, 65, 66, 67, 68, 69, 70, 71, 72, 73, 74, 75, 76, 77, 78, 79, 80, 81, 82, 83, 89, 90, 91, 92, 93, 94]
2025-08-18 23:59:13.483 INFO: Isolated Atomic Energies (E0s) not in training file, using command line argument
2025-08-18 23:59:13.487 INFO: Atomic Energies used (z: eV) for head Default: {3: -1.2302615750354944, 8: -23.049110738413006, 40: 23.367646191010394, 57: 15.192898072498549}
2025-08-18 23:59:13.487 INFO: Atomic Energies used (z: eV) for head pt_head: {1: -3.667168021358939, 3: -3.482100566595956, 4: -4.736697230897597, 5: -7.724935420523256, 6: -8.405573550273285, 7: -7.360100452662763, 8: -7.28459863421322, 9: -4.896490881731322, 11: -2.7593613569762425, 12: -2.814047612069227, 13: -4.846881245288104, 14: -7.694793133351899, 15: -6.9632957911820235, 16: -4.672630400190884, 17: -2.8116892814008096, 19: -2.6176454856894793, 20: -5.390461060484104, 21: -7.8857952163517675, 22: -10.268392986214433, 23: -8.665147785496703, 24: -9.233050763772013, 25: -8.304951520770791, 26: -7.0489865771593765, 27: -5.577439766222147, 28: -5.172747618813715, 29: -3.2520726958619472, 30: -1.2901611618726314, 31: -3.527082192997912, 32: -4.70845955030298, 33: -3.9765109025623238, 34: -3.886231055836541, 35: -2.5184940099633986, 36: 6.766947645687137, 37: -2.5634958965928316, 38: -4.938005211501922, 39: -10.149818838085771, 40: -11.846857579882572, 41: -12.138896361658485, 42: -8.791678800595722, 43: -8.78694939675911, 44: -7.78093221529871, 45: -6.850021409115055, 46: -4.891019073240479, 47: -2.0634296773864045, 48: -0.6395695518943755, 49: -2.7887442084286693, 50: -3.818604275441892, 51: -3.587068329278862, 52: -2.8804045971118897, 53: -1.6355986842433357, 54: 9.846723842807721, 55: -2.765284507132287, 56: -4.990956432167774, 57: -8.933684809576345, 58: -8.735591176647514, 59: -8.018966025544966, 60: -8.251491970213372, 61: -7.591719594359237, 62: -8.169659881166858, 63: -13.592664636171698, 64: -18.517523458456985, 65: -7.647396572993602, 66: -8.122981037851925, 67: -7.607787319678067, 68: -6.85029094445494, 69: -7.8268821327130365, 70: -3.584786591677161, 71: -7.455406192077973, 72: -12.796283502572146, 73: -14.108127281277586, 74: -9.354916969477486, 75: -11.387537567890853, 76: -9.621909492152557, 77: -7.324393429417677, 78: -5.3046964808341945, 79: -2.380092582080244, 80: 0.24948924158195362, 81: -2.3239789120665026, 82: -3.730042357127322, 83: -3.438792347649683, 89: -5.062878214511315, 90: -11.02462566385297, 91: -12.265613551943261, 92: -13.855648206100362, 93: -14.933092020258243, 94: -15.282826131998245}
2025-08-18 23:59:13.487 INFO: Processing datasets for head 'Default'
2025-08-18 23:59:33.363 INFO: Combining 1 list datasets for head 'Default'
2025-08-18 23:59:42.286 INFO: Combining 1 list datasets for head 'Default_valid'
2025-08-18 23:59:42.287 INFO: Combined validation datasets for Default
2025-08-18 23:59:42.287 INFO: Head 'Default' training dataset size: 1612
2025-08-18 23:59:42.287 INFO: Processing datasets for head 'pt_head'
2025-08-18 23:59:50.640 INFO: Combining 1 list datasets for head 'pt_head'
2025-08-18 23:59:51.499 INFO: Head 'pt_head' training dataset size: 9000
2025-08-18 23:59:51.499 INFO: Average number of neighbors: 61.964672446250916
2025-08-18 23:59:51.499 INFO: During training the following quantities will be reported: energy, forces, stress
2025-08-18 23:59:51.499 INFO: ===========MODEL DETAILS===========
2025-08-18 23:59:58.355 INFO: Loading FOUNDATION model
2025-08-18 23:59:58.357 INFO: Using filtered elements: [1, 3, 4, 5, 6, 7, 8, 9, 11, 12, 13, 14, 15, 16, 17, 19, 20, 21, 22, 23, 24, 25, 26, 27, 28, 29, 30, 31, 32, 33, 34, 35, 36, 37, 38, 39, 40, 41, 42, 43, 44, 45, 46, 47, 48, 49, 50, 51, 52, 53, 54, 55, 56, 57, 58, 59, 60, 61, 62, 63, 64, 65, 66, 67, 68, 69, 70, 71, 72, 73, 74, 75, 76, 77, 78, 79, 80, 81, 82, 83, 89, 90, 91, 92, 93, 94]
2025-08-18 23:59:58.357 INFO: Model configuration extracted from foundation model
2025-08-18 23:59:58.357 INFO: Using universal loss function for fine-tuning
2025-08-18 23:59:58.357 INFO: Message passing with hidden irreps 128x0e+128x1o+128x2e)
2025-08-18 23:59:58.357 INFO: 2 layers, each with correlation order: 3 (body order: 4) and spherical harmonics up to: l=3
2025-08-18 23:59:58.357 INFO: Radial cutoff: 6.0 A (total receptive field for each atom: 12.0 A)
2025-08-18 23:59:58.357 INFO: Distance transform for radial basis functions: None
2025-08-18 23:59:59.735 INFO: Total number of parameters: 5556810
2025-08-18 23:59:59.735 INFO: 
2025-08-18 23:59:59.735 INFO: ===========OPTIMIZER INFORMATION===========
2025-08-18 23:59:59.735 INFO: Using ADAM as parameter optimizer
2025-08-18 23:59:59.735 INFO: Batch size: 2
2025-08-18 23:59:59.735 INFO: Using Exponential Moving Average with decay: 0.99999
2025-08-18 23:59:59.735 INFO: Number of gradient updates: 689780
2025-08-18 23:59:59.735 INFO: Learning rate: 0.0001, weight decay: 1e-08
2025-08-18 23:59:59.735 INFO: UniversalLoss(energy_weight=10.000, forces_weight=40.000, stress_weight=1.000)
2025-08-18 23:59:59.736 WARNING: Cannot find checkpoint with tag 'mace_T2_including_replay_run-42' in './checkpoints'
2025-08-18 23:59:59.737 INFO: Using gradient clipping with tolerance=3.000
2025-08-18 23:59:59.737 INFO: 
2025-08-18 23:59:59.737 INFO: ===========TRAINING===========
2025-08-18 23:59:59.737 INFO: Started training, reporting errors on validation set
2025-08-18 23:59:59.737 INFO: Loss metrics on validation set
2025-08-19 00:00:45.850 INFO: Initial: head: pt_head, loss=0.04529756, RMSE_E_per_atom=  445.46 meV, RMSE_F=  104.72 meV / A, RMSE_stress=   12.98 meV / A^3
2025-08-19 00:03:27.507 INFO: Initial: head: Default, loss=0.21029064, RMSE_E_per_atom= 1245.40 meV, RMSE_F=  959.54 meV / A, RMSE_stress=None meV / A^3
2025-08-19 00:08:31.274 INFO: ===========VERIFYING SETTINGS===========
2025-08-19 00:08:31.274 INFO: MACE version: 0.3.14
2025-08-19 00:08:31.602 INFO: CUDA version: 12.6, CUDA device: 0
2025-08-19 00:08:32.155 INFO: Using foundation model /home/phanim/harshitrawat/summer/mace_models/universal/2024-01-07-mace-128-L2_epoch-199.model as initial checkpoint.
2025-08-19 00:08:32.156 INFO: Multihead finetuning mode, setting learning rate to 0.0001 and EMA to True. To use a different learning rate, set --force_mh_ft_lr=True.
2025-08-19 00:08:32.156 INFO: Using multiheads finetuning mode, setting learning rate to 0.0001 and EMA to True
2025-08-19 00:08:32.157 INFO: ===========LOADING INPUT DATA===========
2025-08-19 00:08:32.157 INFO: Using heads: ['Default', 'pt_head']
2025-08-19 00:08:32.157 INFO: Using the key specifications to parse data:
2025-08-19 00:08:32.157 INFO: Default: KeySpecification(info_keys={'energy': 'REF_energy', 'stress': 'REF_stress', 'virials': 'REF_virials', 'dipole': 'dipole', 'head': 'head', 'elec_temp': 'elec_temp', 'total_charge': 'total_charge', 'polarizability': 'polarizability', 'total_spin': 'total_spin'}, arrays_keys={'forces': 'REF_forces', 'charges': 'REF_charges'})
2025-08-19 00:08:32.157 INFO: pt_head: KeySpecification(info_keys={'energy': 'REF_energy', 'stress': 'REF_stress', 'virials': 'REF_virials', 'dipole': 'dipole', 'head': 'head', 'elec_temp': 'elec_temp', 'total_charge': 'total_charge', 'polarizability': 'polarizability', 'total_spin': 'total_spin'}, arrays_keys={'forces': 'REF_forces', 'charges': 'REF_charges'})
2025-08-19 00:08:32.157 INFO: =============    Processing head Default     ===========
2025-08-19 00:08:37.528 INFO: Training set 1/1 [energy: 1612, stress: 0, virials: 0, dipole components: 0, head: 1612, elec_temp: 0, total_charge: 0, polarizability: 0, total_spin: 0, forces: 1612, charges: 0]
2025-08-19 00:08:37.533 INFO: Total Training set [energy: 1612, stress: 0, virials: 0, dipole components: 0, head: 1612, elec_temp: 0, total_charge: 0, polarizability: 0, total_spin: 0, forces: 1612, charges: 0]
2025-08-19 00:08:39.851 INFO: Validation set 1/1 [energy: 705, stress: 0, virials: 0, dipole components: 0, head: 705, elec_temp: 0, total_charge: 0, polarizability: 0, total_spin: 0, forces: 705, charges: 0]
2025-08-19 00:08:39.853 INFO: Total Validation set [energy: 705, stress: 0, virials: 0, dipole components: 0, head: 705, elec_temp: 0, total_charge: 0, polarizability: 0, total_spin: 0, forces: 705, charges: 0]
2025-08-19 00:08:39.853 INFO: Total number of configurations: train=1612, valid=705, tests=[],
2025-08-19 00:08:39.853 INFO: =============    Processing head pt_head     ===========
2025-08-19 00:08:42.861 INFO: Training set 1/1 [energy: 10000, stress: 10000, virials: 0, dipole components: 0, head: 10000, elec_temp: 0, total_charge: 0, polarizability: 0, total_spin: 0, forces: 10000, charges: 0]
2025-08-19 00:08:42.888 INFO: Total Training set [energy: 10000, stress: 10000, virials: 0, dipole components: 0, head: 10000, elec_temp: 0, total_charge: 0, polarizability: 0, total_spin: 0, forces: 10000, charges: 0]
2025-08-19 00:08:42.888 INFO: No validation set provided, splitting training data instead.
2025-08-19 00:08:42.892 INFO: Using random 10% of training set for validation with indices saved in: ./valid_indices_42.txt
2025-08-19 00:08:42.921 INFO: Random Split Training set [energy: 9000, stress: 9000, virials: 0, dipole components: 0, head: 9000, elec_temp: 0, total_charge: 0, polarizability: 0, total_spin: 0, forces: 9000, charges: 0]
2025-08-19 00:08:42.924 INFO: Random Split Validation set [energy: 1000, stress: 1000, virials: 0, dipole components: 0, head: 1000, elec_temp: 0, total_charge: 0, polarizability: 0, total_spin: 0, forces: 1000, charges: 0]
2025-08-19 00:08:42.924 INFO: Total number of configurations: train=9000, valid=1000, tests=[],
2025-08-19 00:08:42.924 INFO: ==================Using multiheads finetuning mode==================
2025-08-19 00:08:42.924 INFO: Total number of configurations in pretraining: train=9000, valid=1000
2025-08-19 00:08:42.924 INFO: Using atomic numbers from command line argument
2025-08-19 00:08:42.950 INFO: Atomic Numbers used: [1, 3, 4, 5, 6, 7, 8, 9, 11, 12, 13, 14, 15, 16, 17, 19, 20, 21, 22, 23, 24, 25, 26, 27, 28, 29, 30, 31, 32, 33, 34, 35, 36, 37, 38, 39, 40, 41, 42, 43, 44, 45, 46, 47, 48, 49, 50, 51, 52, 53, 54, 55, 56, 57, 58, 59, 60, 61, 62, 63, 64, 65, 66, 67, 68, 69, 70, 71, 72, 73, 74, 75, 76, 77, 78, 79, 80, 81, 82, 83, 89, 90, 91, 92, 93, 94]
2025-08-19 00:08:42.950 INFO: Isolated Atomic Energies (E0s) not in training file, using command line argument
2025-08-19 00:08:42.953 INFO: Atomic Energies used (z: eV) for head Default: {3: -1.2302615750354944, 8: -23.049110738413006, 40: 23.367646191010394, 57: 15.192898072498549}
2025-08-19 00:08:42.953 INFO: Atomic Energies used (z: eV) for head pt_head: {1: -3.667168021358939, 3: -3.482100566595956, 4: -4.736697230897597, 5: -7.724935420523256, 6: -8.405573550273285, 7: -7.360100452662763, 8: -7.28459863421322, 9: -4.896490881731322, 11: -2.7593613569762425, 12: -2.814047612069227, 13: -4.846881245288104, 14: -7.694793133351899, 15: -6.9632957911820235, 16: -4.672630400190884, 17: -2.8116892814008096, 19: -2.6176454856894793, 20: -5.390461060484104, 21: -7.8857952163517675, 22: -10.268392986214433, 23: -8.665147785496703, 24: -9.233050763772013, 25: -8.304951520770791, 26: -7.0489865771593765, 27: -5.577439766222147, 28: -5.172747618813715, 29: -3.2520726958619472, 30: -1.2901611618726314, 31: -3.527082192997912, 32: -4.70845955030298, 33: -3.9765109025623238, 34: -3.886231055836541, 35: -2.5184940099633986, 36: 6.766947645687137, 37: -2.5634958965928316, 38: -4.938005211501922, 39: -10.149818838085771, 40: -11.846857579882572, 41: -12.138896361658485, 42: -8.791678800595722, 43: -8.78694939675911, 44: -7.78093221529871, 45: -6.850021409115055, 46: -4.891019073240479, 47: -2.0634296773864045, 48: -0.6395695518943755, 49: -2.7887442084286693, 50: -3.818604275441892, 51: -3.587068329278862, 52: -2.8804045971118897, 53: -1.6355986842433357, 54: 9.846723842807721, 55: -2.765284507132287, 56: -4.990956432167774, 57: -8.933684809576345, 58: -8.735591176647514, 59: -8.018966025544966, 60: -8.251491970213372, 61: -7.591719594359237, 62: -8.169659881166858, 63: -13.592664636171698, 64: -18.517523458456985, 65: -7.647396572993602, 66: -8.122981037851925, 67: -7.607787319678067, 68: -6.85029094445494, 69: -7.8268821327130365, 70: -3.584786591677161, 71: -7.455406192077973, 72: -12.796283502572146, 73: -14.108127281277586, 74: -9.354916969477486, 75: -11.387537567890853, 76: -9.621909492152557, 77: -7.324393429417677, 78: -5.3046964808341945, 79: -2.380092582080244, 80: 0.24948924158195362, 81: -2.3239789120665026, 82: -3.730042357127322, 83: -3.438792347649683, 89: -5.062878214511315, 90: -11.02462566385297, 91: -12.265613551943261, 92: -13.855648206100362, 93: -14.933092020258243, 94: -15.282826131998245}
2025-08-19 00:08:42.953 INFO: Processing datasets for head 'Default'
2025-08-19 00:09:02.678 INFO: Combining 1 list datasets for head 'Default'
2025-08-19 00:09:11.590 INFO: Combining 1 list datasets for head 'Default_valid'
2025-08-19 00:09:11.590 INFO: Combined validation datasets for Default
2025-08-19 00:09:11.590 INFO: Head 'Default' training dataset size: 1612
2025-08-19 00:09:11.591 INFO: Processing datasets for head 'pt_head'
2025-08-19 00:09:19.920 INFO: Combining 1 list datasets for head 'pt_head'
2025-08-19 00:09:20.781 INFO: Head 'pt_head' training dataset size: 9000
2025-08-19 00:09:20.781 INFO: Average number of neighbors: 61.964672446250916
2025-08-19 00:09:20.781 INFO: During training the following quantities will be reported: energy, forces, stress
2025-08-19 00:09:20.781 INFO: ===========MODEL DETAILS===========
2025-08-19 00:09:31.442 INFO: Loading FOUNDATION model
2025-08-19 00:09:31.443 INFO: Using filtered elements: [1, 3, 4, 5, 6, 7, 8, 9, 11, 12, 13, 14, 15, 16, 17, 19, 20, 21, 22, 23, 24, 25, 26, 27, 28, 29, 30, 31, 32, 33, 34, 35, 36, 37, 38, 39, 40, 41, 42, 43, 44, 45, 46, 47, 48, 49, 50, 51, 52, 53, 54, 55, 56, 57, 58, 59, 60, 61, 62, 63, 64, 65, 66, 67, 68, 69, 70, 71, 72, 73, 74, 75, 76, 77, 78, 79, 80, 81, 82, 83, 89, 90, 91, 92, 93, 94]
2025-08-19 00:09:31.443 INFO: Model configuration extracted from foundation model
2025-08-19 00:09:31.443 INFO: Using universal loss function for fine-tuning
2025-08-19 00:09:31.444 INFO: Message passing with hidden irreps 128x0e+128x1o+128x2e)
2025-08-19 00:09:31.444 INFO: 2 layers, each with correlation order: 3 (body order: 4) and spherical harmonics up to: l=3
2025-08-19 00:09:31.444 INFO: Radial cutoff: 6.0 A (total receptive field for each atom: 12.0 A)
2025-08-19 00:09:31.444 INFO: Distance transform for radial basis functions: None
2025-08-19 00:09:32.793 INFO: Total number of parameters: 5556810
2025-08-19 00:09:32.793 INFO: 
2025-08-19 00:09:32.793 INFO: ===========OPTIMIZER INFORMATION===========
2025-08-19 00:09:32.793 INFO: Using ADAM as parameter optimizer
2025-08-19 00:09:32.793 INFO: Batch size: 1
2025-08-19 00:09:32.793 INFO: Using Exponential Moving Average with decay: 0.99999
2025-08-19 00:09:32.793 INFO: Number of gradient updates: 1379560
2025-08-19 00:09:32.793 INFO: Learning rate: 0.0001, weight decay: 1e-08
2025-08-19 00:09:32.793 INFO: UniversalLoss(energy_weight=10.000, forces_weight=40.000, stress_weight=1.000)
2025-08-19 00:09:32.794 WARNING: Cannot find checkpoint with tag 'mace_T2_including_replay_run-42' in './checkpoints'
2025-08-19 00:09:32.795 INFO: Using gradient clipping with tolerance=3.000
2025-08-19 00:09:32.795 INFO: 
2025-08-19 00:09:32.795 INFO: ===========TRAINING===========
2025-08-19 00:09:32.795 INFO: Started training, reporting errors on validation set
2025-08-19 00:09:32.795 INFO: Loss metrics on validation set
2025-08-19 00:10:19.094 INFO: Initial: head: pt_head, loss=0.04529756, RMSE_E_per_atom=  445.46 meV, RMSE_F=  104.72 meV / A, RMSE_stress=   12.98 meV / A^3
2025-08-19 00:13:00.517 INFO: Initial: head: Default, loss=0.21029064, RMSE_E_per_atom= 1245.40 meV, RMSE_F=  959.54 meV / A, RMSE_stress=None meV / A^3
2025-08-19 00:40:25.271 INFO: Epoch 0: head: pt_head, loss=0.01982606, RMSE_E_per_atom=  113.63 meV, RMSE_F=  110.44 meV / A, RMSE_stress=   13.90 meV / A^3
2025-08-19 00:43:07.636 INFO: Epoch 0: head: Default, loss=0.03157181, RMSE_E_per_atom=  131.30 meV, RMSE_F=  120.57 meV / A, RMSE_stress=None meV / A^3
2025-08-19 01:10:29.689 INFO: Epoch 1: head: pt_head, loss=0.01842391, RMSE_E_per_atom=  100.08 meV, RMSE_F=  112.01 meV / A, RMSE_stress=   13.73 meV / A^3
2025-08-19 01:13:12.043 INFO: Epoch 1: head: Default, loss=0.02857047, RMSE_E_per_atom=  123.00 meV, RMSE_F=  105.86 meV / A, RMSE_stress=None meV / A^3
2025-08-19 01:40:36.986 INFO: Epoch 2: head: pt_head, loss=0.01786349, RMSE_E_per_atom=   93.57 meV, RMSE_F=  114.46 meV / A, RMSE_stress=   13.57 meV / A^3
2025-08-19 01:43:19.067 INFO: Epoch 2: head: Default, loss=0.02686756, RMSE_E_per_atom=  116.92 meV, RMSE_F=   98.29 meV / A, RMSE_stress=None meV / A^3
2025-08-19 02:10:42.704 INFO: Epoch 3: head: pt_head, loss=0.01755219, RMSE_E_per_atom=   90.31 meV, RMSE_F=  113.08 meV / A, RMSE_stress=   13.54 meV / A^3
2025-08-19 02:13:25.054 INFO: Epoch 3: head: Default, loss=0.02563907, RMSE_E_per_atom=  110.24 meV, RMSE_F=   92.89 meV / A, RMSE_stress=None meV / A^3
2025-08-19 02:40:49.990 INFO: Epoch 4: head: pt_head, loss=0.01717493, RMSE_E_per_atom=   88.46 meV, RMSE_F=  110.22 meV / A, RMSE_stress=   13.48 meV / A^3
2025-08-19 02:43:32.294 INFO: Epoch 4: head: Default, loss=0.02457319, RMSE_E_per_atom=  105.93 meV, RMSE_F=   88.95 meV / A, RMSE_stress=None meV / A^3
2025-08-19 03:10:56.558 INFO: Epoch 5: head: pt_head, loss=0.01699335, RMSE_E_per_atom=   86.76 meV, RMSE_F=  109.10 meV / A, RMSE_stress=   13.41 meV / A^3
2025-08-19 03:13:38.424 INFO: Epoch 5: head: Default, loss=0.02371042, RMSE_E_per_atom=  101.31 meV, RMSE_F=   85.94 meV / A, RMSE_stress=None meV / A^3
2025-08-19 03:40:59.695 INFO: Epoch 6: head: pt_head, loss=0.01694702, RMSE_E_per_atom=   85.80 meV, RMSE_F=  109.47 meV / A, RMSE_stress=   13.39 meV / A^3
2025-08-19 03:43:42.119 INFO: Epoch 6: head: Default, loss=0.02294624, RMSE_E_per_atom=   96.03 meV, RMSE_F=   83.63 meV / A, RMSE_stress=None meV / A^3
2025-08-19 04:11:00.421 INFO: Epoch 7: head: pt_head, loss=0.01699059, RMSE_E_per_atom=   85.08 meV, RMSE_F=  109.97 meV / A, RMSE_stress=   13.37 meV / A^3
2025-08-19 04:13:42.659 INFO: Epoch 7: head: Default, loss=0.02221122, RMSE_E_per_atom=   91.64 meV, RMSE_F=   81.59 meV / A, RMSE_stress=None meV / A^3
2025-08-19 04:41:05.468 INFO: Epoch 8: head: pt_head, loss=0.01698550, RMSE_E_per_atom=   84.31 meV, RMSE_F=  111.31 meV / A, RMSE_stress=   13.38 meV / A^3
2025-08-19 04:43:47.798 INFO: Epoch 8: head: Default, loss=0.02152590, RMSE_E_per_atom=   86.78 meV, RMSE_F=   79.86 meV / A, RMSE_stress=None meV / A^3
2025-08-19 05:11:07.968 INFO: Epoch 9: head: pt_head, loss=0.01694697, RMSE_E_per_atom=   83.44 meV, RMSE_F=  111.71 meV / A, RMSE_stress=   13.36 meV / A^3
2025-08-19 05:13:50.224 INFO: Epoch 9: head: Default, loss=0.02085905, RMSE_E_per_atom=   82.12 meV, RMSE_F=   78.26 meV / A, RMSE_stress=None meV / A^3
2025-08-19 05:41:12.621 INFO: Epoch 10: head: pt_head, loss=0.01697166, RMSE_E_per_atom=   82.85 meV, RMSE_F=  113.96 meV / A, RMSE_stress=   13.36 meV / A^3
2025-08-19 05:43:54.947 INFO: Epoch 10: head: Default, loss=0.02021720, RMSE_E_per_atom=   77.55 meV, RMSE_F=   76.96 meV / A, RMSE_stress=None meV / A^3
2025-08-19 06:11:18.371 INFO: Epoch 11: head: pt_head, loss=0.01701672, RMSE_E_per_atom=   82.26 meV, RMSE_F=  113.12 meV / A, RMSE_stress=   13.37 meV / A^3
2025-08-19 06:14:00.319 INFO: Epoch 11: head: Default, loss=0.01960085, RMSE_E_per_atom=   72.90 meV, RMSE_F=   75.80 meV / A, RMSE_stress=None meV / A^3
2025-08-19 06:41:23.685 INFO: Epoch 12: head: pt_head, loss=0.01704896, RMSE_E_per_atom=   81.81 meV, RMSE_F=  113.61 meV / A, RMSE_stress=   13.38 meV / A^3
2025-08-19 06:44:05.962 INFO: Epoch 12: head: Default, loss=0.01898072, RMSE_E_per_atom=   68.37 meV, RMSE_F=   74.67 meV / A, RMSE_stress=None meV / A^3
2025-08-19 07:11:31.042 INFO: Epoch 13: head: pt_head, loss=0.01711665, RMSE_E_per_atom=   81.73 meV, RMSE_F=  113.49 meV / A, RMSE_stress=   13.38 meV / A^3
2025-08-19 07:14:13.213 INFO: Epoch 13: head: Default, loss=0.01839325, RMSE_E_per_atom=   64.33 meV, RMSE_F=   73.58 meV / A, RMSE_stress=None meV / A^3
2025-08-19 07:41:37.063 INFO: Epoch 14: head: pt_head, loss=0.01711990, RMSE_E_per_atom=   81.39 meV, RMSE_F=  114.57 meV / A, RMSE_stress=   13.37 meV / A^3
2025-08-19 07:44:18.978 INFO: Epoch 14: head: Default, loss=0.01780987, RMSE_E_per_atom=   60.35 meV, RMSE_F=   72.56 meV / A, RMSE_stress=None meV / A^3
2025-08-19 08:11:45.650 INFO: Epoch 15: head: pt_head, loss=0.01720217, RMSE_E_per_atom=   80.95 meV, RMSE_F=  115.99 meV / A, RMSE_stress=   13.38 meV / A^3
2025-08-19 08:14:28.049 INFO: Epoch 15: head: Default, loss=0.01726570, RMSE_E_per_atom=   56.89 meV, RMSE_F=   71.50 meV / A, RMSE_stress=None meV / A^3
2025-08-19 08:41:50.529 INFO: Epoch 16: head: pt_head, loss=0.01724164, RMSE_E_per_atom=   80.65 meV, RMSE_F=  116.71 meV / A, RMSE_stress=   13.38 meV / A^3
2025-08-19 08:44:32.689 INFO: Epoch 16: head: Default, loss=0.01676460, RMSE_E_per_atom=   53.92 meV, RMSE_F=   70.43 meV / A, RMSE_stress=None meV / A^3
2025-08-19 09:11:55.863 INFO: Epoch 17: head: pt_head, loss=0.01729434, RMSE_E_per_atom=   80.16 meV, RMSE_F=  117.23 meV / A, RMSE_stress=   13.39 meV / A^3
2025-08-19 09:14:37.629 INFO: Epoch 17: head: Default, loss=0.01631312, RMSE_E_per_atom=   51.27 meV, RMSE_F=   69.47 meV / A, RMSE_stress=None meV / A^3
2025-08-19 09:41:58.740 INFO: Epoch 18: head: pt_head, loss=0.01727515, RMSE_E_per_atom=   79.83 meV, RMSE_F=  116.00 meV / A, RMSE_stress=   13.38 meV / A^3
2025-08-19 09:44:40.967 INFO: Epoch 18: head: Default, loss=0.01591466, RMSE_E_per_atom=   49.13 meV, RMSE_F=   68.51 meV / A, RMSE_stress=None meV / A^3
2025-08-19 10:12:03.923 INFO: Epoch 19: head: pt_head, loss=0.01730439, RMSE_E_per_atom=   79.52 meV, RMSE_F=  115.95 meV / A, RMSE_stress=   13.38 meV / A^3
2025-08-19 10:14:46.271 INFO: Epoch 19: head: Default, loss=0.01557510, RMSE_E_per_atom=   47.45 meV, RMSE_F=   67.63 meV / A, RMSE_stress=None meV / A^3
2025-08-19 10:42:06.581 INFO: Epoch 20: head: pt_head, loss=0.01726989, RMSE_E_per_atom=   79.37 meV, RMSE_F=  116.77 meV / A, RMSE_stress=   13.38 meV / A^3
2025-08-19 10:44:48.489 INFO: Epoch 20: head: Default, loss=0.01527762, RMSE_E_per_atom=   46.07 meV, RMSE_F=   66.81 meV / A, RMSE_stress=None meV / A^3
2025-08-19 11:12:10.308 INFO: Epoch 21: head: pt_head, loss=0.01732759, RMSE_E_per_atom=   79.15 meV, RMSE_F=  117.61 meV / A, RMSE_stress=   13.38 meV / A^3
2025-08-19 11:14:52.513 INFO: Epoch 21: head: Default, loss=0.01501839, RMSE_E_per_atom=   44.99 meV, RMSE_F=   66.03 meV / A, RMSE_stress=None meV / A^3
2025-08-19 11:42:16.049 INFO: Epoch 22: head: pt_head, loss=0.01733713, RMSE_E_per_atom=   78.84 meV, RMSE_F=  117.59 meV / A, RMSE_stress=   13.39 meV / A^3
2025-08-19 11:44:58.329 INFO: Epoch 22: head: Default, loss=0.01479005, RMSE_E_per_atom=   44.11 meV, RMSE_F=   65.29 meV / A, RMSE_stress=None meV / A^3
2025-08-19 12:12:21.210 INFO: Epoch 23: head: pt_head, loss=0.01735160, RMSE_E_per_atom=   78.47 meV, RMSE_F=  117.37 meV / A, RMSE_stress=   13.38 meV / A^3
2025-08-19 12:15:03.178 INFO: Epoch 23: head: Default, loss=0.01458364, RMSE_E_per_atom=   43.41 meV, RMSE_F=   64.62 meV / A, RMSE_stress=None meV / A^3
2025-08-19 12:42:23.747 INFO: Epoch 24: head: pt_head, loss=0.01739591, RMSE_E_per_atom=   78.27 meV, RMSE_F=  117.52 meV / A, RMSE_stress=   13.37 meV / A^3
2025-08-19 12:45:06.033 INFO: Epoch 24: head: Default, loss=0.01440294, RMSE_E_per_atom=   42.79 meV, RMSE_F=   64.00 meV / A, RMSE_stress=None meV / A^3
2025-08-19 13:12:28.109 INFO: Epoch 25: head: pt_head, loss=0.01741340, RMSE_E_per_atom=   77.97 meV, RMSE_F=  117.80 meV / A, RMSE_stress=   13.37 meV / A^3
2025-08-19 13:15:10.339 INFO: Epoch 25: head: Default, loss=0.01423643, RMSE_E_per_atom=   42.21 meV, RMSE_F=   63.41 meV / A, RMSE_stress=None meV / A^3
2025-08-19 13:42:32.317 INFO: Epoch 26: head: pt_head, loss=0.01744433, RMSE_E_per_atom=   77.77 meV, RMSE_F=  118.74 meV / A, RMSE_stress=   13.37 meV / A^3
2025-08-19 13:45:14.451 INFO: Epoch 26: head: Default, loss=0.01408674, RMSE_E_per_atom=   41.75 meV, RMSE_F=   62.85 meV / A, RMSE_stress=None meV / A^3
2025-08-19 14:12:35.167 INFO: Epoch 27: head: pt_head, loss=0.01748738, RMSE_E_per_atom=   77.62 meV, RMSE_F=  119.76 meV / A, RMSE_stress=   13.37 meV / A^3
2025-08-19 14:15:17.588 INFO: Epoch 27: head: Default, loss=0.01395414, RMSE_E_per_atom=   41.46 meV, RMSE_F=   62.33 meV / A, RMSE_stress=None meV / A^3
2025-08-19 14:42:40.126 INFO: Epoch 28: head: pt_head, loss=0.01752618, RMSE_E_per_atom=   77.50 meV, RMSE_F=  119.65 meV / A, RMSE_stress=   13.38 meV / A^3
2025-08-19 14:45:22.439 INFO: Epoch 28: head: Default, loss=0.01383105, RMSE_E_per_atom=   41.13 meV, RMSE_F=   61.85 meV / A, RMSE_stress=None meV / A^3
2025-08-19 15:12:45.825 INFO: Epoch 29: head: pt_head, loss=0.01754245, RMSE_E_per_atom=   77.27 meV, RMSE_F=  119.93 meV / A, RMSE_stress=   13.38 meV / A^3
2025-08-19 15:15:27.940 INFO: Epoch 29: head: Default, loss=0.01371543, RMSE_E_per_atom=   40.82 meV, RMSE_F=   61.40 meV / A, RMSE_stress=None meV / A^3
