2025-08-26 13:32:26.203 INFO: ===========VERIFYING SETTINGS===========
2025-08-26 13:32:26.203 INFO: MACE version: 0.3.14
2025-08-26 13:32:26.842 INFO: CUDA version: 12.6, CUDA device: 0
2025-08-26 13:32:27.331 INFO: Using foundation model /home/phanim/harshitrawat/summer/mace_models/universal/2024-01-07-mace-128-L2_epoch-199.model as initial checkpoint.
2025-08-26 13:32:27.339 INFO: Multihead finetuning mode, setting learning rate to 0.0001 and EMA to True. To use a different learning rate, set --force_mh_ft_lr=True.
2025-08-26 13:32:27.339 INFO: Using multiheads finetuning mode, setting learning rate to 0.0001 and EMA to True
2025-08-26 13:32:27.339 INFO: ===========LOADING INPUT DATA===========
2025-08-26 13:32:27.339 INFO: Using heads: ['Default', 'pt_head']
2025-08-26 13:32:27.339 INFO: Using the key specifications to parse data:
2025-08-26 13:32:27.339 INFO: Default: KeySpecification(info_keys={'energy': 'REF_energy', 'stress': 'REF_stress', 'virials': 'REF_virials', 'dipole': 'dipole', 'head': 'head', 'elec_temp': 'elec_temp', 'total_charge': 'total_charge', 'polarizability': 'polarizability', 'total_spin': 'total_spin'}, arrays_keys={'forces': 'REF_forces', 'charges': 'REF_charges'})
2025-08-26 13:32:27.339 INFO: pt_head: KeySpecification(info_keys={'energy': 'REF_energy', 'stress': 'REF_stress', 'virials': 'REF_virials', 'dipole': 'dipole', 'head': 'head', 'elec_temp': 'elec_temp', 'total_charge': 'total_charge', 'polarizability': 'polarizability', 'total_spin': 'total_spin'}, arrays_keys={'forces': 'REF_forces', 'charges': 'REF_charges'})
2025-08-26 13:32:27.339 INFO: =============    Processing head Default     ===========
2025-08-26 13:32:32.731 INFO: Training set 1/1 [energy: 1612, stress: 0, virials: 0, dipole components: 0, head: 1612, elec_temp: 0, total_charge: 0, polarizability: 0, total_spin: 0, forces: 1612, charges: 0]
2025-08-26 13:32:32.737 INFO: Total Training set [energy: 1612, stress: 0, virials: 0, dipole components: 0, head: 1612, elec_temp: 0, total_charge: 0, polarizability: 0, total_spin: 0, forces: 1612, charges: 0]
2025-08-26 13:32:35.071 INFO: Validation set 1/1 [energy: 705, stress: 0, virials: 0, dipole components: 0, head: 705, elec_temp: 0, total_charge: 0, polarizability: 0, total_spin: 0, forces: 705, charges: 0]
2025-08-26 13:32:35.073 INFO: Total Validation set [energy: 705, stress: 0, virials: 0, dipole components: 0, head: 705, elec_temp: 0, total_charge: 0, polarizability: 0, total_spin: 0, forces: 705, charges: 0]
2025-08-26 13:32:35.073 INFO: Total number of configurations: train=1612, valid=705, tests=[],
2025-08-26 13:32:35.073 INFO: =============    Processing head pt_head     ===========
2025-08-26 13:32:37.556 WARNING: No forces found with key 'REF_forces' in '/home/phanim/harshitrawat/summer/replay_data/mp_finetuning-just_to_get_file_combinations_run-84.xyz'. If this is unexpected, Please change the key name in the command line arguments or ensure that the file contains the required data.
2025-08-26 13:32:37.896 INFO: Training set 1/1 [energy: 10000, stress: 0, virials: 0, dipole components: 0, head: 10000, elec_temp: 0, total_charge: 0, polarizability: 0, total_spin: 0, forces: 0, charges: 0]
2025-08-26 13:32:37.925 INFO: Total Training set [energy: 10000, stress: 0, virials: 0, dipole components: 0, head: 10000, elec_temp: 0, total_charge: 0, polarizability: 0, total_spin: 0, forces: 0, charges: 0]
2025-08-26 13:32:37.925 INFO: No validation set provided, splitting training data instead.
2025-08-26 13:32:37.929 INFO: Using random 10% of training set for validation with indices saved in: ./valid_indices_84.txt
2025-08-26 13:32:37.959 INFO: Random Split Training set [energy: 9000, stress: 0, virials: 0, dipole components: 0, head: 9000, elec_temp: 0, total_charge: 0, polarizability: 0, total_spin: 0, forces: 0, charges: 0]
2025-08-26 13:32:37.962 INFO: Random Split Validation set [energy: 1000, stress: 0, virials: 0, dipole components: 0, head: 1000, elec_temp: 0, total_charge: 0, polarizability: 0, total_spin: 0, forces: 0, charges: 0]
2025-08-26 13:32:37.962 INFO: Total number of configurations: train=9000, valid=1000, tests=[],
2025-08-26 13:32:37.962 INFO: ==================Using multiheads finetuning mode==================
2025-08-26 13:32:37.962 INFO: Total number of configurations in pretraining: train=9000, valid=1000
2025-08-26 13:32:37.962 INFO: Using atomic numbers from command line argument
2025-08-26 13:32:37.980 INFO: Atomic Numbers used: [3, 8, 40, 57]
2025-08-26 13:32:37.980 INFO: Isolated Atomic Energies (E0s) not in training file, using command line argument
2025-08-26 13:32:37.983 INFO: Atomic Energies used (z: eV) for head Default: {3: -1.2302615750354944, 8: -23.049110738413006, 40: 23.367646191010394, 57: 15.192898072498549}
2025-08-26 13:32:37.983 INFO: Atomic Energies used (z: eV) for head pt_head: {3: -3.482100566595956, 8: -7.28459863421322, 40: -11.846857579882572, 57: -8.933684809576345}
2025-08-26 13:32:37.983 INFO: Processing datasets for head 'Default'
2025-08-26 13:32:57.108 INFO: Combining 1 list datasets for head 'Default'
2025-08-26 13:33:05.634 INFO: Combining 1 list datasets for head 'Default_valid'
2025-08-26 13:33:05.635 INFO: Combined validation datasets for Default
2025-08-26 13:33:05.635 INFO: Head 'Default' training dataset size: 1612
2025-08-26 13:33:05.635 INFO: Processing datasets for head 'pt_head'
2025-08-26 13:33:12.406 INFO: Combining 1 list datasets for head 'pt_head'
2025-08-26 13:33:13.111 INFO: Head 'pt_head' training dataset size: 9000
2025-08-26 13:33:13.111 INFO: Average number of neighbors: 61.964672446250916
2025-08-26 13:33:13.112 INFO: During training the following quantities will be reported: energy, forces, stress
2025-08-26 13:33:13.112 INFO: ===========MODEL DETAILS===========
2025-08-26 13:33:18.937 WARNING: Standard deviation of the scaling is zero, Changing to no scaling
2025-08-26 13:33:18.949 INFO: Loading FOUNDATION model
2025-08-26 13:33:18.950 INFO: Using filtered elements: [3, 8, 40, 57]
2025-08-26 13:33:18.950 INFO: Model configuration extracted from foundation model
2025-08-26 13:33:18.950 INFO: Using universal loss function for fine-tuning
2025-08-26 13:33:18.950 INFO: Message passing with hidden irreps 128x0e+128x1o+128x2e)
2025-08-26 13:33:18.950 INFO: 2 layers, each with correlation order: 3 (body order: 4) and spherical harmonics up to: l=3
2025-08-26 13:33:18.950 INFO: Radial cutoff: 6.0 A (total receptive field for each atom: 12.0 A)
2025-08-26 13:33:18.950 INFO: Distance transform for radial basis functions: None
2025-08-26 13:33:20.212 INFO: Total number of parameters: 896586
2025-08-26 13:33:20.212 INFO: 
2025-08-26 13:33:20.212 INFO: ===========OPTIMIZER INFORMATION===========
2025-08-26 13:33:20.212 INFO: Using ADAM as parameter optimizer
2025-08-26 13:33:20.212 INFO: Batch size: 2
2025-08-26 13:33:20.212 INFO: Using Exponential Moving Average with decay: 0.99999
2025-08-26 13:33:20.212 INFO: Number of gradient updates: 175098
2025-08-26 13:33:20.212 INFO: Learning rate: 0.0001, weight decay: 1e-08
2025-08-26 13:33:20.212 INFO: UniversalLoss(energy_weight=10.000, forces_weight=0.000, stress_weight=0.000)
2025-08-26 13:33:20.227 WARNING: No SWA checkpoint found, while SWA is enabled. Compare the swa_start parameter and the latest checkpoint.
2025-08-26 13:33:20.228 INFO: Loading checkpoint: ./checkpoints/mace_T2_including_replay_w2_a_run-84_epoch-31.pt
2025-08-26 13:33:20.692 INFO: Using gradient clipping with tolerance=1.000
2025-08-26 13:33:20.692 INFO: 
2025-08-26 13:33:20.692 INFO: ===========TRAINING===========
2025-08-26 13:33:20.692 INFO: Started training, reporting errors on validation set
2025-08-26 13:33:20.692 INFO: Loss metrics on validation set
2025-08-26 13:33:59.401 INFO: Initial: head: pt_head, loss=0.00000368, RMSE_E_per_atom=    0.86 meV, RMSE_F=None meV / A, RMSE_stress=None meV / A^3
2025-08-26 13:35:24.825 INFO: Initial: head: Default, loss=0.00019247, RMSE_E_per_atom=    6.45 meV, RMSE_F= 1048.30 meV / A, RMSE_stress=None meV / A^3
2025-08-26 13:48:35.139 INFO: Epoch 31: head: pt_head, loss=0.00000766, RMSE_E_per_atom=    1.24 meV, RMSE_F=None meV / A, RMSE_stress=None meV / A^3
2025-08-26 13:50:01.139 INFO: Epoch 31: head: Default, loss=0.00019101, RMSE_E_per_atom=    6.42 meV, RMSE_F= 1043.97 meV / A, RMSE_stress=None meV / A^3
2025-08-26 14:03:08.343 INFO: Epoch 32: head: pt_head, loss=0.00001028, RMSE_E_per_atom=    1.43 meV, RMSE_F=None meV / A, RMSE_stress=None meV / A^3
2025-08-26 14:04:34.321 INFO: Epoch 32: head: Default, loss=0.00018869, RMSE_E_per_atom=    6.37 meV, RMSE_F= 1038.77 meV / A, RMSE_stress=None meV / A^3
2025-08-26 14:04:34.465 INFO: Training complete
2025-08-26 14:04:34.465 INFO: 
2025-08-26 14:04:34.465 INFO: ===========RESULTS===========
2025-08-26 14:04:34.522 INFO: Loading checkpoint: ./checkpoints/mace_T2_including_replay_w2_a_run-84_epoch-32.pt
2025-08-26 14:04:34.552 INFO: Loaded Stage one model from epoch 32 for evaluation
2025-08-26 14:04:34.552 INFO: Saving model to checkpoints/mace_T2_including_replay_w2_a_run-84.model
2025-08-26 14:04:34.826 INFO: Compiling model, saving metadata to mace_T2_including_replay_w2_a_compiled.model
2025-08-26 14:04:35.812 INFO: Computing metrics for training, validation, and test sets
2025-08-26 14:04:35.813 INFO: Skipping evaluation for heads: ['pt_head']
2025-08-26 14:04:35.813 INFO: Evaluating train_Default ...
2025-08-26 14:07:24.512 INFO: Skipping evaluation of train_pt_head (in skip_heads list)
2025-08-26 14:07:24.515 INFO: Evaluating valid_Default ...
2025-08-26 14:08:50.810 INFO: Skipping evaluation of valid_pt_head (in skip_heads list)
2025-08-26 14:08:50.986 INFO: Error-table on TRAIN and VALID:
+---------------+---------------------+------------------+-------------------+---------------------------------------+
|  config_type  | RMSE E / meV / atom | RMSE F / meV / A | relative F RMSE % | RMSE Stress (Virials) / meV / A (A^3) |
+---------------+---------------------+------------------+-------------------+---------------------------------------+
| train_Default |            4.5      |       1042.0     |        300.22     |                  None                 |
| valid_Default |            6.4      |       1038.8     |        302.23     |                  None                 |
+---------------+---------------------+------------------+-------------------+---------------------------------------+
2025-08-26 14:08:51.302 INFO: Done
