2025-08-26 13:31:12.090 INFO: ===========VERIFYING SETTINGS===========
2025-08-26 13:31:12.090 INFO: MACE version: 0.3.14
2025-08-26 13:33:31.946 INFO: ===========VERIFYING SETTINGS===========
2025-08-26 13:33:31.946 INFO: MACE version: 0.3.14
2025-08-26 13:33:31.947 INFO: Using CPU
2025-08-26 13:33:34.126 INFO: Using foundation model /home/phanim/harshitrawat/summer/mace_models/universal/2024-01-07-mace-128-L2_epoch-199.model as initial checkpoint.
2025-08-26 13:33:34.231 INFO: Multihead finetuning mode, setting learning rate to 0.0001 and EMA to True. To use a different learning rate, set --force_mh_ft_lr=True.
2025-08-26 13:33:34.231 INFO: Using multiheads finetuning mode, setting learning rate to 0.0001 and EMA to True
2025-08-26 13:33:34.231 INFO: ===========LOADING INPUT DATA===========
2025-08-26 13:33:34.232 INFO: Using heads: ['Default', 'pt_head']
2025-08-26 13:33:34.232 INFO: Using the key specifications to parse data:
2025-08-26 13:33:34.232 INFO: Default: KeySpecification(info_keys={'energy': 'REF_energy', 'stress': 'REF_stress', 'virials': 'REF_virials', 'dipole': 'dipole', 'head': 'head', 'elec_temp': 'elec_temp', 'total_charge': 'total_charge', 'total_spin': 'total_spin'}, arrays_keys={'forces': 'REF_forces', 'charges': 'REF_charges'})
2025-08-26 13:33:34.232 INFO: pt_head: KeySpecification(info_keys={'energy': 'REF_energy', 'stress': 'REF_stress', 'virials': 'REF_virials', 'dipole': 'dipole', 'head': 'head', 'elec_temp': 'elec_temp', 'total_charge': 'total_charge', 'total_spin': 'total_spin'}, arrays_keys={'forces': 'REF_forces', 'charges': 'REF_charges'})
2025-08-26 13:33:34.232 INFO: =============    Processing head Default     ===========
2025-08-26 13:33:34.334 INFO: Training set 1/1 [energy: 2, stress: 0, virials: 0, dipole components: 0, head: 2, elec_temp: 0, total_charge: 0, total_spin: 0, forces: 0, charges: 0]
2025-08-26 13:33:34.335 INFO: Total Training set [energy: 2, stress: 0, virials: 0, dipole components: 0, head: 2, elec_temp: 0, total_charge: 0, total_spin: 0, forces: 0, charges: 0]
2025-08-26 13:33:34.337 INFO: Validation set 1/1 [energy: 2, stress: 0, virials: 0, dipole components: 0, head: 2, elec_temp: 0, total_charge: 0, total_spin: 0, forces: 0, charges: 0]
2025-08-26 13:33:34.337 INFO: Total Validation set [energy: 2, stress: 0, virials: 0, dipole components: 0, head: 2, elec_temp: 0, total_charge: 0, total_spin: 0, forces: 0, charges: 0]
2025-08-26 13:33:34.338 INFO: Total number of configurations: train=2, valid=2, tests=[],
2025-08-26 13:33:34.338 INFO: =============    Processing head pt_head     ===========
2025-08-26 13:33:38.136 INFO: Training set 1/1 [energy: 10000, stress: 10000, virials: 0, dipole components: 0, head: 10000, elec_temp: 0, total_charge: 0, total_spin: 0, forces: 10000, charges: 0]
2025-08-26 13:33:38.169 INFO: Total Training set [energy: 10000, stress: 10000, virials: 0, dipole components: 0, head: 10000, elec_temp: 0, total_charge: 0, total_spin: 0, forces: 10000, charges: 0]
2025-08-26 13:33:38.169 INFO: No validation set provided, splitting training data instead.
2025-08-26 13:33:38.218 INFO: Using random 10% of training set for validation with indices saved in: ./valid_indices_84.txt
2025-08-26 13:33:38.261 INFO: Random Split Training set [energy: 9000, stress: 9000, virials: 0, dipole components: 0, head: 9000, elec_temp: 0, total_charge: 0, total_spin: 0, forces: 9000, charges: 0]
2025-08-26 13:33:38.265 INFO: Random Split Validation set [energy: 1000, stress: 1000, virials: 0, dipole components: 0, head: 1000, elec_temp: 0, total_charge: 0, total_spin: 0, forces: 1000, charges: 0]
2025-08-26 13:33:38.265 INFO: Total number of configurations: train=9000, valid=1000, tests=[],
2025-08-26 13:33:38.265 INFO: ==================Using multiheads finetuning mode==================
2025-08-26 13:33:38.265 INFO: Total number of configurations in pretraining: train=9000, valid=1000
2025-08-26 13:33:38.265 INFO: Using atomic numbers from command line argument
2025-08-26 13:33:38.265 INFO: Using atomic numbers from command line argument
2025-08-26 13:33:38.265 INFO: Atomic Numbers used: [3, 8, 40, 57]
2025-08-26 13:33:38.266 INFO: Isolated Atomic Energies (E0s) not in training file, using command line argument
2025-08-26 13:33:38.554 INFO: Atomic Energies used (z: eV) for head Default: {3: -1.2302615750354944, 8: -23.049110738413006, 40: 23.367646191010394, 57: 15.192898072498549}
2025-08-26 13:33:38.555 INFO: Atomic Energies used (z: eV) for head pt_head: {3: -3.482100566595956, 8: -7.28459863421322, 40: -11.846857579882572, 57: -8.933684809576345}
2025-08-26 13:33:38.555 INFO: Processing datasets for head 'Default'
2025-08-26 13:33:39.282 INFO: Combining 1 list datasets for head 'Default'
2025-08-26 13:33:39.283 INFO: Combining 1 list datasets for head 'Default_valid'
2025-08-26 13:33:39.284 INFO: Combined validation datasets for Default
2025-08-26 13:33:39.284 INFO: Head 'Default' training dataset size: 2
2025-08-26 13:33:39.284 INFO: Processing datasets for head 'pt_head'
