2025-08-26 13:31:12.090 INFO: ===========VERIFYING SETTINGS===========
2025-08-26 13:31:12.090 INFO: MACE version: 0.3.14
2025-08-26 13:31:12.090 DEBUG: Configuration: Namespace(config=None, name='dummy_mace_T2_including_replay_w2_again', seed=84, work_dir='.', log_dir='./logs', model_dir='.', checkpoints_dir='./checkpoints', results_dir='./results', downloads_dir='./downloads', device='cuda', default_dtype='float64', distributed=False, launcher='slurm', log_level='INFO', plot=True, plot_frequency=0, error_table='PerAtomRMSE', model='MACE', r_max=5.0, radial_type='bessel', num_radial_basis=8, num_cutoff_basis=5, pair_repulsion=False, distance_transform='None', apply_cutoff=True, interaction='RealAgnosticResidualInteractionBlock', interaction_first='RealAgnosticResidualInteractionBlock', max_ell=3, correlation=3, use_reduced_cg=True, use_so3=False, use_agnostic_product=False, num_interactions=2, MLP_irreps='16x0e', radial_MLP='[64, 64, 64]', hidden_irreps='128x0e + 128x1o', edge_irreps=None, num_channels=128, max_L=1, gate='silu', scaling='rms_forces_scaling', avg_num_neighbors=1, compute_avg_num_neighbors=True, compute_stress=False, compute_forces=True, train_file='/home/phanim/harshitrawat/summer/dummy.extxyz', valid_file='/home/phanim/harshitrawat/summer/dummy.extxyz', valid_fraction=0.1, test_file=None, test_dir=None, multi_processed_test=False, num_workers=0, pin_memory=True, atomic_numbers='[3,8,40,57]', mean=None, std=None, statistics_file=None, E0s='{3: -1.2302615750354944, 8: -23.049110738413006, 40: 23.367646191010394, 57: 15.192898072498549}', foundation_filter_elements=True, heads=None, multiheads_finetuning=True, foundation_head=None, weight_pt_head=1.0, num_samples_pt=10000, force_mh_ft_lr=False, subselect_pt='random', filter_type_pt='none', pt_train_file='/home/phanim/harshitrawat/summer/replay_data/mp_finetuning-mace_T2_mp_replay_run-42.xyz', pt_valid_file=None, foundation_model_elements=False, keep_isolated_atoms=False, energy_key='REF_energy', forces_key='REF_forces', virials_key='REF_virials', stress_key='REF_stress', dipole_key='dipole', head_key='head', charges_key='REF_charges', elec_temp_key='elec_temp', total_spin_key='total_spin', total_charge_key='total_charge', embedding_specs=None, skip_evaluate_heads='pt_head', loss='weighted', forces_weight=0.0, swa_forces_weight=100.0, energy_weight=10.0, swa_energy_weight=1000.0, virials_weight=1.0, swa_virials_weight=10.0, stress_weight=0.0, swa_stress_weight=10.0, dipole_weight=1.0, swa_dipole_weight=1.0, config_type_weights='{"Default":1.0}', huber_delta=0.01, optimizer='adam', beta=0.9, batch_size=2, valid_batch_size=1, lr=0.006, swa_lr=0.001, weight_decay=1e-08, amsgrad=True, scheduler='ReduceLROnPlateau', lr_factor=0.8, scheduler_patience=4, lr_scheduler_gamma=0.9993, swa=False, start_swa=None, lbfgs=False, ema=False, ema_decay=0.99, max_num_epochs=1, patience=8, foundation_model='/home/phanim/harshitrawat/summer/mace_models/universal/2024-01-07-mace-128-L2_epoch-199.model', foundation_model_readout=False, eval_interval=1, keep_checkpoints=False, save_all_checkpoints=False, restart_latest=True, save_cpu=False, clip_grad=1.0, dry_run=False, enable_cueq=False, only_cueq=False, wandb=False, wandb_dir=None, wandb_project='', wandb_entity='', wandb_name='', wandb_log_hypers=['num_channels', 'max_L', 'correlation', 'lr', 'swa_lr', 'weight_decay', 'batch_size', 'max_num_epochs', 'start_swa', 'energy_weight', 'forces_weight'], key_specification=KeySpecification(info_keys={'energy': 'REF_energy', 'stress': 'REF_stress', 'virials': 'REF_virials', 'dipole': 'dipole', 'head': 'head', 'elec_temp': 'elec_temp', 'total_charge': 'total_charge', 'total_spin': 'total_spin'}, arrays_keys={'forces': 'REF_forces', 'charges': 'REF_charges'}))
2025-08-26 13:33:31.946 INFO: ===========VERIFYING SETTINGS===========
2025-08-26 13:33:31.946 INFO: MACE version: 0.3.14
2025-08-26 13:33:31.947 DEBUG: Configuration: Namespace(config=None, name='dummy_mace_T2_including_replay_w2_again', seed=84, work_dir='.', log_dir='./logs', model_dir='.', checkpoints_dir='./checkpoints', results_dir='./results', downloads_dir='./downloads', device='cpu', default_dtype='float64', distributed=False, launcher='slurm', log_level='INFO', plot=True, plot_frequency=0, error_table='PerAtomRMSE', model='MACE', r_max=5.0, radial_type='bessel', num_radial_basis=8, num_cutoff_basis=5, pair_repulsion=False, distance_transform='None', apply_cutoff=True, interaction='RealAgnosticResidualInteractionBlock', interaction_first='RealAgnosticResidualInteractionBlock', max_ell=3, correlation=3, use_reduced_cg=True, use_so3=False, use_agnostic_product=False, num_interactions=2, MLP_irreps='16x0e', radial_MLP='[64, 64, 64]', hidden_irreps='128x0e + 128x1o', edge_irreps=None, num_channels=128, max_L=1, gate='silu', scaling='rms_forces_scaling', avg_num_neighbors=1, compute_avg_num_neighbors=True, compute_stress=False, compute_forces=True, train_file='/home/phanim/harshitrawat/summer/dummy.extxyz', valid_file='/home/phanim/harshitrawat/summer/dummy.extxyz', valid_fraction=0.1, test_file=None, test_dir=None, multi_processed_test=False, num_workers=0, pin_memory=True, atomic_numbers='[3,8,40,57]', mean=None, std=None, statistics_file=None, E0s='{3: -1.2302615750354944, 8: -23.049110738413006, 40: 23.367646191010394, 57: 15.192898072498549}', foundation_filter_elements=True, heads=None, multiheads_finetuning=True, foundation_head=None, weight_pt_head=1.0, num_samples_pt=10000, force_mh_ft_lr=False, subselect_pt='random', filter_type_pt='none', pt_train_file='/home/phanim/harshitrawat/summer/replay_data/mp_finetuning-mace_T2_mp_replay_run-42.xyz', pt_valid_file=None, foundation_model_elements=False, keep_isolated_atoms=False, energy_key='REF_energy', forces_key='REF_forces', virials_key='REF_virials', stress_key='REF_stress', dipole_key='dipole', head_key='head', charges_key='REF_charges', elec_temp_key='elec_temp', total_spin_key='total_spin', total_charge_key='total_charge', embedding_specs=None, skip_evaluate_heads='pt_head', loss='weighted', forces_weight=0.0, swa_forces_weight=100.0, energy_weight=10.0, swa_energy_weight=1000.0, virials_weight=1.0, swa_virials_weight=10.0, stress_weight=0.0, swa_stress_weight=10.0, dipole_weight=1.0, swa_dipole_weight=1.0, config_type_weights='{"Default":1.0}', huber_delta=0.01, optimizer='adam', beta=0.9, batch_size=2, valid_batch_size=1, lr=0.006, swa_lr=0.001, weight_decay=1e-08, amsgrad=True, scheduler='ReduceLROnPlateau', lr_factor=0.8, scheduler_patience=4, lr_scheduler_gamma=0.9993, swa=False, start_swa=None, lbfgs=False, ema=False, ema_decay=0.99, max_num_epochs=1, patience=8, foundation_model='/home/phanim/harshitrawat/summer/mace_models/universal/2024-01-07-mace-128-L2_epoch-199.model', foundation_model_readout=False, eval_interval=1, keep_checkpoints=False, save_all_checkpoints=False, restart_latest=True, save_cpu=False, clip_grad=1.0, dry_run=False, enable_cueq=False, only_cueq=False, wandb=False, wandb_dir=None, wandb_project='', wandb_entity='', wandb_name='', wandb_log_hypers=['num_channels', 'max_L', 'correlation', 'lr', 'swa_lr', 'weight_decay', 'batch_size', 'max_num_epochs', 'start_swa', 'energy_weight', 'forces_weight'], key_specification=KeySpecification(info_keys={'energy': 'REF_energy', 'stress': 'REF_stress', 'virials': 'REF_virials', 'dipole': 'dipole', 'head': 'head', 'elec_temp': 'elec_temp', 'total_charge': 'total_charge', 'total_spin': 'total_spin'}, arrays_keys={'forces': 'REF_forces', 'charges': 'REF_charges'}))
2025-08-26 13:33:31.947 INFO: Using CPU
2025-08-26 13:33:32.821 DEBUG: Popen(['git', 'version'], cwd=/home/phanim/harshitrawat/summer/iteration_3-Copy1, stdin=None, shell=False, universal_newlines=False)
2025-08-26 13:33:32.841 DEBUG: Popen(['git', 'version'], cwd=/home/phanim/harshitrawat/summer/iteration_3-Copy1, stdin=None, shell=False, universal_newlines=False)
2025-08-26 13:33:32.923 DEBUG: Popen(['git', 'cat-file', '--batch-check'], cwd=/home/phanim/harshitrawat/summer, stdin=<valid stream>, shell=False, universal_newlines=False)
2025-08-26 13:33:32.927 DEBUG: Current Git commit: 7bc4aa2b02a199f3650610a022c2258d3b2e92ae
2025-08-26 13:33:34.126 INFO: Using foundation model /home/phanim/harshitrawat/summer/mace_models/universal/2024-01-07-mace-128-L2_epoch-199.model as initial checkpoint.
2025-08-26 13:33:34.231 INFO: Multihead finetuning mode, setting learning rate to 0.0001 and EMA to True. To use a different learning rate, set --force_mh_ft_lr=True.
2025-08-26 13:33:34.231 INFO: Using multiheads finetuning mode, setting learning rate to 0.0001 and EMA to True
2025-08-26 13:33:34.231 INFO: ===========LOADING INPUT DATA===========
2025-08-26 13:33:34.232 INFO: Using heads: ['Default', 'pt_head']
2025-08-26 13:33:34.232 INFO: Using the key specifications to parse data:
2025-08-26 13:33:34.232 INFO: Default: KeySpecification(info_keys={'energy': 'REF_energy', 'stress': 'REF_stress', 'virials': 'REF_virials', 'dipole': 'dipole', 'head': 'head', 'elec_temp': 'elec_temp', 'total_charge': 'total_charge', 'total_spin': 'total_spin'}, arrays_keys={'forces': 'REF_forces', 'charges': 'REF_charges'})
2025-08-26 13:33:34.232 INFO: pt_head: KeySpecification(info_keys={'energy': 'REF_energy', 'stress': 'REF_stress', 'virials': 'REF_virials', 'dipole': 'dipole', 'head': 'head', 'elec_temp': 'elec_temp', 'total_charge': 'total_charge', 'total_spin': 'total_spin'}, arrays_keys={'forces': 'REF_forces', 'charges': 'REF_charges'})
2025-08-26 13:33:34.232 INFO: =============    Processing head Default     ===========
2025-08-26 13:33:34.233 DEBUG: Loading training file: /home/phanim/harshitrawat/summer/dummy.extxyz
2025-08-26 13:33:34.334 INFO: Training set 1/1 [energy: 2, stress: 0, virials: 0, dipole components: 0, head: 2, elec_temp: 0, total_charge: 0, total_spin: 0, forces: 0, charges: 0]
2025-08-26 13:33:34.335 INFO: Total Training set [energy: 2, stress: 0, virials: 0, dipole components: 0, head: 2, elec_temp: 0, total_charge: 0, total_spin: 0, forces: 0, charges: 0]
2025-08-26 13:33:34.337 INFO: Validation set 1/1 [energy: 2, stress: 0, virials: 0, dipole components: 0, head: 2, elec_temp: 0, total_charge: 0, total_spin: 0, forces: 0, charges: 0]
2025-08-26 13:33:34.337 INFO: Total Validation set [energy: 2, stress: 0, virials: 0, dipole components: 0, head: 2, elec_temp: 0, total_charge: 0, total_spin: 0, forces: 0, charges: 0]
2025-08-26 13:33:34.338 INFO: Total number of configurations: train=2, valid=2, tests=[],
2025-08-26 13:33:34.338 INFO: =============    Processing head pt_head     ===========
2025-08-26 13:33:34.338 DEBUG: Loading training file: /home/phanim/harshitrawat/summer/replay_data/mp_finetuning-mace_T2_mp_replay_run-42.xyz
2025-08-26 13:33:38.136 INFO: Training set 1/1 [energy: 10000, stress: 10000, virials: 0, dipole components: 0, head: 10000, elec_temp: 0, total_charge: 0, total_spin: 0, forces: 10000, charges: 0]
2025-08-26 13:33:38.169 INFO: Total Training set [energy: 10000, stress: 10000, virials: 0, dipole components: 0, head: 10000, elec_temp: 0, total_charge: 0, total_spin: 0, forces: 10000, charges: 0]
2025-08-26 13:33:38.169 INFO: No validation set provided, splitting training data instead.
2025-08-26 13:33:38.218 INFO: Using random 10% of training set for validation with indices saved in: ./valid_indices_84.txt
2025-08-26 13:33:38.261 INFO: Random Split Training set [energy: 9000, stress: 9000, virials: 0, dipole components: 0, head: 9000, elec_temp: 0, total_charge: 0, total_spin: 0, forces: 9000, charges: 0]
2025-08-26 13:33:38.265 INFO: Random Split Validation set [energy: 1000, stress: 1000, virials: 0, dipole components: 0, head: 1000, elec_temp: 0, total_charge: 0, total_spin: 0, forces: 1000, charges: 0]
2025-08-26 13:33:38.265 INFO: Total number of configurations: train=9000, valid=1000, tests=[],
2025-08-26 13:33:38.265 INFO: ==================Using multiheads finetuning mode==================
2025-08-26 13:33:38.265 INFO: Total number of configurations in pretraining: train=9000, valid=1000
2025-08-26 13:33:38.265 INFO: Using atomic numbers from command line argument
2025-08-26 13:33:38.265 INFO: Using atomic numbers from command line argument
2025-08-26 13:33:38.265 INFO: Atomic Numbers used: [3, 8, 40, 57]
2025-08-26 13:33:38.266 INFO: Isolated Atomic Energies (E0s) not in training file, using command line argument
2025-08-26 13:33:38.554 INFO: Atomic Energies used (z: eV) for head Default: {3: -1.2302615750354944, 8: -23.049110738413006, 40: 23.367646191010394, 57: 15.192898072498549}
2025-08-26 13:33:38.555 INFO: Atomic Energies used (z: eV) for head pt_head: {3: -3.482100566595956, 8: -7.28459863421322, 40: -11.846857579882572, 57: -8.933684809576345}
2025-08-26 13:33:38.555 INFO: Processing datasets for head 'Default'
2025-08-26 13:33:39.282 DEBUG: Successfully loaded dataset from ASE files: ['/home/phanim/harshitrawat/summer/dummy.extxyz']
2025-08-26 13:33:39.282 INFO: Combining 1 list datasets for head 'Default'
2025-08-26 13:33:39.283 DEBUG: Successfully loaded validation dataset from ASE files: ['/home/phanim/harshitrawat/summer/dummy.extxyz']
2025-08-26 13:33:39.283 INFO: Combining 1 list datasets for head 'Default_valid'
2025-08-26 13:33:39.284 INFO: Combined validation datasets for Default
2025-08-26 13:33:39.284 INFO: Head 'Default' training dataset size: 2
2025-08-26 13:33:39.284 INFO: Processing datasets for head 'pt_head'
