2025-08-25 22:30:14.706 INFO: ===========VERIFYING SETTINGS===========
2025-08-25 22:30:14.706 INFO: MACE version: 0.3.14
2025-08-25 22:30:14.706 DEBUG: Configuration: Namespace(config=None, name='mace_T2_including_shortreplay_w2_welem', seed=84, work_dir='.', log_dir='./logs', model_dir='.', checkpoints_dir='./checkpoints', results_dir='./results', downloads_dir='./downloads', device='cuda', default_dtype='float64', distributed=False, launcher='slurm', log_level='INFO', plot=True, plot_frequency=0, plot_interaction_e=False, error_table='PerAtomRMSE', model='MACE', r_max=5.0, radial_type='bessel', num_radial_basis=8, num_cutoff_basis=5, pair_repulsion=False, distance_transform='None', apply_cutoff=True, use_last_readout_only=False, use_embedding_readout=False, interaction='RealAgnosticResidualInteractionBlock', interaction_first='RealAgnosticResidualInteractionBlock', max_ell=3, correlation=3, use_reduced_cg=False, use_so3=False, use_agnostic_product=False, num_interactions=2, MLP_irreps='16x0e', radial_MLP='[64, 64, 64]', hidden_irreps='128x0e + 128x1o', edge_irreps=None, num_channels=128, max_L=1, gate='silu', scaling='rms_forces_scaling', avg_num_neighbors=1, compute_avg_num_neighbors=True, compute_stress=False, compute_forces=True, compute_polarizability=<function str2bool at 0x7f864e892ca0>, compute_atomic_dipole=<function str2bool at 0x7f864e892ca0>, train_file='/home/phanim/harshitrawat/summer/T1_T2_T3_data/T3_chgnet_labeled.extxyz', valid_file='/home/phanim/harshitrawat/summer/T1_T2_T3_data/T2_chgnet_labeled.extxyz', valid_fraction=0.1, test_file=None, test_dir=None, multi_processed_test=False, num_workers=0, pin_memory=True, atomic_numbers='[3,8,40,57]', mean=None, std=None, statistics_file=None, les_arguments=None, E0s='{3: -1.2302615750354944, 8: -23.049110738413006, 40: 23.367646191010394, 57: 15.192898072498549}', pseudolabel_replay=False, foundation_filter_elements=True, heads=None, multiheads_finetuning=True, foundation_head=None, weight_pt_head=1.0, real_pt_data_ratio_threshold=0.1, num_samples_pt=10000, force_mh_ft_lr=False, subselect_pt='random', filter_type_pt='none', allow_random_padding_pt=True, pt_train_file='/home/phanim/harshitrawat/summer/iteration_3-Copy1/replay_li_la_zr_o_with_elem.xyz', pt_valid_file=None, foundation_model_elements=False, keep_isolated_atoms=False, energy_key='REF_energy', forces_key='REF_forces', virials_key='REF_virials', stress_key='REF_stress', dipole_key='dipole', polarizability_key='polarizability', head_key='head', charges_key='REF_charges', elec_temp_key='elec_temp', total_spin_key='total_spin', total_charge_key='total_charge', embedding_specs=None, skip_evaluate_heads='pt_head', loss='weighted', forces_weight=0.0, swa_forces_weight=100.0, energy_weight=10.0, swa_energy_weight=1000.0, virials_weight=1.0, swa_virials_weight=10.0, stress_weight=0.0, swa_stress_weight=10.0, dipole_weight=1.0, swa_dipole_weight=1.0, swa_polarizability_weight=1.0, polarizability_weight=1.0, config_type_weights='{"Default":1.0}', huber_delta=0.01, optimizer='adam', beta=0.9, batch_size=2, valid_batch_size=1, lr=1.0, swa_lr=0.001, weight_decay=1e-08, amsgrad=True, scheduler='ReduceLROnPlateau', lr_factor=0.8, scheduler_patience=4, lr_scheduler_gamma=0.9993, swa=False, start_swa=None, lbfgs=False, ema=False, ema_decay=0.99, max_num_epochs=1, patience=8, foundation_model='/home/phanim/harshitrawat/summer/mace_models/universal/2024-01-07-mace-128-L2_epoch-199.model', foundation_model_readout=False, eval_interval=1, keep_checkpoints=False, save_all_checkpoints=False, restart_latest=True, save_cpu=False, clip_grad=1.0, dry_run=False, enable_cueq=False, only_cueq=False, enable_oeq=False, wandb=False, wandb_dir=None, wandb_project='', wandb_entity='', wandb_name='', wandb_log_hypers=['num_channels', 'max_L', 'correlation', 'lr', 'swa_lr', 'weight_decay', 'batch_size', 'max_num_epochs', 'start_swa', 'energy_weight', 'forces_weight'], key_specification=KeySpecification(info_keys={'energy': 'REF_energy', 'stress': 'REF_stress', 'virials': 'REF_virials', 'dipole': 'dipole', 'head': 'head', 'elec_temp': 'elec_temp', 'total_charge': 'total_charge', 'polarizability': 'polarizability', 'total_spin': 'total_spin'}, arrays_keys={'forces': 'REF_forces', 'charges': 'REF_charges'}))
2025-08-25 22:30:15.218 INFO: CUDA version: 12.6, CUDA device: 0
2025-08-25 22:30:16.413 DEBUG: Popen(['git', 'version'], cwd=/home/phanim/harshitrawat/summer/iteration_3-Copy1, stdin=None, shell=False, universal_newlines=False)
2025-08-25 22:30:16.419 DEBUG: Popen(['git', 'version'], cwd=/home/phanim/harshitrawat/summer/iteration_3-Copy1, stdin=None, shell=False, universal_newlines=False)
2025-08-25 22:30:16.430 DEBUG: Popen(['git', 'cat-file', '--batch-check'], cwd=/home/phanim/harshitrawat/summer, stdin=<valid stream>, shell=False, universal_newlines=False)
2025-08-25 22:30:16.444 DEBUG: Current Git commit: 7bc4aa2b02a199f3650610a022c2258d3b2e92ae
2025-08-25 22:30:16.986 INFO: Using foundation model /home/phanim/harshitrawat/summer/mace_models/universal/2024-01-07-mace-128-L2_epoch-199.model as initial checkpoint.
2025-08-25 22:30:17.015 INFO: Multihead finetuning mode, setting learning rate to 0.0001 and EMA to True. To use a different learning rate, set --force_mh_ft_lr=True.
2025-08-25 22:30:17.015 INFO: Using multiheads finetuning mode, setting learning rate to 0.0001 and EMA to True
2025-08-25 22:30:17.015 INFO: ===========LOADING INPUT DATA===========
2025-08-25 22:30:17.015 INFO: Using heads: ['Default', 'pt_head']
2025-08-25 22:30:17.015 INFO: Using the key specifications to parse data:
2025-08-25 22:30:17.015 INFO: Default: KeySpecification(info_keys={'energy': 'REF_energy', 'stress': 'REF_stress', 'virials': 'REF_virials', 'dipole': 'dipole', 'head': 'head', 'elec_temp': 'elec_temp', 'total_charge': 'total_charge', 'polarizability': 'polarizability', 'total_spin': 'total_spin'}, arrays_keys={'forces': 'REF_forces', 'charges': 'REF_charges'})
2025-08-25 22:30:17.015 INFO: pt_head: KeySpecification(info_keys={'energy': 'REF_energy', 'stress': 'REF_stress', 'virials': 'REF_virials', 'dipole': 'dipole', 'head': 'head', 'elec_temp': 'elec_temp', 'total_charge': 'total_charge', 'polarizability': 'polarizability', 'total_spin': 'total_spin'}, arrays_keys={'forces': 'REF_forces', 'charges': 'REF_charges'})
2025-08-25 22:30:17.015 INFO: =============    Processing head Default     ===========
2025-08-25 22:30:17.017 DEBUG: Loading training file: /home/phanim/harshitrawat/summer/T1_T2_T3_data/T3_chgnet_labeled.extxyz
2025-08-25 22:30:22.463 INFO: Training set 1/1 [energy: 1612, stress: 0, virials: 0, dipole components: 0, head: 1612, elec_temp: 0, total_charge: 0, polarizability: 0, total_spin: 0, forces: 1612, charges: 0]
2025-08-25 22:30:22.467 INFO: Total Training set [energy: 1612, stress: 0, virials: 0, dipole components: 0, head: 1612, elec_temp: 0, total_charge: 0, polarizability: 0, total_spin: 0, forces: 1612, charges: 0]
2025-08-25 22:30:24.801 INFO: Validation set 1/1 [energy: 705, stress: 0, virials: 0, dipole components: 0, head: 705, elec_temp: 0, total_charge: 0, polarizability: 0, total_spin: 0, forces: 705, charges: 0]
2025-08-25 22:30:24.803 INFO: Total Validation set [energy: 705, stress: 0, virials: 0, dipole components: 0, head: 705, elec_temp: 0, total_charge: 0, polarizability: 0, total_spin: 0, forces: 705, charges: 0]
2025-08-25 22:30:24.803 INFO: Total number of configurations: train=1612, valid=705, tests=[],
2025-08-25 22:30:24.803 INFO: =============    Processing head pt_head     ===========
2025-08-25 22:30:24.804 DEBUG: Loading training file: /home/phanim/harshitrawat/summer/iteration_3-Copy1/replay_li_la_zr_o_with_elem.xyz
2025-08-25 22:31:42.907 INFO: ===========VERIFYING SETTINGS===========
2025-08-25 22:31:42.908 INFO: MACE version: 0.3.14
2025-08-25 22:31:42.908 DEBUG: Configuration: Namespace(config=None, name='mace_T2_including_shortreplay_w2_welem', seed=84, work_dir='.', log_dir='./logs', model_dir='.', checkpoints_dir='./checkpoints', results_dir='./results', downloads_dir='./downloads', device='cuda', default_dtype='float64', distributed=False, launcher='slurm', log_level='INFO', plot=True, plot_frequency=0, plot_interaction_e=False, error_table='PerAtomRMSE', model='MACE', r_max=5.0, radial_type='bessel', num_radial_basis=8, num_cutoff_basis=5, pair_repulsion=False, distance_transform='None', apply_cutoff=True, use_last_readout_only=False, use_embedding_readout=False, interaction='RealAgnosticResidualInteractionBlock', interaction_first='RealAgnosticResidualInteractionBlock', max_ell=3, correlation=3, use_reduced_cg=False, use_so3=False, use_agnostic_product=False, num_interactions=2, MLP_irreps='16x0e', radial_MLP='[64, 64, 64]', hidden_irreps='128x0e + 128x1o', edge_irreps=None, num_channels=128, max_L=1, gate='silu', scaling='rms_forces_scaling', avg_num_neighbors=1, compute_avg_num_neighbors=True, compute_stress=False, compute_forces=True, compute_polarizability=<function str2bool at 0x7f1c0a696ca0>, compute_atomic_dipole=<function str2bool at 0x7f1c0a696ca0>, train_file='/home/phanim/harshitrawat/summer/T1_T2_T3_data/T3_chgnet_labeled.extxyz', valid_file='/home/phanim/harshitrawat/summer/T1_T2_T3_data/T2_chgnet_labeled.extxyz', valid_fraction=0.1, test_file=None, test_dir=None, multi_processed_test=False, num_workers=0, pin_memory=True, atomic_numbers='[3,8,40,57]', mean=None, std=None, statistics_file=None, les_arguments=None, E0s='{3: -1.2302615750354944, 8: -23.049110738413006, 40: 23.367646191010394, 57: 15.192898072498549}', pseudolabel_replay=False, foundation_filter_elements=True, heads=None, multiheads_finetuning=True, foundation_head=None, weight_pt_head=1.0, real_pt_data_ratio_threshold=0.1, num_samples_pt=10000, force_mh_ft_lr=False, subselect_pt='random', filter_type_pt='none', allow_random_padding_pt=True, pt_train_file='/home/phanim/harshitrawat/summer/iteration_3-Copy1/replay_li_la_zr_o_with_elem.xyz', pt_valid_file=None, foundation_model_elements=False, keep_isolated_atoms=False, energy_key='REF_energy', forces_key='REF_forces', virials_key='REF_virials', stress_key='REF_stress', dipole_key='dipole', polarizability_key='polarizability', head_key='head', charges_key='REF_charges', elec_temp_key='elec_temp', total_spin_key='total_spin', total_charge_key='total_charge', embedding_specs=None, skip_evaluate_heads='pt_head', loss='weighted', forces_weight=0.0, swa_forces_weight=100.0, energy_weight=10.0, swa_energy_weight=1000.0, virials_weight=1.0, swa_virials_weight=10.0, stress_weight=0.0, swa_stress_weight=10.0, dipole_weight=1.0, swa_dipole_weight=1.0, swa_polarizability_weight=1.0, polarizability_weight=1.0, config_type_weights='{"Default":1.0}', huber_delta=0.01, optimizer='adam', beta=0.9, batch_size=2, valid_batch_size=1, lr=1.0, swa_lr=0.001, weight_decay=1e-08, amsgrad=True, scheduler='ReduceLROnPlateau', lr_factor=0.8, scheduler_patience=4, lr_scheduler_gamma=0.9993, swa=False, start_swa=None, lbfgs=False, ema=False, ema_decay=0.99, max_num_epochs=1, patience=8, foundation_model='/home/phanim/harshitrawat/summer/mace_models/universal/2024-01-07-mace-128-L2_epoch-199.model', foundation_model_readout=False, eval_interval=1, keep_checkpoints=False, save_all_checkpoints=False, restart_latest=True, save_cpu=False, clip_grad=1.0, dry_run=False, enable_cueq=False, only_cueq=False, enable_oeq=False, wandb=False, wandb_dir=None, wandb_project='', wandb_entity='', wandb_name='', wandb_log_hypers=['num_channels', 'max_L', 'correlation', 'lr', 'swa_lr', 'weight_decay', 'batch_size', 'max_num_epochs', 'start_swa', 'energy_weight', 'forces_weight'], key_specification=KeySpecification(info_keys={'energy': 'REF_energy', 'stress': 'REF_stress', 'virials': 'REF_virials', 'dipole': 'dipole', 'head': 'head', 'elec_temp': 'elec_temp', 'total_charge': 'total_charge', 'polarizability': 'polarizability', 'total_spin': 'total_spin'}, arrays_keys={'forces': 'REF_forces', 'charges': 'REF_charges'}))
2025-08-25 22:31:43.425 INFO: CUDA version: 12.6, CUDA device: 0
2025-08-25 22:31:43.496 DEBUG: Popen(['git', 'version'], cwd=/home/phanim/harshitrawat/summer/iteration_3-Copy1, stdin=None, shell=False, universal_newlines=False)
2025-08-25 22:31:43.499 DEBUG: Popen(['git', 'version'], cwd=/home/phanim/harshitrawat/summer/iteration_3-Copy1, stdin=None, shell=False, universal_newlines=False)
2025-08-25 22:31:43.506 DEBUG: Popen(['git', 'cat-file', '--batch-check'], cwd=/home/phanim/harshitrawat/summer, stdin=<valid stream>, shell=False, universal_newlines=False)
2025-08-25 22:31:43.513 DEBUG: Current Git commit: 7bc4aa2b02a199f3650610a022c2258d3b2e92ae
2025-08-25 22:31:43.864 INFO: Using foundation model /home/phanim/harshitrawat/summer/mace_models/universal/2024-01-07-mace-128-L2_epoch-199.model as initial checkpoint.
2025-08-25 22:31:43.865 INFO: Multihead finetuning mode, setting learning rate to 0.0001 and EMA to True. To use a different learning rate, set --force_mh_ft_lr=True.
2025-08-25 22:31:43.865 INFO: Using multiheads finetuning mode, setting learning rate to 0.0001 and EMA to True
2025-08-25 22:31:43.865 INFO: ===========LOADING INPUT DATA===========
2025-08-25 22:31:43.865 INFO: Using heads: ['Default', 'pt_head']
2025-08-25 22:31:43.865 INFO: Using the key specifications to parse data:
2025-08-25 22:31:43.865 INFO: Default: KeySpecification(info_keys={'energy': 'REF_energy', 'stress': 'REF_stress', 'virials': 'REF_virials', 'dipole': 'dipole', 'head': 'head', 'elec_temp': 'elec_temp', 'total_charge': 'total_charge', 'polarizability': 'polarizability', 'total_spin': 'total_spin'}, arrays_keys={'forces': 'REF_forces', 'charges': 'REF_charges'})
2025-08-25 22:31:43.865 INFO: pt_head: KeySpecification(info_keys={'energy': 'REF_energy', 'stress': 'REF_stress', 'virials': 'REF_virials', 'dipole': 'dipole', 'head': 'head', 'elec_temp': 'elec_temp', 'total_charge': 'total_charge', 'polarizability': 'polarizability', 'total_spin': 'total_spin'}, arrays_keys={'forces': 'REF_forces', 'charges': 'REF_charges'})
2025-08-25 22:31:43.865 INFO: =============    Processing head Default     ===========
2025-08-25 22:31:43.865 DEBUG: Loading training file: /home/phanim/harshitrawat/summer/T1_T2_T3_data/T3_chgnet_labeled.extxyz
2025-08-25 22:31:49.212 INFO: Training set 1/1 [energy: 1612, stress: 0, virials: 0, dipole components: 0, head: 1612, elec_temp: 0, total_charge: 0, polarizability: 0, total_spin: 0, forces: 1612, charges: 0]
2025-08-25 22:31:49.217 INFO: Total Training set [energy: 1612, stress: 0, virials: 0, dipole components: 0, head: 1612, elec_temp: 0, total_charge: 0, polarizability: 0, total_spin: 0, forces: 1612, charges: 0]
2025-08-25 22:31:51.541 INFO: Validation set 1/1 [energy: 705, stress: 0, virials: 0, dipole components: 0, head: 705, elec_temp: 0, total_charge: 0, polarizability: 0, total_spin: 0, forces: 705, charges: 0]
2025-08-25 22:31:51.544 INFO: Total Validation set [energy: 705, stress: 0, virials: 0, dipole components: 0, head: 705, elec_temp: 0, total_charge: 0, polarizability: 0, total_spin: 0, forces: 705, charges: 0]
2025-08-25 22:31:51.544 INFO: Total number of configurations: train=1612, valid=705, tests=[],
2025-08-25 22:31:51.544 INFO: =============    Processing head pt_head     ===========
2025-08-25 22:31:51.545 DEBUG: Loading training file: /home/phanim/harshitrawat/summer/iteration_3-Copy1/replay_li_la_zr_o_with_elem.xyz
2025-08-25 22:31:51.580 WARNING: No forces found with key 'REF_forces' in '/home/phanim/harshitrawat/summer/iteration_3-Copy1/replay_li_la_zr_o_with_elem.xyz'. If this is unexpected, Please change the key name in the command line arguments or ensure that the file contains the required data.
2025-08-25 22:31:51.582 INFO: Training set 1/1 [energy: 150, stress: 0, virials: 0, dipole components: 0, head: 150, elec_temp: 0, total_charge: 0, polarizability: 0, total_spin: 0, forces: 0, charges: 0]
2025-08-25 22:31:51.582 INFO: Total Training set [energy: 150, stress: 0, virials: 0, dipole components: 0, head: 150, elec_temp: 0, total_charge: 0, polarizability: 0, total_spin: 0, forces: 0, charges: 0]
2025-08-25 22:31:51.582 INFO: No validation set provided, splitting training data instead.
2025-08-25 22:31:51.586 INFO: Using random 10% of training set for validation with indices saved in: ./valid_indices_84.txt
2025-08-25 22:31:51.587 INFO: Random Split Training set [energy: 135, stress: 0, virials: 0, dipole components: 0, head: 135, elec_temp: 0, total_charge: 0, polarizability: 0, total_spin: 0, forces: 0, charges: 0]
2025-08-25 22:31:51.587 INFO: Random Split Validation set [energy: 15, stress: 0, virials: 0, dipole components: 0, head: 15, elec_temp: 0, total_charge: 0, polarizability: 0, total_spin: 0, forces: 0, charges: 0]
2025-08-25 22:31:51.587 INFO: Total number of configurations: train=135, valid=15, tests=[],
2025-08-25 22:31:51.587 INFO: ==================Using multiheads finetuning mode==================
2025-08-25 22:31:51.587 INFO: Total number of configurations in pretraining: train=135, valid=15
2025-08-25 22:31:51.587 INFO: Using atomic numbers from command line argument
2025-08-25 22:31:51.587 INFO: Atomic Numbers used: [3, 8, 40, 57]
2025-08-25 22:31:51.587 INFO: Isolated Atomic Energies (E0s) not in training file, using command line argument
2025-08-25 22:31:51.590 INFO: Atomic Energies used (z: eV) for head Default: {3: -1.2302615750354944, 8: -23.049110738413006, 40: 23.367646191010394, 57: 15.192898072498549}
2025-08-25 22:31:51.590 INFO: Atomic Energies used (z: eV) for head pt_head: {3: -3.482100566595956, 8: -7.28459863421322, 40: -11.846857579882572, 57: -8.933684809576345}
2025-08-25 22:31:51.590 INFO: Processing datasets for head 'Default'
2025-08-25 22:32:10.868 DEBUG: Successfully loaded dataset from ASE files: ['/home/phanim/harshitrawat/summer/T1_T2_T3_data/T3_chgnet_labeled.extxyz']
2025-08-25 22:32:10.868 INFO: Combining 1 list datasets for head 'Default'
2025-08-25 22:32:19.422 DEBUG: Successfully loaded validation dataset from ASE files: ['/home/phanim/harshitrawat/summer/T1_T2_T3_data/T2_chgnet_labeled.extxyz']
2025-08-25 22:32:19.422 INFO: Combining 1 list datasets for head 'Default_valid'
2025-08-25 22:32:19.422 INFO: Combined validation datasets for Default
2025-08-25 22:32:19.422 INFO: Head 'Default' training dataset size: 1612
2025-08-25 22:32:19.422 INFO: Processing datasets for head 'pt_head'
2025-08-25 22:32:19.526 DEBUG: Successfully loaded dataset from ASE files: ['/home/phanim/harshitrawat/summer/iteration_3-Copy1/replay_li_la_zr_o_with_elem.xyz']
2025-08-25 22:32:19.526 INFO: Combining 1 list datasets for head 'pt_head'
2025-08-25 22:32:19.531 INFO: Head 'pt_head' training dataset size: 135
2025-08-25 22:32:19.532 INFO: Average number of neighbors: 61.964672446250916
2025-08-25 22:32:19.532 INFO: During training the following quantities will be reported: energy, forces, stress
2025-08-25 22:32:19.532 INFO: ===========MODEL DETAILS===========
2025-08-25 22:32:21.351 WARNING: Standard deviation of the scaling is zero, Changing to no scaling
2025-08-25 22:32:21.353 INFO: Loading FOUNDATION model
2025-08-25 22:32:21.354 INFO: Using filtered elements: [3, 8, 40, 57]
2025-08-25 22:32:21.354 INFO: Model configuration extracted from foundation model
2025-08-25 22:32:21.354 INFO: Using universal loss function for fine-tuning
2025-08-25 22:32:21.354 INFO: Message passing with hidden irreps 128x0e+128x1o+128x2e)
2025-08-25 22:32:21.354 INFO: 2 layers, each with correlation order: 3 (body order: 4) and spherical harmonics up to: l=3
2025-08-25 22:32:21.354 INFO: Radial cutoff: 6.0 A (total receptive field for each atom: 12.0 A)
2025-08-25 22:32:21.354 INFO: Distance transform for radial basis functions: None
2025-08-25 22:32:23.073 DEBUG: ScaleShiftMACE(
  (node_embedding): LinearNodeEmbeddingBlock(
    (linear): Linear(4x0e -> 128x0e | 512 weights)
  )
  (radial_embedding): RadialEmbeddingBlock(
    (bessel_fn): BesselBasis(r_max=6.0, num_basis=10, trainable=True)
    (cutoff_fn): PolynomialCutoff(p=5, r_max=6.0)
  )
  (spherical_harmonics): SphericalHarmonics()
  (atomic_energies_fn): AtomicEnergiesBlock(energies=[[-3.4821, -7.2846, -11.8469, -8.9337], [-1.2303, -23.0491, 23.3676, 15.1929]])
  (interactions): ModuleList(
    (0): RealAgnosticResidualInteractionBlock(
      (linear_up): Linear(128x0e -> 128x0e | 16384 weights)
      (conv_tp): TensorProduct(128x0e x 1x0e+1x1o+1x2e+1x3o -> 128x0e+128x1o+128x2e+128x3o | 512 paths | 512 weights)
      (conv_tp_weights): FullyConnectedNet[10, 64, 64, 64, 512]
      (linear): Linear(128x0e+128x1o+128x2e+128x3o -> 128x0e+128x1o+128x2e+128x3o | 65536 weights)
      (skip_tp): FullyConnectedTensorProduct(128x0e x 4x0e -> 128x0e+128x1o+128x2e | 65536 paths | 65536 weights)
      (reshape): reshape_irreps()
    )
    (1): RealAgnosticResidualInteractionBlock(
      (linear_up): Linear(128x0e+128x1o+128x2e -> 128x0e+128x1o+128x2e | 49152 weights)
      (conv_tp): TensorProduct(128x0e+128x1o+128x2e x 1x0e+1x1o+1x2e+1x3o -> 384x0e+640x1o+640x2e+512x3o | 2176 paths | 2176 weights)
      (conv_tp_weights): FullyConnectedNet[10, 64, 64, 64, 2176]
      (linear): Linear(128x0e+128x0e+128x0e+128x1o+128x1o+128x1o+128x1o+128x1o+128x2e+128x2e+128x2e+128x2e+128x2e+128x3o+128x3o+128x3o+128x3o -> 128x0e+128x1o+128x2e+128x3o | 278528 weights)
      (skip_tp): FullyConnectedTensorProduct(128x0e+128x1o+128x2e x 4x0e -> 128x0e | 65536 paths | 65536 weights)
      (reshape): reshape_irreps()
    )
  )
  (products): ModuleList(
    (0): EquivariantProductBasisBlock(
      (symmetric_contractions): SymmetricContraction(
        (contractions): ModuleList(
          (0): Contraction(
            (contractions_weighting): ModuleList(
              (0-1): 2 x GraphModule()
            )
            (contractions_features): ModuleList(
              (0-1): 2 x GraphModule()
            )
            (weights): ParameterList(
                (0): Parameter containing: [torch.float64 of size 4x4x128 (cuda:0)]
                (1): Parameter containing: [torch.float64 of size 4x1x128 (cuda:0)]
            )
            (graph_opt_main): GraphModule()
          )
          (1): Contraction(
            (contractions_weighting): ModuleList(
              (0-1): 2 x GraphModule()
            )
            (contractions_features): ModuleList(
              (0-1): 2 x GraphModule()
            )
            (weights): ParameterList(
                (0): Parameter containing: [torch.float64 of size 4x6x128 (cuda:0)]
                (1): Parameter containing: [torch.float64 of size 4x1x128 (cuda:0)]
            )
            (graph_opt_main): GraphModule()
          )
          (2): Contraction(
            (contractions_weighting): ModuleList(
              (0-1): 2 x GraphModule()
            )
            (contractions_features): ModuleList(
              (0-1): 2 x GraphModule()
            )
            (weights): ParameterList(
                (0): Parameter containing: [torch.float64 of size 4x7x128 (cuda:0)]
                (1): Parameter containing: [torch.float64 of size 4x1x128 (cuda:0)]
            )
            (graph_opt_main): GraphModule()
          )
        )
      )
      (linear): Linear(128x0e+128x1o+128x2e -> 128x0e+128x1o+128x2e | 49152 weights)
    )
    (1): EquivariantProductBasisBlock(
      (symmetric_contractions): SymmetricContraction(
        (contractions): ModuleList(
          (0): Contraction(
            (contractions_weighting): ModuleList(
              (0-1): 2 x GraphModule()
            )
            (contractions_features): ModuleList(
              (0-1): 2 x GraphModule()
            )
            (weights): ParameterList(
                (0): Parameter containing: [torch.float64 of size 4x4x128 (cuda:0)]
                (1): Parameter containing: [torch.float64 of size 4x1x128 (cuda:0)]
            )
            (graph_opt_main): GraphModule()
          )
        )
      )
      (linear): Linear(128x0e -> 128x0e | 16384 weights)
    )
  )
  (readouts): ModuleList(
    (0): LinearReadoutBlock(
      (linear): Linear(128x0e+128x1o+128x2e -> 2x0e | 256 weights)
    )
    (1): NonLinearReadoutBlock(
      (linear_1): Linear(128x0e -> 32x0e | 4096 weights)
      (non_linearity): Activation [x] (32x0e -> 32x0e)
      (linear_2): Linear(32x0e -> 2x0e | 64 weights)
    )
  )
  (scale_shift): ScaleShiftBlock(scale=0.8042, 0.8042, shift=0.1641, 0.1641)
)
2025-08-25 22:32:23.074 INFO: Total number of parameters: 896586
2025-08-25 22:32:23.074 INFO: 
2025-08-25 22:32:23.074 INFO: ===========OPTIMIZER INFORMATION===========
2025-08-25 22:32:23.074 INFO: Using ADAM as parameter optimizer
2025-08-25 22:32:23.074 INFO: Batch size: 2
2025-08-25 22:32:23.074 INFO: Using Exponential Moving Average with decay: 0.99999
2025-08-25 22:32:23.074 INFO: Number of gradient updates: 873
2025-08-25 22:32:23.074 INFO: Learning rate: 0.0001, weight decay: 1e-08
2025-08-25 22:32:23.074 INFO: UniversalLoss(energy_weight=10.000, forces_weight=0.000, stress_weight=0.000)
2025-08-25 22:32:23.077 WARNING: Cannot find checkpoint with tag 'mace_T2_including_shortreplay_w2_welem_run-84' in './checkpoints'
2025-08-25 22:32:23.078 INFO: Using gradient clipping with tolerance=1.000
2025-08-25 22:32:23.078 INFO: 
2025-08-25 22:32:23.078 INFO: ===========TRAINING===========
2025-08-25 22:32:23.078 INFO: Started training, reporting errors on validation set
2025-08-25 22:32:23.078 INFO: Loss metrics on validation set
2025-08-25 22:32:29.662 INFO: Initial: head: pt_head, loss=0.37186638, RMSE_E_per_atom= 8668.45 meV, RMSE_F=None meV / A, RMSE_stress=None meV / A^3
2025-08-25 22:33:54.487 INFO: Initial: head: Default, loss=0.11800754, RMSE_E_per_atom= 1245.40 meV, RMSE_F=  959.54 meV / A, RMSE_stress=None meV / A^3
2025-08-25 22:42:03.687 INFO: Epoch 0: head: pt_head, loss=0.33532765, RMSE_E_per_atom= 8131.42 meV, RMSE_F=None meV / A, RMSE_stress=None meV / A^3
2025-08-25 22:43:28.385 INFO: Epoch 0: head: Default, loss=0.00686583, RMSE_E_per_atom=   90.07 meV, RMSE_F=  703.07 meV / A, RMSE_stress=None meV / A^3
2025-08-25 22:43:28.387 DEBUG: Saving checkpoint: ./checkpoints/mace_T2_including_shortreplay_w2_welem_run-84_epoch-0.pt
2025-08-25 22:43:28.477 INFO: Training complete
2025-08-25 22:43:28.477 INFO: 
2025-08-25 22:43:28.477 INFO: ===========RESULTS===========
2025-08-25 22:43:28.480 INFO: Loading checkpoint: ./checkpoints/mace_T2_including_shortreplay_w2_welem_run-84_epoch-0.pt
2025-08-25 22:43:28.527 INFO: Loaded Stage one model from epoch 0 for evaluation
2025-08-25 22:43:28.528 INFO: Saving model to checkpoints/mace_T2_including_shortreplay_w2_welem_run-84.model
2025-08-25 22:43:28.742 INFO: Compiling model, saving metadata to mace_T2_including_shortreplay_w2_welem_compiled.model
2025-08-25 22:43:29.580 INFO: Computing metrics for training, validation, and test sets
2025-08-25 22:43:29.581 INFO: Skipping evaluation for heads: ['pt_head']
2025-08-25 22:43:29.581 INFO: Evaluating train_Default ...
2025-08-25 22:46:16.822 INFO: Skipping evaluation of train_pt_head (in skip_heads list)
2025-08-25 22:46:16.825 INFO: Evaluating valid_Default ...
2025-08-25 22:46:48.945 INFO: ===========VERIFYING SETTINGS===========
2025-08-25 22:46:48.945 INFO: MACE version: 0.3.14
2025-08-25 22:46:48.945 DEBUG: Configuration: Namespace(config=None, name='mace_T2_including_shortreplay_w2_welem', seed=84, work_dir='.', log_dir='./logs', model_dir='.', checkpoints_dir='./checkpoints', results_dir='./results', downloads_dir='./downloads', device='cuda', default_dtype='float64', distributed=False, launcher='slurm', log_level='INFO', plot=True, plot_frequency=0, plot_interaction_e=False, error_table='PerAtomRMSE', model='MACE', r_max=5.0, radial_type='bessel', num_radial_basis=8, num_cutoff_basis=5, pair_repulsion=False, distance_transform='None', apply_cutoff=True, use_last_readout_only=False, use_embedding_readout=False, interaction='RealAgnosticResidualInteractionBlock', interaction_first='RealAgnosticResidualInteractionBlock', max_ell=3, correlation=3, use_reduced_cg=False, use_so3=False, use_agnostic_product=False, num_interactions=2, MLP_irreps='16x0e', radial_MLP='[64, 64, 64]', hidden_irreps='128x0e + 128x1o', edge_irreps=None, num_channels=128, max_L=1, gate='silu', scaling='rms_forces_scaling', avg_num_neighbors=1, compute_avg_num_neighbors=True, compute_stress=False, compute_forces=True, compute_polarizability=<function str2bool at 0x7fb2b518eca0>, compute_atomic_dipole=<function str2bool at 0x7fb2b518eca0>, train_file='/home/phanim/harshitrawat/summer/T1_T2_T3_data/T3_chgnet_labeled.extxyz', valid_file='/home/phanim/harshitrawat/summer/T1_T2_T3_data/T2_chgnet_labeled.extxyz', valid_fraction=0.1, test_file=None, test_dir=None, multi_processed_test=False, num_workers=0, pin_memory=True, atomic_numbers='[3,8,40,57]', mean=None, std=None, statistics_file=None, les_arguments=None, E0s='{3: -1.2302615750354944, 8: -23.049110738413006, 40: 23.367646191010394, 57: 15.192898072498549}', pseudolabel_replay=False, foundation_filter_elements=True, heads=None, multiheads_finetuning=True, foundation_head=None, weight_pt_head=1.0, real_pt_data_ratio_threshold=0.1, num_samples_pt=10000, force_mh_ft_lr=False, subselect_pt='random', filter_type_pt='none', allow_random_padding_pt=True, pt_train_file='/home/phanim/harshitrawat/summer/iteration_3-Copy1/replay_li_la_zr_o_with_elem.xyz', pt_valid_file=None, foundation_model_elements=False, keep_isolated_atoms=False, energy_key='REF_energy', forces_key='REF_forces', virials_key='REF_virials', stress_key='REF_stress', dipole_key='dipole', polarizability_key='polarizability', head_key='head', charges_key='REF_charges', elec_temp_key='elec_temp', total_spin_key='total_spin', total_charge_key='total_charge', embedding_specs=None, skip_evaluate_heads='pt_head', loss='weighted', forces_weight=0.0, swa_forces_weight=100.0, energy_weight=10.0, swa_energy_weight=1000.0, virials_weight=1.0, swa_virials_weight=10.0, stress_weight=0.0, swa_stress_weight=10.0, dipole_weight=1.0, swa_dipole_weight=1.0, swa_polarizability_weight=1.0, polarizability_weight=1.0, config_type_weights='{"Default":1.0}', huber_delta=0.01, optimizer='adam', beta=0.9, batch_size=2, valid_batch_size=1, lr=0.1, swa_lr=0.001, weight_decay=1e-08, amsgrad=True, scheduler='ReduceLROnPlateau', lr_factor=0.8, scheduler_patience=4, lr_scheduler_gamma=0.9993, swa=False, start_swa=None, lbfgs=False, ema=False, ema_decay=0.99, max_num_epochs=10, patience=8, foundation_model='/home/phanim/harshitrawat/summer/mace_models/universal/2024-01-07-mace-128-L2_epoch-199.model', foundation_model_readout=False, eval_interval=1, keep_checkpoints=False, save_all_checkpoints=False, restart_latest=True, save_cpu=False, clip_grad=1.0, dry_run=False, enable_cueq=False, only_cueq=False, enable_oeq=False, wandb=False, wandb_dir=None, wandb_project='', wandb_entity='', wandb_name='', wandb_log_hypers=['num_channels', 'max_L', 'correlation', 'lr', 'swa_lr', 'weight_decay', 'batch_size', 'max_num_epochs', 'start_swa', 'energy_weight', 'forces_weight'], key_specification=KeySpecification(info_keys={'energy': 'REF_energy', 'stress': 'REF_stress', 'virials': 'REF_virials', 'dipole': 'dipole', 'head': 'head', 'elec_temp': 'elec_temp', 'total_charge': 'total_charge', 'polarizability': 'polarizability', 'total_spin': 'total_spin'}, arrays_keys={'forces': 'REF_forces', 'charges': 'REF_charges'}))
2025-08-25 22:46:49.484 INFO: CUDA version: 12.6, CUDA device: 0
2025-08-25 22:46:49.628 DEBUG: Popen(['git', 'version'], cwd=/home/phanim/harshitrawat/summer/iteration_3-Copy1, stdin=None, shell=False, universal_newlines=False)
2025-08-25 22:46:49.634 DEBUG: Popen(['git', 'version'], cwd=/home/phanim/harshitrawat/summer/iteration_3-Copy1, stdin=None, shell=False, universal_newlines=False)
2025-08-25 22:46:49.642 DEBUG: Popen(['git', 'cat-file', '--batch-check'], cwd=/home/phanim/harshitrawat/summer, stdin=<valid stream>, shell=False, universal_newlines=False)
2025-08-25 22:46:49.653 DEBUG: Current Git commit: 7bc4aa2b02a199f3650610a022c2258d3b2e92ae
2025-08-25 22:46:50.114 INFO: Using foundation model /home/phanim/harshitrawat/summer/mace_models/universal/2024-01-07-mace-128-L2_epoch-199.model as initial checkpoint.
2025-08-25 22:46:50.117 INFO: Multihead finetuning mode, setting learning rate to 0.0001 and EMA to True. To use a different learning rate, set --force_mh_ft_lr=True.
2025-08-25 22:46:50.117 INFO: Using multiheads finetuning mode, setting learning rate to 0.0001 and EMA to True
2025-08-25 22:46:50.117 INFO: ===========LOADING INPUT DATA===========
2025-08-25 22:46:50.117 INFO: Using heads: ['Default', 'pt_head']
2025-08-25 22:46:50.117 INFO: Using the key specifications to parse data:
2025-08-25 22:46:50.117 INFO: Default: KeySpecification(info_keys={'energy': 'REF_energy', 'stress': 'REF_stress', 'virials': 'REF_virials', 'dipole': 'dipole', 'head': 'head', 'elec_temp': 'elec_temp', 'total_charge': 'total_charge', 'polarizability': 'polarizability', 'total_spin': 'total_spin'}, arrays_keys={'forces': 'REF_forces', 'charges': 'REF_charges'})
2025-08-25 22:46:50.118 INFO: pt_head: KeySpecification(info_keys={'energy': 'REF_energy', 'stress': 'REF_stress', 'virials': 'REF_virials', 'dipole': 'dipole', 'head': 'head', 'elec_temp': 'elec_temp', 'total_charge': 'total_charge', 'polarizability': 'polarizability', 'total_spin': 'total_spin'}, arrays_keys={'forces': 'REF_forces', 'charges': 'REF_charges'})
2025-08-25 22:46:50.118 INFO: =============    Processing head Default     ===========
2025-08-25 22:46:50.119 DEBUG: Loading training file: /home/phanim/harshitrawat/summer/T1_T2_T3_data/T3_chgnet_labeled.extxyz
2025-08-25 22:46:55.487 INFO: Training set 1/1 [energy: 1612, stress: 0, virials: 0, dipole components: 0, head: 1612, elec_temp: 0, total_charge: 0, polarizability: 0, total_spin: 0, forces: 1612, charges: 0]
2025-08-25 22:46:55.492 INFO: Total Training set [energy: 1612, stress: 0, virials: 0, dipole components: 0, head: 1612, elec_temp: 0, total_charge: 0, polarizability: 0, total_spin: 0, forces: 1612, charges: 0]
2025-08-25 22:46:57.815 INFO: Validation set 1/1 [energy: 705, stress: 0, virials: 0, dipole components: 0, head: 705, elec_temp: 0, total_charge: 0, polarizability: 0, total_spin: 0, forces: 705, charges: 0]
2025-08-25 22:46:57.817 INFO: Total Validation set [energy: 705, stress: 0, virials: 0, dipole components: 0, head: 705, elec_temp: 0, total_charge: 0, polarizability: 0, total_spin: 0, forces: 705, charges: 0]
2025-08-25 22:46:57.817 INFO: Total number of configurations: train=1612, valid=705, tests=[],
2025-08-25 22:46:57.817 INFO: =============    Processing head pt_head     ===========
2025-08-25 22:46:57.818 DEBUG: Loading training file: /home/phanim/harshitrawat/summer/iteration_3-Copy1/replay_li_la_zr_o_with_elem.xyz
2025-08-25 22:46:57.844 WARNING: No forces found with key 'REF_forces' in '/home/phanim/harshitrawat/summer/iteration_3-Copy1/replay_li_la_zr_o_with_elem.xyz'. If this is unexpected, Please change the key name in the command line arguments or ensure that the file contains the required data.
2025-08-25 22:46:57.846 INFO: Training set 1/1 [energy: 150, stress: 0, virials: 0, dipole components: 0, head: 150, elec_temp: 0, total_charge: 0, polarizability: 0, total_spin: 0, forces: 0, charges: 0]
2025-08-25 22:46:57.846 INFO: Total Training set [energy: 150, stress: 0, virials: 0, dipole components: 0, head: 150, elec_temp: 0, total_charge: 0, polarizability: 0, total_spin: 0, forces: 0, charges: 0]
2025-08-25 22:46:57.846 INFO: No validation set provided, splitting training data instead.
2025-08-25 22:46:57.850 INFO: Using random 10% of training set for validation with indices saved in: ./valid_indices_84.txt
2025-08-25 22:46:57.851 INFO: Random Split Training set [energy: 135, stress: 0, virials: 0, dipole components: 0, head: 135, elec_temp: 0, total_charge: 0, polarizability: 0, total_spin: 0, forces: 0, charges: 0]
2025-08-25 22:46:57.851 INFO: Random Split Validation set [energy: 15, stress: 0, virials: 0, dipole components: 0, head: 15, elec_temp: 0, total_charge: 0, polarizability: 0, total_spin: 0, forces: 0, charges: 0]
2025-08-25 22:46:57.851 INFO: Total number of configurations: train=135, valid=15, tests=[],
2025-08-25 22:46:57.851 INFO: ==================Using multiheads finetuning mode==================
2025-08-25 22:46:57.851 INFO: Total number of configurations in pretraining: train=135, valid=15
2025-08-25 22:46:57.851 INFO: Using atomic numbers from command line argument
2025-08-25 22:46:57.851 INFO: Atomic Numbers used: [3, 8, 40, 57]
2025-08-25 22:46:57.851 INFO: Isolated Atomic Energies (E0s) not in training file, using command line argument
2025-08-25 22:46:57.854 INFO: Atomic Energies used (z: eV) for head Default: {3: -1.2302615750354944, 8: -23.049110738413006, 40: 23.367646191010394, 57: 15.192898072498549}
2025-08-25 22:46:57.854 INFO: Atomic Energies used (z: eV) for head pt_head: {3: -3.482100566595956, 8: -7.28459863421322, 40: -11.846857579882572, 57: -8.933684809576345}
2025-08-25 22:46:57.854 INFO: Processing datasets for head 'Default'
2025-08-25 22:47:17.070 DEBUG: Successfully loaded dataset from ASE files: ['/home/phanim/harshitrawat/summer/T1_T2_T3_data/T3_chgnet_labeled.extxyz']
2025-08-25 22:47:17.070 INFO: Combining 1 list datasets for head 'Default'
2025-08-25 22:47:25.657 DEBUG: Successfully loaded validation dataset from ASE files: ['/home/phanim/harshitrawat/summer/T1_T2_T3_data/T2_chgnet_labeled.extxyz']
2025-08-25 22:47:25.657 INFO: Combining 1 list datasets for head 'Default_valid'
2025-08-25 22:47:25.658 INFO: Combined validation datasets for Default
2025-08-25 22:47:25.658 INFO: Head 'Default' training dataset size: 1612
2025-08-25 22:47:25.658 INFO: Processing datasets for head 'pt_head'
2025-08-25 22:47:25.761 DEBUG: Successfully loaded dataset from ASE files: ['/home/phanim/harshitrawat/summer/iteration_3-Copy1/replay_li_la_zr_o_with_elem.xyz']
2025-08-25 22:47:25.761 INFO: Combining 1 list datasets for head 'pt_head'
2025-08-25 22:47:25.766 INFO: Head 'pt_head' training dataset size: 135
2025-08-25 22:47:25.766 INFO: Average number of neighbors: 61.964672446250916
2025-08-25 22:47:25.766 INFO: During training the following quantities will be reported: energy, forces, stress
2025-08-25 22:47:25.766 INFO: ===========MODEL DETAILS===========
2025-08-25 22:47:27.315 WARNING: Standard deviation of the scaling is zero, Changing to no scaling
2025-08-25 22:47:27.318 INFO: Loading FOUNDATION model
2025-08-25 22:47:27.319 INFO: Using filtered elements: [3, 8, 40, 57]
2025-08-25 22:47:27.319 INFO: Model configuration extracted from foundation model
2025-08-25 22:47:27.319 INFO: Using universal loss function for fine-tuning
2025-08-25 22:47:27.319 INFO: Message passing with hidden irreps 128x0e+128x1o+128x2e)
2025-08-25 22:47:27.319 INFO: 2 layers, each with correlation order: 3 (body order: 4) and spherical harmonics up to: l=3
2025-08-25 22:47:27.319 INFO: Radial cutoff: 6.0 A (total receptive field for each atom: 12.0 A)
2025-08-25 22:47:27.319 INFO: Distance transform for radial basis functions: None
2025-08-25 22:47:28.589 DEBUG: ScaleShiftMACE(
  (node_embedding): LinearNodeEmbeddingBlock(
    (linear): Linear(4x0e -> 128x0e | 512 weights)
  )
  (radial_embedding): RadialEmbeddingBlock(
    (bessel_fn): BesselBasis(r_max=6.0, num_basis=10, trainable=True)
    (cutoff_fn): PolynomialCutoff(p=5, r_max=6.0)
  )
  (spherical_harmonics): SphericalHarmonics()
  (atomic_energies_fn): AtomicEnergiesBlock(energies=[[-3.4821, -7.2846, -11.8469, -8.9337], [-1.2303, -23.0491, 23.3676, 15.1929]])
  (interactions): ModuleList(
    (0): RealAgnosticResidualInteractionBlock(
      (linear_up): Linear(128x0e -> 128x0e | 16384 weights)
      (conv_tp): TensorProduct(128x0e x 1x0e+1x1o+1x2e+1x3o -> 128x0e+128x1o+128x2e+128x3o | 512 paths | 512 weights)
      (conv_tp_weights): FullyConnectedNet[10, 64, 64, 64, 512]
      (linear): Linear(128x0e+128x1o+128x2e+128x3o -> 128x0e+128x1o+128x2e+128x3o | 65536 weights)
      (skip_tp): FullyConnectedTensorProduct(128x0e x 4x0e -> 128x0e+128x1o+128x2e | 65536 paths | 65536 weights)
      (reshape): reshape_irreps()
    )
    (1): RealAgnosticResidualInteractionBlock(
      (linear_up): Linear(128x0e+128x1o+128x2e -> 128x0e+128x1o+128x2e | 49152 weights)
      (conv_tp): TensorProduct(128x0e+128x1o+128x2e x 1x0e+1x1o+1x2e+1x3o -> 384x0e+640x1o+640x2e+512x3o | 2176 paths | 2176 weights)
      (conv_tp_weights): FullyConnectedNet[10, 64, 64, 64, 2176]
      (linear): Linear(128x0e+128x0e+128x0e+128x1o+128x1o+128x1o+128x1o+128x1o+128x2e+128x2e+128x2e+128x2e+128x2e+128x3o+128x3o+128x3o+128x3o -> 128x0e+128x1o+128x2e+128x3o | 278528 weights)
      (skip_tp): FullyConnectedTensorProduct(128x0e+128x1o+128x2e x 4x0e -> 128x0e | 65536 paths | 65536 weights)
      (reshape): reshape_irreps()
    )
  )
  (products): ModuleList(
    (0): EquivariantProductBasisBlock(
      (symmetric_contractions): SymmetricContraction(
        (contractions): ModuleList(
          (0): Contraction(
            (contractions_weighting): ModuleList(
              (0-1): 2 x GraphModule()
            )
            (contractions_features): ModuleList(
              (0-1): 2 x GraphModule()
            )
            (weights): ParameterList(
                (0): Parameter containing: [torch.float64 of size 4x4x128 (cuda:0)]
                (1): Parameter containing: [torch.float64 of size 4x1x128 (cuda:0)]
            )
            (graph_opt_main): GraphModule()
          )
          (1): Contraction(
            (contractions_weighting): ModuleList(
              (0-1): 2 x GraphModule()
            )
            (contractions_features): ModuleList(
              (0-1): 2 x GraphModule()
            )
            (weights): ParameterList(
                (0): Parameter containing: [torch.float64 of size 4x6x128 (cuda:0)]
                (1): Parameter containing: [torch.float64 of size 4x1x128 (cuda:0)]
            )
            (graph_opt_main): GraphModule()
          )
          (2): Contraction(
            (contractions_weighting): ModuleList(
              (0-1): 2 x GraphModule()
            )
            (contractions_features): ModuleList(
              (0-1): 2 x GraphModule()
            )
            (weights): ParameterList(
                (0): Parameter containing: [torch.float64 of size 4x7x128 (cuda:0)]
                (1): Parameter containing: [torch.float64 of size 4x1x128 (cuda:0)]
            )
            (graph_opt_main): GraphModule()
          )
        )
      )
      (linear): Linear(128x0e+128x1o+128x2e -> 128x0e+128x1o+128x2e | 49152 weights)
    )
    (1): EquivariantProductBasisBlock(
      (symmetric_contractions): SymmetricContraction(
        (contractions): ModuleList(
          (0): Contraction(
            (contractions_weighting): ModuleList(
              (0-1): 2 x GraphModule()
            )
            (contractions_features): ModuleList(
              (0-1): 2 x GraphModule()
            )
            (weights): ParameterList(
                (0): Parameter containing: [torch.float64 of size 4x4x128 (cuda:0)]
                (1): Parameter containing: [torch.float64 of size 4x1x128 (cuda:0)]
            )
            (graph_opt_main): GraphModule()
          )
        )
      )
      (linear): Linear(128x0e -> 128x0e | 16384 weights)
    )
  )
  (readouts): ModuleList(
    (0): LinearReadoutBlock(
      (linear): Linear(128x0e+128x1o+128x2e -> 2x0e | 256 weights)
    )
    (1): NonLinearReadoutBlock(
      (linear_1): Linear(128x0e -> 32x0e | 4096 weights)
      (non_linearity): Activation [x] (32x0e -> 32x0e)
      (linear_2): Linear(32x0e -> 2x0e | 64 weights)
    )
  )
  (scale_shift): ScaleShiftBlock(scale=0.8042, 0.8042, shift=0.1641, 0.1641)
)
2025-08-25 22:47:28.590 INFO: Total number of parameters: 896586
2025-08-25 22:47:28.590 INFO: 
2025-08-25 22:47:28.590 INFO: ===========OPTIMIZER INFORMATION===========
2025-08-25 22:47:28.590 INFO: Using ADAM as parameter optimizer
2025-08-25 22:47:28.590 INFO: Batch size: 2
2025-08-25 22:47:28.590 INFO: Using Exponential Moving Average with decay: 0.99999
2025-08-25 22:47:28.590 INFO: Number of gradient updates: 8735
2025-08-25 22:47:28.590 INFO: Learning rate: 0.0001, weight decay: 1e-08
2025-08-25 22:47:28.590 INFO: UniversalLoss(energy_weight=10.000, forces_weight=0.000, stress_weight=0.000)
2025-08-25 22:47:28.593 WARNING: No SWA checkpoint found, while SWA is enabled. Compare the swa_start parameter and the latest checkpoint.
2025-08-25 22:47:28.593 INFO: Loading checkpoint: ./checkpoints/mace_T2_including_shortreplay_w2_welem_run-84_epoch-0.pt
2025-08-25 22:47:28.629 INFO: Using gradient clipping with tolerance=1.000
2025-08-25 22:47:28.629 INFO: 
2025-08-25 22:47:28.629 INFO: ===========TRAINING===========
2025-08-25 22:47:28.629 INFO: Started training, reporting errors on validation set
2025-08-25 22:47:28.629 INFO: Loss metrics on validation set
2025-08-25 22:47:31.487 INFO: Initial: head: pt_head, loss=0.33532765, RMSE_E_per_atom= 8131.42 meV, RMSE_F=None meV / A, RMSE_stress=None meV / A^3
2025-08-25 22:48:56.476 INFO: Initial: head: Default, loss=0.00686583, RMSE_E_per_atom=   90.07 meV, RMSE_F=  703.07 meV / A, RMSE_stress=None meV / A^3
2025-08-25 22:57:05.895 INFO: Epoch 0: head: pt_head, loss=0.32769819, RMSE_E_per_atom= 7946.39 meV, RMSE_F=None meV / A, RMSE_stress=None meV / A^3
2025-08-25 22:58:30.807 INFO: Epoch 0: head: Default, loss=0.00296072, RMSE_E_per_atom=   44.28 meV, RMSE_F= 1209.57 meV / A, RMSE_stress=None meV / A^3
2025-08-25 22:58:30.809 DEBUG: Saving checkpoint: ./checkpoints/mace_T2_including_shortreplay_w2_welem_run-84_epoch-0.pt
2025-08-25 23:06:38.105 INFO: Epoch 1: head: pt_head, loss=0.31834027, RMSE_E_per_atom= 7795.04 meV, RMSE_F=None meV / A, RMSE_stress=None meV / A^3
2025-08-25 23:08:03.000 INFO: Epoch 1: head: Default, loss=0.00188471, RMSE_E_per_atom=   29.95 meV, RMSE_F= 1356.57 meV / A, RMSE_stress=None meV / A^3
2025-08-25 23:08:03.003 DEBUG: Deleting old checkpoint file: ./checkpoints/mace_T2_including_shortreplay_w2_welem_run-84_epoch-0.pt
2025-08-25 23:08:03.006 DEBUG: Saving checkpoint: ./checkpoints/mace_T2_including_shortreplay_w2_welem_run-84_epoch-1.pt
2025-08-25 23:16:10.470 INFO: Epoch 2: head: pt_head, loss=0.31211279, RMSE_E_per_atom= 7671.45 meV, RMSE_F=None meV / A, RMSE_stress=None meV / A^3
2025-08-25 23:17:35.418 INFO: Epoch 2: head: Default, loss=0.00136482, RMSE_E_per_atom=   22.87 meV, RMSE_F= 1380.06 meV / A, RMSE_stress=None meV / A^3
2025-08-25 23:17:35.420 DEBUG: Deleting old checkpoint file: ./checkpoints/mace_T2_including_shortreplay_w2_welem_run-84_epoch-1.pt
2025-08-25 23:17:35.424 DEBUG: Saving checkpoint: ./checkpoints/mace_T2_including_shortreplay_w2_welem_run-84_epoch-2.pt
2025-08-25 23:25:42.732 INFO: Epoch 3: head: pt_head, loss=0.30624005, RMSE_E_per_atom= 7579.79 meV, RMSE_F=None meV / A, RMSE_stress=None meV / A^3
2025-08-25 23:27:07.716 INFO: Epoch 3: head: Default, loss=0.00103617, RMSE_E_per_atom=   18.53 meV, RMSE_F= 1347.94 meV / A, RMSE_stress=None meV / A^3
2025-08-25 23:27:07.719 DEBUG: Deleting old checkpoint file: ./checkpoints/mace_T2_including_shortreplay_w2_welem_run-84_epoch-2.pt
2025-08-25 23:27:07.789 DEBUG: Saving checkpoint: ./checkpoints/mace_T2_including_shortreplay_w2_welem_run-84_epoch-3.pt
2025-08-25 23:35:14.711 INFO: Epoch 4: head: pt_head, loss=0.30271150, RMSE_E_per_atom= 7463.26 meV, RMSE_F=None meV / A, RMSE_stress=None meV / A^3
2025-08-25 23:36:39.581 INFO: Epoch 4: head: Default, loss=0.00081650, RMSE_E_per_atom=   15.66 meV, RMSE_F= 1332.88 meV / A, RMSE_stress=None meV / A^3
2025-08-25 23:36:39.583 DEBUG: Deleting old checkpoint file: ./checkpoints/mace_T2_including_shortreplay_w2_welem_run-84_epoch-3.pt
2025-08-25 23:36:39.588 DEBUG: Saving checkpoint: ./checkpoints/mace_T2_including_shortreplay_w2_welem_run-84_epoch-4.pt
2025-08-25 23:44:46.843 INFO: Epoch 5: head: pt_head, loss=0.29791257, RMSE_E_per_atom= 7368.65 meV, RMSE_F=None meV / A, RMSE_stress=None meV / A^3
2025-08-25 23:46:11.705 INFO: Epoch 5: head: Default, loss=0.00067032, RMSE_E_per_atom=   13.73 meV, RMSE_F= 1345.77 meV / A, RMSE_stress=None meV / A^3
2025-08-25 23:46:11.707 DEBUG: Deleting old checkpoint file: ./checkpoints/mace_T2_including_shortreplay_w2_welem_run-84_epoch-4.pt
2025-08-25 23:46:11.711 DEBUG: Saving checkpoint: ./checkpoints/mace_T2_including_shortreplay_w2_welem_run-84_epoch-5.pt
2025-08-25 23:54:18.736 INFO: Epoch 6: head: pt_head, loss=0.29296460, RMSE_E_per_atom= 7281.93 meV, RMSE_F=None meV / A, RMSE_stress=None meV / A^3
2025-08-25 23:55:43.662 INFO: Epoch 6: head: Default, loss=0.00057257, RMSE_E_per_atom=   12.39 meV, RMSE_F= 1353.69 meV / A, RMSE_stress=None meV / A^3
2025-08-25 23:55:43.665 DEBUG: Deleting old checkpoint file: ./checkpoints/mace_T2_including_shortreplay_w2_welem_run-84_epoch-5.pt
2025-08-25 23:55:43.701 DEBUG: Saving checkpoint: ./checkpoints/mace_T2_including_shortreplay_w2_welem_run-84_epoch-6.pt
2025-08-26 00:03:50.881 INFO: Epoch 7: head: pt_head, loss=0.28790415, RMSE_E_per_atom= 7185.45 meV, RMSE_F=None meV / A, RMSE_stress=None meV / A^3
2025-08-26 00:05:15.822 INFO: Epoch 7: head: Default, loss=0.00050477, RMSE_E_per_atom=   11.43 meV, RMSE_F= 1339.23 meV / A, RMSE_stress=None meV / A^3
2025-08-26 00:05:15.825 DEBUG: Deleting old checkpoint file: ./checkpoints/mace_T2_including_shortreplay_w2_welem_run-84_epoch-6.pt
2025-08-26 00:05:15.830 DEBUG: Saving checkpoint: ./checkpoints/mace_T2_including_shortreplay_w2_welem_run-84_epoch-7.pt
2025-08-26 00:13:23.048 INFO: Epoch 8: head: pt_head, loss=0.28476105, RMSE_E_per_atom= 7097.95 meV, RMSE_F=None meV / A, RMSE_stress=None meV / A^3
2025-08-26 00:14:48.026 INFO: Epoch 8: head: Default, loss=0.00046217, RMSE_E_per_atom=   10.83 meV, RMSE_F= 1333.39 meV / A, RMSE_stress=None meV / A^3
2025-08-26 00:14:48.028 DEBUG: Deleting old checkpoint file: ./checkpoints/mace_T2_including_shortreplay_w2_welem_run-84_epoch-7.pt
2025-08-26 00:14:48.034 DEBUG: Saving checkpoint: ./checkpoints/mace_T2_including_shortreplay_w2_welem_run-84_epoch-8.pt
2025-08-26 00:22:55.163 INFO: Epoch 9: head: pt_head, loss=0.28073749, RMSE_E_per_atom= 7014.34 meV, RMSE_F=None meV / A, RMSE_stress=None meV / A^3
2025-08-26 00:24:20.224 INFO: Epoch 9: head: Default, loss=0.00042011, RMSE_E_per_atom=   10.20 meV, RMSE_F= 1334.69 meV / A, RMSE_stress=None meV / A^3
2025-08-26 00:24:20.227 DEBUG: Deleting old checkpoint file: ./checkpoints/mace_T2_including_shortreplay_w2_welem_run-84_epoch-8.pt
2025-08-26 00:24:20.232 DEBUG: Saving checkpoint: ./checkpoints/mace_T2_including_shortreplay_w2_welem_run-84_epoch-9.pt
2025-08-26 00:24:20.332 INFO: Training complete
2025-08-26 00:24:20.332 INFO: 
2025-08-26 00:24:20.332 INFO: ===========RESULTS===========
2025-08-26 00:24:20.479 INFO: Loading checkpoint: ./checkpoints/mace_T2_including_shortreplay_w2_welem_run-84_epoch-9.pt
2025-08-26 00:24:20.513 INFO: Loaded Stage one model from epoch 9 for evaluation
2025-08-26 00:24:20.514 INFO: Saving model to checkpoints/mace_T2_including_shortreplay_w2_welem_run-84.model
2025-08-26 00:24:20.769 INFO: Compiling model, saving metadata to mace_T2_including_shortreplay_w2_welem_compiled.model
2025-08-26 00:24:21.624 INFO: Computing metrics for training, validation, and test sets
2025-08-26 00:24:21.625 INFO: Skipping evaluation for heads: ['pt_head']
2025-08-26 00:24:21.625 INFO: Evaluating train_Default ...
2025-08-26 00:27:09.430 INFO: Skipping evaluation of train_pt_head (in skip_heads list)
2025-08-26 00:27:09.431 INFO: Evaluating valid_Default ...
