2025-08-25 22:30:14.706 INFO: ===========VERIFYING SETTINGS===========
2025-08-25 22:30:14.706 INFO: MACE version: 0.3.14
2025-08-25 22:30:15.218 INFO: CUDA version: 12.6, CUDA device: 0
2025-08-25 22:30:16.986 INFO: Using foundation model /home/phanim/harshitrawat/summer/mace_models/universal/2024-01-07-mace-128-L2_epoch-199.model as initial checkpoint.
2025-08-25 22:30:17.015 INFO: Multihead finetuning mode, setting learning rate to 0.0001 and EMA to True. To use a different learning rate, set --force_mh_ft_lr=True.
2025-08-25 22:30:17.015 INFO: Using multiheads finetuning mode, setting learning rate to 0.0001 and EMA to True
2025-08-25 22:30:17.015 INFO: ===========LOADING INPUT DATA===========
2025-08-25 22:30:17.015 INFO: Using heads: ['Default', 'pt_head']
2025-08-25 22:30:17.015 INFO: Using the key specifications to parse data:
2025-08-25 22:30:17.015 INFO: Default: KeySpecification(info_keys={'energy': 'REF_energy', 'stress': 'REF_stress', 'virials': 'REF_virials', 'dipole': 'dipole', 'head': 'head', 'elec_temp': 'elec_temp', 'total_charge': 'total_charge', 'polarizability': 'polarizability', 'total_spin': 'total_spin'}, arrays_keys={'forces': 'REF_forces', 'charges': 'REF_charges'})
2025-08-25 22:30:17.015 INFO: pt_head: KeySpecification(info_keys={'energy': 'REF_energy', 'stress': 'REF_stress', 'virials': 'REF_virials', 'dipole': 'dipole', 'head': 'head', 'elec_temp': 'elec_temp', 'total_charge': 'total_charge', 'polarizability': 'polarizability', 'total_spin': 'total_spin'}, arrays_keys={'forces': 'REF_forces', 'charges': 'REF_charges'})
2025-08-25 22:30:17.015 INFO: =============    Processing head Default     ===========
2025-08-25 22:30:22.463 INFO: Training set 1/1 [energy: 1612, stress: 0, virials: 0, dipole components: 0, head: 1612, elec_temp: 0, total_charge: 0, polarizability: 0, total_spin: 0, forces: 1612, charges: 0]
2025-08-25 22:30:22.467 INFO: Total Training set [energy: 1612, stress: 0, virials: 0, dipole components: 0, head: 1612, elec_temp: 0, total_charge: 0, polarizability: 0, total_spin: 0, forces: 1612, charges: 0]
2025-08-25 22:30:24.801 INFO: Validation set 1/1 [energy: 705, stress: 0, virials: 0, dipole components: 0, head: 705, elec_temp: 0, total_charge: 0, polarizability: 0, total_spin: 0, forces: 705, charges: 0]
2025-08-25 22:30:24.803 INFO: Total Validation set [energy: 705, stress: 0, virials: 0, dipole components: 0, head: 705, elec_temp: 0, total_charge: 0, polarizability: 0, total_spin: 0, forces: 705, charges: 0]
2025-08-25 22:30:24.803 INFO: Total number of configurations: train=1612, valid=705, tests=[],
2025-08-25 22:30:24.803 INFO: =============    Processing head pt_head     ===========
2025-08-25 22:31:42.907 INFO: ===========VERIFYING SETTINGS===========
2025-08-25 22:31:42.908 INFO: MACE version: 0.3.14
2025-08-25 22:31:43.425 INFO: CUDA version: 12.6, CUDA device: 0
2025-08-25 22:31:43.864 INFO: Using foundation model /home/phanim/harshitrawat/summer/mace_models/universal/2024-01-07-mace-128-L2_epoch-199.model as initial checkpoint.
2025-08-25 22:31:43.865 INFO: Multihead finetuning mode, setting learning rate to 0.0001 and EMA to True. To use a different learning rate, set --force_mh_ft_lr=True.
2025-08-25 22:31:43.865 INFO: Using multiheads finetuning mode, setting learning rate to 0.0001 and EMA to True
2025-08-25 22:31:43.865 INFO: ===========LOADING INPUT DATA===========
2025-08-25 22:31:43.865 INFO: Using heads: ['Default', 'pt_head']
2025-08-25 22:31:43.865 INFO: Using the key specifications to parse data:
2025-08-25 22:31:43.865 INFO: Default: KeySpecification(info_keys={'energy': 'REF_energy', 'stress': 'REF_stress', 'virials': 'REF_virials', 'dipole': 'dipole', 'head': 'head', 'elec_temp': 'elec_temp', 'total_charge': 'total_charge', 'polarizability': 'polarizability', 'total_spin': 'total_spin'}, arrays_keys={'forces': 'REF_forces', 'charges': 'REF_charges'})
2025-08-25 22:31:43.865 INFO: pt_head: KeySpecification(info_keys={'energy': 'REF_energy', 'stress': 'REF_stress', 'virials': 'REF_virials', 'dipole': 'dipole', 'head': 'head', 'elec_temp': 'elec_temp', 'total_charge': 'total_charge', 'polarizability': 'polarizability', 'total_spin': 'total_spin'}, arrays_keys={'forces': 'REF_forces', 'charges': 'REF_charges'})
2025-08-25 22:31:43.865 INFO: =============    Processing head Default     ===========
2025-08-25 22:31:49.212 INFO: Training set 1/1 [energy: 1612, stress: 0, virials: 0, dipole components: 0, head: 1612, elec_temp: 0, total_charge: 0, polarizability: 0, total_spin: 0, forces: 1612, charges: 0]
2025-08-25 22:31:49.217 INFO: Total Training set [energy: 1612, stress: 0, virials: 0, dipole components: 0, head: 1612, elec_temp: 0, total_charge: 0, polarizability: 0, total_spin: 0, forces: 1612, charges: 0]
2025-08-25 22:31:51.541 INFO: Validation set 1/1 [energy: 705, stress: 0, virials: 0, dipole components: 0, head: 705, elec_temp: 0, total_charge: 0, polarizability: 0, total_spin: 0, forces: 705, charges: 0]
2025-08-25 22:31:51.544 INFO: Total Validation set [energy: 705, stress: 0, virials: 0, dipole components: 0, head: 705, elec_temp: 0, total_charge: 0, polarizability: 0, total_spin: 0, forces: 705, charges: 0]
2025-08-25 22:31:51.544 INFO: Total number of configurations: train=1612, valid=705, tests=[],
2025-08-25 22:31:51.544 INFO: =============    Processing head pt_head     ===========
2025-08-25 22:31:51.580 WARNING: No forces found with key 'REF_forces' in '/home/phanim/harshitrawat/summer/iteration_3-Copy1/replay_li_la_zr_o_with_elem.xyz'. If this is unexpected, Please change the key name in the command line arguments or ensure that the file contains the required data.
2025-08-25 22:31:51.582 INFO: Training set 1/1 [energy: 150, stress: 0, virials: 0, dipole components: 0, head: 150, elec_temp: 0, total_charge: 0, polarizability: 0, total_spin: 0, forces: 0, charges: 0]
2025-08-25 22:31:51.582 INFO: Total Training set [energy: 150, stress: 0, virials: 0, dipole components: 0, head: 150, elec_temp: 0, total_charge: 0, polarizability: 0, total_spin: 0, forces: 0, charges: 0]
2025-08-25 22:31:51.582 INFO: No validation set provided, splitting training data instead.
2025-08-25 22:31:51.586 INFO: Using random 10% of training set for validation with indices saved in: ./valid_indices_84.txt
2025-08-25 22:31:51.587 INFO: Random Split Training set [energy: 135, stress: 0, virials: 0, dipole components: 0, head: 135, elec_temp: 0, total_charge: 0, polarizability: 0, total_spin: 0, forces: 0, charges: 0]
2025-08-25 22:31:51.587 INFO: Random Split Validation set [energy: 15, stress: 0, virials: 0, dipole components: 0, head: 15, elec_temp: 0, total_charge: 0, polarizability: 0, total_spin: 0, forces: 0, charges: 0]
2025-08-25 22:31:51.587 INFO: Total number of configurations: train=135, valid=15, tests=[],
2025-08-25 22:31:51.587 INFO: ==================Using multiheads finetuning mode==================
2025-08-25 22:31:51.587 INFO: Total number of configurations in pretraining: train=135, valid=15
2025-08-25 22:31:51.587 INFO: Using atomic numbers from command line argument
2025-08-25 22:31:51.587 INFO: Atomic Numbers used: [3, 8, 40, 57]
2025-08-25 22:31:51.587 INFO: Isolated Atomic Energies (E0s) not in training file, using command line argument
2025-08-25 22:31:51.590 INFO: Atomic Energies used (z: eV) for head Default: {3: -1.2302615750354944, 8: -23.049110738413006, 40: 23.367646191010394, 57: 15.192898072498549}
2025-08-25 22:31:51.590 INFO: Atomic Energies used (z: eV) for head pt_head: {3: -3.482100566595956, 8: -7.28459863421322, 40: -11.846857579882572, 57: -8.933684809576345}
2025-08-25 22:31:51.590 INFO: Processing datasets for head 'Default'
2025-08-25 22:32:10.868 INFO: Combining 1 list datasets for head 'Default'
2025-08-25 22:32:19.422 INFO: Combining 1 list datasets for head 'Default_valid'
2025-08-25 22:32:19.422 INFO: Combined validation datasets for Default
2025-08-25 22:32:19.422 INFO: Head 'Default' training dataset size: 1612
2025-08-25 22:32:19.422 INFO: Processing datasets for head 'pt_head'
2025-08-25 22:32:19.526 INFO: Combining 1 list datasets for head 'pt_head'
2025-08-25 22:32:19.531 INFO: Head 'pt_head' training dataset size: 135
2025-08-25 22:32:19.532 INFO: Average number of neighbors: 61.964672446250916
2025-08-25 22:32:19.532 INFO: During training the following quantities will be reported: energy, forces, stress
2025-08-25 22:32:19.532 INFO: ===========MODEL DETAILS===========
2025-08-25 22:32:21.351 WARNING: Standard deviation of the scaling is zero, Changing to no scaling
2025-08-25 22:32:21.353 INFO: Loading FOUNDATION model
2025-08-25 22:32:21.354 INFO: Using filtered elements: [3, 8, 40, 57]
2025-08-25 22:32:21.354 INFO: Model configuration extracted from foundation model
2025-08-25 22:32:21.354 INFO: Using universal loss function for fine-tuning
2025-08-25 22:32:21.354 INFO: Message passing with hidden irreps 128x0e+128x1o+128x2e)
2025-08-25 22:32:21.354 INFO: 2 layers, each with correlation order: 3 (body order: 4) and spherical harmonics up to: l=3
2025-08-25 22:32:21.354 INFO: Radial cutoff: 6.0 A (total receptive field for each atom: 12.0 A)
2025-08-25 22:32:21.354 INFO: Distance transform for radial basis functions: None
2025-08-25 22:32:23.074 INFO: Total number of parameters: 896586
2025-08-25 22:32:23.074 INFO: 
2025-08-25 22:32:23.074 INFO: ===========OPTIMIZER INFORMATION===========
2025-08-25 22:32:23.074 INFO: Using ADAM as parameter optimizer
2025-08-25 22:32:23.074 INFO: Batch size: 2
2025-08-25 22:32:23.074 INFO: Using Exponential Moving Average with decay: 0.99999
2025-08-25 22:32:23.074 INFO: Number of gradient updates: 873
2025-08-25 22:32:23.074 INFO: Learning rate: 0.0001, weight decay: 1e-08
2025-08-25 22:32:23.074 INFO: UniversalLoss(energy_weight=10.000, forces_weight=0.000, stress_weight=0.000)
2025-08-25 22:32:23.077 WARNING: Cannot find checkpoint with tag 'mace_T2_including_shortreplay_w2_welem_run-84' in './checkpoints'
2025-08-25 22:32:23.078 INFO: Using gradient clipping with tolerance=1.000
2025-08-25 22:32:23.078 INFO: 
2025-08-25 22:32:23.078 INFO: ===========TRAINING===========
2025-08-25 22:32:23.078 INFO: Started training, reporting errors on validation set
2025-08-25 22:32:23.078 INFO: Loss metrics on validation set
2025-08-25 22:32:29.662 INFO: Initial: head: pt_head, loss=0.37186638, RMSE_E_per_atom= 8668.45 meV, RMSE_F=None meV / A, RMSE_stress=None meV / A^3
2025-08-25 22:33:54.487 INFO: Initial: head: Default, loss=0.11800754, RMSE_E_per_atom= 1245.40 meV, RMSE_F=  959.54 meV / A, RMSE_stress=None meV / A^3
2025-08-25 22:42:03.687 INFO: Epoch 0: head: pt_head, loss=0.33532765, RMSE_E_per_atom= 8131.42 meV, RMSE_F=None meV / A, RMSE_stress=None meV / A^3
2025-08-25 22:43:28.385 INFO: Epoch 0: head: Default, loss=0.00686583, RMSE_E_per_atom=   90.07 meV, RMSE_F=  703.07 meV / A, RMSE_stress=None meV / A^3
2025-08-25 22:43:28.477 INFO: Training complete
2025-08-25 22:43:28.477 INFO: 
2025-08-25 22:43:28.477 INFO: ===========RESULTS===========
2025-08-25 22:43:28.480 INFO: Loading checkpoint: ./checkpoints/mace_T2_including_shortreplay_w2_welem_run-84_epoch-0.pt
2025-08-25 22:43:28.527 INFO: Loaded Stage one model from epoch 0 for evaluation
2025-08-25 22:43:28.528 INFO: Saving model to checkpoints/mace_T2_including_shortreplay_w2_welem_run-84.model
2025-08-25 22:43:28.742 INFO: Compiling model, saving metadata to mace_T2_including_shortreplay_w2_welem_compiled.model
2025-08-25 22:43:29.580 INFO: Computing metrics for training, validation, and test sets
2025-08-25 22:43:29.581 INFO: Skipping evaluation for heads: ['pt_head']
2025-08-25 22:43:29.581 INFO: Evaluating train_Default ...
2025-08-25 22:46:16.822 INFO: Skipping evaluation of train_pt_head (in skip_heads list)
2025-08-25 22:46:16.825 INFO: Evaluating valid_Default ...
2025-08-25 22:46:48.945 INFO: ===========VERIFYING SETTINGS===========
2025-08-25 22:46:48.945 INFO: MACE version: 0.3.14
2025-08-25 22:46:49.484 INFO: CUDA version: 12.6, CUDA device: 0
2025-08-25 22:46:50.114 INFO: Using foundation model /home/phanim/harshitrawat/summer/mace_models/universal/2024-01-07-mace-128-L2_epoch-199.model as initial checkpoint.
2025-08-25 22:46:50.117 INFO: Multihead finetuning mode, setting learning rate to 0.0001 and EMA to True. To use a different learning rate, set --force_mh_ft_lr=True.
2025-08-25 22:46:50.117 INFO: Using multiheads finetuning mode, setting learning rate to 0.0001 and EMA to True
2025-08-25 22:46:50.117 INFO: ===========LOADING INPUT DATA===========
2025-08-25 22:46:50.117 INFO: Using heads: ['Default', 'pt_head']
2025-08-25 22:46:50.117 INFO: Using the key specifications to parse data:
2025-08-25 22:46:50.117 INFO: Default: KeySpecification(info_keys={'energy': 'REF_energy', 'stress': 'REF_stress', 'virials': 'REF_virials', 'dipole': 'dipole', 'head': 'head', 'elec_temp': 'elec_temp', 'total_charge': 'total_charge', 'polarizability': 'polarizability', 'total_spin': 'total_spin'}, arrays_keys={'forces': 'REF_forces', 'charges': 'REF_charges'})
2025-08-25 22:46:50.118 INFO: pt_head: KeySpecification(info_keys={'energy': 'REF_energy', 'stress': 'REF_stress', 'virials': 'REF_virials', 'dipole': 'dipole', 'head': 'head', 'elec_temp': 'elec_temp', 'total_charge': 'total_charge', 'polarizability': 'polarizability', 'total_spin': 'total_spin'}, arrays_keys={'forces': 'REF_forces', 'charges': 'REF_charges'})
2025-08-25 22:46:50.118 INFO: =============    Processing head Default     ===========
2025-08-25 22:46:55.487 INFO: Training set 1/1 [energy: 1612, stress: 0, virials: 0, dipole components: 0, head: 1612, elec_temp: 0, total_charge: 0, polarizability: 0, total_spin: 0, forces: 1612, charges: 0]
2025-08-25 22:46:55.492 INFO: Total Training set [energy: 1612, stress: 0, virials: 0, dipole components: 0, head: 1612, elec_temp: 0, total_charge: 0, polarizability: 0, total_spin: 0, forces: 1612, charges: 0]
2025-08-25 22:46:57.815 INFO: Validation set 1/1 [energy: 705, stress: 0, virials: 0, dipole components: 0, head: 705, elec_temp: 0, total_charge: 0, polarizability: 0, total_spin: 0, forces: 705, charges: 0]
2025-08-25 22:46:57.817 INFO: Total Validation set [energy: 705, stress: 0, virials: 0, dipole components: 0, head: 705, elec_temp: 0, total_charge: 0, polarizability: 0, total_spin: 0, forces: 705, charges: 0]
2025-08-25 22:46:57.817 INFO: Total number of configurations: train=1612, valid=705, tests=[],
2025-08-25 22:46:57.817 INFO: =============    Processing head pt_head     ===========
2025-08-25 22:46:57.844 WARNING: No forces found with key 'REF_forces' in '/home/phanim/harshitrawat/summer/iteration_3-Copy1/replay_li_la_zr_o_with_elem.xyz'. If this is unexpected, Please change the key name in the command line arguments or ensure that the file contains the required data.
2025-08-25 22:46:57.846 INFO: Training set 1/1 [energy: 150, stress: 0, virials: 0, dipole components: 0, head: 150, elec_temp: 0, total_charge: 0, polarizability: 0, total_spin: 0, forces: 0, charges: 0]
2025-08-25 22:46:57.846 INFO: Total Training set [energy: 150, stress: 0, virials: 0, dipole components: 0, head: 150, elec_temp: 0, total_charge: 0, polarizability: 0, total_spin: 0, forces: 0, charges: 0]
2025-08-25 22:46:57.846 INFO: No validation set provided, splitting training data instead.
2025-08-25 22:46:57.850 INFO: Using random 10% of training set for validation with indices saved in: ./valid_indices_84.txt
2025-08-25 22:46:57.851 INFO: Random Split Training set [energy: 135, stress: 0, virials: 0, dipole components: 0, head: 135, elec_temp: 0, total_charge: 0, polarizability: 0, total_spin: 0, forces: 0, charges: 0]
2025-08-25 22:46:57.851 INFO: Random Split Validation set [energy: 15, stress: 0, virials: 0, dipole components: 0, head: 15, elec_temp: 0, total_charge: 0, polarizability: 0, total_spin: 0, forces: 0, charges: 0]
2025-08-25 22:46:57.851 INFO: Total number of configurations: train=135, valid=15, tests=[],
2025-08-25 22:46:57.851 INFO: ==================Using multiheads finetuning mode==================
2025-08-25 22:46:57.851 INFO: Total number of configurations in pretraining: train=135, valid=15
2025-08-25 22:46:57.851 INFO: Using atomic numbers from command line argument
2025-08-25 22:46:57.851 INFO: Atomic Numbers used: [3, 8, 40, 57]
2025-08-25 22:46:57.851 INFO: Isolated Atomic Energies (E0s) not in training file, using command line argument
2025-08-25 22:46:57.854 INFO: Atomic Energies used (z: eV) for head Default: {3: -1.2302615750354944, 8: -23.049110738413006, 40: 23.367646191010394, 57: 15.192898072498549}
2025-08-25 22:46:57.854 INFO: Atomic Energies used (z: eV) for head pt_head: {3: -3.482100566595956, 8: -7.28459863421322, 40: -11.846857579882572, 57: -8.933684809576345}
2025-08-25 22:46:57.854 INFO: Processing datasets for head 'Default'
2025-08-25 22:47:17.070 INFO: Combining 1 list datasets for head 'Default'
2025-08-25 22:47:25.657 INFO: Combining 1 list datasets for head 'Default_valid'
2025-08-25 22:47:25.658 INFO: Combined validation datasets for Default
2025-08-25 22:47:25.658 INFO: Head 'Default' training dataset size: 1612
2025-08-25 22:47:25.658 INFO: Processing datasets for head 'pt_head'
2025-08-25 22:47:25.761 INFO: Combining 1 list datasets for head 'pt_head'
2025-08-25 22:47:25.766 INFO: Head 'pt_head' training dataset size: 135
2025-08-25 22:47:25.766 INFO: Average number of neighbors: 61.964672446250916
2025-08-25 22:47:25.766 INFO: During training the following quantities will be reported: energy, forces, stress
2025-08-25 22:47:25.766 INFO: ===========MODEL DETAILS===========
2025-08-25 22:47:27.315 WARNING: Standard deviation of the scaling is zero, Changing to no scaling
2025-08-25 22:47:27.318 INFO: Loading FOUNDATION model
2025-08-25 22:47:27.319 INFO: Using filtered elements: [3, 8, 40, 57]
2025-08-25 22:47:27.319 INFO: Model configuration extracted from foundation model
2025-08-25 22:47:27.319 INFO: Using universal loss function for fine-tuning
2025-08-25 22:47:27.319 INFO: Message passing with hidden irreps 128x0e+128x1o+128x2e)
2025-08-25 22:47:27.319 INFO: 2 layers, each with correlation order: 3 (body order: 4) and spherical harmonics up to: l=3
2025-08-25 22:47:27.319 INFO: Radial cutoff: 6.0 A (total receptive field for each atom: 12.0 A)
2025-08-25 22:47:27.319 INFO: Distance transform for radial basis functions: None
2025-08-25 22:47:28.590 INFO: Total number of parameters: 896586
2025-08-25 22:47:28.590 INFO: 
2025-08-25 22:47:28.590 INFO: ===========OPTIMIZER INFORMATION===========
2025-08-25 22:47:28.590 INFO: Using ADAM as parameter optimizer
2025-08-25 22:47:28.590 INFO: Batch size: 2
2025-08-25 22:47:28.590 INFO: Using Exponential Moving Average with decay: 0.99999
2025-08-25 22:47:28.590 INFO: Number of gradient updates: 8735
2025-08-25 22:47:28.590 INFO: Learning rate: 0.0001, weight decay: 1e-08
2025-08-25 22:47:28.590 INFO: UniversalLoss(energy_weight=10.000, forces_weight=0.000, stress_weight=0.000)
2025-08-25 22:47:28.593 WARNING: No SWA checkpoint found, while SWA is enabled. Compare the swa_start parameter and the latest checkpoint.
2025-08-25 22:47:28.593 INFO: Loading checkpoint: ./checkpoints/mace_T2_including_shortreplay_w2_welem_run-84_epoch-0.pt
2025-08-25 22:47:28.629 INFO: Using gradient clipping with tolerance=1.000
2025-08-25 22:47:28.629 INFO: 
2025-08-25 22:47:28.629 INFO: ===========TRAINING===========
2025-08-25 22:47:28.629 INFO: Started training, reporting errors on validation set
2025-08-25 22:47:28.629 INFO: Loss metrics on validation set
2025-08-25 22:47:31.487 INFO: Initial: head: pt_head, loss=0.33532765, RMSE_E_per_atom= 8131.42 meV, RMSE_F=None meV / A, RMSE_stress=None meV / A^3
2025-08-25 22:48:56.476 INFO: Initial: head: Default, loss=0.00686583, RMSE_E_per_atom=   90.07 meV, RMSE_F=  703.07 meV / A, RMSE_stress=None meV / A^3
2025-08-25 22:57:05.895 INFO: Epoch 0: head: pt_head, loss=0.32769819, RMSE_E_per_atom= 7946.39 meV, RMSE_F=None meV / A, RMSE_stress=None meV / A^3
2025-08-25 22:58:30.807 INFO: Epoch 0: head: Default, loss=0.00296072, RMSE_E_per_atom=   44.28 meV, RMSE_F= 1209.57 meV / A, RMSE_stress=None meV / A^3
2025-08-25 23:06:38.105 INFO: Epoch 1: head: pt_head, loss=0.31834027, RMSE_E_per_atom= 7795.04 meV, RMSE_F=None meV / A, RMSE_stress=None meV / A^3
2025-08-25 23:08:03.000 INFO: Epoch 1: head: Default, loss=0.00188471, RMSE_E_per_atom=   29.95 meV, RMSE_F= 1356.57 meV / A, RMSE_stress=None meV / A^3
2025-08-25 23:16:10.470 INFO: Epoch 2: head: pt_head, loss=0.31211279, RMSE_E_per_atom= 7671.45 meV, RMSE_F=None meV / A, RMSE_stress=None meV / A^3
2025-08-25 23:17:35.418 INFO: Epoch 2: head: Default, loss=0.00136482, RMSE_E_per_atom=   22.87 meV, RMSE_F= 1380.06 meV / A, RMSE_stress=None meV / A^3
2025-08-25 23:25:42.732 INFO: Epoch 3: head: pt_head, loss=0.30624005, RMSE_E_per_atom= 7579.79 meV, RMSE_F=None meV / A, RMSE_stress=None meV / A^3
2025-08-25 23:27:07.716 INFO: Epoch 3: head: Default, loss=0.00103617, RMSE_E_per_atom=   18.53 meV, RMSE_F= 1347.94 meV / A, RMSE_stress=None meV / A^3
2025-08-25 23:35:14.711 INFO: Epoch 4: head: pt_head, loss=0.30271150, RMSE_E_per_atom= 7463.26 meV, RMSE_F=None meV / A, RMSE_stress=None meV / A^3
2025-08-25 23:36:39.581 INFO: Epoch 4: head: Default, loss=0.00081650, RMSE_E_per_atom=   15.66 meV, RMSE_F= 1332.88 meV / A, RMSE_stress=None meV / A^3
2025-08-25 23:44:46.843 INFO: Epoch 5: head: pt_head, loss=0.29791257, RMSE_E_per_atom= 7368.65 meV, RMSE_F=None meV / A, RMSE_stress=None meV / A^3
2025-08-25 23:46:11.705 INFO: Epoch 5: head: Default, loss=0.00067032, RMSE_E_per_atom=   13.73 meV, RMSE_F= 1345.77 meV / A, RMSE_stress=None meV / A^3
2025-08-25 23:54:18.736 INFO: Epoch 6: head: pt_head, loss=0.29296460, RMSE_E_per_atom= 7281.93 meV, RMSE_F=None meV / A, RMSE_stress=None meV / A^3
2025-08-25 23:55:43.662 INFO: Epoch 6: head: Default, loss=0.00057257, RMSE_E_per_atom=   12.39 meV, RMSE_F= 1353.69 meV / A, RMSE_stress=None meV / A^3
2025-08-26 00:03:50.881 INFO: Epoch 7: head: pt_head, loss=0.28790415, RMSE_E_per_atom= 7185.45 meV, RMSE_F=None meV / A, RMSE_stress=None meV / A^3
2025-08-26 00:05:15.822 INFO: Epoch 7: head: Default, loss=0.00050477, RMSE_E_per_atom=   11.43 meV, RMSE_F= 1339.23 meV / A, RMSE_stress=None meV / A^3
2025-08-26 00:13:23.048 INFO: Epoch 8: head: pt_head, loss=0.28476105, RMSE_E_per_atom= 7097.95 meV, RMSE_F=None meV / A, RMSE_stress=None meV / A^3
2025-08-26 00:14:48.026 INFO: Epoch 8: head: Default, loss=0.00046217, RMSE_E_per_atom=   10.83 meV, RMSE_F= 1333.39 meV / A, RMSE_stress=None meV / A^3
2025-08-26 00:22:55.163 INFO: Epoch 9: head: pt_head, loss=0.28073749, RMSE_E_per_atom= 7014.34 meV, RMSE_F=None meV / A, RMSE_stress=None meV / A^3
2025-08-26 00:24:20.224 INFO: Epoch 9: head: Default, loss=0.00042011, RMSE_E_per_atom=   10.20 meV, RMSE_F= 1334.69 meV / A, RMSE_stress=None meV / A^3
2025-08-26 00:24:20.332 INFO: Training complete
2025-08-26 00:24:20.332 INFO: 
2025-08-26 00:24:20.332 INFO: ===========RESULTS===========
2025-08-26 00:24:20.479 INFO: Loading checkpoint: ./checkpoints/mace_T2_including_shortreplay_w2_welem_run-84_epoch-9.pt
2025-08-26 00:24:20.513 INFO: Loaded Stage one model from epoch 9 for evaluation
2025-08-26 00:24:20.514 INFO: Saving model to checkpoints/mace_T2_including_shortreplay_w2_welem_run-84.model
2025-08-26 00:24:20.769 INFO: Compiling model, saving metadata to mace_T2_including_shortreplay_w2_welem_compiled.model
2025-08-26 00:24:21.624 INFO: Computing metrics for training, validation, and test sets
2025-08-26 00:24:21.625 INFO: Skipping evaluation for heads: ['pt_head']
2025-08-26 00:24:21.625 INFO: Evaluating train_Default ...
2025-08-26 00:27:09.430 INFO: Skipping evaluation of train_pt_head (in skip_heads list)
2025-08-26 00:27:09.431 INFO: Evaluating valid_Default ...
