2025-08-26 05:55:29.281 INFO: ===========VERIFYING SETTINGS===========
2025-08-26 05:55:29.281 INFO: MACE version: 0.3.14
2025-08-26 05:55:29.281 DEBUG: Configuration: Namespace(config=None, name='mace_T2_including_replay_w2_combinations_4elems', seed=84, work_dir='.', log_dir='./logs', model_dir='.', checkpoints_dir='./checkpoints', results_dir='./results', downloads_dir='./downloads', device='cuda', default_dtype='float64', distributed=False, launcher='slurm', log_level='INFO', plot=True, plot_frequency=0, plot_interaction_e=False, error_table='PerAtomRMSE', model='MACE', r_max=5.0, radial_type='bessel', num_radial_basis=8, num_cutoff_basis=5, pair_repulsion=False, distance_transform='None', apply_cutoff=True, use_last_readout_only=False, use_embedding_readout=False, interaction='RealAgnosticResidualInteractionBlock', interaction_first='RealAgnosticResidualInteractionBlock', max_ell=3, correlation=3, use_reduced_cg=False, use_so3=False, use_agnostic_product=False, num_interactions=2, MLP_irreps='16x0e', radial_MLP='[64, 64, 64]', hidden_irreps='128x0e + 128x1o', edge_irreps=None, num_channels=128, max_L=1, gate='silu', scaling='rms_forces_scaling', avg_num_neighbors=1, compute_avg_num_neighbors=True, compute_stress=False, compute_forces=True, compute_polarizability=<function str2bool at 0x7f3db7a9eca0>, compute_atomic_dipole=<function str2bool at 0x7f3db7a9eca0>, train_file='/home/phanim/harshitrawat/summer/T1_T2_T3_data/T3_chgnet_labeled.extxyz', valid_file='/home/phanim/harshitrawat/summer/T1_T2_T3_data/T2_chgnet_labeled.extxyz', valid_fraction=0.1, test_file=None, test_dir=None, multi_processed_test=False, num_workers=0, pin_memory=True, atomic_numbers='[3,8,40,57]', mean=None, std=None, statistics_file=None, les_arguments=None, E0s='{3: -1.2302615750354944, 8: -23.049110738413006, 40: 23.367646191010394, 57: 15.192898072498549}', pseudolabel_replay=False, foundation_filter_elements=True, heads=None, multiheads_finetuning=True, foundation_head=None, weight_pt_head=1.0, real_pt_data_ratio_threshold=0.1, num_samples_pt=10000, force_mh_ft_lr=False, subselect_pt='random', filter_type_pt='none', allow_random_padding_pt=True, pt_train_file='/home/phanim/harshitrawat/summer/replay_data/mp_finetuning-just_to_get_file_combinations_run-84.xyz', pt_valid_file=None, foundation_model_elements=False, keep_isolated_atoms=False, energy_key='REF_energy', forces_key='REF_forces', virials_key='REF_virials', stress_key='REF_stress', dipole_key='dipole', polarizability_key='polarizability', head_key='head', charges_key='REF_charges', elec_temp_key='elec_temp', total_spin_key='total_spin', total_charge_key='total_charge', embedding_specs=None, skip_evaluate_heads='pt_head', loss='weighted', forces_weight=0.0, swa_forces_weight=100.0, energy_weight=10.0, swa_energy_weight=1000.0, virials_weight=1.0, swa_virials_weight=10.0, stress_weight=0.0, swa_stress_weight=10.0, dipole_weight=1.0, swa_dipole_weight=1.0, swa_polarizability_weight=1.0, polarizability_weight=1.0, config_type_weights='{"Default":1.0}', huber_delta=0.01, optimizer='adam', beta=0.9, batch_size=2, valid_batch_size=1, lr=0.006, swa_lr=0.001, weight_decay=1e-08, amsgrad=True, scheduler='ReduceLROnPlateau', lr_factor=0.8, scheduler_patience=4, lr_scheduler_gamma=0.9993, swa=False, start_swa=None, lbfgs=False, ema=False, ema_decay=0.999, max_num_epochs=130, patience=8, foundation_model='/home/phanim/harshitrawat/summer/mace_models/universal/2024-01-07-mace-128-L2_epoch-199.model', foundation_model_readout=False, eval_interval=1, keep_checkpoints=False, save_all_checkpoints=False, restart_latest=True, save_cpu=False, clip_grad=1.0, dry_run=False, enable_cueq=False, only_cueq=False, enable_oeq=False, wandb=False, wandb_dir=None, wandb_project='', wandb_entity='', wandb_name='', wandb_log_hypers=['num_channels', 'max_L', 'correlation', 'lr', 'swa_lr', 'weight_decay', 'batch_size', 'max_num_epochs', 'start_swa', 'energy_weight', 'forces_weight'], key_specification=KeySpecification(info_keys={'energy': 'REF_energy', 'stress': 'REF_stress', 'virials': 'REF_virials', 'dipole': 'dipole', 'head': 'head', 'elec_temp': 'elec_temp', 'total_charge': 'total_charge', 'polarizability': 'polarizability', 'total_spin': 'total_spin'}, arrays_keys={'forces': 'REF_forces', 'charges': 'REF_charges'}))
2025-08-26 05:55:29.895 INFO: CUDA version: 12.6, CUDA device: 0
2025-08-26 05:55:30.054 DEBUG: Popen(['git', 'version'], cwd=/home/phanim/harshitrawat/summer/iteration_3-Copy1, stdin=None, shell=False, universal_newlines=False)
2025-08-26 05:55:30.059 DEBUG: Popen(['git', 'version'], cwd=/home/phanim/harshitrawat/summer/iteration_3-Copy1, stdin=None, shell=False, universal_newlines=False)
2025-08-26 05:55:30.070 DEBUG: Popen(['git', 'cat-file', '--batch-check'], cwd=/home/phanim/harshitrawat/summer, stdin=<valid stream>, shell=False, universal_newlines=False)
2025-08-26 05:55:30.084 DEBUG: Current Git commit: 7bc4aa2b02a199f3650610a022c2258d3b2e92ae
2025-08-26 05:55:30.478 INFO: Using foundation model /home/phanim/harshitrawat/summer/mace_models/universal/2024-01-07-mace-128-L2_epoch-199.model as initial checkpoint.
2025-08-26 05:55:30.479 INFO: Multihead finetuning mode, setting learning rate to 0.0001 and EMA to True. To use a different learning rate, set --force_mh_ft_lr=True.
2025-08-26 05:55:30.479 INFO: Using multiheads finetuning mode, setting learning rate to 0.0001 and EMA to True
2025-08-26 05:55:30.479 INFO: ===========LOADING INPUT DATA===========
2025-08-26 05:55:30.479 INFO: Using heads: ['Default', 'pt_head']
2025-08-26 05:55:30.479 INFO: Using the key specifications to parse data:
2025-08-26 05:55:30.479 INFO: Default: KeySpecification(info_keys={'energy': 'REF_energy', 'stress': 'REF_stress', 'virials': 'REF_virials', 'dipole': 'dipole', 'head': 'head', 'elec_temp': 'elec_temp', 'total_charge': 'total_charge', 'polarizability': 'polarizability', 'total_spin': 'total_spin'}, arrays_keys={'forces': 'REF_forces', 'charges': 'REF_charges'})
2025-08-26 05:55:30.479 INFO: pt_head: KeySpecification(info_keys={'energy': 'REF_energy', 'stress': 'REF_stress', 'virials': 'REF_virials', 'dipole': 'dipole', 'head': 'head', 'elec_temp': 'elec_temp', 'total_charge': 'total_charge', 'polarizability': 'polarizability', 'total_spin': 'total_spin'}, arrays_keys={'forces': 'REF_forces', 'charges': 'REF_charges'})
2025-08-26 05:55:30.479 INFO: =============    Processing head Default     ===========
2025-08-26 05:55:30.481 DEBUG: Loading training file: /home/phanim/harshitrawat/summer/T1_T2_T3_data/T3_chgnet_labeled.extxyz
2025-08-26 05:55:35.939 INFO: Training set 1/1 [energy: 1612, stress: 0, virials: 0, dipole components: 0, head: 1612, elec_temp: 0, total_charge: 0, polarizability: 0, total_spin: 0, forces: 1612, charges: 0]
2025-08-26 05:55:35.945 INFO: Total Training set [energy: 1612, stress: 0, virials: 0, dipole components: 0, head: 1612, elec_temp: 0, total_charge: 0, polarizability: 0, total_spin: 0, forces: 1612, charges: 0]
2025-08-26 05:55:38.265 INFO: Validation set 1/1 [energy: 705, stress: 0, virials: 0, dipole components: 0, head: 705, elec_temp: 0, total_charge: 0, polarizability: 0, total_spin: 0, forces: 705, charges: 0]
2025-08-26 05:55:38.267 INFO: Total Validation set [energy: 705, stress: 0, virials: 0, dipole components: 0, head: 705, elec_temp: 0, total_charge: 0, polarizability: 0, total_spin: 0, forces: 705, charges: 0]
2025-08-26 05:55:38.267 INFO: Total number of configurations: train=1612, valid=705, tests=[],
2025-08-26 05:55:38.267 INFO: =============    Processing head pt_head     ===========
2025-08-26 05:55:38.268 DEBUG: Loading training file: /home/phanim/harshitrawat/summer/replay_data/mp_finetuning-just_to_get_file_combinations_run-84.xyz
2025-08-26 05:55:40.745 WARNING: No forces found with key 'REF_forces' in '/home/phanim/harshitrawat/summer/replay_data/mp_finetuning-just_to_get_file_combinations_run-84.xyz'. If this is unexpected, Please change the key name in the command line arguments or ensure that the file contains the required data.
2025-08-26 05:55:41.072 INFO: Training set 1/1 [energy: 10000, stress: 0, virials: 0, dipole components: 0, head: 10000, elec_temp: 0, total_charge: 0, polarizability: 0, total_spin: 0, forces: 0, charges: 0]
2025-08-26 05:55:41.101 INFO: Total Training set [energy: 10000, stress: 0, virials: 0, dipole components: 0, head: 10000, elec_temp: 0, total_charge: 0, polarizability: 0, total_spin: 0, forces: 0, charges: 0]
2025-08-26 05:55:41.101 INFO: No validation set provided, splitting training data instead.
2025-08-26 05:55:41.105 INFO: Using random 10% of training set for validation with indices saved in: ./valid_indices_84.txt
2025-08-26 05:55:41.135 INFO: Random Split Training set [energy: 9000, stress: 0, virials: 0, dipole components: 0, head: 9000, elec_temp: 0, total_charge: 0, polarizability: 0, total_spin: 0, forces: 0, charges: 0]
2025-08-26 05:55:41.138 INFO: Random Split Validation set [energy: 1000, stress: 0, virials: 0, dipole components: 0, head: 1000, elec_temp: 0, total_charge: 0, polarizability: 0, total_spin: 0, forces: 0, charges: 0]
2025-08-26 05:55:41.138 INFO: Total number of configurations: train=9000, valid=1000, tests=[],
2025-08-26 05:55:41.139 INFO: ==================Using multiheads finetuning mode==================
2025-08-26 05:55:41.139 INFO: Total number of configurations in pretraining: train=9000, valid=1000
2025-08-26 05:55:41.139 INFO: Using atomic numbers from command line argument
2025-08-26 05:55:41.156 INFO: Atomic Numbers used: [3, 8, 40, 57]
2025-08-26 05:55:41.156 INFO: Isolated Atomic Energies (E0s) not in training file, using command line argument
2025-08-26 05:55:41.158 INFO: Atomic Energies used (z: eV) for head Default: {3: -1.2302615750354944, 8: -23.049110738413006, 40: 23.367646191010394, 57: 15.192898072498549}
2025-08-26 05:55:41.158 INFO: Atomic Energies used (z: eV) for head pt_head: {3: -3.482100566595956, 8: -7.28459863421322, 40: -11.846857579882572, 57: -8.933684809576345}
2025-08-26 05:55:41.158 INFO: Processing datasets for head 'Default'
2025-08-26 05:56:00.207 DEBUG: Successfully loaded dataset from ASE files: ['/home/phanim/harshitrawat/summer/T1_T2_T3_data/T3_chgnet_labeled.extxyz']
2025-08-26 05:56:00.207 INFO: Combining 1 list datasets for head 'Default'
2025-08-26 05:56:08.745 DEBUG: Successfully loaded validation dataset from ASE files: ['/home/phanim/harshitrawat/summer/T1_T2_T3_data/T2_chgnet_labeled.extxyz']
2025-08-26 05:56:08.746 INFO: Combining 1 list datasets for head 'Default_valid'
2025-08-26 05:56:08.747 INFO: Combined validation datasets for Default
2025-08-26 05:56:08.747 INFO: Head 'Default' training dataset size: 1612
2025-08-26 05:56:08.748 INFO: Processing datasets for head 'pt_head'
2025-08-26 05:56:15.499 DEBUG: Successfully loaded dataset from ASE files: ['/home/phanim/harshitrawat/summer/replay_data/mp_finetuning-just_to_get_file_combinations_run-84.xyz']
2025-08-26 05:56:15.499 INFO: Combining 1 list datasets for head 'pt_head'
2025-08-26 05:56:16.202 INFO: Head 'pt_head' training dataset size: 9000
2025-08-26 05:56:16.202 INFO: Average number of neighbors: 61.964672446250916
2025-08-26 05:56:16.202 INFO: During training the following quantities will be reported: energy, forces, stress
2025-08-26 05:56:16.202 INFO: ===========MODEL DETAILS===========
2025-08-26 05:56:22.157 WARNING: Standard deviation of the scaling is zero, Changing to no scaling
2025-08-26 05:56:22.168 INFO: Loading FOUNDATION model
2025-08-26 05:56:22.170 INFO: Using filtered elements: [3, 8, 40, 57]
2025-08-26 05:56:22.170 INFO: Model configuration extracted from foundation model
2025-08-26 05:56:22.170 INFO: Using universal loss function for fine-tuning
2025-08-26 05:56:22.170 INFO: Message passing with hidden irreps 128x0e+128x1o+128x2e)
2025-08-26 05:56:22.170 INFO: 2 layers, each with correlation order: 3 (body order: 4) and spherical harmonics up to: l=3
2025-08-26 05:56:22.170 INFO: Radial cutoff: 6.0 A (total receptive field for each atom: 12.0 A)
2025-08-26 05:56:22.170 INFO: Distance transform for radial basis functions: None
2025-08-26 05:56:23.457 DEBUG: ScaleShiftMACE(
  (node_embedding): LinearNodeEmbeddingBlock(
    (linear): Linear(4x0e -> 128x0e | 512 weights)
  )
  (radial_embedding): RadialEmbeddingBlock(
    (bessel_fn): BesselBasis(r_max=6.0, num_basis=10, trainable=True)
    (cutoff_fn): PolynomialCutoff(p=5, r_max=6.0)
  )
  (spherical_harmonics): SphericalHarmonics()
  (atomic_energies_fn): AtomicEnergiesBlock(energies=[[-3.4821, -7.2846, -11.8469, -8.9337], [-1.2303, -23.0491, 23.3676, 15.1929]])
  (interactions): ModuleList(
    (0): RealAgnosticResidualInteractionBlock(
      (linear_up): Linear(128x0e -> 128x0e | 16384 weights)
      (conv_tp): TensorProduct(128x0e x 1x0e+1x1o+1x2e+1x3o -> 128x0e+128x1o+128x2e+128x3o | 512 paths | 512 weights)
      (conv_tp_weights): FullyConnectedNet[10, 64, 64, 64, 512]
      (linear): Linear(128x0e+128x1o+128x2e+128x3o -> 128x0e+128x1o+128x2e+128x3o | 65536 weights)
      (skip_tp): FullyConnectedTensorProduct(128x0e x 4x0e -> 128x0e+128x1o+128x2e | 65536 paths | 65536 weights)
      (reshape): reshape_irreps()
    )
    (1): RealAgnosticResidualInteractionBlock(
      (linear_up): Linear(128x0e+128x1o+128x2e -> 128x0e+128x1o+128x2e | 49152 weights)
      (conv_tp): TensorProduct(128x0e+128x1o+128x2e x 1x0e+1x1o+1x2e+1x3o -> 384x0e+640x1o+640x2e+512x3o | 2176 paths | 2176 weights)
      (conv_tp_weights): FullyConnectedNet[10, 64, 64, 64, 2176]
      (linear): Linear(128x0e+128x0e+128x0e+128x1o+128x1o+128x1o+128x1o+128x1o+128x2e+128x2e+128x2e+128x2e+128x2e+128x3o+128x3o+128x3o+128x3o -> 128x0e+128x1o+128x2e+128x3o | 278528 weights)
      (skip_tp): FullyConnectedTensorProduct(128x0e+128x1o+128x2e x 4x0e -> 128x0e | 65536 paths | 65536 weights)
      (reshape): reshape_irreps()
    )
  )
  (products): ModuleList(
    (0): EquivariantProductBasisBlock(
      (symmetric_contractions): SymmetricContraction(
        (contractions): ModuleList(
          (0): Contraction(
            (contractions_weighting): ModuleList(
              (0-1): 2 x GraphModule()
            )
            (contractions_features): ModuleList(
              (0-1): 2 x GraphModule()
            )
            (weights): ParameterList(
                (0): Parameter containing: [torch.float64 of size 4x4x128 (cuda:0)]
                (1): Parameter containing: [torch.float64 of size 4x1x128 (cuda:0)]
            )
            (graph_opt_main): GraphModule()
          )
          (1): Contraction(
            (contractions_weighting): ModuleList(
              (0-1): 2 x GraphModule()
            )
            (contractions_features): ModuleList(
              (0-1): 2 x GraphModule()
            )
            (weights): ParameterList(
                (0): Parameter containing: [torch.float64 of size 4x6x128 (cuda:0)]
                (1): Parameter containing: [torch.float64 of size 4x1x128 (cuda:0)]
            )
            (graph_opt_main): GraphModule()
          )
          (2): Contraction(
            (contractions_weighting): ModuleList(
              (0-1): 2 x GraphModule()
            )
            (contractions_features): ModuleList(
              (0-1): 2 x GraphModule()
            )
            (weights): ParameterList(
                (0): Parameter containing: [torch.float64 of size 4x7x128 (cuda:0)]
                (1): Parameter containing: [torch.float64 of size 4x1x128 (cuda:0)]
            )
            (graph_opt_main): GraphModule()
          )
        )
      )
      (linear): Linear(128x0e+128x1o+128x2e -> 128x0e+128x1o+128x2e | 49152 weights)
    )
    (1): EquivariantProductBasisBlock(
      (symmetric_contractions): SymmetricContraction(
        (contractions): ModuleList(
          (0): Contraction(
            (contractions_weighting): ModuleList(
              (0-1): 2 x GraphModule()
            )
            (contractions_features): ModuleList(
              (0-1): 2 x GraphModule()
            )
            (weights): ParameterList(
                (0): Parameter containing: [torch.float64 of size 4x4x128 (cuda:0)]
                (1): Parameter containing: [torch.float64 of size 4x1x128 (cuda:0)]
            )
            (graph_opt_main): GraphModule()
          )
        )
      )
      (linear): Linear(128x0e -> 128x0e | 16384 weights)
    )
  )
  (readouts): ModuleList(
    (0): LinearReadoutBlock(
      (linear): Linear(128x0e+128x1o+128x2e -> 2x0e | 256 weights)
    )
    (1): NonLinearReadoutBlock(
      (linear_1): Linear(128x0e -> 32x0e | 4096 weights)
      (non_linearity): Activation [x] (32x0e -> 32x0e)
      (linear_2): Linear(32x0e -> 2x0e | 64 weights)
    )
  )
  (scale_shift): ScaleShiftBlock(scale=0.8042, 0.8042, shift=0.1641, 0.1641)
)
2025-08-26 05:56:23.458 INFO: Total number of parameters: 896586
2025-08-26 05:56:23.459 INFO: 
2025-08-26 05:56:23.459 INFO: ===========OPTIMIZER INFORMATION===========
2025-08-26 05:56:23.459 INFO: Using ADAM as parameter optimizer
2025-08-26 05:56:23.459 INFO: Batch size: 2
2025-08-26 05:56:23.459 INFO: Using Exponential Moving Average with decay: 0.99999
2025-08-26 05:56:23.459 INFO: Number of gradient updates: 689780
2025-08-26 05:56:23.459 INFO: Learning rate: 0.0001, weight decay: 1e-08
2025-08-26 05:56:23.459 INFO: UniversalLoss(energy_weight=10.000, forces_weight=0.000, stress_weight=0.000)
2025-08-26 05:56:23.462 WARNING: Cannot find checkpoint with tag 'mace_T2_including_replay_w2_combinations_4elems_run-84' in './checkpoints'
2025-08-26 05:56:23.471 INFO: Using gradient clipping with tolerance=1.000
2025-08-26 05:56:23.471 INFO: 
2025-08-26 05:56:23.471 INFO: ===========TRAINING===========
2025-08-26 05:56:23.471 INFO: Started training, reporting errors on validation set
2025-08-26 05:56:23.471 INFO: Loss metrics on validation set
2025-08-26 05:57:01.360 INFO: Initial: head: pt_head, loss=0.02616896, RMSE_E_per_atom=  318.47 meV, RMSE_F=None meV / A, RMSE_stress=None meV / A^3
2025-08-26 05:58:26.278 INFO: Initial: head: Default, loss=0.11800754, RMSE_E_per_atom= 1245.40 meV, RMSE_F=  959.54 meV / A, RMSE_stress=None meV / A^3
2025-08-26 06:11:32.102 INFO: Epoch 0: head: pt_head, loss=0.00089011, RMSE_E_per_atom=   36.57 meV, RMSE_F=None meV / A, RMSE_stress=None meV / A^3
2025-08-26 06:12:57.706 INFO: Epoch 0: head: Default, loss=0.01195380, RMSE_E_per_atom=  164.02 meV, RMSE_F=  635.68 meV / A, RMSE_stress=None meV / A^3
2025-08-26 06:12:57.709 DEBUG: Saving checkpoint: ./checkpoints/mace_T2_including_replay_w2_combinations_4elems_run-84_epoch-0.pt
2025-08-26 06:25:59.965 INFO: Epoch 1: head: pt_head, loss=0.00051982, RMSE_E_per_atom=   28.64 meV, RMSE_F=None meV / A, RMSE_stress=None meV / A^3
2025-08-26 06:27:25.496 INFO: Epoch 1: head: Default, loss=0.00964677, RMSE_E_per_atom=  132.40 meV, RMSE_F=  679.46 meV / A, RMSE_stress=None meV / A^3
2025-08-26 06:27:25.498 DEBUG: Deleting old checkpoint file: ./checkpoints/mace_T2_including_replay_w2_combinations_4elems_run-84_epoch-0.pt
2025-08-26 06:27:25.502 DEBUG: Saving checkpoint: ./checkpoints/mace_T2_including_replay_w2_combinations_4elems_run-84_epoch-1.pt
2025-08-26 06:40:28.357 INFO: Epoch 2: head: pt_head, loss=0.00032233, RMSE_E_per_atom=   20.10 meV, RMSE_F=None meV / A, RMSE_stress=None meV / A^3
2025-08-26 06:41:53.942 INFO: Epoch 2: head: Default, loss=0.00723011, RMSE_E_per_atom=  107.40 meV, RMSE_F= 1263.05 meV / A, RMSE_stress=None meV / A^3
2025-08-26 06:41:53.945 DEBUG: Deleting old checkpoint file: ./checkpoints/mace_T2_including_replay_w2_combinations_4elems_run-84_epoch-1.pt
2025-08-26 06:41:53.993 DEBUG: Saving checkpoint: ./checkpoints/mace_T2_including_replay_w2_combinations_4elems_run-84_epoch-2.pt
2025-08-26 06:54:56.594 INFO: Epoch 3: head: pt_head, loss=0.00013724, RMSE_E_per_atom=    6.38 meV, RMSE_F=None meV / A, RMSE_stress=None meV / A^3
2025-08-26 06:56:22.239 INFO: Epoch 3: head: Default, loss=0.00577002, RMSE_E_per_atom=   87.74 meV, RMSE_F= 1586.89 meV / A, RMSE_stress=None meV / A^3
2025-08-26 06:56:22.240 DEBUG: Deleting old checkpoint file: ./checkpoints/mace_T2_including_replay_w2_combinations_4elems_run-84_epoch-2.pt
2025-08-26 06:56:22.244 DEBUG: Saving checkpoint: ./checkpoints/mace_T2_including_replay_w2_combinations_4elems_run-84_epoch-3.pt
2025-08-26 07:09:25.170 INFO: Epoch 4: head: pt_head, loss=0.00007767, RMSE_E_per_atom=    4.27 meV, RMSE_F=None meV / A, RMSE_stress=None meV / A^3
2025-08-26 07:10:50.418 INFO: Epoch 4: head: Default, loss=0.00449363, RMSE_E_per_atom=   68.57 meV, RMSE_F= 1768.00 meV / A, RMSE_stress=None meV / A^3
2025-08-26 07:10:50.421 DEBUG: Deleting old checkpoint file: ./checkpoints/mace_T2_including_replay_w2_combinations_4elems_run-84_epoch-3.pt
2025-08-26 07:10:50.485 DEBUG: Saving checkpoint: ./checkpoints/mace_T2_including_replay_w2_combinations_4elems_run-84_epoch-4.pt
2025-08-26 07:23:53.151 INFO: Epoch 5: head: pt_head, loss=0.00005850, RMSE_E_per_atom=    3.53 meV, RMSE_F=None meV / A, RMSE_stress=None meV / A^3
2025-08-26 07:25:18.495 INFO: Epoch 5: head: Default, loss=0.00330190, RMSE_E_per_atom=   50.87 meV, RMSE_F= 1988.94 meV / A, RMSE_stress=None meV / A^3
2025-08-26 07:25:18.498 DEBUG: Deleting old checkpoint file: ./checkpoints/mace_T2_including_replay_w2_combinations_4elems_run-84_epoch-4.pt
2025-08-26 07:25:18.502 DEBUG: Saving checkpoint: ./checkpoints/mace_T2_including_replay_w2_combinations_4elems_run-84_epoch-5.pt
2025-08-26 07:38:20.859 INFO: Epoch 6: head: pt_head, loss=0.00004108, RMSE_E_per_atom=    2.90 meV, RMSE_F=None meV / A, RMSE_stress=None meV / A^3
2025-08-26 07:39:46.418 INFO: Epoch 6: head: Default, loss=0.00246359, RMSE_E_per_atom=   38.30 meV, RMSE_F= 2183.27 meV / A, RMSE_stress=None meV / A^3
2025-08-26 07:39:46.421 DEBUG: Deleting old checkpoint file: ./checkpoints/mace_T2_including_replay_w2_combinations_4elems_run-84_epoch-5.pt
2025-08-26 07:39:46.426 DEBUG: Saving checkpoint: ./checkpoints/mace_T2_including_replay_w2_combinations_4elems_run-84_epoch-6.pt
2025-08-26 07:52:48.350 INFO: Epoch 7: head: pt_head, loss=0.00003038, RMSE_E_per_atom=    2.48 meV, RMSE_F=None meV / A, RMSE_stress=None meV / A^3
2025-08-26 07:54:13.892 INFO: Epoch 7: head: Default, loss=0.00191629, RMSE_E_per_atom=   30.55 meV, RMSE_F= 2264.18 meV / A, RMSE_stress=None meV / A^3
2025-08-26 07:54:13.895 DEBUG: Deleting old checkpoint file: ./checkpoints/mace_T2_including_replay_w2_combinations_4elems_run-84_epoch-6.pt
2025-08-26 07:54:13.952 DEBUG: Saving checkpoint: ./checkpoints/mace_T2_including_replay_w2_combinations_4elems_run-84_epoch-7.pt
2025-08-26 08:07:15.671 INFO: Epoch 8: head: pt_head, loss=0.00002607, RMSE_E_per_atom=    2.30 meV, RMSE_F=None meV / A, RMSE_stress=None meV / A^3
2025-08-26 08:08:41.273 INFO: Epoch 8: head: Default, loss=0.00156660, RMSE_E_per_atom=   25.93 meV, RMSE_F= 2271.75 meV / A, RMSE_stress=None meV / A^3
2025-08-26 08:08:41.276 DEBUG: Deleting old checkpoint file: ./checkpoints/mace_T2_including_replay_w2_combinations_4elems_run-84_epoch-7.pt
2025-08-26 08:08:41.281 DEBUG: Saving checkpoint: ./checkpoints/mace_T2_including_replay_w2_combinations_4elems_run-84_epoch-8.pt
2025-08-26 08:21:42.570 INFO: Epoch 9: head: pt_head, loss=0.00002076, RMSE_E_per_atom=    2.04 meV, RMSE_F=None meV / A, RMSE_stress=None meV / A^3
2025-08-26 08:23:08.141 INFO: Epoch 9: head: Default, loss=0.00131570, RMSE_E_per_atom=   22.79 meV, RMSE_F= 2279.61 meV / A, RMSE_stress=None meV / A^3
2025-08-26 08:23:08.144 DEBUG: Deleting old checkpoint file: ./checkpoints/mace_T2_including_replay_w2_combinations_4elems_run-84_epoch-8.pt
2025-08-26 08:23:08.149 DEBUG: Saving checkpoint: ./checkpoints/mace_T2_including_replay_w2_combinations_4elems_run-84_epoch-9.pt
2025-08-26 08:36:10.122 INFO: Epoch 10: head: pt_head, loss=0.00001838, RMSE_E_per_atom=    1.92 meV, RMSE_F=None meV / A, RMSE_stress=None meV / A^3
2025-08-26 08:37:35.590 INFO: Epoch 10: head: Default, loss=0.00113221, RMSE_E_per_atom=   20.49 meV, RMSE_F= 2267.93 meV / A, RMSE_stress=None meV / A^3
2025-08-26 08:37:35.593 DEBUG: Deleting old checkpoint file: ./checkpoints/mace_T2_including_replay_w2_combinations_4elems_run-84_epoch-9.pt
2025-08-26 08:37:35.653 DEBUG: Saving checkpoint: ./checkpoints/mace_T2_including_replay_w2_combinations_4elems_run-84_epoch-10.pt
2025-08-26 08:50:37.784 INFO: Epoch 11: head: pt_head, loss=0.00001667, RMSE_E_per_atom=    1.83 meV, RMSE_F=None meV / A, RMSE_stress=None meV / A^3
2025-08-26 08:52:03.057 INFO: Epoch 11: head: Default, loss=0.00099624, RMSE_E_per_atom=   18.69 meV, RMSE_F= 2248.56 meV / A, RMSE_stress=None meV / A^3
2025-08-26 08:52:03.060 DEBUG: Deleting old checkpoint file: ./checkpoints/mace_T2_including_replay_w2_combinations_4elems_run-84_epoch-10.pt
2025-08-26 08:52:03.065 DEBUG: Saving checkpoint: ./checkpoints/mace_T2_including_replay_w2_combinations_4elems_run-84_epoch-11.pt
2025-08-26 09:05:06.128 INFO: Epoch 12: head: pt_head, loss=0.00001463, RMSE_E_per_atom=    1.71 meV, RMSE_F=None meV / A, RMSE_stress=None meV / A^3
2025-08-26 09:06:31.490 INFO: Epoch 12: head: Default, loss=0.00089673, RMSE_E_per_atom=   17.35 meV, RMSE_F= 2229.50 meV / A, RMSE_stress=None meV / A^3
2025-08-26 09:06:31.493 DEBUG: Deleting old checkpoint file: ./checkpoints/mace_T2_including_replay_w2_combinations_4elems_run-84_epoch-11.pt
2025-08-26 09:06:31.574 DEBUG: Saving checkpoint: ./checkpoints/mace_T2_including_replay_w2_combinations_4elems_run-84_epoch-12.pt
2025-08-26 09:19:33.721 INFO: Epoch 13: head: pt_head, loss=0.00001348, RMSE_E_per_atom=    1.64 meV, RMSE_F=None meV / A, RMSE_stress=None meV / A^3
2025-08-26 09:20:59.276 INFO: Epoch 13: head: Default, loss=0.00081981, RMSE_E_per_atom=   16.28 meV, RMSE_F= 2213.57 meV / A, RMSE_stress=None meV / A^3
2025-08-26 09:20:59.279 DEBUG: Deleting old checkpoint file: ./checkpoints/mace_T2_including_replay_w2_combinations_4elems_run-84_epoch-12.pt
2025-08-26 09:20:59.284 DEBUG: Saving checkpoint: ./checkpoints/mace_T2_including_replay_w2_combinations_4elems_run-84_epoch-13.pt
2025-08-26 09:34:01.822 INFO: Epoch 14: head: pt_head, loss=0.00001254, RMSE_E_per_atom=    1.58 meV, RMSE_F=None meV / A, RMSE_stress=None meV / A^3
2025-08-26 09:35:27.522 INFO: Epoch 14: head: Default, loss=0.00076212, RMSE_E_per_atom=   15.44 meV, RMSE_F= 2197.62 meV / A, RMSE_stress=None meV / A^3
2025-08-26 09:35:27.525 DEBUG: Deleting old checkpoint file: ./checkpoints/mace_T2_including_replay_w2_combinations_4elems_run-84_epoch-13.pt
2025-08-26 09:35:27.607 DEBUG: Saving checkpoint: ./checkpoints/mace_T2_including_replay_w2_combinations_4elems_run-84_epoch-14.pt
2025-08-26 09:48:29.663 INFO: Epoch 15: head: pt_head, loss=0.00001109, RMSE_E_per_atom=    1.49 meV, RMSE_F=None meV / A, RMSE_stress=None meV / A^3
2025-08-26 09:49:55.309 INFO: Epoch 15: head: Default, loss=0.00071248, RMSE_E_per_atom=   14.70 meV, RMSE_F= 2174.89 meV / A, RMSE_stress=None meV / A^3
2025-08-26 09:49:55.312 DEBUG: Deleting old checkpoint file: ./checkpoints/mace_T2_including_replay_w2_combinations_4elems_run-84_epoch-14.pt
2025-08-26 09:49:55.418 DEBUG: Saving checkpoint: ./checkpoints/mace_T2_including_replay_w2_combinations_4elems_run-84_epoch-15.pt
2025-08-26 10:02:57.065 INFO: Epoch 16: head: pt_head, loss=0.00001099, RMSE_E_per_atom=    1.48 meV, RMSE_F=None meV / A, RMSE_stress=None meV / A^3
2025-08-26 10:04:22.634 INFO: Epoch 16: head: Default, loss=0.00066240, RMSE_E_per_atom=   13.98 meV, RMSE_F= 2148.49 meV / A, RMSE_stress=None meV / A^3
2025-08-26 10:04:22.636 DEBUG: Deleting old checkpoint file: ./checkpoints/mace_T2_including_replay_w2_combinations_4elems_run-84_epoch-15.pt
2025-08-26 10:04:22.698 DEBUG: Saving checkpoint: ./checkpoints/mace_T2_including_replay_w2_combinations_4elems_run-84_epoch-16.pt
2025-08-26 10:17:24.550 INFO: Epoch 17: head: pt_head, loss=0.00000874, RMSE_E_per_atom=    1.32 meV, RMSE_F=None meV / A, RMSE_stress=None meV / A^3
2025-08-26 10:18:49.781 INFO: Epoch 17: head: Default, loss=0.00062815, RMSE_E_per_atom=   13.47 meV, RMSE_F= 2109.47 meV / A, RMSE_stress=None meV / A^3
2025-08-26 10:18:49.784 DEBUG: Deleting old checkpoint file: ./checkpoints/mace_T2_including_replay_w2_combinations_4elems_run-84_epoch-16.pt
2025-08-26 10:18:49.845 DEBUG: Saving checkpoint: ./checkpoints/mace_T2_including_replay_w2_combinations_4elems_run-84_epoch-17.pt
2025-08-26 10:31:52.007 INFO: Epoch 18: head: pt_head, loss=0.00000926, RMSE_E_per_atom=    1.36 meV, RMSE_F=None meV / A, RMSE_stress=None meV / A^3
2025-08-26 10:33:17.289 INFO: Epoch 18: head: Default, loss=0.00059384, RMSE_E_per_atom=   12.95 meV, RMSE_F= 2078.91 meV / A, RMSE_stress=None meV / A^3
2025-08-26 10:33:17.292 DEBUG: Deleting old checkpoint file: ./checkpoints/mace_T2_including_replay_w2_combinations_4elems_run-84_epoch-17.pt
2025-08-26 10:33:17.321 DEBUG: Saving checkpoint: ./checkpoints/mace_T2_including_replay_w2_combinations_4elems_run-84_epoch-18.pt
2025-08-26 10:46:18.284 INFO: Epoch 19: head: pt_head, loss=0.00000875, RMSE_E_per_atom=    1.32 meV, RMSE_F=None meV / A, RMSE_stress=None meV / A^3
2025-08-26 10:47:43.837 INFO: Epoch 19: head: Default, loss=0.00056098, RMSE_E_per_atom=   12.45 meV, RMSE_F= 2047.90 meV / A, RMSE_stress=None meV / A^3
2025-08-26 10:47:43.840 DEBUG: Deleting old checkpoint file: ./checkpoints/mace_T2_including_replay_w2_combinations_4elems_run-84_epoch-18.pt
2025-08-26 10:47:43.846 DEBUG: Saving checkpoint: ./checkpoints/mace_T2_including_replay_w2_combinations_4elems_run-84_epoch-19.pt
2025-08-26 11:00:45.157 INFO: Epoch 20: head: pt_head, loss=0.00000937, RMSE_E_per_atom=    1.37 meV, RMSE_F=None meV / A, RMSE_stress=None meV / A^3
2025-08-26 11:02:10.830 INFO: Epoch 20: head: Default, loss=0.00053385, RMSE_E_per_atom=   12.03 meV, RMSE_F= 2018.21 meV / A, RMSE_stress=None meV / A^3
2025-08-26 11:02:10.833 DEBUG: Deleting old checkpoint file: ./checkpoints/mace_T2_including_replay_w2_combinations_4elems_run-84_epoch-19.pt
2025-08-26 11:02:10.894 DEBUG: Saving checkpoint: ./checkpoints/mace_T2_including_replay_w2_combinations_4elems_run-84_epoch-20.pt
2025-08-26 11:15:12.448 INFO: Epoch 21: head: pt_head, loss=0.00000789, RMSE_E_per_atom=    1.26 meV, RMSE_F=None meV / A, RMSE_stress=None meV / A^3
2025-08-26 11:16:38.113 INFO: Epoch 21: head: Default, loss=0.00051049, RMSE_E_per_atom=   11.66 meV, RMSE_F= 1989.92 meV / A, RMSE_stress=None meV / A^3
2025-08-26 11:16:38.116 DEBUG: Deleting old checkpoint file: ./checkpoints/mace_T2_including_replay_w2_combinations_4elems_run-84_epoch-20.pt
2025-08-26 11:16:38.154 DEBUG: Saving checkpoint: ./checkpoints/mace_T2_including_replay_w2_combinations_4elems_run-84_epoch-21.pt
2025-08-26 11:29:38.175 INFO: Epoch 22: head: pt_head, loss=0.00000687, RMSE_E_per_atom=    1.17 meV, RMSE_F=None meV / A, RMSE_stress=None meV / A^3
2025-08-26 11:31:03.741 INFO: Epoch 22: head: Default, loss=0.00048776, RMSE_E_per_atom=   11.30 meV, RMSE_F= 1961.42 meV / A, RMSE_stress=None meV / A^3
2025-08-26 11:31:03.744 DEBUG: Deleting old checkpoint file: ./checkpoints/mace_T2_including_replay_w2_combinations_4elems_run-84_epoch-21.pt
2025-08-26 11:31:03.908 DEBUG: Saving checkpoint: ./checkpoints/mace_T2_including_replay_w2_combinations_4elems_run-84_epoch-22.pt
2025-08-26 11:44:04.378 INFO: Epoch 23: head: pt_head, loss=0.00000704, RMSE_E_per_atom=    1.19 meV, RMSE_F=None meV / A, RMSE_stress=None meV / A^3
2025-08-26 11:45:29.887 INFO: Epoch 23: head: Default, loss=0.00046680, RMSE_E_per_atom=   10.97 meV, RMSE_F= 1937.28 meV / A, RMSE_stress=None meV / A^3
2025-08-26 11:45:29.890 DEBUG: Deleting old checkpoint file: ./checkpoints/mace_T2_including_replay_w2_combinations_4elems_run-84_epoch-22.pt
2025-08-26 11:45:29.949 DEBUG: Saving checkpoint: ./checkpoints/mace_T2_including_replay_w2_combinations_4elems_run-84_epoch-23.pt
2025-08-26 11:58:32.511 INFO: Epoch 24: head: pt_head, loss=0.00000643, RMSE_E_per_atom=    1.13 meV, RMSE_F=None meV / A, RMSE_stress=None meV / A^3
2025-08-26 11:59:57.927 INFO: Epoch 24: head: Default, loss=0.00044904, RMSE_E_per_atom=   10.69 meV, RMSE_F= 1911.86 meV / A, RMSE_stress=None meV / A^3
2025-08-26 11:59:57.930 DEBUG: Deleting old checkpoint file: ./checkpoints/mace_T2_including_replay_w2_combinations_4elems_run-84_epoch-23.pt
2025-08-26 11:59:57.991 DEBUG: Saving checkpoint: ./checkpoints/mace_T2_including_replay_w2_combinations_4elems_run-84_epoch-24.pt
2025-08-26 12:12:58.684 INFO: Epoch 25: head: pt_head, loss=0.00000614, RMSE_E_per_atom=    1.11 meV, RMSE_F=None meV / A, RMSE_stress=None meV / A^3
2025-08-26 12:14:24.326 INFO: Epoch 25: head: Default, loss=0.00043222, RMSE_E_per_atom=   10.43 meV, RMSE_F= 1882.68 meV / A, RMSE_stress=None meV / A^3
2025-08-26 12:14:24.329 DEBUG: Deleting old checkpoint file: ./checkpoints/mace_T2_including_replay_w2_combinations_4elems_run-84_epoch-24.pt
2025-08-26 12:14:24.399 DEBUG: Saving checkpoint: ./checkpoints/mace_T2_including_replay_w2_combinations_4elems_run-84_epoch-25.pt
2025-08-26 12:27:25.794 INFO: Epoch 26: head: pt_head, loss=0.00000576, RMSE_E_per_atom=    1.07 meV, RMSE_F=None meV / A, RMSE_stress=None meV / A^3
2025-08-26 12:28:51.307 INFO: Epoch 26: head: Default, loss=0.00041687, RMSE_E_per_atom=   10.19 meV, RMSE_F= 1853.89 meV / A, RMSE_stress=None meV / A^3
2025-08-26 12:28:51.309 DEBUG: Deleting old checkpoint file: ./checkpoints/mace_T2_including_replay_w2_combinations_4elems_run-84_epoch-25.pt
2025-08-26 12:28:51.368 DEBUG: Saving checkpoint: ./checkpoints/mace_T2_including_replay_w2_combinations_4elems_run-84_epoch-26.pt
2025-08-26 12:41:51.701 INFO: Epoch 27: head: pt_head, loss=0.00000553, RMSE_E_per_atom=    1.05 meV, RMSE_F=None meV / A, RMSE_stress=None meV / A^3
2025-08-26 12:43:17.285 INFO: Epoch 27: head: Default, loss=0.00040163, RMSE_E_per_atom=    9.95 meV, RMSE_F= 1834.04 meV / A, RMSE_stress=None meV / A^3
2025-08-26 12:43:17.287 DEBUG: Deleting old checkpoint file: ./checkpoints/mace_T2_including_replay_w2_combinations_4elems_run-84_epoch-26.pt
2025-08-26 12:43:17.513 DEBUG: Saving checkpoint: ./checkpoints/mace_T2_including_replay_w2_combinations_4elems_run-84_epoch-27.pt
2025-08-26 12:56:18.174 INFO: Epoch 28: head: pt_head, loss=0.00000548, RMSE_E_per_atom=    1.05 meV, RMSE_F=None meV / A, RMSE_stress=None meV / A^3
2025-08-26 12:57:43.670 INFO: Epoch 28: head: Default, loss=0.00038872, RMSE_E_per_atom=    9.75 meV, RMSE_F= 1811.66 meV / A, RMSE_stress=None meV / A^3
2025-08-26 12:57:43.673 DEBUG: Deleting old checkpoint file: ./checkpoints/mace_T2_including_replay_w2_combinations_4elems_run-84_epoch-27.pt
2025-08-26 12:57:43.719 DEBUG: Saving checkpoint: ./checkpoints/mace_T2_including_replay_w2_combinations_4elems_run-84_epoch-28.pt
2025-08-26 13:10:44.151 INFO: Epoch 29: head: pt_head, loss=0.00000572, RMSE_E_per_atom=    1.07 meV, RMSE_F=None meV / A, RMSE_stress=None meV / A^3
2025-08-26 13:12:09.370 INFO: Epoch 29: head: Default, loss=0.00037620, RMSE_E_per_atom=    9.55 meV, RMSE_F= 1786.47 meV / A, RMSE_stress=None meV / A^3
2025-08-26 13:12:09.372 DEBUG: Deleting old checkpoint file: ./checkpoints/mace_T2_including_replay_w2_combinations_4elems_run-84_epoch-28.pt
2025-08-26 13:12:09.479 DEBUG: Saving checkpoint: ./checkpoints/mace_T2_including_replay_w2_combinations_4elems_run-84_epoch-29.pt
2025-08-26 13:25:10.496 INFO: Epoch 30: head: pt_head, loss=0.00000522, RMSE_E_per_atom=    1.02 meV, RMSE_F=None meV / A, RMSE_stress=None meV / A^3
2025-08-26 13:26:35.796 INFO: Epoch 30: head: Default, loss=0.00036384, RMSE_E_per_atom=    9.35 meV, RMSE_F= 1766.33 meV / A, RMSE_stress=None meV / A^3
2025-08-26 13:26:35.799 DEBUG: Deleting old checkpoint file: ./checkpoints/mace_T2_including_replay_w2_combinations_4elems_run-84_epoch-29.pt
2025-08-26 13:26:35.804 DEBUG: Saving checkpoint: ./checkpoints/mace_T2_including_replay_w2_combinations_4elems_run-84_epoch-30.pt
2025-08-26 13:39:37.008 INFO: Epoch 31: head: pt_head, loss=0.00000506, RMSE_E_per_atom=    1.01 meV, RMSE_F=None meV / A, RMSE_stress=None meV / A^3
2025-08-26 13:41:02.605 INFO: Epoch 31: head: Default, loss=0.00035242, RMSE_E_per_atom=    9.16 meV, RMSE_F= 1747.01 meV / A, RMSE_stress=None meV / A^3
2025-08-26 13:41:02.608 DEBUG: Deleting old checkpoint file: ./checkpoints/mace_T2_including_replay_w2_combinations_4elems_run-84_epoch-30.pt
2025-08-26 13:41:02.702 DEBUG: Saving checkpoint: ./checkpoints/mace_T2_including_replay_w2_combinations_4elems_run-84_epoch-31.pt
2025-08-26 13:54:03.306 INFO: Epoch 32: head: pt_head, loss=0.00000483, RMSE_E_per_atom=    0.98 meV, RMSE_F=None meV / A, RMSE_stress=None meV / A^3
2025-08-26 13:55:28.882 INFO: Epoch 32: head: Default, loss=0.00034194, RMSE_E_per_atom=    8.99 meV, RMSE_F= 1728.62 meV / A, RMSE_stress=None meV / A^3
2025-08-26 13:55:28.885 DEBUG: Deleting old checkpoint file: ./checkpoints/mace_T2_including_replay_w2_combinations_4elems_run-84_epoch-31.pt
2025-08-26 13:55:28.931 DEBUG: Saving checkpoint: ./checkpoints/mace_T2_including_replay_w2_combinations_4elems_run-84_epoch-32.pt
2025-08-26 14:08:30.277 INFO: Epoch 33: head: pt_head, loss=0.00000475, RMSE_E_per_atom=    0.97 meV, RMSE_F=None meV / A, RMSE_stress=None meV / A^3
2025-08-26 14:09:55.896 INFO: Epoch 33: head: Default, loss=0.00033180, RMSE_E_per_atom=    8.82 meV, RMSE_F= 1707.79 meV / A, RMSE_stress=None meV / A^3
2025-08-26 14:09:55.899 DEBUG: Deleting old checkpoint file: ./checkpoints/mace_T2_including_replay_w2_combinations_4elems_run-84_epoch-32.pt
2025-08-26 14:09:55.937 DEBUG: Saving checkpoint: ./checkpoints/mace_T2_including_replay_w2_combinations_4elems_run-84_epoch-33.pt
2025-08-26 14:22:57.343 INFO: Epoch 34: head: pt_head, loss=0.00000451, RMSE_E_per_atom=    0.95 meV, RMSE_F=None meV / A, RMSE_stress=None meV / A^3
2025-08-26 14:24:22.986 INFO: Epoch 34: head: Default, loss=0.00032236, RMSE_E_per_atom=    8.67 meV, RMSE_F= 1690.31 meV / A, RMSE_stress=None meV / A^3
2025-08-26 14:24:22.987 DEBUG: Deleting old checkpoint file: ./checkpoints/mace_T2_including_replay_w2_combinations_4elems_run-84_epoch-33.pt
2025-08-26 14:24:23.172 DEBUG: Saving checkpoint: ./checkpoints/mace_T2_including_replay_w2_combinations_4elems_run-84_epoch-34.pt
2025-08-26 14:37:22.037 INFO: Epoch 35: head: pt_head, loss=0.00000428, RMSE_E_per_atom=    0.93 meV, RMSE_F=None meV / A, RMSE_stress=None meV / A^3
2025-08-26 14:38:47.699 INFO: Epoch 35: head: Default, loss=0.00031428, RMSE_E_per_atom=    8.54 meV, RMSE_F= 1671.46 meV / A, RMSE_stress=None meV / A^3
2025-08-26 14:38:47.702 DEBUG: Deleting old checkpoint file: ./checkpoints/mace_T2_including_replay_w2_combinations_4elems_run-84_epoch-34.pt
2025-08-26 14:38:47.805 DEBUG: Saving checkpoint: ./checkpoints/mace_T2_including_replay_w2_combinations_4elems_run-84_epoch-35.pt
2025-08-26 14:51:48.787 INFO: Epoch 36: head: pt_head, loss=0.00000424, RMSE_E_per_atom=    0.92 meV, RMSE_F=None meV / A, RMSE_stress=None meV / A^3
2025-08-26 14:53:14.035 INFO: Epoch 36: head: Default, loss=0.00030661, RMSE_E_per_atom=    8.42 meV, RMSE_F= 1651.03 meV / A, RMSE_stress=None meV / A^3
2025-08-26 14:53:14.038 DEBUG: Deleting old checkpoint file: ./checkpoints/mace_T2_including_replay_w2_combinations_4elems_run-84_epoch-35.pt
2025-08-26 14:53:14.085 DEBUG: Saving checkpoint: ./checkpoints/mace_T2_including_replay_w2_combinations_4elems_run-84_epoch-36.pt
2025-08-26 15:06:16.239 INFO: Epoch 37: head: pt_head, loss=0.00000427, RMSE_E_per_atom=    0.92 meV, RMSE_F=None meV / A, RMSE_stress=None meV / A^3
2025-08-26 15:07:41.399 INFO: Epoch 37: head: Default, loss=0.00029832, RMSE_E_per_atom=    8.28 meV, RMSE_F= 1631.72 meV / A, RMSE_stress=None meV / A^3
2025-08-26 15:07:41.403 DEBUG: Deleting old checkpoint file: ./checkpoints/mace_T2_including_replay_w2_combinations_4elems_run-84_epoch-36.pt
2025-08-26 15:07:41.408 DEBUG: Saving checkpoint: ./checkpoints/mace_T2_including_replay_w2_combinations_4elems_run-84_epoch-37.pt
2025-08-26 15:20:42.003 INFO: Epoch 38: head: pt_head, loss=0.00000405, RMSE_E_per_atom=    0.90 meV, RMSE_F=None meV / A, RMSE_stress=None meV / A^3
2025-08-26 15:22:07.513 INFO: Epoch 38: head: Default, loss=0.00029071, RMSE_E_per_atom=    8.15 meV, RMSE_F= 1615.79 meV / A, RMSE_stress=None meV / A^3
2025-08-26 15:22:07.516 DEBUG: Deleting old checkpoint file: ./checkpoints/mace_T2_including_replay_w2_combinations_4elems_run-84_epoch-37.pt
2025-08-26 15:22:07.520 DEBUG: Saving checkpoint: ./checkpoints/mace_T2_including_replay_w2_combinations_4elems_run-84_epoch-38.pt
2025-08-26 15:35:07.732 INFO: Epoch 39: head: pt_head, loss=0.00000391, RMSE_E_per_atom=    0.88 meV, RMSE_F=None meV / A, RMSE_stress=None meV / A^3
2025-08-26 15:36:33.365 INFO: Epoch 39: head: Default, loss=0.00028359, RMSE_E_per_atom=    8.03 meV, RMSE_F= 1602.06 meV / A, RMSE_stress=None meV / A^3
2025-08-26 15:36:33.368 DEBUG: Deleting old checkpoint file: ./checkpoints/mace_T2_including_replay_w2_combinations_4elems_run-84_epoch-38.pt
2025-08-26 15:36:33.397 DEBUG: Saving checkpoint: ./checkpoints/mace_T2_including_replay_w2_combinations_4elems_run-84_epoch-39.pt
2025-08-26 15:49:32.884 INFO: Epoch 40: head: pt_head, loss=0.00000376, RMSE_E_per_atom=    0.87 meV, RMSE_F=None meV / A, RMSE_stress=None meV / A^3
2025-08-26 15:50:58.530 INFO: Epoch 40: head: Default, loss=0.00027653, RMSE_E_per_atom=    7.91 meV, RMSE_F= 1586.13 meV / A, RMSE_stress=None meV / A^3
2025-08-26 15:50:58.532 DEBUG: Deleting old checkpoint file: ./checkpoints/mace_T2_including_replay_w2_combinations_4elems_run-84_epoch-39.pt
2025-08-26 15:50:58.536 DEBUG: Saving checkpoint: ./checkpoints/mace_T2_including_replay_w2_combinations_4elems_run-84_epoch-40.pt
2025-08-26 16:03:59.593 INFO: Epoch 41: head: pt_head, loss=0.00000366, RMSE_E_per_atom=    0.86 meV, RMSE_F=None meV / A, RMSE_stress=None meV / A^3
2025-08-26 16:05:25.236 INFO: Epoch 41: head: Default, loss=0.00026959, RMSE_E_per_atom=    7.79 meV, RMSE_F= 1571.77 meV / A, RMSE_stress=None meV / A^3
2025-08-26 16:05:25.238 DEBUG: Deleting old checkpoint file: ./checkpoints/mace_T2_including_replay_w2_combinations_4elems_run-84_epoch-40.pt
2025-08-26 16:05:25.244 DEBUG: Saving checkpoint: ./checkpoints/mace_T2_including_replay_w2_combinations_4elems_run-84_epoch-41.pt
2025-08-26 16:18:25.548 INFO: Epoch 42: head: pt_head, loss=0.00000359, RMSE_E_per_atom=    0.85 meV, RMSE_F=None meV / A, RMSE_stress=None meV / A^3
2025-08-26 16:19:50.918 INFO: Epoch 42: head: Default, loss=0.00026443, RMSE_E_per_atom=    7.71 meV, RMSE_F= 1556.97 meV / A, RMSE_stress=None meV / A^3
2025-08-26 16:19:50.921 DEBUG: Deleting old checkpoint file: ./checkpoints/mace_T2_including_replay_w2_combinations_4elems_run-84_epoch-41.pt
2025-08-26 16:19:50.926 DEBUG: Saving checkpoint: ./checkpoints/mace_T2_including_replay_w2_combinations_4elems_run-84_epoch-42.pt
2025-08-26 16:32:52.529 INFO: Epoch 43: head: pt_head, loss=0.00000353, RMSE_E_per_atom=    0.84 meV, RMSE_F=None meV / A, RMSE_stress=None meV / A^3
2025-08-26 16:34:17.833 INFO: Epoch 43: head: Default, loss=0.00025872, RMSE_E_per_atom=    7.61 meV, RMSE_F= 1544.62 meV / A, RMSE_stress=None meV / A^3
2025-08-26 16:34:17.836 DEBUG: Deleting old checkpoint file: ./checkpoints/mace_T2_including_replay_w2_combinations_4elems_run-84_epoch-42.pt
2025-08-26 16:34:17.840 DEBUG: Saving checkpoint: ./checkpoints/mace_T2_including_replay_w2_combinations_4elems_run-84_epoch-43.pt
2025-08-26 16:47:20.680 INFO: Epoch 44: head: pt_head, loss=0.00000337, RMSE_E_per_atom=    0.82 meV, RMSE_F=None meV / A, RMSE_stress=None meV / A^3
2025-08-26 16:48:46.202 INFO: Epoch 44: head: Default, loss=0.00025358, RMSE_E_per_atom=    7.52 meV, RMSE_F= 1532.74 meV / A, RMSE_stress=None meV / A^3
2025-08-26 16:48:46.205 DEBUG: Deleting old checkpoint file: ./checkpoints/mace_T2_including_replay_w2_combinations_4elems_run-84_epoch-43.pt
2025-08-26 16:48:46.210 DEBUG: Saving checkpoint: ./checkpoints/mace_T2_including_replay_w2_combinations_4elems_run-84_epoch-44.pt
2025-08-26 17:01:46.757 INFO: Epoch 45: head: pt_head, loss=0.00000325, RMSE_E_per_atom=    0.81 meV, RMSE_F=None meV / A, RMSE_stress=None meV / A^3
2025-08-26 17:03:12.318 INFO: Epoch 45: head: Default, loss=0.00024861, RMSE_E_per_atom=    7.44 meV, RMSE_F= 1521.21 meV / A, RMSE_stress=None meV / A^3
2025-08-26 17:03:12.321 DEBUG: Deleting old checkpoint file: ./checkpoints/mace_T2_including_replay_w2_combinations_4elems_run-84_epoch-44.pt
2025-08-26 17:03:12.392 DEBUG: Saving checkpoint: ./checkpoints/mace_T2_including_replay_w2_combinations_4elems_run-84_epoch-45.pt
2025-08-26 17:16:12.845 INFO: Epoch 46: head: pt_head, loss=0.00000320, RMSE_E_per_atom=    0.80 meV, RMSE_F=None meV / A, RMSE_stress=None meV / A^3
2025-08-26 17:17:38.412 INFO: Epoch 46: head: Default, loss=0.00024413, RMSE_E_per_atom=    7.36 meV, RMSE_F= 1509.68 meV / A, RMSE_stress=None meV / A^3
2025-08-26 17:17:38.415 DEBUG: Deleting old checkpoint file: ./checkpoints/mace_T2_including_replay_w2_combinations_4elems_run-84_epoch-45.pt
2025-08-26 17:17:38.445 DEBUG: Saving checkpoint: ./checkpoints/mace_T2_including_replay_w2_combinations_4elems_run-84_epoch-46.pt
2025-08-26 17:30:41.177 INFO: Epoch 47: head: pt_head, loss=0.00000318, RMSE_E_per_atom=    0.80 meV, RMSE_F=None meV / A, RMSE_stress=None meV / A^3
2025-08-26 17:32:06.771 INFO: Epoch 47: head: Default, loss=0.00023956, RMSE_E_per_atom=    7.27 meV, RMSE_F= 1500.40 meV / A, RMSE_stress=None meV / A^3
2025-08-26 17:32:06.774 DEBUG: Deleting old checkpoint file: ./checkpoints/mace_T2_including_replay_w2_combinations_4elems_run-84_epoch-46.pt
2025-08-26 17:32:06.835 DEBUG: Saving checkpoint: ./checkpoints/mace_T2_including_replay_w2_combinations_4elems_run-84_epoch-47.pt
2025-08-26 17:45:07.435 INFO: Epoch 48: head: pt_head, loss=0.00000310, RMSE_E_per_atom=    0.79 meV, RMSE_F=None meV / A, RMSE_stress=None meV / A^3
2025-08-26 17:46:33.060 INFO: Epoch 48: head: Default, loss=0.00023497, RMSE_E_per_atom=    7.19 meV, RMSE_F= 1491.03 meV / A, RMSE_stress=None meV / A^3
2025-08-26 17:46:33.063 DEBUG: Deleting old checkpoint file: ./checkpoints/mace_T2_including_replay_w2_combinations_4elems_run-84_epoch-47.pt
2025-08-26 17:46:33.068 DEBUG: Saving checkpoint: ./checkpoints/mace_T2_including_replay_w2_combinations_4elems_run-84_epoch-48.pt
2025-08-26 17:59:31.438 INFO: Epoch 49: head: pt_head, loss=0.00000293, RMSE_E_per_atom=    0.77 meV, RMSE_F=None meV / A, RMSE_stress=None meV / A^3
2025-08-26 18:00:56.621 INFO: Epoch 49: head: Default, loss=0.00023120, RMSE_E_per_atom=    7.12 meV, RMSE_F= 1479.93 meV / A, RMSE_stress=None meV / A^3
2025-08-26 18:00:56.624 DEBUG: Deleting old checkpoint file: ./checkpoints/mace_T2_including_replay_w2_combinations_4elems_run-84_epoch-48.pt
2025-08-26 18:00:56.706 DEBUG: Saving checkpoint: ./checkpoints/mace_T2_including_replay_w2_combinations_4elems_run-84_epoch-49.pt
2025-08-26 18:13:57.862 INFO: Epoch 50: head: pt_head, loss=0.00000284, RMSE_E_per_atom=    0.75 meV, RMSE_F=None meV / A, RMSE_stress=None meV / A^3
2025-08-26 18:15:23.100 INFO: Epoch 50: head: Default, loss=0.00022721, RMSE_E_per_atom=    7.05 meV, RMSE_F= 1470.18 meV / A, RMSE_stress=None meV / A^3
2025-08-26 18:15:23.103 DEBUG: Deleting old checkpoint file: ./checkpoints/mace_T2_including_replay_w2_combinations_4elems_run-84_epoch-49.pt
2025-08-26 18:15:23.192 DEBUG: Saving checkpoint: ./checkpoints/mace_T2_including_replay_w2_combinations_4elems_run-84_epoch-50.pt
2025-08-26 18:28:21.586 INFO: Epoch 51: head: pt_head, loss=0.00000279, RMSE_E_per_atom=    0.75 meV, RMSE_F=None meV / A, RMSE_stress=None meV / A^3
2025-08-26 18:29:47.157 INFO: Epoch 51: head: Default, loss=0.00022359, RMSE_E_per_atom=    6.99 meV, RMSE_F= 1459.65 meV / A, RMSE_stress=None meV / A^3
2025-08-26 18:29:47.159 DEBUG: Deleting old checkpoint file: ./checkpoints/mace_T2_including_replay_w2_combinations_4elems_run-84_epoch-50.pt
2025-08-26 18:29:47.254 DEBUG: Saving checkpoint: ./checkpoints/mace_T2_including_replay_w2_combinations_4elems_run-84_epoch-51.pt
2025-08-26 18:42:47.003 INFO: Epoch 52: head: pt_head, loss=0.00000279, RMSE_E_per_atom=    0.75 meV, RMSE_F=None meV / A, RMSE_stress=None meV / A^3
2025-08-26 18:44:12.535 INFO: Epoch 52: head: Default, loss=0.00022042, RMSE_E_per_atom=    6.93 meV, RMSE_F= 1450.41 meV / A, RMSE_stress=None meV / A^3
2025-08-26 18:44:12.538 DEBUG: Deleting old checkpoint file: ./checkpoints/mace_T2_including_replay_w2_combinations_4elems_run-84_epoch-51.pt
2025-08-26 18:44:12.543 DEBUG: Saving checkpoint: ./checkpoints/mace_T2_including_replay_w2_combinations_4elems_run-84_epoch-52.pt
2025-08-26 18:57:11.846 INFO: Epoch 53: head: pt_head, loss=0.00000269, RMSE_E_per_atom=    0.73 meV, RMSE_F=None meV / A, RMSE_stress=None meV / A^3
2025-08-26 18:58:37.505 INFO: Epoch 53: head: Default, loss=0.00021759, RMSE_E_per_atom=    6.88 meV, RMSE_F= 1441.67 meV / A, RMSE_stress=None meV / A^3
2025-08-26 18:58:37.508 DEBUG: Deleting old checkpoint file: ./checkpoints/mace_T2_including_replay_w2_combinations_4elems_run-84_epoch-52.pt
2025-08-26 18:58:37.513 DEBUG: Saving checkpoint: ./checkpoints/mace_T2_including_replay_w2_combinations_4elems_run-84_epoch-53.pt
2025-08-26 19:11:37.531 INFO: Epoch 54: head: pt_head, loss=0.00000277, RMSE_E_per_atom=    0.74 meV, RMSE_F=None meV / A, RMSE_stress=None meV / A^3
2025-08-26 19:13:02.926 INFO: Epoch 54: head: Default, loss=0.00021437, RMSE_E_per_atom=    6.82 meV, RMSE_F= 1432.75 meV / A, RMSE_stress=None meV / A^3
2025-08-26 19:13:02.929 DEBUG: Deleting old checkpoint file: ./checkpoints/mace_T2_including_replay_w2_combinations_4elems_run-84_epoch-53.pt
2025-08-26 19:13:02.986 DEBUG: Saving checkpoint: ./checkpoints/mace_T2_including_replay_w2_combinations_4elems_run-84_epoch-54.pt
2025-08-26 19:26:01.696 INFO: Epoch 55: head: pt_head, loss=0.00000280, RMSE_E_per_atom=    0.75 meV, RMSE_F=None meV / A, RMSE_stress=None meV / A^3
2025-08-26 19:27:26.892 INFO: Epoch 55: head: Default, loss=0.00021127, RMSE_E_per_atom=    6.77 meV, RMSE_F= 1424.24 meV / A, RMSE_stress=None meV / A^3
2025-08-26 19:27:26.895 DEBUG: Deleting old checkpoint file: ./checkpoints/mace_T2_including_replay_w2_combinations_4elems_run-84_epoch-54.pt
2025-08-26 19:27:26.968 DEBUG: Saving checkpoint: ./checkpoints/mace_T2_including_replay_w2_combinations_4elems_run-84_epoch-55.pt
2025-08-26 19:40:27.893 INFO: Epoch 56: head: pt_head, loss=0.00000270, RMSE_E_per_atom=    0.73 meV, RMSE_F=None meV / A, RMSE_stress=None meV / A^3
2025-08-26 19:41:53.184 INFO: Epoch 56: head: Default, loss=0.00020851, RMSE_E_per_atom=    6.72 meV, RMSE_F= 1416.05 meV / A, RMSE_stress=None meV / A^3
2025-08-26 19:41:53.187 DEBUG: Deleting old checkpoint file: ./checkpoints/mace_T2_including_replay_w2_combinations_4elems_run-84_epoch-55.pt
2025-08-26 19:41:53.247 DEBUG: Saving checkpoint: ./checkpoints/mace_T2_including_replay_w2_combinations_4elems_run-84_epoch-56.pt
2025-08-26 19:54:53.899 INFO: Epoch 57: head: pt_head, loss=0.00000259, RMSE_E_per_atom=    0.72 meV, RMSE_F=None meV / A, RMSE_stress=None meV / A^3
2025-08-26 19:56:19.401 INFO: Epoch 57: head: Default, loss=0.00020539, RMSE_E_per_atom=    6.66 meV, RMSE_F= 1408.38 meV / A, RMSE_stress=None meV / A^3
2025-08-26 19:56:19.404 DEBUG: Deleting old checkpoint file: ./checkpoints/mace_T2_including_replay_w2_combinations_4elems_run-84_epoch-56.pt
2025-08-26 19:56:19.409 DEBUG: Saving checkpoint: ./checkpoints/mace_T2_including_replay_w2_combinations_4elems_run-84_epoch-57.pt
2025-08-26 20:09:21.027 INFO: Epoch 58: head: pt_head, loss=0.00000252, RMSE_E_per_atom=    0.71 meV, RMSE_F=None meV / A, RMSE_stress=None meV / A^3
2025-08-26 20:10:46.561 INFO: Epoch 58: head: Default, loss=0.00020255, RMSE_E_per_atom=    6.61 meV, RMSE_F= 1401.38 meV / A, RMSE_stress=None meV / A^3
2025-08-26 20:10:46.564 DEBUG: Deleting old checkpoint file: ./checkpoints/mace_T2_including_replay_w2_combinations_4elems_run-84_epoch-57.pt
2025-08-26 20:10:46.690 DEBUG: Saving checkpoint: ./checkpoints/mace_T2_including_replay_w2_combinations_4elems_run-84_epoch-58.pt
2025-08-26 20:23:46.348 INFO: Epoch 59: head: pt_head, loss=0.00000247, RMSE_E_per_atom=    0.70 meV, RMSE_F=None meV / A, RMSE_stress=None meV / A^3
2025-08-26 20:25:11.897 INFO: Epoch 59: head: Default, loss=0.00019960, RMSE_E_per_atom=    6.55 meV, RMSE_F= 1393.56 meV / A, RMSE_stress=None meV / A^3
2025-08-26 20:25:11.900 DEBUG: Deleting old checkpoint file: ./checkpoints/mace_T2_including_replay_w2_combinations_4elems_run-84_epoch-58.pt
2025-08-26 20:25:11.906 DEBUG: Saving checkpoint: ./checkpoints/mace_T2_including_replay_w2_combinations_4elems_run-84_epoch-59.pt
2025-08-26 20:38:12.608 INFO: Epoch 60: head: pt_head, loss=0.00000233, RMSE_E_per_atom=    0.68 meV, RMSE_F=None meV / A, RMSE_stress=None meV / A^3
2025-08-26 20:39:38.175 INFO: Epoch 60: head: Default, loss=0.00019691, RMSE_E_per_atom=    6.50 meV, RMSE_F= 1386.58 meV / A, RMSE_stress=None meV / A^3
2025-08-26 20:39:38.177 DEBUG: Deleting old checkpoint file: ./checkpoints/mace_T2_including_replay_w2_combinations_4elems_run-84_epoch-59.pt
2025-08-26 20:39:38.244 DEBUG: Saving checkpoint: ./checkpoints/mace_T2_including_replay_w2_combinations_4elems_run-84_epoch-60.pt
2025-08-26 20:52:37.072 INFO: Epoch 61: head: pt_head, loss=0.00000234, RMSE_E_per_atom=    0.68 meV, RMSE_F=None meV / A, RMSE_stress=None meV / A^3
2025-08-26 20:54:02.426 INFO: Epoch 61: head: Default, loss=0.00019467, RMSE_E_per_atom=    6.46 meV, RMSE_F= 1380.51 meV / A, RMSE_stress=None meV / A^3
2025-08-26 20:54:02.429 DEBUG: Deleting old checkpoint file: ./checkpoints/mace_T2_including_replay_w2_combinations_4elems_run-84_epoch-60.pt
2025-08-26 20:54:02.434 DEBUG: Saving checkpoint: ./checkpoints/mace_T2_including_replay_w2_combinations_4elems_run-84_epoch-61.pt
2025-08-26 21:07:02.471 INFO: Epoch 62: head: pt_head, loss=0.00000222, RMSE_E_per_atom=    0.67 meV, RMSE_F=None meV / A, RMSE_stress=None meV / A^3
2025-08-26 21:08:27.785 INFO: Epoch 62: head: Default, loss=0.00019242, RMSE_E_per_atom=    6.42 meV, RMSE_F= 1374.95 meV / A, RMSE_stress=None meV / A^3
2025-08-26 21:08:27.787 DEBUG: Deleting old checkpoint file: ./checkpoints/mace_T2_including_replay_w2_combinations_4elems_run-84_epoch-61.pt
2025-08-26 21:08:27.792 DEBUG: Saving checkpoint: ./checkpoints/mace_T2_including_replay_w2_combinations_4elems_run-84_epoch-62.pt
2025-08-26 21:21:26.806 INFO: Epoch 63: head: pt_head, loss=0.00000223, RMSE_E_per_atom=    0.67 meV, RMSE_F=None meV / A, RMSE_stress=None meV / A^3
2025-08-26 21:22:52.355 INFO: Epoch 63: head: Default, loss=0.00019023, RMSE_E_per_atom=    6.37 meV, RMSE_F= 1369.11 meV / A, RMSE_stress=None meV / A^3
2025-08-26 21:22:52.358 DEBUG: Deleting old checkpoint file: ./checkpoints/mace_T2_including_replay_w2_combinations_4elems_run-84_epoch-62.pt
2025-08-26 21:22:52.363 DEBUG: Saving checkpoint: ./checkpoints/mace_T2_including_replay_w2_combinations_4elems_run-84_epoch-63.pt
2025-08-26 21:35:51.740 INFO: Epoch 64: head: pt_head, loss=0.00000219, RMSE_E_per_atom=    0.66 meV, RMSE_F=None meV / A, RMSE_stress=None meV / A^3
2025-08-26 21:37:17.296 INFO: Epoch 64: head: Default, loss=0.00018797, RMSE_E_per_atom=    6.33 meV, RMSE_F= 1363.54 meV / A, RMSE_stress=None meV / A^3
2025-08-26 21:37:17.299 DEBUG: Deleting old checkpoint file: ./checkpoints/mace_T2_including_replay_w2_combinations_4elems_run-84_epoch-63.pt
2025-08-26 21:37:17.357 DEBUG: Saving checkpoint: ./checkpoints/mace_T2_including_replay_w2_combinations_4elems_run-84_epoch-64.pt
2025-08-26 21:50:17.827 INFO: Epoch 65: head: pt_head, loss=0.00000209, RMSE_E_per_atom=    0.65 meV, RMSE_F=None meV / A, RMSE_stress=None meV / A^3
2025-08-26 21:51:43.512 INFO: Epoch 65: head: Default, loss=0.00018586, RMSE_E_per_atom=    6.29 meV, RMSE_F= 1357.80 meV / A, RMSE_stress=None meV / A^3
2025-08-26 21:51:43.513 DEBUG: Deleting old checkpoint file: ./checkpoints/mace_T2_including_replay_w2_combinations_4elems_run-84_epoch-64.pt
2025-08-26 21:51:43.534 DEBUG: Saving checkpoint: ./checkpoints/mace_T2_including_replay_w2_combinations_4elems_run-84_epoch-65.pt
2025-08-26 22:04:42.196 INFO: Epoch 66: head: pt_head, loss=0.00000205, RMSE_E_per_atom=    0.64 meV, RMSE_F=None meV / A, RMSE_stress=None meV / A^3
2025-08-26 22:06:07.804 INFO: Epoch 66: head: Default, loss=0.00018382, RMSE_E_per_atom=    6.25 meV, RMSE_F= 1352.64 meV / A, RMSE_stress=None meV / A^3
2025-08-26 22:06:07.806 DEBUG: Deleting old checkpoint file: ./checkpoints/mace_T2_including_replay_w2_combinations_4elems_run-84_epoch-65.pt
2025-08-26 22:06:07.942 DEBUG: Saving checkpoint: ./checkpoints/mace_T2_including_replay_w2_combinations_4elems_run-84_epoch-66.pt
2025-08-26 22:19:06.719 INFO: Epoch 67: head: pt_head, loss=0.00000199, RMSE_E_per_atom=    0.63 meV, RMSE_F=None meV / A, RMSE_stress=None meV / A^3
2025-08-26 22:20:32.082 INFO: Epoch 67: head: Default, loss=0.00018166, RMSE_E_per_atom=    6.21 meV, RMSE_F= 1347.70 meV / A, RMSE_stress=None meV / A^3
2025-08-26 22:20:32.084 DEBUG: Deleting old checkpoint file: ./checkpoints/mace_T2_including_replay_w2_combinations_4elems_run-84_epoch-66.pt
2025-08-26 22:20:32.191 DEBUG: Saving checkpoint: ./checkpoints/mace_T2_including_replay_w2_combinations_4elems_run-84_epoch-67.pt
2025-08-26 22:33:33.683 INFO: Epoch 68: head: pt_head, loss=0.00000192, RMSE_E_per_atom=    0.62 meV, RMSE_F=None meV / A, RMSE_stress=None meV / A^3
2025-08-26 22:34:58.900 INFO: Epoch 68: head: Default, loss=0.00017989, RMSE_E_per_atom=    6.18 meV, RMSE_F= 1342.60 meV / A, RMSE_stress=None meV / A^3
2025-08-26 22:34:58.903 DEBUG: Deleting old checkpoint file: ./checkpoints/mace_T2_including_replay_w2_combinations_4elems_run-84_epoch-67.pt
2025-08-26 22:34:58.969 DEBUG: Saving checkpoint: ./checkpoints/mace_T2_including_replay_w2_combinations_4elems_run-84_epoch-68.pt
2025-08-26 22:47:58.963 INFO: Epoch 69: head: pt_head, loss=0.00000187, RMSE_E_per_atom=    0.61 meV, RMSE_F=None meV / A, RMSE_stress=None meV / A^3
2025-08-26 22:49:24.550 INFO: Epoch 69: head: Default, loss=0.00017795, RMSE_E_per_atom=    6.14 meV, RMSE_F= 1338.00 meV / A, RMSE_stress=None meV / A^3
2025-08-26 22:49:24.553 DEBUG: Deleting old checkpoint file: ./checkpoints/mace_T2_including_replay_w2_combinations_4elems_run-84_epoch-68.pt
2025-08-26 22:49:24.557 DEBUG: Saving checkpoint: ./checkpoints/mace_T2_including_replay_w2_combinations_4elems_run-84_epoch-69.pt
2025-08-26 23:02:23.043 INFO: Epoch 70: head: pt_head, loss=0.00000186, RMSE_E_per_atom=    0.61 meV, RMSE_F=None meV / A, RMSE_stress=None meV / A^3
2025-08-26 23:03:48.594 INFO: Epoch 70: head: Default, loss=0.00017604, RMSE_E_per_atom=    6.10 meV, RMSE_F= 1333.03 meV / A, RMSE_stress=None meV / A^3
2025-08-26 23:03:48.595 DEBUG: Deleting old checkpoint file: ./checkpoints/mace_T2_including_replay_w2_combinations_4elems_run-84_epoch-69.pt
2025-08-26 23:03:48.601 DEBUG: Saving checkpoint: ./checkpoints/mace_T2_including_replay_w2_combinations_4elems_run-84_epoch-70.pt
2025-08-26 23:16:48.461 INFO: Epoch 71: head: pt_head, loss=0.00000186, RMSE_E_per_atom=    0.61 meV, RMSE_F=None meV / A, RMSE_stress=None meV / A^3
2025-08-26 23:18:14.062 INFO: Epoch 71: head: Default, loss=0.00017457, RMSE_E_per_atom=    6.08 meV, RMSE_F= 1327.36 meV / A, RMSE_stress=None meV / A^3
2025-08-26 23:18:14.064 DEBUG: Deleting old checkpoint file: ./checkpoints/mace_T2_including_replay_w2_combinations_4elems_run-84_epoch-70.pt
2025-08-26 23:18:14.069 DEBUG: Saving checkpoint: ./checkpoints/mace_T2_including_replay_w2_combinations_4elems_run-84_epoch-71.pt
2025-08-26 23:31:13.296 INFO: Epoch 72: head: pt_head, loss=0.00000182, RMSE_E_per_atom=    0.60 meV, RMSE_F=None meV / A, RMSE_stress=None meV / A^3
2025-08-26 23:32:38.908 INFO: Epoch 72: head: Default, loss=0.00017319, RMSE_E_per_atom=    6.05 meV, RMSE_F= 1321.61 meV / A, RMSE_stress=None meV / A^3
2025-08-26 23:32:38.911 DEBUG: Deleting old checkpoint file: ./checkpoints/mace_T2_including_replay_w2_combinations_4elems_run-84_epoch-71.pt
2025-08-26 23:32:38.970 DEBUG: Saving checkpoint: ./checkpoints/mace_T2_including_replay_w2_combinations_4elems_run-84_epoch-72.pt
2025-08-26 23:45:38.739 INFO: Epoch 73: head: pt_head, loss=0.00000176, RMSE_E_per_atom=    0.59 meV, RMSE_F=None meV / A, RMSE_stress=None meV / A^3
2025-08-26 23:47:04.273 INFO: Epoch 73: head: Default, loss=0.00017157, RMSE_E_per_atom=    6.02 meV, RMSE_F= 1316.14 meV / A, RMSE_stress=None meV / A^3
2025-08-26 23:47:04.276 DEBUG: Deleting old checkpoint file: ./checkpoints/mace_T2_including_replay_w2_combinations_4elems_run-84_epoch-72.pt
2025-08-26 23:47:04.368 DEBUG: Saving checkpoint: ./checkpoints/mace_T2_including_replay_w2_combinations_4elems_run-84_epoch-73.pt
2025-08-27 00:00:03.057 INFO: Epoch 74: head: pt_head, loss=0.00000175, RMSE_E_per_atom=    0.59 meV, RMSE_F=None meV / A, RMSE_stress=None meV / A^3
2025-08-27 00:01:28.355 INFO: Epoch 74: head: Default, loss=0.00016994, RMSE_E_per_atom=    5.99 meV, RMSE_F= 1310.88 meV / A, RMSE_stress=None meV / A^3
2025-08-27 00:01:28.357 DEBUG: Deleting old checkpoint file: ./checkpoints/mace_T2_including_replay_w2_combinations_4elems_run-84_epoch-73.pt
2025-08-27 00:01:28.446 DEBUG: Saving checkpoint: ./checkpoints/mace_T2_including_replay_w2_combinations_4elems_run-84_epoch-74.pt
2025-08-27 00:14:29.546 INFO: Epoch 75: head: pt_head, loss=0.00000172, RMSE_E_per_atom=    0.59 meV, RMSE_F=None meV / A, RMSE_stress=None meV / A^3
2025-08-27 00:15:54.843 INFO: Epoch 75: head: Default, loss=0.00016825, RMSE_E_per_atom=    5.95 meV, RMSE_F= 1305.82 meV / A, RMSE_stress=None meV / A^3
2025-08-27 00:15:54.846 DEBUG: Deleting old checkpoint file: ./checkpoints/mace_T2_including_replay_w2_combinations_4elems_run-84_epoch-74.pt
2025-08-27 00:15:54.851 DEBUG: Saving checkpoint: ./checkpoints/mace_T2_including_replay_w2_combinations_4elems_run-84_epoch-75.pt
2025-08-27 00:28:54.822 INFO: Epoch 76: head: pt_head, loss=0.00000166, RMSE_E_per_atom=    0.58 meV, RMSE_F=None meV / A, RMSE_stress=None meV / A^3
2025-08-27 00:30:20.333 INFO: Epoch 76: head: Default, loss=0.00016676, RMSE_E_per_atom=    5.93 meV, RMSE_F= 1300.56 meV / A, RMSE_stress=None meV / A^3
2025-08-27 00:30:20.336 DEBUG: Deleting old checkpoint file: ./checkpoints/mace_T2_including_replay_w2_combinations_4elems_run-84_epoch-75.pt
2025-08-27 00:30:20.340 DEBUG: Saving checkpoint: ./checkpoints/mace_T2_including_replay_w2_combinations_4elems_run-84_epoch-76.pt
2025-09-03 04:18:46.304 INFO: ===========VERIFYING SETTINGS===========
2025-09-03 04:18:46.305 INFO: MACE version: 0.3.14
2025-09-03 04:18:46.305 DEBUG: Configuration: Namespace(config=None, name='mace_T2_including_replay_w2_combinations_4elems', seed=84, work_dir='.', log_dir='./logs', model_dir='.', checkpoints_dir='./checkpoints', results_dir='./results', downloads_dir='./downloads', device='cuda', default_dtype='float64', distributed=False, launcher='slurm', log_level='INFO', plot=True, plot_frequency=0, plot_interaction_e=False, error_table='PerAtomRMSE', model='MACE', r_max=5.0, radial_type='bessel', num_radial_basis=8, num_cutoff_basis=5, pair_repulsion=False, distance_transform='None', apply_cutoff=True, use_last_readout_only=False, use_embedding_readout=False, interaction='RealAgnosticResidualInteractionBlock', interaction_first='RealAgnosticResidualInteractionBlock', max_ell=3, correlation=3, use_reduced_cg=False, use_so3=False, use_agnostic_product=False, num_interactions=2, MLP_irreps='16x0e', radial_MLP='[64, 64, 64]', hidden_irreps='128x0e + 128x1o', edge_irreps=None, num_channels=128, max_L=1, gate='silu', scaling='rms_forces_scaling', avg_num_neighbors=1, compute_avg_num_neighbors=True, compute_stress=False, compute_forces=True, compute_polarizability=<function str2bool at 0x7f87250a2ca0>, compute_atomic_dipole=<function str2bool at 0x7f87250a2ca0>, train_file='/home/phanim/harshitrawat/summer/T1_T2_T3_data/T3_chgnet_labeled.extxyz', valid_file='/home/phanim/harshitrawat/summer/T1_T2_T3_data/T2_chgnet_labeled.extxyz', valid_fraction=0.1, test_file=None, test_dir=None, multi_processed_test=False, num_workers=0, pin_memory=True, atomic_numbers='[3,8,40,57]', mean=None, std=None, statistics_file=None, les_arguments=None, E0s='{3: -1.2302615750354944, 8: -23.049110738413006, 40: 23.367646191010394, 57: 15.192898072498549}', pseudolabel_replay=False, foundation_filter_elements=True, heads=None, multiheads_finetuning=True, foundation_head=None, weight_pt_head=1.0, real_pt_data_ratio_threshold=0.1, num_samples_pt=10000, force_mh_ft_lr=False, subselect_pt='random', filter_type_pt='none', allow_random_padding_pt=True, pt_train_file='/home/phanim/harshitrawat/summer/replay_data/mp_finetuning-just_to_get_file_combinations_run-84.xyz', pt_valid_file=None, foundation_model_elements=False, keep_isolated_atoms=False, energy_key='REF_energy', forces_key='REF_forces', virials_key='REF_virials', stress_key='REF_stress', dipole_key='dipole', polarizability_key='polarizability', head_key='head', charges_key='REF_charges', elec_temp_key='elec_temp', total_spin_key='total_spin', total_charge_key='total_charge', embedding_specs=None, skip_evaluate_heads='pt_head', loss='weighted', forces_weight=0.0, swa_forces_weight=100.0, energy_weight=10.0, swa_energy_weight=1000.0, virials_weight=1.0, swa_virials_weight=10.0, stress_weight=0.0, swa_stress_weight=10.0, dipole_weight=1.0, swa_dipole_weight=1.0, swa_polarizability_weight=1.0, polarizability_weight=1.0, config_type_weights='{"Default":1.0}', huber_delta=0.01, optimizer='adam', beta=0.9, batch_size=2, valid_batch_size=1, lr=0.006, swa_lr=0.001, weight_decay=1e-08, amsgrad=True, scheduler='ReduceLROnPlateau', lr_factor=0.8, scheduler_patience=4, lr_scheduler_gamma=0.9993, swa=False, start_swa=None, lbfgs=False, ema=False, ema_decay=0.999, max_num_epochs=78, patience=8, foundation_model='/home/phanim/harshitrawat/summer/mace_models/universal/2024-01-07-mace-128-L2_epoch-199.model', foundation_model_readout=False, eval_interval=1, keep_checkpoints=False, save_all_checkpoints=False, restart_latest=True, save_cpu=False, clip_grad=1.0, dry_run=False, enable_cueq=False, only_cueq=False, enable_oeq=False, wandb=False, wandb_dir=None, wandb_project='', wandb_entity='', wandb_name='', wandb_log_hypers=['num_channels', 'max_L', 'correlation', 'lr', 'swa_lr', 'weight_decay', 'batch_size', 'max_num_epochs', 'start_swa', 'energy_weight', 'forces_weight'], key_specification=KeySpecification(info_keys={'energy': 'REF_energy', 'stress': 'REF_stress', 'virials': 'REF_virials', 'dipole': 'dipole', 'head': 'head', 'elec_temp': 'elec_temp', 'total_charge': 'total_charge', 'polarizability': 'polarizability', 'total_spin': 'total_spin'}, arrays_keys={'forces': 'REF_forces', 'charges': 'REF_charges'}))
2025-09-03 04:18:46.720 INFO: CUDA version: 12.6, CUDA device: 0
2025-09-03 04:18:46.895 DEBUG: Popen(['git', 'version'], cwd=/home/phanim/harshitrawat/summer/iteration_3-Copy1, stdin=None, shell=False, universal_newlines=False)
2025-09-03 04:18:46.901 DEBUG: Popen(['git', 'version'], cwd=/home/phanim/harshitrawat/summer/iteration_3-Copy1, stdin=None, shell=False, universal_newlines=False)
2025-09-03 04:18:46.909 DEBUG: Popen(['git', 'cat-file', '--batch-check'], cwd=/home/phanim/harshitrawat/summer, stdin=<valid stream>, shell=False, universal_newlines=False)
2025-09-03 04:18:46.919 DEBUG: Current Git commit: 7bc4aa2b02a199f3650610a022c2258d3b2e92ae
2025-09-03 04:18:47.362 INFO: Using foundation model /home/phanim/harshitrawat/summer/mace_models/universal/2024-01-07-mace-128-L2_epoch-199.model as initial checkpoint.
2025-09-03 04:18:47.364 INFO: Multihead finetuning mode, setting learning rate to 0.0001 and EMA to True. To use a different learning rate, set --force_mh_ft_lr=True.
2025-09-03 04:18:47.365 INFO: Using multiheads finetuning mode, setting learning rate to 0.0001 and EMA to True
2025-09-03 04:18:47.365 INFO: ===========LOADING INPUT DATA===========
2025-09-03 04:18:47.365 INFO: Using heads: ['Default', 'pt_head']
2025-09-03 04:18:47.365 INFO: Using the key specifications to parse data:
2025-09-03 04:18:47.365 INFO: Default: KeySpecification(info_keys={'energy': 'REF_energy', 'stress': 'REF_stress', 'virials': 'REF_virials', 'dipole': 'dipole', 'head': 'head', 'elec_temp': 'elec_temp', 'total_charge': 'total_charge', 'polarizability': 'polarizability', 'total_spin': 'total_spin'}, arrays_keys={'forces': 'REF_forces', 'charges': 'REF_charges'})
2025-09-03 04:18:47.365 INFO: pt_head: KeySpecification(info_keys={'energy': 'REF_energy', 'stress': 'REF_stress', 'virials': 'REF_virials', 'dipole': 'dipole', 'head': 'head', 'elec_temp': 'elec_temp', 'total_charge': 'total_charge', 'polarizability': 'polarizability', 'total_spin': 'total_spin'}, arrays_keys={'forces': 'REF_forces', 'charges': 'REF_charges'})
2025-09-03 04:18:47.365 INFO: =============    Processing head Default     ===========
2025-09-03 04:18:47.366 DEBUG: Loading training file: /home/phanim/harshitrawat/summer/T1_T2_T3_data/T3_chgnet_labeled.extxyz
2025-09-03 04:18:52.788 INFO: Training set 1/1 [energy: 1612, stress: 0, virials: 0, dipole components: 0, head: 1612, elec_temp: 0, total_charge: 0, polarizability: 0, total_spin: 0, forces: 1612, charges: 0]
2025-09-03 04:18:52.793 INFO: Total Training set [energy: 1612, stress: 0, virials: 0, dipole components: 0, head: 1612, elec_temp: 0, total_charge: 0, polarizability: 0, total_spin: 0, forces: 1612, charges: 0]
2025-09-03 04:18:55.093 INFO: Validation set 1/1 [energy: 705, stress: 0, virials: 0, dipole components: 0, head: 705, elec_temp: 0, total_charge: 0, polarizability: 0, total_spin: 0, forces: 705, charges: 0]
2025-09-03 04:18:55.095 INFO: Total Validation set [energy: 705, stress: 0, virials: 0, dipole components: 0, head: 705, elec_temp: 0, total_charge: 0, polarizability: 0, total_spin: 0, forces: 705, charges: 0]
2025-09-03 04:18:55.095 INFO: Total number of configurations: train=1612, valid=705, tests=[],
2025-09-03 04:18:55.095 INFO: =============    Processing head pt_head     ===========
2025-09-03 04:18:55.096 DEBUG: Loading training file: /home/phanim/harshitrawat/summer/replay_data/mp_finetuning-just_to_get_file_combinations_run-84.xyz
2025-09-03 04:18:57.569 WARNING: No forces found with key 'REF_forces' in '/home/phanim/harshitrawat/summer/replay_data/mp_finetuning-just_to_get_file_combinations_run-84.xyz'. If this is unexpected, Please change the key name in the command line arguments or ensure that the file contains the required data.
2025-09-03 04:18:57.896 INFO: Training set 1/1 [energy: 10000, stress: 0, virials: 0, dipole components: 0, head: 10000, elec_temp: 0, total_charge: 0, polarizability: 0, total_spin: 0, forces: 0, charges: 0]
2025-09-03 04:18:57.924 INFO: Total Training set [energy: 10000, stress: 0, virials: 0, dipole components: 0, head: 10000, elec_temp: 0, total_charge: 0, polarizability: 0, total_spin: 0, forces: 0, charges: 0]
2025-09-03 04:18:57.924 INFO: No validation set provided, splitting training data instead.
2025-09-03 04:18:57.928 INFO: Using random 10% of training set for validation with indices saved in: ./valid_indices_84.txt
2025-09-03 04:18:57.957 INFO: Random Split Training set [energy: 9000, stress: 0, virials: 0, dipole components: 0, head: 9000, elec_temp: 0, total_charge: 0, polarizability: 0, total_spin: 0, forces: 0, charges: 0]
2025-09-03 04:18:57.960 INFO: Random Split Validation set [energy: 1000, stress: 0, virials: 0, dipole components: 0, head: 1000, elec_temp: 0, total_charge: 0, polarizability: 0, total_spin: 0, forces: 0, charges: 0]
2025-09-03 04:18:57.960 INFO: Total number of configurations: train=9000, valid=1000, tests=[],
2025-09-03 04:18:57.960 INFO: ==================Using multiheads finetuning mode==================
2025-09-03 04:18:57.960 INFO: Total number of configurations in pretraining: train=9000, valid=1000
2025-09-03 04:18:57.960 INFO: Using atomic numbers from command line argument
2025-09-03 04:18:57.977 INFO: Atomic Numbers used: [3, 8, 40, 57]
2025-09-03 04:18:57.977 INFO: Isolated Atomic Energies (E0s) not in training file, using command line argument
2025-09-03 04:18:57.980 INFO: Atomic Energies used (z: eV) for head Default: {3: -1.2302615750354944, 8: -23.049110738413006, 40: 23.367646191010394, 57: 15.192898072498549}
2025-09-03 04:18:57.980 INFO: Atomic Energies used (z: eV) for head pt_head: {3: -3.482100566595956, 8: -7.28459863421322, 40: -11.846857579882572, 57: -8.933684809576345}
2025-09-03 04:18:57.980 INFO: Processing datasets for head 'Default'
2025-09-03 04:19:17.160 DEBUG: Successfully loaded dataset from ASE files: ['/home/phanim/harshitrawat/summer/T1_T2_T3_data/T3_chgnet_labeled.extxyz']
2025-09-03 04:19:17.160 INFO: Combining 1 list datasets for head 'Default'
2025-09-03 04:19:25.758 DEBUG: Successfully loaded validation dataset from ASE files: ['/home/phanim/harshitrawat/summer/T1_T2_T3_data/T2_chgnet_labeled.extxyz']
2025-09-03 04:19:25.758 INFO: Combining 1 list datasets for head 'Default_valid'
2025-09-03 04:19:25.758 INFO: Combined validation datasets for Default
2025-09-03 04:19:25.758 INFO: Head 'Default' training dataset size: 1612
2025-09-03 04:19:25.759 INFO: Processing datasets for head 'pt_head'
2025-09-03 04:19:32.499 DEBUG: Successfully loaded dataset from ASE files: ['/home/phanim/harshitrawat/summer/replay_data/mp_finetuning-just_to_get_file_combinations_run-84.xyz']
2025-09-03 04:19:32.499 INFO: Combining 1 list datasets for head 'pt_head'
2025-09-03 04:19:33.203 INFO: Head 'pt_head' training dataset size: 9000
2025-09-03 04:19:33.203 INFO: Average number of neighbors: 61.964672446250916
2025-09-03 04:19:33.203 INFO: During training the following quantities will be reported: energy, forces, stress
2025-09-03 04:19:33.203 INFO: ===========MODEL DETAILS===========
2025-09-03 04:19:39.600 WARNING: Standard deviation of the scaling is zero, Changing to no scaling
2025-09-03 04:19:39.612 INFO: Loading FOUNDATION model
2025-09-03 04:19:39.613 INFO: Using filtered elements: [3, 8, 40, 57]
2025-09-03 04:19:39.613 INFO: Model configuration extracted from foundation model
2025-09-03 04:19:39.613 INFO: Using universal loss function for fine-tuning
2025-09-03 04:19:39.613 INFO: Message passing with hidden irreps 128x0e+128x1o+128x2e)
2025-09-03 04:19:39.614 INFO: 2 layers, each with correlation order: 3 (body order: 4) and spherical harmonics up to: l=3
2025-09-03 04:19:39.614 INFO: Radial cutoff: 6.0 A (total receptive field for each atom: 12.0 A)
2025-09-03 04:19:39.614 INFO: Distance transform for radial basis functions: None
2025-09-03 04:19:40.912 DEBUG: ScaleShiftMACE(
  (node_embedding): LinearNodeEmbeddingBlock(
    (linear): Linear(4x0e -> 128x0e | 512 weights)
  )
  (radial_embedding): RadialEmbeddingBlock(
    (bessel_fn): BesselBasis(r_max=6.0, num_basis=10, trainable=True)
    (cutoff_fn): PolynomialCutoff(p=5, r_max=6.0)
  )
  (spherical_harmonics): SphericalHarmonics()
  (atomic_energies_fn): AtomicEnergiesBlock(energies=[[-3.4821, -7.2846, -11.8469, -8.9337], [-1.2303, -23.0491, 23.3676, 15.1929]])
  (interactions): ModuleList(
    (0): RealAgnosticResidualInteractionBlock(
      (linear_up): Linear(128x0e -> 128x0e | 16384 weights)
      (conv_tp): TensorProduct(128x0e x 1x0e+1x1o+1x2e+1x3o -> 128x0e+128x1o+128x2e+128x3o | 512 paths | 512 weights)
      (conv_tp_weights): FullyConnectedNet[10, 64, 64, 64, 512]
      (linear): Linear(128x0e+128x1o+128x2e+128x3o -> 128x0e+128x1o+128x2e+128x3o | 65536 weights)
      (skip_tp): FullyConnectedTensorProduct(128x0e x 4x0e -> 128x0e+128x1o+128x2e | 65536 paths | 65536 weights)
      (reshape): reshape_irreps()
    )
    (1): RealAgnosticResidualInteractionBlock(
      (linear_up): Linear(128x0e+128x1o+128x2e -> 128x0e+128x1o+128x2e | 49152 weights)
      (conv_tp): TensorProduct(128x0e+128x1o+128x2e x 1x0e+1x1o+1x2e+1x3o -> 384x0e+640x1o+640x2e+512x3o | 2176 paths | 2176 weights)
      (conv_tp_weights): FullyConnectedNet[10, 64, 64, 64, 2176]
      (linear): Linear(128x0e+128x0e+128x0e+128x1o+128x1o+128x1o+128x1o+128x1o+128x2e+128x2e+128x2e+128x2e+128x2e+128x3o+128x3o+128x3o+128x3o -> 128x0e+128x1o+128x2e+128x3o | 278528 weights)
      (skip_tp): FullyConnectedTensorProduct(128x0e+128x1o+128x2e x 4x0e -> 128x0e | 65536 paths | 65536 weights)
      (reshape): reshape_irreps()
    )
  )
  (products): ModuleList(
    (0): EquivariantProductBasisBlock(
      (symmetric_contractions): SymmetricContraction(
        (contractions): ModuleList(
          (0): Contraction(
            (contractions_weighting): ModuleList(
              (0-1): 2 x GraphModule()
            )
            (contractions_features): ModuleList(
              (0-1): 2 x GraphModule()
            )
            (weights): ParameterList(
                (0): Parameter containing: [torch.float64 of size 4x4x128 (cuda:0)]
                (1): Parameter containing: [torch.float64 of size 4x1x128 (cuda:0)]
            )
            (graph_opt_main): GraphModule()
          )
          (1): Contraction(
            (contractions_weighting): ModuleList(
              (0-1): 2 x GraphModule()
            )
            (contractions_features): ModuleList(
              (0-1): 2 x GraphModule()
            )
            (weights): ParameterList(
                (0): Parameter containing: [torch.float64 of size 4x6x128 (cuda:0)]
                (1): Parameter containing: [torch.float64 of size 4x1x128 (cuda:0)]
            )
            (graph_opt_main): GraphModule()
          )
          (2): Contraction(
            (contractions_weighting): ModuleList(
              (0-1): 2 x GraphModule()
            )
            (contractions_features): ModuleList(
              (0-1): 2 x GraphModule()
            )
            (weights): ParameterList(
                (0): Parameter containing: [torch.float64 of size 4x7x128 (cuda:0)]
                (1): Parameter containing: [torch.float64 of size 4x1x128 (cuda:0)]
            )
            (graph_opt_main): GraphModule()
          )
        )
      )
      (linear): Linear(128x0e+128x1o+128x2e -> 128x0e+128x1o+128x2e | 49152 weights)
    )
    (1): EquivariantProductBasisBlock(
      (symmetric_contractions): SymmetricContraction(
        (contractions): ModuleList(
          (0): Contraction(
            (contractions_weighting): ModuleList(
              (0-1): 2 x GraphModule()
            )
            (contractions_features): ModuleList(
              (0-1): 2 x GraphModule()
            )
            (weights): ParameterList(
                (0): Parameter containing: [torch.float64 of size 4x4x128 (cuda:0)]
                (1): Parameter containing: [torch.float64 of size 4x1x128 (cuda:0)]
            )
            (graph_opt_main): GraphModule()
          )
        )
      )
      (linear): Linear(128x0e -> 128x0e | 16384 weights)
    )
  )
  (readouts): ModuleList(
    (0): LinearReadoutBlock(
      (linear): Linear(128x0e+128x1o+128x2e -> 2x0e | 256 weights)
    )
    (1): NonLinearReadoutBlock(
      (linear_1): Linear(128x0e -> 32x0e | 4096 weights)
      (non_linearity): Activation [x] (32x0e -> 32x0e)
      (linear_2): Linear(32x0e -> 2x0e | 64 weights)
    )
  )
  (scale_shift): ScaleShiftBlock(scale=0.8042, 0.8042, shift=0.1641, 0.1641)
)
2025-09-03 04:19:40.913 INFO: Total number of parameters: 896586
2025-09-03 04:19:40.913 INFO: 
2025-09-03 04:19:40.914 INFO: ===========OPTIMIZER INFORMATION===========
2025-09-03 04:19:40.914 INFO: Using ADAM as parameter optimizer
2025-09-03 04:19:40.914 INFO: Batch size: 2
2025-09-03 04:19:40.914 INFO: Using Exponential Moving Average with decay: 0.99999
2025-09-03 04:19:40.914 INFO: Number of gradient updates: 413868
2025-09-03 04:19:40.914 INFO: Learning rate: 0.0001, weight decay: 1e-08
2025-09-03 04:19:40.914 INFO: UniversalLoss(energy_weight=10.000, forces_weight=0.000, stress_weight=0.000)
2025-09-03 04:19:40.934 WARNING: No SWA checkpoint found, while SWA is enabled. Compare the swa_start parameter and the latest checkpoint.
2025-09-03 04:19:40.935 INFO: Loading checkpoint: ./checkpoints/mace_T2_including_replay_w2_combinations_4elems_run-84_epoch-76.pt
2025-09-03 04:19:40.986 INFO: Using gradient clipping with tolerance=1.000
2025-09-03 04:19:40.986 INFO: 
2025-09-03 04:19:40.986 INFO: ===========TRAINING===========
2025-09-03 04:19:40.986 INFO: Started training, reporting errors on validation set
2025-09-03 04:19:40.986 INFO: Loss metrics on validation set
2025-09-03 04:20:20.674 INFO: Initial: head: pt_head, loss=0.00000166, RMSE_E_per_atom=    0.58 meV, RMSE_F=None meV / A, RMSE_stress=None meV / A^3
2025-09-03 04:21:47.071 INFO: Initial: head: Default, loss=0.00016676, RMSE_E_per_atom=    5.93 meV, RMSE_F= 1300.56 meV / A, RMSE_stress=None meV / A^3
2025-09-03 04:35:01.626 INFO: Epoch 76: head: pt_head, loss=0.00000862, RMSE_E_per_atom=    1.31 meV, RMSE_F=None meV / A, RMSE_stress=None meV / A^3
2025-09-03 04:36:27.958 INFO: Epoch 76: head: Default, loss=0.00016285, RMSE_E_per_atom=    5.85 meV, RMSE_F= 1298.79 meV / A, RMSE_stress=None meV / A^3
2025-09-03 04:36:27.961 DEBUG: Saving checkpoint: ./checkpoints/mace_T2_including_replay_w2_combinations_4elems_run-84_epoch-76.pt
2025-09-03 04:49:38.746 INFO: Epoch 77: head: pt_head, loss=0.00000354, RMSE_E_per_atom=    0.84 meV, RMSE_F=None meV / A, RMSE_stress=None meV / A^3
2025-09-03 04:51:05.033 INFO: Epoch 77: head: Default, loss=0.00016262, RMSE_E_per_atom=    5.84 meV, RMSE_F= 1294.14 meV / A, RMSE_stress=None meV / A^3
2025-09-03 04:51:05.035 DEBUG: Deleting old checkpoint file: ./checkpoints/mace_T2_including_replay_w2_combinations_4elems_run-84_epoch-76.pt
2025-09-03 04:51:05.040 DEBUG: Saving checkpoint: ./checkpoints/mace_T2_including_replay_w2_combinations_4elems_run-84_epoch-77.pt
2025-09-03 04:51:05.138 INFO: Training complete
2025-09-03 04:51:05.139 INFO: 
2025-09-03 04:51:05.139 INFO: ===========RESULTS===========
2025-09-03 04:51:05.142 INFO: Loading checkpoint: ./checkpoints/mace_T2_including_replay_w2_combinations_4elems_run-84_epoch-77.pt
2025-09-03 04:51:05.171 INFO: Loaded Stage one model from epoch 77 for evaluation
2025-09-03 04:51:05.171 INFO: Saving model to checkpoints/mace_T2_including_replay_w2_combinations_4elems_run-84.model
2025-09-03 04:51:05.403 INFO: Compiling model, saving metadata to mace_T2_including_replay_w2_combinations_4elems_compiled.model
2025-09-03 04:51:05.986 INFO: Computing metrics for training, validation, and test sets
2025-09-03 04:51:05.986 INFO: Skipping evaluation for heads: ['pt_head']
2025-09-03 04:51:05.986 INFO: Evaluating train_Default ...
2025-09-03 04:53:56.003 INFO: Skipping evaluation of train_pt_head (in skip_heads list)
2025-09-03 04:53:56.006 INFO: Evaluating valid_Default ...
