2025-08-22 02:28:37.990 INFO: ===========VERIFYING SETTINGS===========
2025-08-22 02:28:37.990 INFO: MACE version: 0.3.14
2025-08-22 02:28:37.991 DEBUG: Configuration: Namespace(config=None, name='template_mace_T2_including_replay_w2', seed=84, work_dir='.', log_dir='./logs', model_dir='.', checkpoints_dir='./checkpoints', results_dir='./results', downloads_dir='./downloads', device='cuda', default_dtype='float64', distributed=False, launcher='slurm', log_level='INFO', plot=True, plot_frequency=0, plot_interaction_e=False, error_table='PerAtomRMSE', model='MACE', r_max=5.0, radial_type='bessel', num_radial_basis=8, num_cutoff_basis=5, pair_repulsion=False, distance_transform='None', apply_cutoff=True, use_last_readout_only=False, use_embedding_readout=False, interaction='RealAgnosticResidualInteractionBlock', interaction_first='RealAgnosticResidualInteractionBlock', max_ell=3, correlation=3, use_reduced_cg=False, use_so3=False, use_agnostic_product=False, num_interactions=2, MLP_irreps='16x0e', radial_MLP='[64, 64, 64]', hidden_irreps='128x0e + 128x1o', edge_irreps=None, num_channels=128, max_L=1, gate='silu', scaling='rms_forces_scaling', avg_num_neighbors=1, compute_avg_num_neighbors=True, compute_stress=False, compute_forces=True, compute_polarizability=<function str2bool at 0x7fd10ce26c00>, compute_atomic_dipole=<function str2bool at 0x7fd10ce26c00>, train_file='/home/phanim/harshitrawat/summer/iteration_3-Copy1/one.xyz', valid_file=None, valid_fraction=0.5, test_file=None, test_dir=None, multi_processed_test=False, num_workers=0, pin_memory=True, atomic_numbers=None, mean=None, std=None, statistics_file=None, les_arguments=None, E0s='{3: -1.2302615750354944, 8: -23.049110738413006, 40: 23.367646191010394, 57: 15.192898072498549}', pseudolabel_replay=False, foundation_filter_elements=True, heads=None, multiheads_finetuning=True, foundation_head=None, weight_pt_head=1.0, real_pt_data_ratio_threshold=0.1, num_samples_pt=10000, force_mh_ft_lr=False, subselect_pt='random', filter_type_pt='none', allow_random_padding_pt=True, pt_train_file=None, pt_valid_file=None, foundation_model_elements=False, keep_isolated_atoms=False, energy_key='REF_energy', forces_key='REF_forces', virials_key='REF_virials', stress_key='REF_stress', dipole_key='dipole', polarizability_key='polarizability', head_key='head', charges_key='REF_charges', elec_temp_key='elec_temp', total_spin_key='total_spin', total_charge_key='total_charge', embedding_specs=None, skip_evaluate_heads='pt_head', loss='weighted', forces_weight=0.0, swa_forces_weight=100.0, energy_weight=10.0, swa_energy_weight=1000.0, virials_weight=1.0, swa_virials_weight=10.0, stress_weight=0.0, swa_stress_weight=10.0, dipole_weight=1.0, swa_dipole_weight=1.0, swa_polarizability_weight=1.0, polarizability_weight=1.0, config_type_weights='{"Default":1.0}', huber_delta=0.01, optimizer='adam', beta=0.9, batch_size=2, valid_batch_size=1, lr=0.006, swa_lr=0.001, weight_decay=1e-08, amsgrad=True, scheduler='ReduceLROnPlateau', lr_factor=0.8, scheduler_patience=4, lr_scheduler_gamma=0.9993, swa=False, start_swa=None, lbfgs=False, ema=False, ema_decay=0.99, max_num_epochs=1, patience=8, foundation_model='/home/phanim/harshitrawat/summer/mace_models/universal/2024-01-07-mace-128-L2_epoch-199.model', foundation_model_readout=False, eval_interval=1, keep_checkpoints=False, save_all_checkpoints=False, restart_latest=True, save_cpu=False, clip_grad=1.0, dry_run=False, enable_cueq=False, only_cueq=False, enable_oeq=False, wandb=False, wandb_dir=None, wandb_project='', wandb_entity='', wandb_name='', wandb_log_hypers=['num_channels', 'max_L', 'correlation', 'lr', 'swa_lr', 'weight_decay', 'batch_size', 'max_num_epochs', 'start_swa', 'energy_weight', 'forces_weight'], key_specification=KeySpecification(info_keys={'energy': 'REF_energy', 'stress': 'REF_stress', 'virials': 'REF_virials', 'dipole': 'dipole', 'head': 'head', 'elec_temp': 'elec_temp', 'total_charge': 'total_charge', 'polarizability': 'polarizability', 'total_spin': 'total_spin'}, arrays_keys={'forces': 'REF_forces', 'charges': 'REF_charges'}))
2025-08-22 02:28:38.056 INFO: CUDA version: 12.6, CUDA device: 0
2025-08-22 02:28:38.204 DEBUG: Popen(['git', 'version'], cwd=/home/phanim/harshitrawat/summer/iteration_3-Copy1, stdin=None, shell=False, universal_newlines=False)
2025-08-22 02:28:38.208 DEBUG: Popen(['git', 'version'], cwd=/home/phanim/harshitrawat/summer/iteration_3-Copy1, stdin=None, shell=False, universal_newlines=False)
2025-08-22 02:28:38.289 DEBUG: Popen(['git', 'cat-file', '--batch-check'], cwd=/home/phanim/harshitrawat/summer, stdin=<valid stream>, shell=False, universal_newlines=False)
2025-08-22 02:28:38.386 DEBUG: Current Git commit: 624a439ffb84b7acce76eceb76f5ccfb4dfdb592
2025-08-22 02:28:38.869 INFO: Using foundation model /home/phanim/harshitrawat/summer/mace_models/universal/2024-01-07-mace-128-L2_epoch-199.model as initial checkpoint.
2025-08-22 02:28:38.870 WARNING: Using multiheads finetuning with a foundation model that is not a Materials Project model, need to provied a path to a pretraining file with --pt_train_file.
2025-08-22 02:28:38.870 INFO: ===========LOADING INPUT DATA===========
2025-08-22 02:28:38.870 INFO: Using heads: ['Default']
2025-08-22 02:28:38.870 INFO: Using the key specifications to parse data:
2025-08-22 02:28:38.870 INFO: Default: KeySpecification(info_keys={'energy': 'REF_energy', 'stress': 'REF_stress', 'virials': 'REF_virials', 'dipole': 'dipole', 'head': 'head', 'elec_temp': 'elec_temp', 'total_charge': 'total_charge', 'polarizability': 'polarizability', 'total_spin': 'total_spin'}, arrays_keys={'forces': 'REF_forces', 'charges': 'REF_charges'})
2025-08-22 02:28:38.870 INFO: =============    Processing head Default     ===========
2025-08-22 02:28:38.871 DEBUG: Loading training file: /home/phanim/harshitrawat/summer/iteration_3-Copy1/one.xyz
2025-08-22 02:28:38.881 WARNING: No forces found with key 'REF_forces' in '/home/phanim/harshitrawat/summer/iteration_3-Copy1/one.xyz'. If this is unexpected, Please change the key name in the command line arguments or ensure that the file contains the required data.
2025-08-22 02:28:38.881 INFO: Training set 1/1 [energy: 1, stress: 0, virials: 0, dipole components: 0, head: 1, elec_temp: 0, total_charge: 0, polarizability: 0, total_spin: 0, forces: 0, charges: 0]
2025-08-22 02:28:38.881 INFO: Total Training set [energy: 1, stress: 0, virials: 0, dipole components: 0, head: 1, elec_temp: 0, total_charge: 0, polarizability: 0, total_spin: 0, forces: 0, charges: 0]
2025-08-22 02:28:38.881 INFO: No validation set provided, splitting training data instead.
2025-08-22 02:29:22.995 INFO: ===========VERIFYING SETTINGS===========
2025-08-22 02:29:22.995 INFO: MACE version: 0.3.14
2025-08-22 02:29:22.995 DEBUG: Configuration: Namespace(config=None, name='template_mace_T2_including_replay_w2', seed=84, work_dir='.', log_dir='./logs', model_dir='.', checkpoints_dir='./checkpoints', results_dir='./results', downloads_dir='./downloads', device='cuda', default_dtype='float64', distributed=False, launcher='slurm', log_level='INFO', plot=True, plot_frequency=0, plot_interaction_e=False, error_table='PerAtomRMSE', model='MACE', r_max=5.0, radial_type='bessel', num_radial_basis=8, num_cutoff_basis=5, pair_repulsion=False, distance_transform='None', apply_cutoff=True, use_last_readout_only=False, use_embedding_readout=False, interaction='RealAgnosticResidualInteractionBlock', interaction_first='RealAgnosticResidualInteractionBlock', max_ell=3, correlation=3, use_reduced_cg=False, use_so3=False, use_agnostic_product=False, num_interactions=2, MLP_irreps='16x0e', radial_MLP='[64, 64, 64]', hidden_irreps='128x0e + 128x1o', edge_irreps=None, num_channels=128, max_L=1, gate='silu', scaling='rms_forces_scaling', avg_num_neighbors=1, compute_avg_num_neighbors=True, compute_stress=False, compute_forces=True, compute_polarizability=<function str2bool at 0x7f60bc11ec00>, compute_atomic_dipole=<function str2bool at 0x7f60bc11ec00>, train_file='/home/phanim/harshitrawat/summer/iteration_3-Copy1/one.xyz', valid_file=None, valid_fraction=0.5, test_file=None, test_dir=None, multi_processed_test=False, num_workers=0, pin_memory=True, atomic_numbers=None, mean=None, std=None, statistics_file=None, les_arguments=None, E0s='{3: -1.2302615750354944, 8: -23.049110738413006, 40: 23.367646191010394, 57: 15.192898072498549}', pseudolabel_replay=False, foundation_filter_elements=True, heads=None, multiheads_finetuning=True, foundation_head=None, weight_pt_head=1.0, real_pt_data_ratio_threshold=0.1, num_samples_pt=10000, force_mh_ft_lr=False, subselect_pt='random', filter_type_pt='none', allow_random_padding_pt=True, pt_train_file=None, pt_valid_file=None, foundation_model_elements=False, keep_isolated_atoms=False, energy_key='REF_energy', forces_key='REF_forces', virials_key='REF_virials', stress_key='REF_stress', dipole_key='dipole', polarizability_key='polarizability', head_key='head', charges_key='REF_charges', elec_temp_key='elec_temp', total_spin_key='total_spin', total_charge_key='total_charge', embedding_specs=None, skip_evaluate_heads='pt_head', loss='weighted', forces_weight=0.0, swa_forces_weight=100.0, energy_weight=10.0, swa_energy_weight=1000.0, virials_weight=1.0, swa_virials_weight=10.0, stress_weight=0.0, swa_stress_weight=10.0, dipole_weight=1.0, swa_dipole_weight=1.0, swa_polarizability_weight=1.0, polarizability_weight=1.0, config_type_weights='{"Default":1.0}', huber_delta=0.01, optimizer='adam', beta=0.9, batch_size=2, valid_batch_size=1, lr=0.006, swa_lr=0.001, weight_decay=1e-08, amsgrad=True, scheduler='ReduceLROnPlateau', lr_factor=0.8, scheduler_patience=4, lr_scheduler_gamma=0.9993, swa=False, start_swa=None, lbfgs=False, ema=False, ema_decay=0.99, max_num_epochs=1, patience=8, foundation_model='/home/phanim/harshitrawat/summer/mace_models/universal/2024-01-07-mace-128-L2_epoch-199.model', foundation_model_readout=False, eval_interval=1, keep_checkpoints=False, save_all_checkpoints=False, restart_latest=True, save_cpu=False, clip_grad=1.0, dry_run=False, enable_cueq=False, only_cueq=False, enable_oeq=False, wandb=False, wandb_dir=None, wandb_project='', wandb_entity='', wandb_name='', wandb_log_hypers=['num_channels', 'max_L', 'correlation', 'lr', 'swa_lr', 'weight_decay', 'batch_size', 'max_num_epochs', 'start_swa', 'energy_weight', 'forces_weight'], key_specification=KeySpecification(info_keys={'energy': 'REF_energy', 'stress': 'REF_stress', 'virials': 'REF_virials', 'dipole': 'dipole', 'head': 'head', 'elec_temp': 'elec_temp', 'total_charge': 'total_charge', 'polarizability': 'polarizability', 'total_spin': 'total_spin'}, arrays_keys={'forces': 'REF_forces', 'charges': 'REF_charges'}))
2025-08-22 02:29:23.054 INFO: CUDA version: 12.6, CUDA device: 0
2025-08-22 02:29:23.097 DEBUG: Popen(['git', 'version'], cwd=/home/phanim/harshitrawat/summer/iteration_3-Copy1, stdin=None, shell=False, universal_newlines=False)
2025-08-22 02:29:23.101 DEBUG: Popen(['git', 'version'], cwd=/home/phanim/harshitrawat/summer/iteration_3-Copy1, stdin=None, shell=False, universal_newlines=False)
2025-08-22 02:29:23.105 DEBUG: Popen(['git', 'cat-file', '--batch-check'], cwd=/home/phanim/harshitrawat/summer, stdin=<valid stream>, shell=False, universal_newlines=False)
2025-08-22 02:29:23.108 DEBUG: Current Git commit: 624a439ffb84b7acce76eceb76f5ccfb4dfdb592
2025-08-22 02:29:23.542 INFO: Using foundation model /home/phanim/harshitrawat/summer/mace_models/universal/2024-01-07-mace-128-L2_epoch-199.model as initial checkpoint.
2025-08-22 02:29:23.547 WARNING: Using multiheads finetuning with a foundation model that is not a Materials Project model, need to provied a path to a pretraining file with --pt_train_file.
2025-08-22 02:29:23.547 INFO: ===========LOADING INPUT DATA===========
2025-08-22 02:29:23.547 INFO: Using heads: ['Default']
2025-08-22 02:29:23.547 INFO: Using the key specifications to parse data:
2025-08-22 02:29:23.547 INFO: Default: KeySpecification(info_keys={'energy': 'REF_energy', 'stress': 'REF_stress', 'virials': 'REF_virials', 'dipole': 'dipole', 'head': 'head', 'elec_temp': 'elec_temp', 'total_charge': 'total_charge', 'polarizability': 'polarizability', 'total_spin': 'total_spin'}, arrays_keys={'forces': 'REF_forces', 'charges': 'REF_charges'})
2025-08-22 02:29:23.547 INFO: =============    Processing head Default     ===========
2025-08-22 02:29:23.547 DEBUG: Loading training file: /home/phanim/harshitrawat/summer/iteration_3-Copy1/one.xyz
2025-08-22 02:29:23.555 WARNING: No forces found with key 'REF_forces' in '/home/phanim/harshitrawat/summer/iteration_3-Copy1/one.xyz'. If this is unexpected, Please change the key name in the command line arguments or ensure that the file contains the required data.
2025-08-22 02:29:23.555 INFO: Training set 1/1 [energy: 2, stress: 0, virials: 0, dipole components: 0, head: 2, elec_temp: 0, total_charge: 0, polarizability: 0, total_spin: 0, forces: 0, charges: 0]
2025-08-22 02:29:23.555 INFO: Total Training set [energy: 2, stress: 0, virials: 0, dipole components: 0, head: 2, elec_temp: 0, total_charge: 0, polarizability: 0, total_spin: 0, forces: 0, charges: 0]
2025-08-22 02:29:23.555 INFO: No validation set provided, splitting training data instead.
2025-08-22 02:29:23.555 INFO: Using random 50% of training set for validation with following indices: [0]
2025-08-22 02:29:23.555 INFO: Random Split Training set [energy: 1, stress: 0, virials: 0, dipole components: 0, head: 1, elec_temp: 0, total_charge: 0, polarizability: 0, total_spin: 0, forces: 0, charges: 0]
2025-08-22 02:29:23.555 INFO: Random Split Validation set [energy: 1, stress: 0, virials: 0, dipole components: 0, head: 1, elec_temp: 0, total_charge: 0, polarizability: 0, total_spin: 0, forces: 0, charges: 0]
2025-08-22 02:29:23.555 INFO: Total number of configurations: train=1, valid=1, tests=[],
2025-08-22 02:29:23.555 ERROR: Batch size (2) is larger than the number of training data (1)
2025-08-22 02:29:23.555 INFO: Atomic Numbers used: [3, 8, 40, 57]
2025-08-22 02:29:23.556 INFO: Isolated Atomic Energies (E0s) not in training file, using command line argument
2025-08-22 02:29:23.556 INFO: Atomic Energies used (z: eV) for head Default: {3: -1.2302615750354944, 8: -23.049110738413006, 40: 23.367646191010394, 57: 15.192898072498549}
2025-08-22 02:29:23.556 INFO: Processing datasets for head 'Default'
2025-08-22 02:29:23.556 DEBUG: Successfully loaded dataset from ASE files: ['/home/phanim/harshitrawat/summer/iteration_3-Copy1/one.xyz']
2025-08-22 02:29:23.556 INFO: Combining 1 list datasets for head 'Default'
2025-08-22 02:29:23.557 INFO: Head 'Default' training dataset size: 1
2025-08-22 02:29:23.557 INFO: Computing average number of neighbors
