2025-08-22 02:28:37.990 INFO: ===========VERIFYING SETTINGS===========
2025-08-22 02:28:37.990 INFO: MACE version: 0.3.14
2025-08-22 02:28:38.056 INFO: CUDA version: 12.6, CUDA device: 0
2025-08-22 02:28:38.869 INFO: Using foundation model /home/phanim/harshitrawat/summer/mace_models/universal/2024-01-07-mace-128-L2_epoch-199.model as initial checkpoint.
2025-08-22 02:28:38.870 WARNING: Using multiheads finetuning with a foundation model that is not a Materials Project model, need to provied a path to a pretraining file with --pt_train_file.
2025-08-22 02:28:38.870 INFO: ===========LOADING INPUT DATA===========
2025-08-22 02:28:38.870 INFO: Using heads: ['Default']
2025-08-22 02:28:38.870 INFO: Using the key specifications to parse data:
2025-08-22 02:28:38.870 INFO: Default: KeySpecification(info_keys={'energy': 'REF_energy', 'stress': 'REF_stress', 'virials': 'REF_virials', 'dipole': 'dipole', 'head': 'head', 'elec_temp': 'elec_temp', 'total_charge': 'total_charge', 'polarizability': 'polarizability', 'total_spin': 'total_spin'}, arrays_keys={'forces': 'REF_forces', 'charges': 'REF_charges'})
2025-08-22 02:28:38.870 INFO: =============    Processing head Default     ===========
2025-08-22 02:28:38.881 WARNING: No forces found with key 'REF_forces' in '/home/phanim/harshitrawat/summer/iteration_3-Copy1/one.xyz'. If this is unexpected, Please change the key name in the command line arguments or ensure that the file contains the required data.
2025-08-22 02:28:38.881 INFO: Training set 1/1 [energy: 1, stress: 0, virials: 0, dipole components: 0, head: 1, elec_temp: 0, total_charge: 0, polarizability: 0, total_spin: 0, forces: 0, charges: 0]
2025-08-22 02:28:38.881 INFO: Total Training set [energy: 1, stress: 0, virials: 0, dipole components: 0, head: 1, elec_temp: 0, total_charge: 0, polarizability: 0, total_spin: 0, forces: 0, charges: 0]
2025-08-22 02:28:38.881 INFO: No validation set provided, splitting training data instead.
2025-08-22 02:29:22.995 INFO: ===========VERIFYING SETTINGS===========
2025-08-22 02:29:22.995 INFO: MACE version: 0.3.14
2025-08-22 02:29:23.054 INFO: CUDA version: 12.6, CUDA device: 0
2025-08-22 02:29:23.542 INFO: Using foundation model /home/phanim/harshitrawat/summer/mace_models/universal/2024-01-07-mace-128-L2_epoch-199.model as initial checkpoint.
2025-08-22 02:29:23.547 WARNING: Using multiheads finetuning with a foundation model that is not a Materials Project model, need to provied a path to a pretraining file with --pt_train_file.
2025-08-22 02:29:23.547 INFO: ===========LOADING INPUT DATA===========
2025-08-22 02:29:23.547 INFO: Using heads: ['Default']
2025-08-22 02:29:23.547 INFO: Using the key specifications to parse data:
2025-08-22 02:29:23.547 INFO: Default: KeySpecification(info_keys={'energy': 'REF_energy', 'stress': 'REF_stress', 'virials': 'REF_virials', 'dipole': 'dipole', 'head': 'head', 'elec_temp': 'elec_temp', 'total_charge': 'total_charge', 'polarizability': 'polarizability', 'total_spin': 'total_spin'}, arrays_keys={'forces': 'REF_forces', 'charges': 'REF_charges'})
2025-08-22 02:29:23.547 INFO: =============    Processing head Default     ===========
2025-08-22 02:29:23.555 WARNING: No forces found with key 'REF_forces' in '/home/phanim/harshitrawat/summer/iteration_3-Copy1/one.xyz'. If this is unexpected, Please change the key name in the command line arguments or ensure that the file contains the required data.
2025-08-22 02:29:23.555 INFO: Training set 1/1 [energy: 2, stress: 0, virials: 0, dipole components: 0, head: 2, elec_temp: 0, total_charge: 0, polarizability: 0, total_spin: 0, forces: 0, charges: 0]
2025-08-22 02:29:23.555 INFO: Total Training set [energy: 2, stress: 0, virials: 0, dipole components: 0, head: 2, elec_temp: 0, total_charge: 0, polarizability: 0, total_spin: 0, forces: 0, charges: 0]
2025-08-22 02:29:23.555 INFO: No validation set provided, splitting training data instead.
2025-08-22 02:29:23.555 INFO: Using random 50% of training set for validation with following indices: [0]
2025-08-22 02:29:23.555 INFO: Random Split Training set [energy: 1, stress: 0, virials: 0, dipole components: 0, head: 1, elec_temp: 0, total_charge: 0, polarizability: 0, total_spin: 0, forces: 0, charges: 0]
2025-08-22 02:29:23.555 INFO: Random Split Validation set [energy: 1, stress: 0, virials: 0, dipole components: 0, head: 1, elec_temp: 0, total_charge: 0, polarizability: 0, total_spin: 0, forces: 0, charges: 0]
2025-08-22 02:29:23.555 INFO: Total number of configurations: train=1, valid=1, tests=[],
2025-08-22 02:29:23.555 ERROR: Batch size (2) is larger than the number of training data (1)
2025-08-22 02:29:23.555 INFO: Atomic Numbers used: [3, 8, 40, 57]
2025-08-22 02:29:23.556 INFO: Isolated Atomic Energies (E0s) not in training file, using command line argument
2025-08-22 02:29:23.556 INFO: Atomic Energies used (z: eV) for head Default: {3: -1.2302615750354944, 8: -23.049110738413006, 40: 23.367646191010394, 57: 15.192898072498549}
2025-08-22 02:29:23.556 INFO: Processing datasets for head 'Default'
2025-08-22 02:29:23.556 INFO: Combining 1 list datasets for head 'Default'
2025-08-22 02:29:23.557 INFO: Head 'Default' training dataset size: 1
2025-08-22 02:29:23.557 INFO: Computing average number of neighbors
