2025-08-22 02:41:04.079 INFO: ===========VERIFYING SETTINGS===========
2025-08-22 02:41:04.079 INFO: MACE version: 0.3.14
2025-08-22 02:41:04.141 INFO: CUDA version: 12.6, CUDA device: 0
2025-08-22 02:41:04.752 INFO: Using foundation model /home/phanim/harshitrawat/summer/mace_models/universal/2024-01-07-mace-128-L2_epoch-199.model as initial checkpoint.
2025-08-22 02:41:04.753 WARNING: Using multiheads finetuning with a foundation model that is not a Materials Project model, need to provied a path to a pretraining file with --pt_train_file.
2025-08-22 02:41:04.753 INFO: ===========LOADING INPUT DATA===========
2025-08-22 02:41:04.753 INFO: Using heads: ['Default']
2025-08-22 02:41:04.753 INFO: Using the key specifications to parse data:
2025-08-22 02:41:04.753 INFO: Default: KeySpecification(info_keys={'energy': 'REF_energy', 'stress': 'REF_stress', 'virials': 'REF_virials', 'dipole': 'dipole', 'head': 'head', 'elec_temp': 'elec_temp', 'total_charge': 'total_charge', 'polarizability': 'polarizability', 'total_spin': 'total_spin'}, arrays_keys={'forces': 'REF_forces', 'charges': 'REF_charges'})
2025-08-22 02:41:04.753 INFO: =============    Processing head Default     ===========
2025-08-22 02:41:42.302 INFO: ===========VERIFYING SETTINGS===========
2025-08-22 02:41:42.303 INFO: MACE version: 0.3.14
2025-08-22 02:41:42.371 INFO: CUDA version: 12.6, CUDA device: 0
2025-08-22 02:41:42.931 INFO: Using foundation model /home/phanim/harshitrawat/summer/mace_models/universal/2024-01-07-mace-128-L2_epoch-199.model as initial checkpoint.
2025-08-22 02:41:42.932 WARNING: Using multiheads finetuning with a foundation model that is not a Materials Project model, need to provied a path to a pretraining file with --pt_train_file.
2025-08-22 02:41:42.932 INFO: ===========LOADING INPUT DATA===========
2025-08-22 02:41:42.932 INFO: Using heads: ['Default']
2025-08-22 02:41:42.932 INFO: Using the key specifications to parse data:
2025-08-22 02:41:42.932 INFO: Default: KeySpecification(info_keys={'energy': 'REF_energy', 'stress': 'REF_stress', 'virials': 'REF_virials', 'dipole': 'dipole', 'head': 'head', 'elec_temp': 'elec_temp', 'total_charge': 'total_charge', 'polarizability': 'polarizability', 'total_spin': 'total_spin'}, arrays_keys={'forces': 'REF_forces', 'charges': 'REF_charges'})
2025-08-22 02:41:42.932 INFO: =============    Processing head Default     ===========
2025-08-22 02:43:35.872 INFO: ===========VERIFYING SETTINGS===========
2025-08-22 02:43:35.873 INFO: MACE version: 0.3.14
2025-08-22 02:43:35.987 INFO: CUDA version: 12.6, CUDA device: 0
2025-08-22 02:43:36.558 INFO: Using foundation model /home/phanim/harshitrawat/summer/mace_models/universal/2024-01-07-mace-128-L2_epoch-199.model as initial checkpoint.
2025-08-22 02:43:36.559 WARNING: Using multiheads finetuning with a foundation model that is not a Materials Project model, need to provied a path to a pretraining file with --pt_train_file.
2025-08-22 02:43:36.559 INFO: ===========LOADING INPUT DATA===========
2025-08-22 02:43:36.559 INFO: Using heads: ['Default']
2025-08-22 02:43:36.559 INFO: Using the key specifications to parse data:
2025-08-22 02:43:36.559 INFO: Default: KeySpecification(info_keys={'energy': 'REF_energy', 'stress': 'REF_stress', 'virials': 'REF_virials', 'dipole': 'dipole', 'head': 'head', 'elec_temp': 'elec_temp', 'total_charge': 'total_charge', 'polarizability': 'polarizability', 'total_spin': 'total_spin'}, arrays_keys={'forces': 'REF_forces', 'charges': 'REF_charges'})
2025-08-22 02:43:36.559 INFO: =============    Processing head Default     ===========
2025-08-22 02:43:36.587 INFO: Training set 1/1 [energy: 2, stress: 0, virials: 0, dipole components: 0, head: 2, elec_temp: 0, total_charge: 0, polarizability: 0, total_spin: 0, forces: 2, charges: 0]
2025-08-22 02:43:36.587 INFO: Total Training set [energy: 2, stress: 0, virials: 0, dipole components: 0, head: 2, elec_temp: 0, total_charge: 0, polarizability: 0, total_spin: 0, forces: 2, charges: 0]
2025-08-22 02:43:36.604 INFO: Validation set 1/1 [energy: 2, stress: 0, virials: 0, dipole components: 0, head: 2, elec_temp: 0, total_charge: 0, polarizability: 0, total_spin: 0, forces: 2, charges: 0]
2025-08-22 02:43:36.604 INFO: Total Validation set [energy: 2, stress: 0, virials: 0, dipole components: 0, head: 2, elec_temp: 0, total_charge: 0, polarizability: 0, total_spin: 0, forces: 2, charges: 0]
2025-08-22 02:43:36.604 INFO: Total number of configurations: train=2, valid=2, tests=[],
2025-08-22 02:43:36.604 INFO: Atomic Numbers used: [3, 8, 40, 57]
2025-08-22 02:43:36.604 INFO: Isolated Atomic Energies (E0s) not in training file, using command line argument
2025-08-22 02:43:36.604 INFO: Atomic Energies used (z: eV) for head Default: {3: -1.2302615750354944, 8: -23.049110738413006, 40: 23.367646191010394, 57: 15.192898072498549}
2025-08-22 02:43:36.604 INFO: Processing datasets for head 'Default'
2025-08-22 02:43:36.666 INFO: Combining 1 list datasets for head 'Default'
2025-08-22 02:43:36.680 INFO: Combining 1 list datasets for head 'Default_valid'
2025-08-22 02:43:36.680 INFO: Combined validation datasets for Default
2025-08-22 02:43:36.680 INFO: Head 'Default' training dataset size: 2
2025-08-22 02:43:36.680 INFO: Computing average number of neighbors
2025-08-22 02:43:36.686 INFO: Average number of neighbors: 54.56635802469136
2025-08-22 02:43:36.686 INFO: During training the following quantities will be reported: energy, forces
2025-08-22 02:43:36.686 INFO: ===========MODEL DETAILS===========
2025-08-22 02:43:36.688 INFO: Loading FOUNDATION model
2025-08-22 02:43:36.689 INFO: Using filtered elements: [3, 8, 40, 57]
2025-08-22 02:43:36.689 INFO: Model configuration extracted from foundation model
2025-08-22 02:43:36.689 INFO: Using weighted loss function for fine-tuning
2025-08-22 02:43:36.689 INFO: Message passing with hidden irreps 128x0e+128x1o+128x2e)
2025-08-22 02:43:36.689 INFO: 2 layers, each with correlation order: 3 (body order: 4) and spherical harmonics up to: l=3
2025-08-22 02:43:36.689 INFO: Radial cutoff: 6.0 A (total receptive field for each atom: 12.0 A)
2025-08-22 02:43:36.689 INFO: Distance transform for radial basis functions: None
2025-08-22 02:43:45.258 INFO: Total number of parameters: 894362
2025-08-22 02:43:45.258 INFO: 
2025-08-22 02:43:45.258 INFO: ===========OPTIMIZER INFORMATION===========
2025-08-22 02:43:45.258 INFO: Using ADAM as parameter optimizer
2025-08-22 02:43:45.258 INFO: Batch size: 2
2025-08-22 02:43:45.258 INFO: Number of gradient updates: 130
2025-08-22 02:43:45.258 INFO: Learning rate: 0.006, weight decay: 1e-08
2025-08-22 02:43:45.258 INFO: WeightedEnergyForcesLoss(energy_weight=10.000, forces_weight=0.000)
2025-08-22 02:43:45.304 WARNING: Cannot find checkpoint with tag 'tempelate_mace_T2_including_replay_w2_run-84' in './checkpoints'
2025-08-22 02:43:45.305 INFO: Using gradient clipping with tolerance=1.000
2025-08-22 02:43:45.305 INFO: 
2025-08-22 02:43:45.305 INFO: ===========TRAINING===========
2025-08-22 02:43:45.305 INFO: Started training, reporting errors on validation set
2025-08-22 02:43:45.305 INFO: Loss metrics on validation set
2025-08-22 02:43:46.436 INFO: Initial: head: Default, loss=6.85790707, RMSE_E_per_atom=  828.12 meV, RMSE_F=  105.28 meV / A
2025-08-22 02:46:43.763 INFO: ===========VERIFYING SETTINGS===========
2025-08-22 02:46:43.763 INFO: MACE version: 0.3.14
2025-08-22 02:46:43.835 INFO: CUDA version: 12.6, CUDA device: 0
2025-08-22 02:46:44.320 INFO: Using foundation model /home/phanim/harshitrawat/summer/mace_models/universal/2024-01-07-mace-128-L2_epoch-199.model as initial checkpoint.
2025-08-22 02:46:44.321 WARNING: Using multiheads finetuning with a foundation model that is not a Materials Project model, need to provied a path to a pretraining file with --pt_train_file.
2025-08-22 02:46:44.321 INFO: ===========LOADING INPUT DATA===========
2025-08-22 02:46:44.321 INFO: Using heads: ['Default']
2025-08-22 02:46:44.321 INFO: Using the key specifications to parse data:
2025-08-22 02:46:44.321 INFO: Default: KeySpecification(info_keys={'energy': 'REF_energy', 'stress': 'REF_stress', 'virials': 'REF_virials', 'dipole': 'dipole', 'head': 'head', 'elec_temp': 'elec_temp', 'total_charge': 'total_charge', 'polarizability': 'polarizability', 'total_spin': 'total_spin'}, arrays_keys={'forces': 'REF_forces', 'charges': 'REF_charges'})
2025-08-22 02:46:44.321 INFO: =============    Processing head Default     ===========
2025-08-22 02:47:11.744 INFO: ===========VERIFYING SETTINGS===========
2025-08-22 02:47:11.744 INFO: MACE version: 0.3.14
2025-08-22 02:47:11.808 INFO: CUDA version: 12.6, CUDA device: 0
2025-08-22 02:47:12.341 INFO: Using foundation model /home/phanim/harshitrawat/summer/mace_models/universal/2024-01-07-mace-128-L2_epoch-199.model as initial checkpoint.
2025-08-22 02:47:12.342 WARNING: Using multiheads finetuning with a foundation model that is not a Materials Project model, need to provied a path to a pretraining file with --pt_train_file.
2025-08-22 02:47:12.342 INFO: ===========LOADING INPUT DATA===========
2025-08-22 02:47:12.342 INFO: Using heads: ['Default']
2025-08-22 02:47:12.342 INFO: Using the key specifications to parse data:
2025-08-22 02:47:12.342 INFO: Default: KeySpecification(info_keys={'energy': 'REF_energy', 'stress': 'REF_stress', 'virials': 'REF_virials', 'dipole': 'dipole', 'head': 'head', 'elec_temp': 'elec_temp', 'total_charge': 'total_charge', 'polarizability': 'polarizability', 'total_spin': 'total_spin'}, arrays_keys={'forces': 'REF_forces', 'charges': 'REF_charges'})
2025-08-22 02:47:12.342 INFO: =============    Processing head Default     ===========
2025-08-22 02:47:12.349 WARNING: No forces found with key 'REF_forces' in '/home/phanim/harshitrawat/summer/dummy.extxyz'. If this is unexpected, Please change the key name in the command line arguments or ensure that the file contains the required data.
2025-08-22 02:47:12.350 INFO: Training set 1/1 [energy: 2, stress: 0, virials: 0, dipole components: 0, head: 2, elec_temp: 0, total_charge: 0, polarizability: 0, total_spin: 0, forces: 0, charges: 0]
2025-08-22 02:47:12.350 INFO: Total Training set [energy: 2, stress: 0, virials: 0, dipole components: 0, head: 2, elec_temp: 0, total_charge: 0, polarizability: 0, total_spin: 0, forces: 0, charges: 0]
2025-08-22 02:47:12.350 WARNING: No forces found with key 'REF_forces' in '/home/phanim/harshitrawat/summer/dummy.extxyz'. If this is unexpected, Please change the key name in the command line arguments or ensure that the file contains the required data.
2025-08-22 02:47:12.350 INFO: Validation set 1/1 [energy: 2, stress: 0, virials: 0, dipole components: 0, head: 2, elec_temp: 0, total_charge: 0, polarizability: 0, total_spin: 0, forces: 0, charges: 0]
2025-08-22 02:47:12.350 INFO: Total Validation set [energy: 2, stress: 0, virials: 0, dipole components: 0, head: 2, elec_temp: 0, total_charge: 0, polarizability: 0, total_spin: 0, forces: 0, charges: 0]
2025-08-22 02:47:12.350 INFO: Total number of configurations: train=2, valid=2, tests=[],
2025-08-22 02:47:12.350 INFO: Atomic Numbers used: [3, 8, 40, 57]
2025-08-22 02:47:12.350 INFO: Isolated Atomic Energies (E0s) not in training file, using command line argument
2025-08-22 02:47:12.351 INFO: Atomic Energies used (z: eV) for head Default: {3: -1.2302615750354944, 8: -23.049110738413006, 40: 23.367646191010394, 57: 15.192898072498549}
2025-08-22 02:47:12.351 INFO: Processing datasets for head 'Default'
2025-08-22 02:47:12.352 INFO: Combining 1 list datasets for head 'Default'
2025-08-22 02:47:12.352 INFO: Combining 1 list datasets for head 'Default_valid'
2025-08-22 02:47:12.352 INFO: Combined validation datasets for Default
2025-08-22 02:47:12.352 INFO: Head 'Default' training dataset size: 2
2025-08-22 02:47:12.352 INFO: Computing average number of neighbors
2025-08-22 02:47:12.354 INFO: Average number of neighbors: 3.0
2025-08-22 02:47:12.354 INFO: During training the following quantities will be reported: energy, forces
2025-08-22 02:47:12.355 INFO: ===========MODEL DETAILS===========
2025-08-22 02:47:12.356 WARNING: Standard deviation of the scaling is zero, Changing to no scaling
2025-08-22 02:47:12.356 INFO: Loading FOUNDATION model
2025-08-22 02:47:12.356 INFO: Using filtered elements: [3, 8, 40, 57]
2025-08-22 02:47:12.356 INFO: Model configuration extracted from foundation model
2025-08-22 02:47:12.356 INFO: Using weighted loss function for fine-tuning
2025-08-22 02:47:12.356 INFO: Message passing with hidden irreps 128x0e+128x1o+128x2e)
2025-08-22 02:47:12.356 INFO: 2 layers, each with correlation order: 3 (body order: 4) and spherical harmonics up to: l=3
2025-08-22 02:47:12.356 INFO: Radial cutoff: 6.0 A (total receptive field for each atom: 12.0 A)
2025-08-22 02:47:12.356 INFO: Distance transform for radial basis functions: None
2025-08-22 02:47:20.179 INFO: Total number of parameters: 894362
2025-08-22 02:47:20.179 INFO: 
2025-08-22 02:47:20.179 INFO: ===========OPTIMIZER INFORMATION===========
2025-08-22 02:47:20.179 INFO: Using ADAM as parameter optimizer
2025-08-22 02:47:20.179 INFO: Batch size: 2
2025-08-22 02:47:20.179 INFO: Number of gradient updates: 130
2025-08-22 02:47:20.179 INFO: Learning rate: 0.006, weight decay: 1e-08
2025-08-22 02:47:20.179 INFO: WeightedEnergyForcesLoss(energy_weight=10.000, forces_weight=0.000)
2025-08-22 02:47:20.181 WARNING: Cannot find checkpoint with tag 'tempelate_mace_T2_including_replay_w2_run-84' in './checkpoints'
2025-08-22 02:47:20.182 INFO: Using gradient clipping with tolerance=1.000
2025-08-22 02:47:20.182 INFO: 
2025-08-22 02:47:20.182 INFO: ===========TRAINING===========
2025-08-22 02:47:20.182 INFO: Started training, reporting errors on validation set
2025-08-22 02:47:20.182 INFO: Loss metrics on validation set
2025-08-22 02:47:21.089 INFO: Initial: head: Default, loss=982.20244387, RMSE_E_per_atom= 9910.61 meV, RMSE_F=None meV / A
2025-08-22 02:47:22.452 INFO: Epoch 0: head: Default, loss=476.90028819, RMSE_E_per_atom= 6905.80 meV, RMSE_F=None meV / A
2025-08-22 02:47:23.442 INFO: Epoch 1: head: Default, loss=276.28128067, RMSE_E_per_atom= 5256.25 meV, RMSE_F=None meV / A
2025-08-22 02:47:24.580 INFO: Epoch 2: head: Default, loss=160.04838639, RMSE_E_per_atom= 4000.60 meV, RMSE_F=None meV / A
2025-08-22 02:47:24.932 INFO: Epoch 3: head: Default, loss=69.48092000, RMSE_E_per_atom= 2635.92 meV, RMSE_F=None meV / A
2025-08-22 02:47:25.247 INFO: Epoch 4: head: Default, loss=6.57061606, RMSE_E_per_atom=  810.59 meV, RMSE_F=None meV / A
2025-08-22 02:47:25.560 INFO: Epoch 5: head: Default, loss=64.41045479, RMSE_E_per_atom= 2537.92 meV, RMSE_F=None meV / A
2025-08-22 02:47:25.804 INFO: Epoch 6: head: Default, loss=161.46419875, RMSE_E_per_atom= 4018.26 meV, RMSE_F=None meV / A
2025-08-22 02:47:26.046 INFO: Epoch 7: head: Default, loss=129.78308992, RMSE_E_per_atom= 3602.54 meV, RMSE_F=None meV / A
2025-08-22 02:47:26.289 INFO: Epoch 8: head: Default, loss=45.51429264, RMSE_E_per_atom= 2133.41 meV, RMSE_F=None meV / A
2025-08-22 02:47:26.534 INFO: Epoch 9: head: Default, loss=9.11689547, RMSE_E_per_atom=  954.82 meV, RMSE_F=None meV / A
2025-08-22 02:47:26.778 INFO: Epoch 10: head: Default, loss=0.49359310, RMSE_E_per_atom=  222.17 meV, RMSE_F=None meV / A
2025-08-22 02:47:27.093 INFO: Epoch 11: head: Default, loss=2.92139812, RMSE_E_per_atom=  540.50 meV, RMSE_F=None meV / A
2025-08-22 02:47:27.340 INFO: Epoch 12: head: Default, loss=5.79561250, RMSE_E_per_atom=  761.29 meV, RMSE_F=None meV / A
2025-08-22 02:47:27.587 INFO: Epoch 13: head: Default, loss=4.56764491, RMSE_E_per_atom=  675.84 meV, RMSE_F=None meV / A
2025-08-22 02:47:27.833 INFO: Epoch 14: head: Default, loss=1.39349275, RMSE_E_per_atom=  373.30 meV, RMSE_F=None meV / A
2025-08-22 02:47:28.078 INFO: Epoch 15: head: Default, loss=0.13037958, RMSE_E_per_atom=  114.18 meV, RMSE_F=None meV / A
2025-08-22 02:47:28.392 INFO: Epoch 16: head: Default, loss=0.98836593, RMSE_E_per_atom=  314.38 meV, RMSE_F=None meV / A
2025-08-22 02:47:28.638 INFO: Epoch 17: head: Default, loss=0.83422546, RMSE_E_per_atom=  288.83 meV, RMSE_F=None meV / A
2025-08-22 02:47:28.886 INFO: Epoch 18: head: Default, loss=0.07260156, RMSE_E_per_atom=   85.21 meV, RMSE_F=None meV / A
2025-08-22 02:47:29.202 INFO: Epoch 19: head: Default, loss=0.56236068, RMSE_E_per_atom=  237.14 meV, RMSE_F=None meV / A
2025-08-22 02:47:29.446 INFO: Epoch 20: head: Default, loss=1.13283889, RMSE_E_per_atom=  336.58 meV, RMSE_F=None meV / A
2025-08-22 02:47:29.692 INFO: Epoch 21: head: Default, loss=0.74474944, RMSE_E_per_atom=  272.90 meV, RMSE_F=None meV / A
2025-08-22 02:47:29.941 INFO: Epoch 22: head: Default, loss=0.04847058, RMSE_E_per_atom=   69.62 meV, RMSE_F=None meV / A
2025-08-22 02:47:30.259 INFO: Epoch 23: head: Default, loss=0.63451091, RMSE_E_per_atom=  251.89 meV, RMSE_F=None meV / A
2025-08-22 02:47:30.505 INFO: Epoch 24: head: Default, loss=1.38117265, RMSE_E_per_atom=  371.64 meV, RMSE_F=None meV / A
2025-08-22 02:47:30.752 INFO: Epoch 25: head: Default, loss=0.61215989, RMSE_E_per_atom=  247.42 meV, RMSE_F=None meV / A
2025-08-22 02:47:30.998 INFO: Epoch 26: head: Default, loss=7.63977114, RMSE_E_per_atom=  874.06 meV, RMSE_F=None meV / A
2025-08-22 02:47:31.256 INFO: Epoch 27: head: Default, loss=10.73756998, RMSE_E_per_atom= 1036.22 meV, RMSE_F=None meV / A
2025-08-22 02:47:31.493 INFO: Epoch 28: head: Default, loss=2.86063859, RMSE_E_per_atom=  534.85 meV, RMSE_F=None meV / A
2025-08-22 02:47:31.742 INFO: Epoch 29: head: Default, loss=0.06860562, RMSE_E_per_atom=   82.83 meV, RMSE_F=None meV / A
2025-08-22 02:47:31.990 INFO: Epoch 30: head: Default, loss=0.00024665, RMSE_E_per_atom=    4.97 meV, RMSE_F=None meV / A
2025-08-22 02:47:32.309 INFO: Epoch 31: head: Default, loss=0.04612170, RMSE_E_per_atom=   67.91 meV, RMSE_F=None meV / A
2025-08-22 02:47:32.557 INFO: Epoch 32: head: Default, loss=0.00020066, RMSE_E_per_atom=    4.48 meV, RMSE_F=None meV / A
2025-08-22 02:47:32.876 INFO: Epoch 33: head: Default, loss=0.08164903, RMSE_E_per_atom=   90.36 meV, RMSE_F=None meV / A
2025-08-22 02:47:33.123 INFO: Epoch 34: head: Default, loss=0.03741861, RMSE_E_per_atom=   61.17 meV, RMSE_F=None meV / A
2025-08-22 02:47:33.372 INFO: Epoch 35: head: Default, loss=0.02966363, RMSE_E_per_atom=   54.46 meV, RMSE_F=None meV / A
2025-08-22 02:47:33.618 INFO: Epoch 36: head: Default, loss=0.01314552, RMSE_E_per_atom=   36.26 meV, RMSE_F=None meV / A
2025-08-22 02:47:33.867 INFO: Epoch 37: head: Default, loss=0.03926123, RMSE_E_per_atom=   62.66 meV, RMSE_F=None meV / A
2025-08-22 02:47:34.114 INFO: Epoch 38: head: Default, loss=0.01610739, RMSE_E_per_atom=   40.13 meV, RMSE_F=None meV / A
2025-08-22 02:47:34.361 INFO: Epoch 39: head: Default, loss=0.02143554, RMSE_E_per_atom=   46.30 meV, RMSE_F=None meV / A
2025-08-22 02:47:34.611 INFO: Epoch 40: head: Default, loss=0.00663036, RMSE_E_per_atom=   25.75 meV, RMSE_F=None meV / A
2025-08-22 02:47:34.611 INFO: Stopping optimization after 8 epochs without improvement
2025-08-22 02:47:34.611 INFO: Training complete
2025-08-22 02:47:34.611 INFO: 
2025-08-22 02:47:34.611 INFO: ===========RESULTS===========
2025-08-22 02:47:34.612 INFO: Loading checkpoint: ./checkpoints/tempelate_mace_T2_including_replay_w2_run-84_epoch-32.pt
2025-08-22 02:47:34.830 INFO: Loaded Stage one model from epoch 32 for evaluation
2025-08-22 02:47:34.830 INFO: Saving model to checkpoints/tempelate_mace_T2_including_replay_w2_run-84.model
2025-08-22 02:47:35.050 INFO: Compiling model, saving metadata to tempelate_mace_T2_including_replay_w2_compiled.model
2025-08-22 02:47:35.923 INFO: Computing metrics for training, validation, and test sets
2025-08-22 02:47:35.924 INFO: Skipping evaluation for heads: ['pt_head']
2025-08-22 02:47:35.924 INFO: Evaluating train_Default ...
2025-08-22 02:47:36.012 INFO: Evaluating valid_Default ...
2025-08-22 02:47:36.159 INFO: Error-table on TRAIN and VALID:
+---------------+---------------------+------------------+-------------------+
|  config_type  | RMSE E / meV / atom | RMSE F / meV / A | relative F RMSE % |
+---------------+---------------------+------------------+-------------------+
| train_Default |            4.5      |       None       |        None       |
| valid_Default |            4.5      |       None       |        None       |
+---------------+---------------------+------------------+-------------------+
2025-08-22 02:47:36.779 INFO: Done
2025-08-22 02:51:55.046 INFO: ===========VERIFYING SETTINGS===========
2025-08-22 02:51:55.047 INFO: MACE version: 0.3.14
2025-08-22 02:51:55.115 INFO: CUDA version: 12.6, CUDA device: 0
2025-08-22 02:51:55.693 INFO: Using foundation model /home/phanim/harshitrawat/summer/mace_models/universal/2024-01-07-mace-128-L2_epoch-199.model as initial checkpoint.
2025-08-22 02:51:55.694 INFO: Multihead finetuning mode, setting learning rate to 0.0001 and EMA to True. To use a different learning rate, set --force_mh_ft_lr=True.
2025-08-22 02:51:55.694 INFO: Using multiheads finetuning mode, setting learning rate to 0.0001 and EMA to True
2025-08-22 02:51:55.694 INFO: ===========LOADING INPUT DATA===========
2025-08-22 02:51:55.694 INFO: Using heads: ['Default', 'pt_head']
2025-08-22 02:51:55.694 INFO: Using the key specifications to parse data:
2025-08-22 02:51:55.694 INFO: Default: KeySpecification(info_keys={'energy': 'REF_energy', 'stress': 'REF_stress', 'virials': 'REF_virials', 'dipole': 'dipole', 'head': 'head', 'elec_temp': 'elec_temp', 'total_charge': 'total_charge', 'polarizability': 'polarizability', 'total_spin': 'total_spin'}, arrays_keys={'forces': 'REF_forces', 'charges': 'REF_charges'})
2025-08-22 02:51:55.694 INFO: pt_head: KeySpecification(info_keys={'energy': 'REF_energy', 'stress': 'REF_stress', 'virials': 'REF_virials', 'dipole': 'dipole', 'head': 'head', 'elec_temp': 'elec_temp', 'total_charge': 'total_charge', 'polarizability': 'polarizability', 'total_spin': 'total_spin'}, arrays_keys={'forces': 'REF_forces', 'charges': 'REF_charges'})
2025-08-22 02:51:55.694 INFO: =============    Processing head Default     ===========
2025-08-22 02:51:55.705 WARNING: No forces found with key 'REF_forces' in '/home/phanim/harshitrawat/summer/dummy.extxyz'. If this is unexpected, Please change the key name in the command line arguments or ensure that the file contains the required data.
2025-08-22 02:51:55.705 INFO: Training set 1/1 [energy: 2, stress: 0, virials: 0, dipole components: 0, head: 2, elec_temp: 0, total_charge: 0, polarizability: 0, total_spin: 0, forces: 0, charges: 0]
2025-08-22 02:51:55.705 INFO: Total Training set [energy: 2, stress: 0, virials: 0, dipole components: 0, head: 2, elec_temp: 0, total_charge: 0, polarizability: 0, total_spin: 0, forces: 0, charges: 0]
2025-08-22 02:51:55.706 WARNING: No forces found with key 'REF_forces' in '/home/phanim/harshitrawat/summer/dummy.extxyz'. If this is unexpected, Please change the key name in the command line arguments or ensure that the file contains the required data.
2025-08-22 02:51:55.706 INFO: Validation set 1/1 [energy: 2, stress: 0, virials: 0, dipole components: 0, head: 2, elec_temp: 0, total_charge: 0, polarizability: 0, total_spin: 0, forces: 0, charges: 0]
2025-08-22 02:51:55.706 INFO: Total Validation set [energy: 2, stress: 0, virials: 0, dipole components: 0, head: 2, elec_temp: 0, total_charge: 0, polarizability: 0, total_spin: 0, forces: 0, charges: 0]
2025-08-22 02:51:55.706 INFO: Total number of configurations: train=2, valid=2, tests=[],
2025-08-22 02:51:55.706 INFO: =============    Processing head pt_head     ===========
2025-08-22 02:51:58.673 INFO: Training set 1/1 [energy: 10000, stress: 10000, virials: 0, dipole components: 0, head: 10000, elec_temp: 0, total_charge: 0, polarizability: 0, total_spin: 0, forces: 10000, charges: 0]
2025-08-22 02:51:58.703 INFO: Total Training set [energy: 10000, stress: 10000, virials: 0, dipole components: 0, head: 10000, elec_temp: 0, total_charge: 0, polarizability: 0, total_spin: 0, forces: 10000, charges: 0]
2025-08-22 02:51:58.703 INFO: No validation set provided, splitting training data instead.
2025-08-22 02:51:58.706 INFO: Using random 10% of training set for validation with indices saved in: ./valid_indices_84.txt
2025-08-22 02:51:58.736 INFO: Random Split Training set [energy: 9000, stress: 9000, virials: 0, dipole components: 0, head: 9000, elec_temp: 0, total_charge: 0, polarizability: 0, total_spin: 0, forces: 9000, charges: 0]
2025-08-22 02:51:58.739 INFO: Random Split Validation set [energy: 1000, stress: 1000, virials: 0, dipole components: 0, head: 1000, elec_temp: 0, total_charge: 0, polarizability: 0, total_spin: 0, forces: 1000, charges: 0]
2025-08-22 02:51:58.739 INFO: Total number of configurations: train=9000, valid=1000, tests=[],
2025-08-22 02:51:58.739 INFO: ==================Using multiheads finetuning mode==================
2025-08-22 02:51:58.740 WARNING: Ratio of the number of configurations in the training set and the in the pt_train_file is 0.00022222222222222223, increasing the number of configurations in the fine-tuning heads by 450
2025-08-22 02:51:58.740 INFO: Total number of configurations in pretraining: train=9000, valid=1000
2025-08-22 02:51:58.740 INFO: Using atomic numbers from command line argument
2025-08-22 02:51:58.761 INFO: Atomic Numbers used: [1, 3, 4, 5, 6, 7, 8, 9, 11, 12, 13, 14, 15, 16, 17, 19, 20, 21, 22, 23, 24, 25, 26, 27, 28, 29, 30, 31, 32, 33, 34, 35, 36, 37, 38, 39, 40, 41, 42, 43, 44, 45, 46, 47, 48, 49, 50, 51, 52, 53, 54, 55, 56, 57, 58, 59, 60, 61, 62, 63, 64, 65, 66, 67, 68, 69, 70, 71, 72, 73, 74, 75, 76, 77, 78, 79, 80, 81, 82, 83, 89, 90, 91, 92, 93, 94]
2025-08-22 02:51:58.761 INFO: Isolated Atomic Energies (E0s) not in training file, using command line argument
2025-08-22 02:51:58.765 INFO: Atomic Energies used (z: eV) for head Default: {3: -1.2302615750354944, 8: -23.049110738413006, 40: 23.367646191010394, 57: 15.192898072498549}
2025-08-22 02:51:58.765 INFO: Atomic Energies used (z: eV) for head pt_head: {1: -3.667168021358939, 3: -3.482100566595956, 4: -4.736697230897597, 5: -7.724935420523256, 6: -8.405573550273285, 7: -7.360100452662763, 8: -7.28459863421322, 9: -4.896490881731322, 11: -2.7593613569762425, 12: -2.814047612069227, 13: -4.846881245288104, 14: -7.694793133351899, 15: -6.9632957911820235, 16: -4.672630400190884, 17: -2.8116892814008096, 19: -2.6176454856894793, 20: -5.390461060484104, 21: -7.8857952163517675, 22: -10.268392986214433, 23: -8.665147785496703, 24: -9.233050763772013, 25: -8.304951520770791, 26: -7.0489865771593765, 27: -5.577439766222147, 28: -5.172747618813715, 29: -3.2520726958619472, 30: -1.2901611618726314, 31: -3.527082192997912, 32: -4.70845955030298, 33: -3.9765109025623238, 34: -3.886231055836541, 35: -2.5184940099633986, 36: 6.766947645687137, 37: -2.5634958965928316, 38: -4.938005211501922, 39: -10.149818838085771, 40: -11.846857579882572, 41: -12.138896361658485, 42: -8.791678800595722, 43: -8.78694939675911, 44: -7.78093221529871, 45: -6.850021409115055, 46: -4.891019073240479, 47: -2.0634296773864045, 48: -0.6395695518943755, 49: -2.7887442084286693, 50: -3.818604275441892, 51: -3.587068329278862, 52: -2.8804045971118897, 53: -1.6355986842433357, 54: 9.846723842807721, 55: -2.765284507132287, 56: -4.990956432167774, 57: -8.933684809576345, 58: -8.735591176647514, 59: -8.018966025544966, 60: -8.251491970213372, 61: -7.591719594359237, 62: -8.169659881166858, 63: -13.592664636171698, 64: -18.517523458456985, 65: -7.647396572993602, 66: -8.122981037851925, 67: -7.607787319678067, 68: -6.85029094445494, 69: -7.8268821327130365, 70: -3.584786591677161, 71: -7.455406192077973, 72: -12.796283502572146, 73: -14.108127281277586, 74: -9.354916969477486, 75: -11.387537567890853, 76: -9.621909492152557, 77: -7.324393429417677, 78: -5.3046964808341945, 79: -2.380092582080244, 80: 0.24948924158195362, 81: -2.3239789120665026, 82: -3.730042357127322, 83: -3.438792347649683, 89: -5.062878214511315, 90: -11.02462566385297, 91: -12.265613551943261, 92: -13.855648206100362, 93: -14.933092020258243, 94: -15.282826131998245}
2025-08-22 02:51:58.765 INFO: Processing datasets for head 'Default'
2025-08-22 02:51:58.907 INFO: Combining 1 list datasets for head 'Default'
2025-08-22 02:51:58.908 INFO: Combining 1 list datasets for head 'Default_valid'
2025-08-22 02:51:58.908 INFO: Combined validation datasets for Default
2025-08-22 02:51:58.908 INFO: Head 'Default' training dataset size: 902
2025-08-22 02:51:58.908 INFO: Processing datasets for head 'pt_head'
2025-08-22 02:52:06.892 INFO: Combining 1 list datasets for head 'pt_head'
2025-08-22 02:52:07.743 INFO: Head 'pt_head' training dataset size: 9000
2025-08-22 02:52:07.743 INFO: Average number of neighbors: 61.964672446250916
2025-08-22 02:52:07.744 INFO: During training the following quantities will be reported: energy, forces, stress
2025-08-22 02:52:07.744 INFO: ===========MODEL DETAILS===========
2025-08-22 02:52:12.108 WARNING: Standard deviation of the scaling is zero, Changing to no scaling
2025-08-22 02:52:12.115 INFO: Loading FOUNDATION model
2025-08-22 02:52:12.116 INFO: Using filtered elements: [1, 3, 4, 5, 6, 7, 8, 9, 11, 12, 13, 14, 15, 16, 17, 19, 20, 21, 22, 23, 24, 25, 26, 27, 28, 29, 30, 31, 32, 33, 34, 35, 36, 37, 38, 39, 40, 41, 42, 43, 44, 45, 46, 47, 48, 49, 50, 51, 52, 53, 54, 55, 56, 57, 58, 59, 60, 61, 62, 63, 64, 65, 66, 67, 68, 69, 70, 71, 72, 73, 74, 75, 76, 77, 78, 79, 80, 81, 82, 83, 89, 90, 91, 92, 93, 94]
2025-08-22 02:52:12.116 INFO: Model configuration extracted from foundation model
2025-08-22 02:52:12.116 INFO: Using universal loss function for fine-tuning
2025-08-22 02:52:12.116 INFO: Message passing with hidden irreps 128x0e+128x1o+128x2e)
2025-08-22 02:52:12.116 INFO: 2 layers, each with correlation order: 3 (body order: 4) and spherical harmonics up to: l=3
2025-08-22 02:52:12.116 INFO: Radial cutoff: 6.0 A (total receptive field for each atom: 12.0 A)
2025-08-22 02:52:12.116 INFO: Distance transform for radial basis functions: None
2025-08-22 02:52:21.442 INFO: Total number of parameters: 5556810
2025-08-22 02:52:21.442 INFO: 
2025-08-22 02:52:21.442 INFO: ===========OPTIMIZER INFORMATION===========
2025-08-22 02:52:21.442 INFO: Using ADAM as parameter optimizer
2025-08-22 02:52:21.442 INFO: Batch size: 2
2025-08-22 02:52:21.442 INFO: Using Exponential Moving Average with decay: 0.99999
2025-08-22 02:52:21.442 INFO: Number of gradient updates: 4951
2025-08-22 02:52:21.442 INFO: Learning rate: 0.0001, weight decay: 1e-08
2025-08-22 02:52:21.442 INFO: UniversalLoss(energy_weight=10.000, forces_weight=0.000, stress_weight=0.000)
2025-08-22 02:52:21.444 WARNING: No SWA checkpoint found, while SWA is enabled. Compare the swa_start parameter and the latest checkpoint.
2025-08-22 02:52:21.445 INFO: Loading checkpoint: ./checkpoints/tempelate_mace_T2_including_replay_w2_run-84_epoch-32.pt
2025-08-22 02:52:21.671 INFO: Using gradient clipping with tolerance=1.000
2025-08-22 02:52:21.672 INFO: 
2025-08-22 02:52:21.672 INFO: ===========TRAINING===========
2025-08-22 02:52:21.672 INFO: Started training, reporting errors on validation set
2025-08-22 02:52:21.672 INFO: Loss metrics on validation set
2025-08-22 02:54:53.190 INFO: Initial: head: pt_head, loss=0.02646878, RMSE_E_per_atom=  394.52 meV, RMSE_F=  534.09 meV / A, RMSE_stress=   27.54 meV / A^3
2025-08-22 02:54:53.382 INFO: Initial: head: Default, loss=0.27117677, RMSE_E_per_atom= 2716.77 meV, RMSE_F=None meV / A, RMSE_stress=None meV / A^3
2025-08-22 03:13:18.930 INFO: Epoch 0: head: pt_head, loss=0.00385749, RMSE_E_per_atom=  126.62 meV, RMSE_F=  408.67 meV / A, RMSE_stress=   26.26 meV / A^3
2025-08-22 03:13:19.126 INFO: Epoch 0: head: Default, loss=0.00006040, RMSE_E_per_atom=    3.48 meV, RMSE_F=None meV / A, RMSE_stress=None meV / A^3
2025-08-22 03:13:19.483 INFO: Training complete
2025-08-22 03:13:19.484 INFO: 
2025-08-22 03:13:19.484 INFO: ===========RESULTS===========
2025-08-22 03:13:19.490 INFO: Loading checkpoint: ./checkpoints/tempelate_mace_T2_including_replay_w2_run-84_epoch-32.pt
