2025-08-25 19:46:21.193 INFO: ===========VERIFYING SETTINGS===========
2025-08-25 19:46:21.193 INFO: MACE version: 0.3.14
2025-08-25 19:46:21.196 INFO: ===========VERIFYING SETTINGS===========
2025-08-25 19:46:21.197 INFO: MACE version: 0.3.14
2025-08-25 19:46:21.883 INFO: CUDA version: 12.1, CUDA device: 0
2025-08-25 19:46:21.990 INFO: CUDA version: 12.1, CUDA device: 0
2025-08-25 19:46:23.661 INFO: Using foundation model /home/phanim/harshitrawat/summer/mace_models/universal/2024-01-07-mace-128-L2_epoch-199.model as initial checkpoint.
2025-08-25 19:46:23.662 INFO: Multihead finetuning mode, setting learning rate to 0.0001 and EMA to True. To use a different learning rate, set --force_mh_ft_lr=True.
2025-08-25 19:46:23.662 INFO: Using multiheads finetuning mode, setting learning rate to 0.0001 and EMA to True
2025-08-25 19:46:23.662 INFO: ===========LOADING INPUT DATA===========
2025-08-25 19:46:23.662 INFO: Using heads: ['Default', 'pt_head']
2025-08-25 19:46:23.662 INFO: Using the key specifications to parse data:
2025-08-25 19:46:23.662 INFO: Default: KeySpecification(info_keys={'energy': 'REF_energy', 'stress': 'REF_stress', 'virials': 'REF_virials', 'dipole': 'dipole', 'head': 'head', 'elec_temp': 'elec_temp', 'total_charge': 'total_charge', 'total_spin': 'total_spin'}, arrays_keys={'forces': 'REF_forces', 'charges': 'REF_charges'})
2025-08-25 19:46:23.662 INFO: pt_head: KeySpecification(info_keys={'energy': 'REF_energy', 'stress': 'REF_stress', 'virials': 'REF_virials', 'dipole': 'dipole', 'head': 'head', 'elec_temp': 'elec_temp', 'total_charge': 'total_charge', 'total_spin': 'total_spin'}, arrays_keys={'forces': 'REF_forces', 'charges': 'REF_charges'})
2025-08-25 19:46:23.662 INFO: =============    Processing head Default     ===========
2025-08-25 19:46:23.663 INFO: Using foundation model /home/phanim/harshitrawat/summer/mace_models/universal/2024-01-07-mace-128-L2_epoch-199.model as initial checkpoint.
2025-08-25 19:46:23.664 INFO: Multihead finetuning mode, setting learning rate to 0.0001 and EMA to True. To use a different learning rate, set --force_mh_ft_lr=True.
2025-08-25 19:46:23.664 INFO: Using multiheads finetuning mode, setting learning rate to 0.0001 and EMA to True
2025-08-25 19:46:23.665 INFO: ===========LOADING INPUT DATA===========
2025-08-25 19:46:23.665 INFO: Using heads: ['Default', 'pt_head']
2025-08-25 19:46:23.665 INFO: Using the key specifications to parse data:
2025-08-25 19:46:23.665 INFO: Default: KeySpecification(info_keys={'energy': 'REF_energy', 'stress': 'REF_stress', 'virials': 'REF_virials', 'dipole': 'dipole', 'head': 'head', 'elec_temp': 'elec_temp', 'total_charge': 'total_charge', 'total_spin': 'total_spin'}, arrays_keys={'forces': 'REF_forces', 'charges': 'REF_charges'})
2025-08-25 19:46:23.665 INFO: pt_head: KeySpecification(info_keys={'energy': 'REF_energy', 'stress': 'REF_stress', 'virials': 'REF_virials', 'dipole': 'dipole', 'head': 'head', 'elec_temp': 'elec_temp', 'total_charge': 'total_charge', 'total_spin': 'total_spin'}, arrays_keys={'forces': 'REF_forces', 'charges': 'REF_charges'})
2025-08-25 19:46:23.665 INFO: =============    Processing head Default     ===========
2025-08-25 19:46:31.028 INFO: Training set 1/1 [energy: 1612, stress: 0, virials: 0, dipole components: 0, head: 1612, elec_temp: 0, total_charge: 0, total_spin: 0, forces: 1612, charges: 0]
2025-08-25 19:46:31.034 INFO: Total Training set [energy: 1612, stress: 0, virials: 0, dipole components: 0, head: 1612, elec_temp: 0, total_charge: 0, total_spin: 0, forces: 1612, charges: 0]
2025-08-25 19:46:31.072 INFO: Training set 1/1 [energy: 1612, stress: 0, virials: 0, dipole components: 0, head: 1612, elec_temp: 0, total_charge: 0, total_spin: 0, forces: 1612, charges: 0]
2025-08-25 19:46:31.077 INFO: Total Training set [energy: 1612, stress: 0, virials: 0, dipole components: 0, head: 1612, elec_temp: 0, total_charge: 0, total_spin: 0, forces: 1612, charges: 0]
2025-08-25 19:46:33.607 INFO: Validation set 1/1 [energy: 705, stress: 0, virials: 0, dipole components: 0, head: 705, elec_temp: 0, total_charge: 0, total_spin: 0, forces: 705, charges: 0]
2025-08-25 19:46:33.609 INFO: Total Validation set [energy: 705, stress: 0, virials: 0, dipole components: 0, head: 705, elec_temp: 0, total_charge: 0, total_spin: 0, forces: 705, charges: 0]
2025-08-25 19:46:33.609 INFO: Total number of configurations: train=1612, valid=705, tests=[],
2025-08-25 19:46:33.609 INFO: =============    Processing head pt_head     ===========
2025-08-25 19:46:33.628 INFO: Validation set 1/1 [energy: 705, stress: 0, virials: 0, dipole components: 0, head: 705, elec_temp: 0, total_charge: 0, total_spin: 0, forces: 705, charges: 0]
2025-08-25 19:46:33.630 INFO: Total Validation set [energy: 705, stress: 0, virials: 0, dipole components: 0, head: 705, elec_temp: 0, total_charge: 0, total_spin: 0, forces: 705, charges: 0]
2025-08-25 19:46:33.630 INFO: Total number of configurations: train=1612, valid=705, tests=[],
2025-08-25 19:46:33.630 INFO: =============    Processing head pt_head     ===========
2025-08-25 19:46:33.693 INFO: Training set 1/1 [energy: 0, stress: 0, virials: 0, dipole components: 0, head: 104, elec_temp: 0, total_charge: 0, total_spin: 0, forces: 0, charges: 0]
2025-08-25 19:46:33.693 INFO: Total Training set [energy: 0, stress: 0, virials: 0, dipole components: 0, head: 104, elec_temp: 0, total_charge: 0, total_spin: 0, forces: 0, charges: 0]
2025-08-25 19:46:33.693 INFO: No validation set provided, splitting training data instead.
2025-08-25 19:46:33.694 INFO: Training set 1/1 [energy: 0, stress: 0, virials: 0, dipole components: 0, head: 104, elec_temp: 0, total_charge: 0, total_spin: 0, forces: 0, charges: 0]
2025-08-25 19:46:33.694 INFO: Total Training set [energy: 0, stress: 0, virials: 0, dipole components: 0, head: 104, elec_temp: 0, total_charge: 0, total_spin: 0, forces: 0, charges: 0]
2025-08-25 19:46:33.694 INFO: No validation set provided, splitting training data instead.
2025-08-25 19:46:33.715 INFO: Using random 10% of training set for validation with indices saved in: ./valid_indices_84.txt
2025-08-25 19:46:33.715 INFO: Random Split Training set [energy: 0, stress: 0, virials: 0, dipole components: 0, head: 94, elec_temp: 0, total_charge: 0, total_spin: 0, forces: 0, charges: 0]
2025-08-25 19:46:33.715 INFO: Random Split Validation set [energy: 0, stress: 0, virials: 0, dipole components: 0, head: 10, elec_temp: 0, total_charge: 0, total_spin: 0, forces: 0, charges: 0]
2025-08-25 19:46:33.715 INFO: Total number of configurations: train=94, valid=10, tests=[],
2025-08-25 19:46:33.715 INFO: ==================Using multiheads finetuning mode==================
2025-08-25 19:46:33.715 INFO: Total number of configurations in pretraining: train=94, valid=10
2025-08-25 19:46:33.715 INFO: Using atomic numbers from command line argument
2025-08-25 19:46:33.715 INFO: Using atomic numbers from command line argument
2025-08-25 19:46:33.715 INFO: Atomic Numbers used: [3, 8, 40, 57]
2025-08-25 19:46:33.715 INFO: Isolated Atomic Energies (E0s) not in training file, using command line argument
2025-08-25 19:46:33.717 INFO: Using random 10% of training set for validation with indices saved in: ./valid_indices_84.txt
2025-08-25 19:46:33.717 INFO: Random Split Training set [energy: 0, stress: 0, virials: 0, dipole components: 0, head: 94, elec_temp: 0, total_charge: 0, total_spin: 0, forces: 0, charges: 0]
2025-08-25 19:46:33.717 INFO: Atomic Energies used (z: eV) for head Default: {3: -1.2302615750354944, 8: -23.049110738413006, 40: 23.367646191010394, 57: 15.192898072498549}
2025-08-25 19:46:33.717 INFO: Atomic Energies used (z: eV) for head pt_head: {3: -3.482100566595956, 8: -7.28459863421322, 40: -11.846857579882572, 57: -8.933684809576345}
2025-08-25 19:46:33.718 INFO: Processing datasets for head 'Default'
2025-08-25 19:46:33.718 INFO: Random Split Validation set [energy: 0, stress: 0, virials: 0, dipole components: 0, head: 10, elec_temp: 0, total_charge: 0, total_spin: 0, forces: 0, charges: 0]
2025-08-25 19:46:33.718 INFO: Total number of configurations: train=94, valid=10, tests=[],
2025-08-25 19:46:33.718 INFO: ==================Using multiheads finetuning mode==================
2025-08-25 19:46:33.718 INFO: Total number of configurations in pretraining: train=94, valid=10
2025-08-25 19:46:33.718 INFO: Using atomic numbers from command line argument
2025-08-25 19:46:33.718 INFO: Using atomic numbers from command line argument
2025-08-25 19:46:33.718 INFO: Atomic Numbers used: [3, 8, 40, 57]
2025-08-25 19:46:33.718 INFO: Isolated Atomic Energies (E0s) not in training file, using command line argument
2025-08-25 19:46:33.720 INFO: Atomic Energies used (z: eV) for head Default: {3: -1.2302615750354944, 8: -23.049110738413006, 40: 23.367646191010394, 57: 15.192898072498549}
2025-08-25 19:46:33.720 INFO: Atomic Energies used (z: eV) for head pt_head: {3: -3.482100566595956, 8: -7.28459863421322, 40: -11.846857579882572, 57: -8.933684809576345}
2025-08-25 19:46:33.720 INFO: Processing datasets for head 'Default'
2025-08-25 19:47:29.281 INFO: Combining 1 list datasets for head 'Default'
2025-08-25 19:47:29.954 INFO: Combining 1 list datasets for head 'Default'
2025-08-25 19:47:53.478 INFO: Combining 1 list datasets for head 'Default_valid'
2025-08-25 19:47:53.478 INFO: Combined validation datasets for Default
2025-08-25 19:47:53.478 INFO: Head 'Default' training dataset size: 1612
2025-08-25 19:47:53.478 INFO: Processing datasets for head 'pt_head'
2025-08-25 19:47:53.564 INFO: Combining 1 list datasets for head 'pt_head'
2025-08-25 19:47:53.575 INFO: Head 'pt_head' training dataset size: 94
2025-08-25 19:47:53.575 INFO: Average number of neighbors: 61.964672446250916
2025-08-25 19:47:53.575 INFO: During training the following quantities will be reported: energy, forces, stress
2025-08-25 19:47:53.575 INFO: ===========MODEL DETAILS===========
2025-08-25 19:47:55.851 WARNING: Standard deviation of the scaling is zero, Changing to no scaling
2025-08-25 19:47:55.854 INFO: Loading FOUNDATION model
2025-08-25 19:47:55.855 INFO: Using filtered elements: [3, 8, 40, 57]
2025-08-25 19:47:55.855 INFO: Model configuration extracted from foundation model
2025-08-25 19:47:55.855 INFO: Using universal loss function for fine-tuning
2025-08-25 19:47:55.855 INFO: Message passing with hidden irreps 128x0e+128x1o+128x2e)
2025-08-25 19:47:55.855 INFO: 2 layers, each with correlation order: 3 (body order: 4) and spherical harmonics up to: l=3
2025-08-25 19:47:55.855 INFO: Radial cutoff: 6.0 A (total receptive field for each atom: 12.0 A)
2025-08-25 19:47:55.855 INFO: Distance transform for radial basis functions: None
2025-08-25 19:47:57.675 INFO: Total number of parameters: 896586
2025-08-25 19:47:57.675 INFO: 
2025-08-25 19:47:57.675 INFO: ===========OPTIMIZER INFORMATION===========
2025-08-25 19:47:57.675 INFO: Using ADAM as parameter optimizer
2025-08-25 19:47:57.675 INFO: Batch size: 2
2025-08-25 19:47:57.675 INFO: Using Exponential Moving Average with decay: 0.99999
2025-08-25 19:47:57.675 INFO: Number of gradient updates: 853
2025-08-25 19:47:57.675 INFO: Learning rate: 0.0001, weight decay: 1e-08
2025-08-25 19:47:57.675 INFO: UniversalLoss(energy_weight=10.000, forces_weight=0.000, stress_weight=0.000)
2025-08-25 19:47:57.680 WARNING: Cannot find checkpoint with tag 'dummy_mace_T2_including_replay_w2_aries_run-84' in './checkpoints'
2025-08-25 19:47:57.681 INFO: Using gradient clipping with tolerance=1.000
2025-08-25 19:47:57.681 INFO: 
2025-08-25 19:47:57.681 INFO: ===========TRAINING===========
2025-08-25 19:47:57.681 INFO: Started training, reporting errors on validation set
2025-08-25 19:47:57.681 INFO: Loss metrics on validation set
2025-08-25 19:48:04.637 INFO: Initial: head: pt_head, loss=0.00000000, RMSE_E_per_atom= 6899.68 meV, RMSE_F=  405.81 meV / A, RMSE_stress=   19.16 meV / A^3
2025-08-25 19:49:40.253 INFO: Initial: head: Default, loss=0.11800754, RMSE_E_per_atom= 1245.40 meV, RMSE_F=  959.54 meV / A, RMSE_stress=   23.75 meV / A^3
2025-08-25 20:42:57.103 INFO: ===========VERIFYING SETTINGS===========
2025-08-25 20:42:57.103 INFO: MACE version: 0.3.14
2025-08-25 20:42:57.635 INFO: CUDA version: 12.1, CUDA device: 0
2025-08-25 20:43:00.306 INFO: Using foundation model /home/phanim/harshitrawat/summer/mace_models/universal/2024-01-07-mace-128-L2_epoch-199.model as initial checkpoint.
2025-08-25 20:43:00.381 INFO: Multihead finetuning mode, setting learning rate to 0.0001 and EMA to True. To use a different learning rate, set --force_mh_ft_lr=True.
2025-08-25 20:43:00.381 INFO: Using multiheads finetuning mode, setting learning rate to 0.0001 and EMA to True
2025-08-25 20:43:00.381 INFO: ===========LOADING INPUT DATA===========
2025-08-25 20:43:00.381 INFO: Using heads: ['Default', 'pt_head']
2025-08-25 20:43:00.381 INFO: Using the key specifications to parse data:
2025-08-25 20:43:00.381 INFO: Default: KeySpecification(info_keys={'energy': 'REF_energy', 'stress': 'REF_stress', 'virials': 'REF_virials', 'dipole': 'dipole', 'head': 'head', 'elec_temp': 'elec_temp', 'total_charge': 'total_charge', 'total_spin': 'total_spin'}, arrays_keys={'forces': 'REF_forces', 'charges': 'REF_charges'})
2025-08-25 20:43:00.381 INFO: pt_head: KeySpecification(info_keys={'energy': 'REF_energy', 'stress': 'REF_stress', 'virials': 'REF_virials', 'dipole': 'dipole', 'head': 'head', 'elec_temp': 'elec_temp', 'total_charge': 'total_charge', 'total_spin': 'total_spin'}, arrays_keys={'forces': 'REF_forces', 'charges': 'REF_charges'})
2025-08-25 20:43:00.381 INFO: =============    Processing head Default     ===========
2025-08-25 20:43:07.314 INFO: Training set 1/1 [energy: 1612, stress: 0, virials: 0, dipole components: 0, head: 1612, elec_temp: 0, total_charge: 0, total_spin: 0, forces: 1612, charges: 0]
2025-08-25 20:43:07.318 INFO: Total Training set [energy: 1612, stress: 0, virials: 0, dipole components: 0, head: 1612, elec_temp: 0, total_charge: 0, total_spin: 0, forces: 1612, charges: 0]
2025-08-25 20:43:10.273 INFO: Validation set 1/1 [energy: 705, stress: 0, virials: 0, dipole components: 0, head: 705, elec_temp: 0, total_charge: 0, total_spin: 0, forces: 705, charges: 0]
2025-08-25 20:43:10.275 INFO: Total Validation set [energy: 705, stress: 0, virials: 0, dipole components: 0, head: 705, elec_temp: 0, total_charge: 0, total_spin: 0, forces: 705, charges: 0]
2025-08-25 20:43:10.275 INFO: Total number of configurations: train=1612, valid=705, tests=[],
2025-08-25 20:43:10.275 INFO: =============    Processing head pt_head     ===========
2025-08-25 20:43:10.357 INFO: Training set 1/1 [energy: 0, stress: 0, virials: 0, dipole components: 0, head: 104, elec_temp: 0, total_charge: 0, total_spin: 0, forces: 0, charges: 0]
2025-08-25 20:43:10.357 INFO: Total Training set [energy: 0, stress: 0, virials: 0, dipole components: 0, head: 104, elec_temp: 0, total_charge: 0, total_spin: 0, forces: 0, charges: 0]
2025-08-25 20:43:10.357 INFO: No validation set provided, splitting training data instead.
2025-08-25 20:43:10.361 INFO: Using random 10% of training set for validation with indices saved in: ./valid_indices_84.txt
2025-08-25 20:43:10.361 INFO: Random Split Training set [energy: 0, stress: 0, virials: 0, dipole components: 0, head: 94, elec_temp: 0, total_charge: 0, total_spin: 0, forces: 0, charges: 0]
2025-08-25 20:43:10.362 INFO: Random Split Validation set [energy: 0, stress: 0, virials: 0, dipole components: 0, head: 10, elec_temp: 0, total_charge: 0, total_spin: 0, forces: 0, charges: 0]
2025-08-25 20:43:10.362 INFO: Total number of configurations: train=94, valid=10, tests=[],
2025-08-25 20:43:10.362 INFO: ==================Using multiheads finetuning mode==================
2025-08-25 20:43:10.362 INFO: Total number of configurations in pretraining: train=94, valid=10
2025-08-25 20:43:10.362 INFO: Using atomic numbers from command line argument
2025-08-25 20:43:10.362 INFO: Using atomic numbers from command line argument
2025-08-25 20:43:10.362 INFO: Atomic Numbers used: [3, 8, 40, 57]
2025-08-25 20:43:10.362 INFO: Isolated Atomic Energies (E0s) not in training file, using command line argument
2025-08-25 20:43:10.519 INFO: Atomic Energies used (z: eV) for head Default: {3: -1.2302615750354944, 8: -23.049110738413006, 40: 23.367646191010394, 57: 15.192898072498549}
2025-08-25 20:43:10.519 INFO: Atomic Energies used (z: eV) for head pt_head: {3: -3.482100566595956, 8: -7.28459863421322, 40: -11.846857579882572, 57: -8.933684809576345}
2025-08-25 20:43:10.519 INFO: Processing datasets for head 'Default'
2025-08-25 20:44:02.235 INFO: Combining 1 list datasets for head 'Default'
2025-08-25 20:44:24.580 INFO: Combining 1 list datasets for head 'Default_valid'
2025-08-25 20:44:24.581 INFO: Combined validation datasets for Default
2025-08-25 20:44:24.581 INFO: Head 'Default' training dataset size: 1612
2025-08-25 20:44:24.581 INFO: Processing datasets for head 'pt_head'
2025-08-25 20:44:24.665 INFO: Combining 1 list datasets for head 'pt_head'
2025-08-25 20:44:24.675 INFO: Head 'pt_head' training dataset size: 94
2025-08-25 20:44:24.676 INFO: Average number of neighbors: 61.964672446250916
2025-08-25 20:44:24.676 INFO: During training the following quantities will be reported: energy, forces, stress
2025-08-25 20:44:24.676 INFO: ===========MODEL DETAILS===========
2025-08-25 20:44:26.997 WARNING: Standard deviation of the scaling is zero, Changing to no scaling
2025-08-25 20:44:26.999 INFO: Loading FOUNDATION model
2025-08-25 20:44:27.000 INFO: Using filtered elements: [3, 8, 40, 57]
2025-08-25 20:44:27.000 INFO: Model configuration extracted from foundation model
2025-08-25 20:44:27.000 INFO: Using universal loss function for fine-tuning
2025-08-25 20:44:27.000 INFO: Message passing with hidden irreps 128x0e+128x1o+128x2e)
2025-08-25 20:44:27.000 INFO: 2 layers, each with correlation order: 3 (body order: 4) and spherical harmonics up to: l=3
2025-08-25 20:44:27.000 INFO: Radial cutoff: 6.0 A (total receptive field for each atom: 12.0 A)
2025-08-25 20:44:27.000 INFO: Distance transform for radial basis functions: None
2025-08-25 20:44:29.045 INFO: Total number of parameters: 896586
2025-08-25 20:44:29.046 INFO: 
2025-08-25 20:44:29.046 INFO: ===========OPTIMIZER INFORMATION===========
2025-08-25 20:44:29.046 INFO: Using ADAM as parameter optimizer
2025-08-25 20:44:29.046 INFO: Batch size: 2
2025-08-25 20:44:29.046 INFO: Using Exponential Moving Average with decay: 0.99999
2025-08-25 20:44:29.046 INFO: Number of gradient updates: 853
2025-08-25 20:44:29.046 INFO: Learning rate: 0.0001, weight decay: 1e-08
2025-08-25 20:44:29.046 INFO: UniversalLoss(energy_weight=10.000, forces_weight=0.000, stress_weight=0.000)
2025-08-25 20:44:29.075 WARNING: Cannot find checkpoint with tag 'dummy_mace_T2_including_replay_w2_aries_run-84' in './checkpoints'
2025-08-25 20:44:29.075 INFO: Using gradient clipping with tolerance=1.000
2025-08-25 20:44:29.075 INFO: 
2025-08-25 20:44:29.075 INFO: ===========TRAINING===========
2025-08-25 20:44:29.076 INFO: Started training, reporting errors on validation set
2025-08-25 20:44:29.076 INFO: Loss metrics on validation set
2025-08-25 20:44:38.562 INFO: Initial: head: pt_head, loss=0.00000000, RMSE_E_per_atom= 6899.68 meV, RMSE_F=  405.81 meV / A, RMSE_stress=   19.16 meV / A^3
2025-08-25 20:46:13.684 INFO: Initial: head: Default, loss=0.11800754, RMSE_E_per_atom= 1245.40 meV, RMSE_F=  959.54 meV / A, RMSE_stress=   23.75 meV / A^3
2025-08-25 21:30:57.446 INFO: ===========VERIFYING SETTINGS===========
2025-08-25 21:30:57.447 INFO: MACE version: 0.3.14
2025-08-25 21:30:57.866 INFO: CUDA version: 12.1, CUDA device: 0
2025-08-25 21:30:58.295 INFO: Using foundation model /home/phanim/harshitrawat/summer/mace_models/universal/2024-01-07-mace-128-L2_epoch-199.model as initial checkpoint.
2025-08-25 21:30:58.296 INFO: Multihead finetuning mode, setting learning rate to 0.0001 and EMA to True. To use a different learning rate, set --force_mh_ft_lr=True.
2025-08-25 21:30:58.296 INFO: Using multiheads finetuning mode, setting learning rate to 0.0001 and EMA to True
2025-08-25 21:30:58.296 INFO: ===========LOADING INPUT DATA===========
2025-08-25 21:30:58.296 INFO: Using heads: ['Default', 'pt_head']
2025-08-25 21:30:58.296 INFO: Using the key specifications to parse data:
2025-08-25 21:30:58.296 INFO: Default: KeySpecification(info_keys={'energy': 'REF_energy', 'stress': 'REF_stress', 'virials': 'REF_virials', 'dipole': 'dipole', 'head': 'head', 'elec_temp': 'elec_temp', 'total_charge': 'total_charge', 'total_spin': 'total_spin'}, arrays_keys={'forces': 'REF_forces', 'charges': 'REF_charges'})
2025-08-25 21:30:58.296 INFO: pt_head: KeySpecification(info_keys={'energy': 'REF_energy', 'stress': 'REF_stress', 'virials': 'REF_virials', 'dipole': 'dipole', 'head': 'head', 'elec_temp': 'elec_temp', 'total_charge': 'total_charge', 'total_spin': 'total_spin'}, arrays_keys={'forces': 'REF_forces', 'charges': 'REF_charges'})
2025-08-25 21:30:58.296 INFO: =============    Processing head Default     ===========
2025-08-25 21:31:04.397 INFO: Training set 1/1 [energy: 1612, stress: 0, virials: 0, dipole components: 0, head: 1612, elec_temp: 0, total_charge: 0, total_spin: 0, forces: 1612, charges: 0]
2025-08-25 21:31:04.403 INFO: Total Training set [energy: 1612, stress: 0, virials: 0, dipole components: 0, head: 1612, elec_temp: 0, total_charge: 0, total_spin: 0, forces: 1612, charges: 0]
2025-08-25 21:31:06.959 INFO: Validation set 1/1 [energy: 705, stress: 0, virials: 0, dipole components: 0, head: 705, elec_temp: 0, total_charge: 0, total_spin: 0, forces: 705, charges: 0]
2025-08-25 21:31:06.961 INFO: Total Validation set [energy: 705, stress: 0, virials: 0, dipole components: 0, head: 705, elec_temp: 0, total_charge: 0, total_spin: 0, forces: 705, charges: 0]
2025-08-25 21:31:06.961 INFO: Total number of configurations: train=1612, valid=705, tests=[],
2025-08-25 21:31:06.961 INFO: =============    Processing head pt_head     ===========
2025-08-25 21:31:06.992 INFO: Training set 1/1 [energy: 0, stress: 0, virials: 0, dipole components: 0, head: 104, elec_temp: 0, total_charge: 0, total_spin: 0, forces: 0, charges: 0]
2025-08-25 21:31:06.992 INFO: Total Training set [energy: 0, stress: 0, virials: 0, dipole components: 0, head: 104, elec_temp: 0, total_charge: 0, total_spin: 0, forces: 0, charges: 0]
2025-08-25 21:31:06.992 INFO: No validation set provided, splitting training data instead.
2025-08-25 21:31:06.995 INFO: Using random 10% of training set for validation with indices saved in: ./valid_indices_84.txt
2025-08-25 21:31:06.996 INFO: Random Split Training set [energy: 0, stress: 0, virials: 0, dipole components: 0, head: 94, elec_temp: 0, total_charge: 0, total_spin: 0, forces: 0, charges: 0]
2025-08-25 21:31:06.996 INFO: Random Split Validation set [energy: 0, stress: 0, virials: 0, dipole components: 0, head: 10, elec_temp: 0, total_charge: 0, total_spin: 0, forces: 0, charges: 0]
2025-08-25 21:31:06.996 INFO: Total number of configurations: train=94, valid=10, tests=[],
2025-08-25 21:31:06.996 INFO: ==================Using multiheads finetuning mode==================
2025-08-25 21:31:06.996 INFO: Total number of configurations in pretraining: train=94, valid=10
2025-08-25 21:31:06.996 INFO: Using atomic numbers from command line argument
2025-08-25 21:31:06.996 INFO: Using atomic numbers from command line argument
2025-08-25 21:31:06.996 INFO: Atomic Numbers used: [3, 8, 40, 57]
2025-08-25 21:31:06.996 INFO: Isolated Atomic Energies (E0s) not in training file, using command line argument
2025-08-25 21:31:06.999 INFO: Atomic Energies used (z: eV) for head Default: {3: -1.2302615750354944, 8: -23.049110738413006, 40: 23.367646191010394, 57: 15.192898072498549}
2025-08-25 21:31:06.999 INFO: Atomic Energies used (z: eV) for head pt_head: {3: -3.482100566595956, 8: -7.28459863421322, 40: -11.846857579882572, 57: -8.933684809576345}
2025-08-25 21:31:06.999 INFO: Processing datasets for head 'Default'
2025-08-25 21:31:58.375 INFO: Combining 1 list datasets for head 'Default'
2025-08-25 21:32:20.932 INFO: Combining 1 list datasets for head 'Default_valid'
2025-08-25 21:32:20.932 INFO: Combined validation datasets for Default
2025-08-25 21:32:20.932 INFO: Head 'Default' training dataset size: 1612
2025-08-25 21:32:20.933 INFO: Processing datasets for head 'pt_head'
2025-08-25 21:32:21.018 INFO: Combining 1 list datasets for head 'pt_head'
2025-08-25 21:32:21.029 INFO: Head 'pt_head' training dataset size: 94
2025-08-25 21:32:21.029 INFO: Average number of neighbors: 61.964672446250916
2025-08-25 21:32:21.029 INFO: During training the following quantities will be reported: energy, forces, stress
2025-08-25 21:32:21.029 INFO: ===========MODEL DETAILS===========
2025-08-25 21:32:23.006 WARNING: Standard deviation of the scaling is zero, Changing to no scaling
2025-08-25 21:32:23.008 INFO: Loading FOUNDATION model
2025-08-25 21:32:23.009 INFO: Using filtered elements: [3, 8, 40, 57]
2025-08-25 21:32:23.009 INFO: Model configuration extracted from foundation model
2025-08-25 21:32:23.009 INFO: Using universal loss function for fine-tuning
2025-08-25 21:32:23.009 INFO: Message passing with hidden irreps 128x0e+128x1o+128x2e)
2025-08-25 21:32:23.009 INFO: 2 layers, each with correlation order: 3 (body order: 4) and spherical harmonics up to: l=3
2025-08-25 21:32:23.009 INFO: Radial cutoff: 6.0 A (total receptive field for each atom: 12.0 A)
2025-08-25 21:32:23.009 INFO: Distance transform for radial basis functions: None
2025-08-25 21:32:24.631 INFO: Total number of parameters: 896586
2025-08-25 21:32:24.631 INFO: 
2025-08-25 21:32:24.631 INFO: ===========OPTIMIZER INFORMATION===========
2025-08-25 21:32:24.631 INFO: Using ADAM as parameter optimizer
2025-08-25 21:32:24.631 INFO: Batch size: 2
2025-08-25 21:32:24.631 INFO: Using Exponential Moving Average with decay: 0.99999
2025-08-25 21:32:24.631 INFO: Number of gradient updates: 853
2025-08-25 21:32:24.631 INFO: Learning rate: 0.0001, weight decay: 1e-08
2025-08-25 21:32:24.631 INFO: UniversalLoss(energy_weight=10.000, forces_weight=0.000, stress_weight=0.000)
2025-08-25 21:32:24.636 WARNING: Cannot find checkpoint with tag 'dummy_mace_T2_including_replay_w2_aries_run-84' in './checkpoints'
2025-08-25 21:32:24.637 INFO: Using gradient clipping with tolerance=1.000
2025-08-25 21:32:24.637 INFO: 
2025-08-25 21:32:24.637 INFO: ===========TRAINING===========
2025-08-25 21:32:24.637 INFO: Started training, reporting errors on validation set
2025-08-25 21:32:24.637 INFO: Loss metrics on validation set
2025-08-25 21:32:30.934 INFO: Initial: head: pt_head, loss=0.00000000, RMSE_E_per_atom= 6899.68 meV, RMSE_F=  405.81 meV / A, RMSE_stress=   19.16 meV / A^3
2025-08-25 21:33:06.487 INFO: ===========VERIFYING SETTINGS===========
2025-08-25 21:33:06.487 INFO: MACE version: 0.3.14
2025-08-25 21:33:06.980 INFO: CUDA version: 12.1, CUDA device: 0
2025-08-25 21:34:06.401 INFO: Initial: head: Default, loss=0.11800754, RMSE_E_per_atom= 1245.40 meV, RMSE_F=  959.54 meV / A, RMSE_stress=   23.75 meV / A^3
2025-08-25 21:35:19.013 INFO: ===========VERIFYING SETTINGS===========
2025-08-25 21:35:19.013 INFO: MACE version: 0.3.14
2025-08-25 21:35:19.559 INFO: CUDA version: 12.1, CUDA device: 0
2025-08-25 21:35:20.021 INFO: Using foundation model /home/phanim/harshitrawat/summer/mace_models/universal/2024-01-07-mace-128-L2_epoch-199.model as initial checkpoint.
2025-08-25 21:35:20.023 INFO: Multihead finetuning mode, setting learning rate to 0.0001 and EMA to True. To use a different learning rate, set --force_mh_ft_lr=True.
2025-08-25 21:35:20.023 INFO: Using multiheads finetuning mode, setting learning rate to 0.0001 and EMA to True
2025-08-25 21:35:20.023 INFO: ===========LOADING INPUT DATA===========
2025-08-25 21:35:20.023 INFO: Using heads: ['Default', 'pt_head']
2025-08-25 21:35:20.023 INFO: Using the key specifications to parse data:
2025-08-25 21:35:20.023 INFO: Default: KeySpecification(info_keys={'energy': 'REF_energy', 'stress': 'REF_stress', 'virials': 'REF_virials', 'dipole': 'dipole', 'head': 'head', 'elec_temp': 'elec_temp', 'total_charge': 'total_charge', 'total_spin': 'total_spin'}, arrays_keys={'forces': 'REF_forces', 'charges': 'REF_charges'})
2025-08-25 21:35:20.023 INFO: pt_head: KeySpecification(info_keys={'energy': 'REF_energy', 'stress': 'REF_stress', 'virials': 'REF_virials', 'dipole': 'dipole', 'head': 'head', 'elec_temp': 'elec_temp', 'total_charge': 'total_charge', 'total_spin': 'total_spin'}, arrays_keys={'forces': 'REF_forces', 'charges': 'REF_charges'})
2025-08-25 21:35:20.023 INFO: =============    Processing head Default     ===========
2025-08-25 21:35:26.188 INFO: Training set 1/1 [energy: 1612, stress: 0, virials: 0, dipole components: 0, head: 1612, elec_temp: 0, total_charge: 0, total_spin: 0, forces: 1612, charges: 0]
2025-08-25 21:35:26.193 INFO: Total Training set [energy: 1612, stress: 0, virials: 0, dipole components: 0, head: 1612, elec_temp: 0, total_charge: 0, total_spin: 0, forces: 1612, charges: 0]
2025-08-25 21:35:28.740 INFO: Validation set 1/1 [energy: 705, stress: 0, virials: 0, dipole components: 0, head: 705, elec_temp: 0, total_charge: 0, total_spin: 0, forces: 705, charges: 0]
2025-08-25 21:35:28.742 INFO: Total Validation set [energy: 705, stress: 0, virials: 0, dipole components: 0, head: 705, elec_temp: 0, total_charge: 0, total_spin: 0, forces: 705, charges: 0]
2025-08-25 21:35:28.743 INFO: Total number of configurations: train=1612, valid=705, tests=[],
2025-08-25 21:35:28.743 INFO: =============    Processing head pt_head     ===========
2025-08-25 21:35:28.771 INFO: Training set 1/1 [energy: 0, stress: 0, virials: 0, dipole components: 0, head: 104, elec_temp: 0, total_charge: 0, total_spin: 0, forces: 0, charges: 0]
2025-08-25 21:35:28.772 INFO: Total Training set [energy: 0, stress: 0, virials: 0, dipole components: 0, head: 104, elec_temp: 0, total_charge: 0, total_spin: 0, forces: 0, charges: 0]
2025-08-25 21:35:28.772 INFO: No validation set provided, splitting training data instead.
2025-08-25 21:35:28.775 INFO: Using random 10% of training set for validation with indices saved in: ./valid_indices_84.txt
2025-08-25 21:35:28.776 INFO: Random Split Training set [energy: 0, stress: 0, virials: 0, dipole components: 0, head: 94, elec_temp: 0, total_charge: 0, total_spin: 0, forces: 0, charges: 0]
2025-08-25 21:35:28.776 INFO: Random Split Validation set [energy: 0, stress: 0, virials: 0, dipole components: 0, head: 10, elec_temp: 0, total_charge: 0, total_spin: 0, forces: 0, charges: 0]
2025-08-25 21:35:28.776 INFO: Total number of configurations: train=94, valid=10, tests=[],
2025-08-25 21:35:28.776 INFO: ==================Using multiheads finetuning mode==================
2025-08-25 21:35:28.776 INFO: Total number of configurations in pretraining: train=94, valid=10
2025-08-25 21:35:28.776 INFO: Using atomic numbers from command line argument
2025-08-25 21:35:28.776 INFO: Using atomic numbers from command line argument
2025-08-25 21:35:28.776 INFO: Atomic Numbers used: [3, 8, 40, 57]
2025-08-25 21:35:28.776 INFO: Isolated Atomic Energies (E0s) not in training file, using command line argument
2025-08-25 21:35:28.779 INFO: Atomic Energies used (z: eV) for head Default: {3: -1.2302615750354944, 8: -23.049110738413006, 40: 23.367646191010394, 57: 15.192898072498549}
2025-08-25 21:35:28.779 INFO: Atomic Energies used (z: eV) for head pt_head: {3: -3.482100566595956, 8: -7.28459863421322, 40: -11.846857579882572, 57: -8.933684809576345}
2025-08-25 21:35:28.779 INFO: Processing datasets for head 'Default'
2025-08-25 21:35:45.202 INFO: ===========VERIFYING SETTINGS===========
2025-08-25 21:35:45.202 INFO: MACE version: 0.3.14
2025-08-25 21:35:45.775 INFO: CUDA version: 12.1, CUDA device: 0
2025-08-25 21:35:46.124 INFO: Using foundation model /home/phanim/harshitrawat/summer/mace_models/universal/2024-01-07-mace-128-L2_epoch-199.model as initial checkpoint.
2025-08-25 21:35:46.125 INFO: Multihead finetuning mode, setting learning rate to 0.0001 and EMA to True. To use a different learning rate, set --force_mh_ft_lr=True.
2025-08-25 21:35:46.125 INFO: Using multiheads finetuning mode, setting learning rate to 0.0001 and EMA to True
2025-08-25 21:35:46.126 INFO: ===========LOADING INPUT DATA===========
2025-08-25 21:35:46.126 INFO: Using heads: ['Default', 'pt_head']
2025-08-25 21:35:46.126 INFO: Using the key specifications to parse data:
2025-08-25 21:35:46.126 INFO: Default: KeySpecification(info_keys={'energy': 'REF_energy', 'stress': 'REF_stress', 'virials': 'REF_virials', 'dipole': 'dipole', 'head': 'head', 'elec_temp': 'elec_temp', 'total_charge': 'total_charge', 'total_spin': 'total_spin'}, arrays_keys={'forces': 'REF_forces', 'charges': 'REF_charges'})
2025-08-25 21:35:46.126 INFO: pt_head: KeySpecification(info_keys={'energy': 'REF_energy', 'stress': 'REF_stress', 'virials': 'REF_virials', 'dipole': 'dipole', 'head': 'head', 'elec_temp': 'elec_temp', 'total_charge': 'total_charge', 'total_spin': 'total_spin'}, arrays_keys={'forces': 'REF_forces', 'charges': 'REF_charges'})
2025-08-25 21:35:46.126 INFO: =============    Processing head Default     ===========
2025-08-25 21:35:52.211 INFO: Training set 1/1 [energy: 1612, stress: 0, virials: 0, dipole components: 0, head: 1612, elec_temp: 0, total_charge: 0, total_spin: 0, forces: 1612, charges: 0]
2025-08-25 21:35:52.216 INFO: Total Training set [energy: 1612, stress: 0, virials: 0, dipole components: 0, head: 1612, elec_temp: 0, total_charge: 0, total_spin: 0, forces: 1612, charges: 0]
2025-08-25 21:35:54.783 INFO: Validation set 1/1 [energy: 705, stress: 0, virials: 0, dipole components: 0, head: 705, elec_temp: 0, total_charge: 0, total_spin: 0, forces: 705, charges: 0]
2025-08-25 21:35:54.785 INFO: Total Validation set [energy: 705, stress: 0, virials: 0, dipole components: 0, head: 705, elec_temp: 0, total_charge: 0, total_spin: 0, forces: 705, charges: 0]
2025-08-25 21:35:54.785 INFO: Total number of configurations: train=1612, valid=705, tests=[],
2025-08-25 21:35:54.785 INFO: =============    Processing head pt_head     ===========
2025-08-25 21:35:54.812 INFO: Training set 1/1 [energy: 0, stress: 0, virials: 0, dipole components: 0, head: 104, elec_temp: 0, total_charge: 0, total_spin: 0, forces: 0, charges: 0]
2025-08-25 21:35:54.812 INFO: Total Training set [energy: 0, stress: 0, virials: 0, dipole components: 0, head: 104, elec_temp: 0, total_charge: 0, total_spin: 0, forces: 0, charges: 0]
2025-08-25 21:35:54.812 INFO: No validation set provided, splitting training data instead.
2025-08-25 21:35:54.816 INFO: Using random 10% of training set for validation with indices saved in: ./valid_indices_84.txt
2025-08-25 21:35:54.816 INFO: Random Split Training set [energy: 0, stress: 0, virials: 0, dipole components: 0, head: 94, elec_temp: 0, total_charge: 0, total_spin: 0, forces: 0, charges: 0]
2025-08-25 21:35:54.816 INFO: Random Split Validation set [energy: 0, stress: 0, virials: 0, dipole components: 0, head: 10, elec_temp: 0, total_charge: 0, total_spin: 0, forces: 0, charges: 0]
2025-08-25 21:35:54.816 INFO: Total number of configurations: train=94, valid=10, tests=[],
2025-08-25 21:35:54.816 INFO: ==================Using multiheads finetuning mode==================
2025-08-25 21:35:54.816 INFO: Total number of configurations in pretraining: train=94, valid=10
2025-08-25 21:35:54.816 INFO: Using atomic numbers from command line argument
2025-08-25 21:35:54.816 INFO: Using atomic numbers from command line argument
2025-08-25 21:35:54.816 INFO: Atomic Numbers used: [3, 8, 40, 57]
2025-08-25 21:35:54.816 INFO: Isolated Atomic Energies (E0s) not in training file, using command line argument
2025-08-25 21:35:54.819 INFO: Atomic Energies used (z: eV) for head Default: {3: -1.2302615750354944, 8: -23.049110738413006, 40: 23.367646191010394, 57: 15.192898072498549}
2025-08-25 21:35:54.819 INFO: Atomic Energies used (z: eV) for head pt_head: {3: -3.482100566595956, 8: -7.28459863421322, 40: -11.846857579882572, 57: -8.933684809576345}
2025-08-25 21:35:54.819 INFO: Processing datasets for head 'Default'
2025-08-25 21:36:46.147 INFO: Combining 1 list datasets for head 'Default'
2025-08-25 21:37:08.732 INFO: Combining 1 list datasets for head 'Default_valid'
2025-08-25 21:37:08.732 INFO: Combined validation datasets for Default
2025-08-25 21:37:08.732 INFO: Head 'Default' training dataset size: 1612
2025-08-25 21:37:08.732 INFO: Processing datasets for head 'pt_head'
2025-08-25 21:37:08.817 INFO: Combining 1 list datasets for head 'pt_head'
2025-08-25 21:37:08.828 INFO: Head 'pt_head' training dataset size: 94
2025-08-25 21:37:08.828 INFO: Average number of neighbors: 61.964672446250916
2025-08-25 21:37:08.828 INFO: During training the following quantities will be reported: energy, forces, stress
2025-08-25 21:37:08.828 INFO: ===========MODEL DETAILS===========
2025-08-25 21:37:10.787 WARNING: Standard deviation of the scaling is zero, Changing to no scaling
2025-08-25 21:37:10.789 INFO: Loading FOUNDATION model
2025-08-25 21:37:10.790 INFO: Using filtered elements: [3, 8, 40, 57]
2025-08-25 21:37:10.790 INFO: Model configuration extracted from foundation model
2025-08-25 21:37:10.790 INFO: Using universal loss function for fine-tuning
2025-08-25 21:37:10.790 INFO: Message passing with hidden irreps 128x0e+128x1o+128x2e)
2025-08-25 21:37:10.790 INFO: 2 layers, each with correlation order: 3 (body order: 4) and spherical harmonics up to: l=3
2025-08-25 21:37:10.790 INFO: Radial cutoff: 6.0 A (total receptive field for each atom: 12.0 A)
2025-08-25 21:37:10.790 INFO: Distance transform for radial basis functions: None
2025-08-25 21:37:12.359 INFO: Total number of parameters: 896586
2025-08-25 21:37:12.359 INFO: 
2025-08-25 21:37:12.359 INFO: ===========OPTIMIZER INFORMATION===========
2025-08-25 21:37:12.359 INFO: Using ADAM as parameter optimizer
2025-08-25 21:37:12.359 INFO: Batch size: 2
2025-08-25 21:37:12.359 INFO: Using Exponential Moving Average with decay: 0.99999
2025-08-25 21:37:12.359 INFO: Number of gradient updates: 17060
2025-08-25 21:37:12.359 INFO: Learning rate: 0.0001, weight decay: 1e-08
2025-08-25 21:37:12.359 INFO: UniversalLoss(energy_weight=10.000, forces_weight=0.000, stress_weight=0.000)
2025-08-25 21:37:12.363 WARNING: Cannot find checkpoint with tag 'dummy_mace_T2_including_replay_w2_aries_run-84' in './checkpoints'
2025-08-25 21:37:12.364 INFO: Using gradient clipping with tolerance=1.000
2025-08-25 21:37:12.364 INFO: 
2025-08-25 21:37:12.364 INFO: ===========TRAINING===========
2025-08-25 21:37:12.364 INFO: Started training, reporting errors on validation set
2025-08-25 21:37:12.364 INFO: Loss metrics on validation set
2025-08-25 21:37:18.547 INFO: Initial: head: pt_head, loss=0.00000000, RMSE_E_per_atom= 6899.68 meV, RMSE_F=  405.81 meV / A, RMSE_stress=   19.16 meV / A^3
2025-08-25 21:38:53.704 INFO: Initial: head: Default, loss=0.11800754, RMSE_E_per_atom= 1245.40 meV, RMSE_F=  959.54 meV / A, RMSE_stress=   23.75 meV / A^3
2025-08-25 21:46:14.470 INFO: ===========VERIFYING SETTINGS===========
2025-08-25 21:46:14.470 INFO: MACE version: 0.3.14
2025-08-25 21:46:14.939 INFO: CUDA version: 12.1, CUDA device: 0
2025-08-25 21:46:15.372 INFO: Using foundation model /home/phanim/harshitrawat/summer/mace_models/universal/2024-01-07-mace-128-L2_epoch-199.model as initial checkpoint.
2025-08-25 21:46:15.373 INFO: Multihead finetuning mode, setting learning rate to 0.0001 and EMA to True. To use a different learning rate, set --force_mh_ft_lr=True.
2025-08-25 21:46:15.373 INFO: Using multiheads finetuning mode, setting learning rate to 0.0001 and EMA to True
2025-08-25 21:46:15.374 INFO: ===========LOADING INPUT DATA===========
2025-08-25 21:46:15.374 INFO: Using heads: ['Default', 'pt_head']
2025-08-25 21:46:15.374 INFO: Using the key specifications to parse data:
2025-08-25 21:46:15.374 INFO: Default: KeySpecification(info_keys={'energy': 'REF_energy', 'stress': 'REF_stress', 'virials': 'REF_virials', 'dipole': 'dipole', 'head': 'head', 'elec_temp': 'elec_temp', 'total_charge': 'total_charge', 'total_spin': 'total_spin'}, arrays_keys={'forces': 'REF_forces', 'charges': 'REF_charges'})
2025-08-25 21:46:15.374 INFO: pt_head: KeySpecification(info_keys={'energy': 'REF_energy', 'stress': 'REF_stress', 'virials': 'REF_virials', 'dipole': 'dipole', 'head': 'head', 'elec_temp': 'elec_temp', 'total_charge': 'total_charge', 'total_spin': 'total_spin'}, arrays_keys={'forces': 'REF_forces', 'charges': 'REF_charges'})
2025-08-25 21:46:15.374 INFO: =============    Processing head Default     ===========
2025-08-25 21:46:21.495 INFO: Training set 1/1 [energy: 1612, stress: 0, virials: 0, dipole components: 0, head: 1612, elec_temp: 0, total_charge: 0, total_spin: 0, forces: 1612, charges: 0]
2025-08-25 21:46:21.500 INFO: Total Training set [energy: 1612, stress: 0, virials: 0, dipole components: 0, head: 1612, elec_temp: 0, total_charge: 0, total_spin: 0, forces: 1612, charges: 0]
2025-08-25 21:46:24.038 INFO: Validation set 1/1 [energy: 705, stress: 0, virials: 0, dipole components: 0, head: 705, elec_temp: 0, total_charge: 0, total_spin: 0, forces: 705, charges: 0]
2025-08-25 21:46:24.041 INFO: Total Validation set [energy: 705, stress: 0, virials: 0, dipole components: 0, head: 705, elec_temp: 0, total_charge: 0, total_spin: 0, forces: 705, charges: 0]
2025-08-25 21:46:24.041 INFO: Total number of configurations: train=1612, valid=705, tests=[],
2025-08-25 21:46:24.041 INFO: =============    Processing head pt_head     ===========
2025-08-25 21:46:24.076 INFO: Training set 1/1 [energy: 0, stress: 0, virials: 0, dipole components: 0, head: 150, elec_temp: 0, total_charge: 0, total_spin: 0, forces: 0, charges: 0]
2025-08-25 21:46:24.076 INFO: Total Training set [energy: 0, stress: 0, virials: 0, dipole components: 0, head: 150, elec_temp: 0, total_charge: 0, total_spin: 0, forces: 0, charges: 0]
2025-08-25 21:46:24.076 INFO: No validation set provided, splitting training data instead.
2025-08-25 21:46:24.079 INFO: Using random 10% of training set for validation with indices saved in: ./valid_indices_84.txt
2025-08-25 21:46:24.079 INFO: Random Split Training set [energy: 0, stress: 0, virials: 0, dipole components: 0, head: 135, elec_temp: 0, total_charge: 0, total_spin: 0, forces: 0, charges: 0]
2025-08-25 21:46:24.080 INFO: Random Split Validation set [energy: 0, stress: 0, virials: 0, dipole components: 0, head: 15, elec_temp: 0, total_charge: 0, total_spin: 0, forces: 0, charges: 0]
2025-08-25 21:46:24.080 INFO: Total number of configurations: train=135, valid=15, tests=[],
2025-08-25 21:46:24.080 INFO: ==================Using multiheads finetuning mode==================
2025-08-25 21:46:24.080 INFO: Total number of configurations in pretraining: train=135, valid=15
2025-08-25 21:46:24.080 INFO: Using atomic numbers from command line argument
2025-08-25 21:46:24.080 INFO: Using atomic numbers from command line argument
2025-08-25 21:46:24.080 INFO: Atomic Numbers used: [3, 8, 40, 57]
2025-08-25 21:46:24.080 INFO: Isolated Atomic Energies (E0s) not in training file, using command line argument
2025-08-25 21:46:24.082 INFO: Atomic Energies used (z: eV) for head Default: {3: -1.2302615750354944, 8: -23.049110738413006, 40: 23.367646191010394, 57: 15.192898072498549}
2025-08-25 21:46:24.082 INFO: Atomic Energies used (z: eV) for head pt_head: {3: -3.482100566595956, 8: -7.28459863421322, 40: -11.846857579882572, 57: -8.933684809576345}
2025-08-25 21:46:24.082 INFO: Processing datasets for head 'Default'
2025-08-25 21:48:19.577 INFO: Epoch 0: head: pt_head, loss=0.00000000, RMSE_E_per_atom= 7036.30 meV, RMSE_F= 1101.87 meV / A, RMSE_stress=   72.39 meV / A^3
2025-08-25 21:49:55.037 INFO: Epoch 0: head: Default, loss=0.00556575, RMSE_E_per_atom=   77.35 meV, RMSE_F=  855.06 meV / A, RMSE_stress=   11.89 meV / A^3
