/home/phanim/harshitrawat/miniconda3/envs/mace_0.3.8/lib/python3.10/site-packages/e3nn/o3/_wigner.py:10: FutureWarning: You are using `torch.load` with `weights_only=False` (the current default value), which uses the default pickle module implicitly. It is possible to construct malicious pickle data which will execute arbitrary code during unpickling (See https://github.com/pytorch/pytorch/blob/main/SECURITY.md#untrusted-models for more details). In a future release, the default value for `weights_only` will be flipped to `True`. This limits the functions that could be executed during unpickling. Arbitrary objects will no longer be allowed to be loaded via this mode unless they are explicitly allowlisted by the user via `torch.serialization.add_safe_globals`. We recommend you start setting `weights_only=True` for any use case where you don't have full control of the loaded file. Please open an issue on GitHub for any issues related to this experimental feature.
  _Jd, _W3j_flat, _W3j_indices = torch.load(os.path.join(os.path.dirname(__file__), 'constants.pt'))
Traceback (most recent call last):
  File "/home/phanim/harshitrawat/mace/extract_embeddings.py", line 103, in <module>
    main()
  File "/home/phanim/harshitrawat/mace/extract_embeddings.py", line 53, in main
    process_and_write(chunk, model, z_table, device, args.output)
  File "/home/phanim/harshitrawat/mace/extract_embeddings.py", line 79, in process_and_write
    output = model(batch.to_dict(), compute_force=False)
  File "/home/phanim/harshitrawat/miniconda3/envs/mace_0.3.8/lib/python3.10/site-packages/torch/nn/modules/module.py", line 1736, in _wrapped_call_impl
    return self._call_impl(*args, **kwargs)
  File "/home/phanim/harshitrawat/miniconda3/envs/mace_0.3.8/lib/python3.10/site-packages/torch/nn/modules/module.py", line 1747, in _call_impl
    return forward_call(*args, **kwargs)
  File "/home/phanim/harshitrawat/mace/mace/modules/models.py", line 546, in forward
    node_feats, sc = interaction(
  File "/home/phanim/harshitrawat/miniconda3/envs/mace_0.3.8/lib/python3.10/site-packages/torch/nn/modules/module.py", line 1736, in _wrapped_call_impl
    return self._call_impl(*args, **kwargs)
  File "/home/phanim/harshitrawat/miniconda3/envs/mace_0.3.8/lib/python3.10/site-packages/torch/nn/modules/module.py", line 1747, in _call_impl
    return forward_call(*args, **kwargs)
  File "/home/phanim/harshitrawat/mace/mace/modules/blocks.py", line 644, in forward
    mji = self.conv_tp(
  File "/home/phanim/harshitrawat/miniconda3/envs/mace_0.3.8/lib/python3.10/site-packages/torch/nn/modules/module.py", line 1736, in _wrapped_call_impl
    return self._call_impl(*args, **kwargs)
  File "/home/phanim/harshitrawat/miniconda3/envs/mace_0.3.8/lib/python3.10/site-packages/torch/nn/modules/module.py", line 1747, in _call_impl
    return forward_call(*args, **kwargs)
  File "/home/phanim/harshitrawat/miniconda3/envs/mace_0.3.8/lib/python3.10/site-packages/e3nn/o3/_tensor_product/_tensor_product.py", line 529, in forward
    return self._compiled_main_left_right(x, y, real_weight)
  File "/home/phanim/harshitrawat/miniconda3/envs/mace_0.3.8/lib/python3.10/site-packages/torch/nn/modules/module.py", line 1736, in _wrapped_call_impl
    return self._call_impl(*args, **kwargs)
  File "/home/phanim/harshitrawat/miniconda3/envs/mace_0.3.8/lib/python3.10/site-packages/torch/nn/modules/module.py", line 1747, in _call_impl
    return forward_call(*args, **kwargs)
RuntimeError: The following operation failed in the TorchScript interpreter.
Traceback of TorchScript, serialized code (most recent call last):
  File "code/__torch__/torch/fx/graph_module/___torch_mangle_11.py", line 129, in forward
    getitem_19 = torch.slice(_15, 1, 896, 1024)
    reshape_28 = torch.reshape(getitem_19, [-1, 128, 1])
    einsum_17 = torch.einsum("edb,eca->ecdab", [reshape_9, reshape_5])
                ~~~~~~~~~~~~ <--- HERE
    _w3j_2_3_1 = self._w3j_2_3_1
    mul_31 = torch.mul(_w3j_2_3_1, 1.7320508075688772)

Traceback of TorchScript, original code (most recent call last):
  File "<eval_with_key>.197", line 96, in forward
    getitem_19 = reshape_2[(slice(None, None, None), slice(896, 1024, None))]
    reshape_28 = getitem_19.reshape((-1, 128, 1));  getitem_19 = None
    einsum_17 = torch.functional.einsum('edb,eca->ecdab', reshape_9, reshape_5)
                ~~~~~~~~~~~~~~~~~~~~~~~ <--- HERE
    _w3j_2_3_1 = self._w3j_2_3_1
    mul_31 = _w3j_2_3_1 * 1.7320508075688772;  _w3j_2_3_1 = None
RuntimeError: CUDA out of memory. Tried to allocate 3.16 GiB. GPU 0 has a total capacity of 139.72 GiB of which 2.94 GiB is free. Process 3611074 has 722.00 MiB memory in use. Process 3612142 has 128.75 GiB memory in use. Including non-PyTorch memory, this process has 7.30 GiB memory in use. Of the allocated memory 6.52 GiB is allocated by PyTorch, and 127.79 MiB is reserved by PyTorch but unallocated. If reserved but unallocated memory is large try setting PYTORCH_CUDA_ALLOC_CONF=expandable_segments:True to avoid fragmentation.  See documentation for Memory Management  (https://pytorch.org/docs/stable/notes/cuda.html#environment-variables)

