/home/phanim/harshitrawat/miniconda3/envs/mace_0.3.8/lib/python3.10/site-packages/e3nn/o3/_wigner.py:10: FutureWarning: You are using `torch.load` with `weights_only=False` (the current default value), which uses the default pickle module implicitly. It is possible to construct malicious pickle data which will execute arbitrary code during unpickling (See https://github.com/pytorch/pytorch/blob/main/SECURITY.md#untrusted-models for more details). In a future release, the default value for `weights_only` will be flipped to `True`. This limits the functions that could be executed during unpickling. Arbitrary objects will no longer be allowed to be loaded via this mode unless they are explicitly allowlisted by the user via `torch.serialization.add_safe_globals`. We recommend you start setting `weights_only=True` for any use case where you don't have full control of the loaded file. Please open an issue on GitHub for any issues related to this experimental feature.
  _Jd, _W3j_flat, _W3j_indices = torch.load(os.path.join(os.path.dirname(__file__), 'constants.pt'))
Traceback (most recent call last):
  File "/home/phanim/harshitrawat/mace/extract_embeddings.py", line 120, in <module>
    main()
  File "/home/phanim/harshitrawat/mace/extract_embeddings.py", line 53, in main
    process_and_write(chunk, model, z_table, device, args.output)
  File "/home/phanim/harshitrawat/mace/extract_embeddings.py", line 79, in process_and_write
    output = model(batch.to_dict(), compute_force=True)
  File "/home/phanim/harshitrawat/miniconda3/envs/mace_0.3.8/lib/python3.10/site-packages/torch/nn/modules/module.py", line 1736, in _wrapped_call_impl
    return self._call_impl(*args, **kwargs)
  File "/home/phanim/harshitrawat/miniconda3/envs/mace_0.3.8/lib/python3.10/site-packages/torch/nn/modules/module.py", line 1747, in _call_impl
    return forward_call(*args, **kwargs)
  File "/home/phanim/harshitrawat/mace/mace/modules/models.py", line 586, in forward
    forces, virials, stress, hessian, edge_forces = get_outputs(
  File "/home/phanim/harshitrawat/mace/mace/modules/utils.py", line 195, in get_outputs
    compute_forces(
  File "/home/phanim/harshitrawat/mace/mace/modules/utils.py", line 26, in compute_forces
    gradient = torch.autograd.grad(
  File "/home/phanim/harshitrawat/miniconda3/envs/mace_0.3.8/lib/python3.10/site-packages/torch/autograd/__init__.py", line 496, in grad
    result = _engine_run_backward(
  File "/home/phanim/harshitrawat/miniconda3/envs/mace_0.3.8/lib/python3.10/site-packages/torch/autograd/graph.py", line 825, in _engine_run_backward
    return Variable._execution_engine.run_backward(  # Calls into the C++ engine to run the backward pass
RuntimeError: element 0 of tensors does not require grad and does not have a grad_fn
