/home/phanim/harshitrawat/miniconda3/envs/mace_0.3.8/lib/python3.10/site-packages/e3nn/o3/_wigner.py:10: FutureWarning: You are using `torch.load` with `weights_only=False` (the current default value), which uses the default pickle module implicitly. It is possible to construct malicious pickle data which will execute arbitrary code during unpickling (See https://github.com/pytorch/pytorch/blob/main/SECURITY.md#untrusted-models for more details). In a future release, the default value for `weights_only` will be flipped to `True`. This limits the functions that could be executed during unpickling. Arbitrary objects will no longer be allowed to be loaded via this mode unless they are explicitly allowlisted by the user via `torch.serialization.add_safe_globals`. We recommend you start setting `weights_only=True` for any use case where you don't have full control of the loaded file. Please open an issue on GitHub for any issues related to this experimental feature.
  _Jd, _W3j_flat, _W3j_indices = torch.load(os.path.join(os.path.dirname(__file__), 'constants.pt'))
Traceback (most recent call last):
  File "/home/phanim/harshitrawat/mace/extract_embeddings.py", line 107, in <module>
    main()
  File "/home/phanim/harshitrawat/mace/extract_embeddings.py", line 48, in main
    process_chunk(chunk, model, z_table, device, latent_embeddings_list)
  File "/home/phanim/harshitrawat/mace/extract_embeddings.py", line 93, in process_chunk
    output = model(batch.to_dict(), compute_force=False)
  File "/home/phanim/harshitrawat/miniconda3/envs/mace_0.3.8/lib/python3.10/site-packages/torch/nn/modules/module.py", line 1736, in _wrapped_call_impl
    return self._call_impl(*args, **kwargs)
  File "/home/phanim/harshitrawat/miniconda3/envs/mace_0.3.8/lib/python3.10/site-packages/torch/nn/modules/module.py", line 1747, in _call_impl
    return forward_call(*args, **kwargs)
  File "/home/phanim/harshitrawat/mace/mace/modules/models.py", line 546, in forward
    node_feats, sc = interaction(
  File "/home/phanim/harshitrawat/miniconda3/envs/mace_0.3.8/lib/python3.10/site-packages/torch/nn/modules/module.py", line 1736, in _wrapped_call_impl
    return self._call_impl(*args, **kwargs)
  File "/home/phanim/harshitrawat/miniconda3/envs/mace_0.3.8/lib/python3.10/site-packages/torch/nn/modules/module.py", line 1747, in _call_impl
    return forward_call(*args, **kwargs)
  File "/home/phanim/harshitrawat/mace/mace/modules/blocks.py", line 644, in forward
    mji = self.conv_tp(
  File "/home/phanim/harshitrawat/miniconda3/envs/mace_0.3.8/lib/python3.10/site-packages/torch/nn/modules/module.py", line 1736, in _wrapped_call_impl
    return self._call_impl(*args, **kwargs)
  File "/home/phanim/harshitrawat/miniconda3/envs/mace_0.3.8/lib/python3.10/site-packages/torch/nn/modules/module.py", line 1747, in _call_impl
    return forward_call(*args, **kwargs)
  File "/home/phanim/harshitrawat/miniconda3/envs/mace_0.3.8/lib/python3.10/site-packages/e3nn/o3/_tensor_product/_tensor_product.py", line 529, in forward
    return self._compiled_main_left_right(x, y, real_weight)
  File "/home/phanim/harshitrawat/miniconda3/envs/mace_0.3.8/lib/python3.10/site-packages/torch/nn/modules/module.py", line 1736, in _wrapped_call_impl
    return self._call_impl(*args, **kwargs)
  File "/home/phanim/harshitrawat/miniconda3/envs/mace_0.3.8/lib/python3.10/site-packages/torch/nn/modules/module.py", line 1747, in _call_impl
    return forward_call(*args, **kwargs)
RuntimeError: The following operation failed in the TorchScript interpreter.
Traceback of TorchScript, serialized code (most recent call last):
  File "code/__torch__/torch/fx/graph_module/___torch_mangle_11.py", line 174, in forward
    mul_34 = torch.mul(reshape_8, 2.2360679774997898)
    tensordot_5 = _0(mul_34, _w3j_2_2_2, ([2], [1]), None, )
    einsum_30 = torch.einsum("edab,ecad->ecb", [tensordot_5, einsum_29])
                ~~~~~~~~~~~~ <--- HERE
    reshape_41 = torch.reshape(einsum_30, [getitem_4, 640])
    _21 = torch.slice(reshape_2, 0, 0, 9223372036854775807)

Traceback of TorchScript, original code (most recent call last):
  File "<eval_with_key>.197", line 138, in forward
    mul_34 = reshape_8 * 2.23606797749979;  reshape_8 = None
    tensordot_5 = torch.functional.tensordot(mul_34, _w3j_2_2_2, ([2], [1]), out = None);  mul_34 = _w3j_2_2_2 = None
    einsum_30 = torch.functional.einsum('edab,ecad->ecb', tensordot_5, einsum_29);  tensordot_5 = einsum_29 = None
                ~~~~~~~~~~~~~~~~~~~~~~~ <--- HERE
    reshape_41 = einsum_30.reshape(getitem_4, 640);  einsum_30 = None
    getitem_25 = reshape_2[(slice(None, None, None), slice(1664, 1792, None))]
RuntimeError: CUDA out of memory. Tried to allocate 684.00 MiB. GPU 0 has a total capacity of 139.72 GiB of which 283.31 MiB is free. Process 327982 has 120.66 GiB memory in use. Including non-PyTorch memory, this process has 18.77 GiB memory in use. Of the allocated memory 18.02 GiB is allocated by PyTorch, and 95.21 MiB is reserved by PyTorch but unallocated. If reserved but unallocated memory is large try setting PYTORCH_CUDA_ALLOC_CONF=expandable_segments:True to avoid fragmentation.  See documentation for Memory Management  (https://pytorch.org/docs/stable/notes/cuda.html#environment-variables)

