/home/phanim/harshitrawat/miniconda3/envs/mace_0.3.8/lib/python3.10/site-packages/e3nn/o3/_wigner.py:10: FutureWarning: You are using `torch.load` with `weights_only=False` (the current default value), which uses the default pickle module implicitly. It is possible to construct malicious pickle data which will execute arbitrary code during unpickling (See https://github.com/pytorch/pytorch/blob/main/SECURITY.md#untrusted-models for more details). In a future release, the default value for `weights_only` will be flipped to `True`. This limits the functions that could be executed during unpickling. Arbitrary objects will no longer be allowed to be loaded via this mode unless they are explicitly allowlisted by the user via `torch.serialization.add_safe_globals`. We recommend you start setting `weights_only=True` for any use case where you don't have full control of the loaded file. Please open an issue on GitHub for any issues related to this experimental feature.
  _Jd, _W3j_flat, _W3j_indices = torch.load(os.path.join(os.path.dirname(__file__), 'constants.pt'))
Traceback (most recent call last):
  File "/home/phanim/harshitrawat/mace/extract_embeddings.py", line 107, in <module>
    main()
  File "/home/phanim/harshitrawat/mace/extract_embeddings.py", line 48, in main
    process_chunk(chunk, model, z_table, device, latent_embeddings_list)
  File "/home/phanim/harshitrawat/mace/extract_embeddings.py", line 93, in process_chunk
    output = model(batch.to_dict(), compute_force=False)
  File "/home/phanim/harshitrawat/miniconda3/envs/mace_0.3.8/lib/python3.10/site-packages/torch/nn/modules/module.py", line 1736, in _wrapped_call_impl
    return self._call_impl(*args, **kwargs)
  File "/home/phanim/harshitrawat/miniconda3/envs/mace_0.3.8/lib/python3.10/site-packages/torch/nn/modules/module.py", line 1747, in _call_impl
    return forward_call(*args, **kwargs)
  File "/home/phanim/harshitrawat/mace/mace/modules/models.py", line 559, in forward
    node_feats = product(
  File "/home/phanim/harshitrawat/miniconda3/envs/mace_0.3.8/lib/python3.10/site-packages/torch/nn/modules/module.py", line 1736, in _wrapped_call_impl
    return self._call_impl(*args, **kwargs)
  File "/home/phanim/harshitrawat/miniconda3/envs/mace_0.3.8/lib/python3.10/site-packages/torch/nn/modules/module.py", line 1747, in _call_impl
    return forward_call(*args, **kwargs)
  File "/home/phanim/harshitrawat/mace/mace/modules/blocks.py", line 366, in forward
    node_feats = self.symmetric_contractions(node_feats, node_attrs)
  File "/home/phanim/harshitrawat/miniconda3/envs/mace_0.3.8/lib/python3.10/site-packages/torch/nn/modules/module.py", line 1736, in _wrapped_call_impl
    return self._call_impl(*args, **kwargs)
  File "/home/phanim/harshitrawat/miniconda3/envs/mace_0.3.8/lib/python3.10/site-packages/torch/nn/modules/module.py", line 1747, in _call_impl
    return forward_call(*args, **kwargs)
  File "/home/phanim/harshitrawat/mace/mace/modules/symmetric_contraction.py", line 84, in forward
    outs = [contraction(x, y) for contraction in self.contractions]
  File "/home/phanim/harshitrawat/mace/mace/modules/symmetric_contraction.py", line 84, in <listcomp>
    outs = [contraction(x, y) for contraction in self.contractions]
  File "/home/phanim/harshitrawat/miniconda3/envs/mace_0.3.8/lib/python3.10/site-packages/torch/nn/modules/module.py", line 1736, in _wrapped_call_impl
    return self._call_impl(*args, **kwargs)
  File "/home/phanim/harshitrawat/miniconda3/envs/mace_0.3.8/lib/python3.10/site-packages/torch/nn/modules/module.py", line 1747, in _call_impl
    return forward_call(*args, **kwargs)
  File "/home/phanim/harshitrawat/mace/mace/modules/symmetric_contraction.py", line 253, in forward
    c_tensor = c_tensor + out
torch.OutOfMemoryError: CUDA out of memory. Tried to allocate 60.87 GiB. GPU 0 has a total capacity of 139.72 GiB of which 14.83 GiB is free. Including non-PyTorch memory, this process has 124.88 GiB memory in use. Of the allocated memory 124.14 GiB is allocated by PyTorch, and 89.70 MiB is reserved by PyTorch but unallocated. If reserved but unallocated memory is large try setting PYTORCH_CUDA_ALLOC_CONF=expandable_segments:True to avoid fragmentation.  See documentation for Memory Management  (https://pytorch.org/docs/stable/notes/cuda.html#environment-variables)
