2025-09-21 07:41:44.277 INFO: ===========VERIFYING SETTINGS===========
2025-09-21 07:41:44.278 INFO: MACE version: 0.3.14
2025-09-21 07:41:44.784 INFO: CUDA version: 12.1, CUDA device: 0
2025-09-21 07:41:45.801 INFO: Using foundation model /home/phanim/harshitrawat/summer/mace_models/universal/2024-01-07-mace-128-L2_epoch-199.model as initial checkpoint.
2025-09-21 07:41:45.802 WARNING: Using multiheads finetuning with a foundation model that is not a Materials Project model, need to provied a path to a pretraining file with --pt_train_file.
2025-09-21 07:41:45.803 INFO: ===========LOADING INPUT DATA===========
2025-09-21 07:41:45.803 INFO: Using heads: ['target_head', 'pt_head']
2025-09-21 07:41:45.803 INFO: Using the key specifications to parse data:
2025-09-21 07:41:45.803 INFO: target_head: KeySpecification(info_keys={'energy': 'REF_energy', 'stress': 'REF_stress', 'virials': 'REF_virials', 'dipole': 'dipole', 'head': 'head', 'elec_temp': 'elec_temp', 'total_charge': 'total_charge', 'total_spin': 'total_spin'}, arrays_keys={'forces': 'REF_forces', 'charges': 'REF_charges'})
2025-09-21 07:41:45.803 INFO: pt_head: KeySpecification(info_keys={'energy': 'REF_energy', 'stress': 'REF_stress', 'virials': 'REF_virials', 'dipole': 'dipole', 'head': 'head', 'elec_temp': 'elec_temp', 'total_charge': 'total_charge', 'total_spin': 'total_spin'}, arrays_keys={'forces': 'REF_forces', 'charges': 'REF_charges'})
2025-09-21 07:41:45.803 INFO: =============    Processing head target_head     ===========
2025-09-21 07:41:51.909 INFO: Training set 1/1 [energy: 1612, stress: 0, virials: 0, dipole components: 0, head: 1612, elec_temp: 0, total_charge: 0, total_spin: 0, forces: 1612, charges: 0]
2025-09-21 07:41:51.914 INFO: Total Training set [energy: 1612, stress: 0, virials: 0, dipole components: 0, head: 1612, elec_temp: 0, total_charge: 0, total_spin: 0, forces: 1612, charges: 0]
2025-09-21 07:41:54.494 INFO: Validation set 1/1 [energy: 705, stress: 0, virials: 0, dipole components: 0, head: 705, elec_temp: 0, total_charge: 0, total_spin: 0, forces: 705, charges: 0]
2025-09-21 07:41:54.496 INFO: Total Validation set [energy: 705, stress: 0, virials: 0, dipole components: 0, head: 705, elec_temp: 0, total_charge: 0, total_spin: 0, forces: 705, charges: 0]
2025-09-21 07:41:54.496 INFO: Total number of configurations: train=1612, valid=705, tests=[],
2025-09-21 07:41:54.496 INFO: =============    Processing head pt_head     ===========
2025-09-21 07:41:54.581 INFO: Training set 1/1 [energy: 142, stress: 0, virials: 0, dipole components: 0, head: 142, elec_temp: 0, total_charge: 0, total_spin: 0, forces: 0, charges: 0]
2025-09-21 07:41:54.581 INFO: Total Training set [energy: 142, stress: 0, virials: 0, dipole components: 0, head: 142, elec_temp: 0, total_charge: 0, total_spin: 0, forces: 0, charges: 0]
2025-09-21 07:41:57.134 INFO: Validation set 1/1 [energy: 705, stress: 0, virials: 0, dipole components: 0, head: 705, elec_temp: 0, total_charge: 0, total_spin: 0, forces: 705, charges: 0]
2025-09-21 07:41:57.138 INFO: Total Validation set [energy: 705, stress: 0, virials: 0, dipole components: 0, head: 705, elec_temp: 0, total_charge: 0, total_spin: 0, forces: 705, charges: 0]
2025-09-21 07:41:57.138 INFO: Total number of configurations: train=142, valid=705, tests=[],
2025-09-21 07:41:57.138 INFO: Using atomic numbers from command line argument
2025-09-21 07:41:57.138 INFO: Using atomic numbers from command line argument
2025-09-21 07:41:57.138 INFO: Atomic Numbers used: [3, 8, 40, 57]
2025-09-21 07:41:57.138 INFO: Isolated Atomic Energies (E0s) not in training file, using command line argument
2025-09-21 07:41:57.138 INFO: Loading atomic energies from /home/phanim/harshitrawat/summer/e0s_llzo.json
2025-09-21 07:41:57.139 INFO: Isolated Atomic Energies (E0s) not in training file, using command line argument
2025-09-21 07:41:57.139 INFO: Loading atomic energies from /home/phanim/harshitrawat/summer/e0s_llzo.json
2025-09-21 07:41:57.140 INFO: Atomic Energies used (z: eV) for head target_head: {3: -1.882, 8: -4.913, 40: -8.509, 57: -4.894}
2025-09-21 07:41:57.140 INFO: Atomic Energies used (z: eV) for head pt_head: {3: -1.882, 8: -4.913, 40: -8.509, 57: -4.894}
2025-09-21 07:41:57.140 INFO: Processing datasets for head 'target_head'
2025-09-21 07:42:45.812 INFO: Combining 1 list datasets for head 'target_head'
2025-09-21 07:43:07.281 INFO: Combining 1 list datasets for head 'target_head_valid'
2025-09-21 07:43:07.281 INFO: Combined validation datasets for target_head
2025-09-21 07:43:07.281 INFO: Head 'target_head' training dataset size: 1612
2025-09-21 07:43:07.281 INFO: Processing datasets for head 'pt_head'
2025-09-21 07:43:07.387 INFO: Combining 1 list datasets for head 'pt_head'
2025-09-21 07:43:29.160 INFO: Combining 1 list datasets for head 'pt_head_valid'
2025-09-21 07:43:29.160 INFO: Combined validation datasets for pt_head
2025-09-21 07:43:29.160 INFO: Head 'pt_head' training dataset size: 142
2025-09-21 07:43:29.161 INFO: Computing average number of neighbors
2025-09-21 07:43:31.469 INFO: Average number of neighbors: 67.31388041084317
2025-09-21 07:43:31.469 INFO: During training the following quantities will be reported: energy, forces
2025-09-21 07:43:31.469 INFO: ===========MODEL DETAILS===========
2025-09-21 07:43:33.022 WARNING: Standard deviation of the scaling is zero, Changing to no scaling
2025-09-21 07:43:33.025 INFO: Loading FOUNDATION model
2025-09-21 07:43:33.026 INFO: Using filtered elements: [3, 8, 40, 57]
2025-09-21 07:43:33.026 INFO: Model configuration extracted from foundation model
2025-09-21 07:43:33.026 INFO: Using weighted loss function for fine-tuning
2025-09-21 07:43:33.026 INFO: Message passing with hidden irreps 128x0e+128x1o+128x2e)
2025-09-21 07:43:33.026 INFO: 2 layers, each with correlation order: 3 (body order: 4) and spherical harmonics up to: l=3
2025-09-21 07:43:33.026 INFO: Radial cutoff: 6.0 A (total receptive field for each atom: 12.0 A)
2025-09-21 07:43:33.026 INFO: Distance transform for radial basis functions: None
Using reduced CG: False
Using reduced CG: False
2025-09-21 07:43:34.300 INFO: Total number of parameters: 896586
2025-09-21 07:43:34.300 INFO: 
2025-09-21 07:43:34.300 INFO: ===========OPTIMIZER INFORMATION===========
2025-09-21 07:43:34.300 INFO: Using ADAM as parameter optimizer
2025-09-21 07:43:34.300 INFO: Batch size: 2
2025-09-21 07:43:34.300 INFO: Number of gradient updates: 70160
2025-09-21 07:43:34.300 INFO: Learning rate: 0.0005, weight decay: 1e-08
2025-09-21 07:43:34.300 INFO: WeightedEnergyForcesLoss(energy_weight=50.000, forces_weight=10.000)
2025-09-21 07:43:34.367 WARNING: No SWA checkpoint found, while SWA is enabled. Compare the swa_start parameter and the latest checkpoint.
2025-09-21 07:43:34.368 INFO: Loading checkpoint: ./checkpoints/mace_T2_w2_2heads_final_run-20_epoch-39.pt
2025-09-21 07:43:34.826 INFO: Using gradient clipping with tolerance=1.000
2025-09-21 07:43:34.826 INFO: 
2025-09-21 07:43:34.826 INFO: ===========TRAINING===========
2025-09-21 07:43:34.826 INFO: Started training, reporting errors on validation set
2025-09-21 07:43:34.826 INFO: Loss metrics on validation set
2025-09-21 07:45:01.434 INFO: Initial: head: pt_head, loss=0.04273331, RMSE_E_per_atom=   16.47 meV, RMSE_F=   56.60 meV / A
2025-09-21 07:46:22.277 INFO: Initial: head: target_head, loss=0.01244855, RMSE_E_per_atom=    1.37 meV, RMSE_F=   37.46 meV / A
2025-09-21 07:56:46.790 INFO: Epoch 39: head: pt_head, loss=0.03599718, RMSE_E_per_atom=   12.93 meV, RMSE_F=   55.34 meV / A
2025-09-21 07:58:07.083 INFO: Epoch 39: head: target_head, loss=0.01292729, RMSE_E_per_atom=    3.32 meV, RMSE_F=   37.48 meV / A
2025-09-21 08:08:25.764 INFO: Epoch 40: head: pt_head, loss=0.04493742, RMSE_E_per_atom=   17.32 meV, RMSE_F=   57.17 meV / A
2025-09-21 08:09:46.477 INFO: Epoch 40: head: target_head, loss=0.01329226, RMSE_E_per_atom=    4.66 meV, RMSE_F=   37.23 meV / A
2025-09-21 08:20:05.466 INFO: Epoch 41: head: pt_head, loss=0.03737457, RMSE_E_per_atom=   11.89 meV, RMSE_F=   57.73 meV / A
2025-09-21 08:21:26.286 INFO: Epoch 41: head: target_head, loss=0.01213099, RMSE_E_per_atom=    1.44 meV, RMSE_F=   37.00 meV / A
2025-09-21 08:31:44.824 INFO: Epoch 42: head: pt_head, loss=0.04385180, RMSE_E_per_atom=   15.88 meV, RMSE_F=   58.53 meV / A
2025-09-21 08:33:05.477 INFO: Epoch 42: head: target_head, loss=0.01234668, RMSE_E_per_atom=    2.67 meV, RMSE_F=   36.93 meV / A
2025-09-21 08:43:23.251 INFO: Epoch 43: head: pt_head, loss=0.04585213, RMSE_E_per_atom=   17.78 meV, RMSE_F=   57.44 meV / A
2025-09-21 08:44:43.869 INFO: Epoch 43: head: target_head, loss=0.01291621, RMSE_E_per_atom=    1.91 meV, RMSE_F=   37.91 meV / A
2025-09-21 08:55:02.826 INFO: Epoch 44: head: pt_head, loss=0.04747206, RMSE_E_per_atom=   17.93 meV, RMSE_F=   58.64 meV / A
2025-09-21 08:56:23.659 INFO: Epoch 44: head: target_head, loss=0.01278547, RMSE_E_per_atom=    2.89 meV, RMSE_F=   37.45 meV / A
2025-09-21 09:06:42.611 INFO: Epoch 45: head: pt_head, loss=0.04032643, RMSE_E_per_atom=   14.26 meV, RMSE_F=   57.53 meV / A
2025-09-21 09:08:03.289 INFO: Epoch 45: head: target_head, loss=0.01235553, RMSE_E_per_atom=    2.04 meV, RMSE_F=   37.20 meV / A
2025-09-21 09:18:21.496 INFO: Epoch 46: head: pt_head, loss=0.04216531, RMSE_E_per_atom=   14.23 meV, RMSE_F=   59.33 meV / A
2025-09-21 09:19:42.135 INFO: Epoch 46: head: target_head, loss=0.01204468, RMSE_E_per_atom=    1.76 meV, RMSE_F=   36.79 meV / A
2025-09-21 09:30:00.249 INFO: Epoch 47: head: pt_head, loss=0.03972698, RMSE_E_per_atom=   13.34 meV, RMSE_F=   58.37 meV / A
2025-09-21 09:31:21.113 INFO: Epoch 47: head: target_head, loss=0.01230515, RMSE_E_per_atom=    1.34 meV, RMSE_F=   37.21 meV / A
2025-09-21 09:41:39.786 INFO: Epoch 48: head: pt_head, loss=0.04498850, RMSE_E_per_atom=   16.96 meV, RMSE_F=   57.71 meV / A
2025-09-21 09:43:00.584 INFO: Epoch 48: head: target_head, loss=0.01225521, RMSE_E_per_atom=    1.74 meV, RMSE_F=   37.03 meV / A
2025-09-21 09:53:18.842 INFO: Epoch 49: head: pt_head, loss=0.04557576, RMSE_E_per_atom=   16.34 meV, RMSE_F=   59.15 meV / A
2025-09-21 09:54:39.322 INFO: Epoch 49: head: target_head, loss=0.01301689, RMSE_E_per_atom=    3.23 meV, RMSE_F=   37.62 meV / A
2025-09-21 10:04:57.732 INFO: Epoch 50: head: pt_head, loss=0.05154687, RMSE_E_per_atom=   19.66 meV, RMSE_F=   59.21 meV / A
2025-09-21 10:06:18.194 INFO: Epoch 50: head: target_head, loss=0.01240757, RMSE_E_per_atom=    2.49 meV, RMSE_F=   37.02 meV / A
2025-09-21 10:16:36.411 INFO: Epoch 51: head: pt_head, loss=0.04204368, RMSE_E_per_atom=   16.23 meV, RMSE_F=   56.46 meV / A
2025-09-21 10:17:57.189 INFO: Epoch 51: head: target_head, loss=0.01248630, RMSE_E_per_atom=    3.55 meV, RMSE_F=   36.73 meV / A
2025-09-21 10:28:15.850 INFO: Epoch 52: head: pt_head, loss=0.04288569, RMSE_E_per_atom=   16.08 meV, RMSE_F=   57.31 meV / A
2025-09-21 10:29:36.699 INFO: Epoch 52: head: target_head, loss=0.01161148, RMSE_E_per_atom=    1.02 meV, RMSE_F=   36.28 meV / A
2025-09-21 10:39:54.784 INFO: Epoch 53: head: pt_head, loss=0.04242434, RMSE_E_per_atom=   16.24 meV, RMSE_F=   56.67 meV / A
2025-09-21 10:41:15.430 INFO: Epoch 53: head: target_head, loss=0.01160685, RMSE_E_per_atom=    0.74 meV, RMSE_F=   36.28 meV / A
2025-09-21 10:51:32.887 INFO: Epoch 54: head: pt_head, loss=0.04561503, RMSE_E_per_atom=   16.88 meV, RMSE_F=   58.59 meV / A
2025-09-21 10:52:53.423 INFO: Epoch 54: head: target_head, loss=0.01156743, RMSE_E_per_atom=    1.11 meV, RMSE_F=   36.15 meV / A
2025-09-21 11:03:12.225 INFO: Epoch 55: head: pt_head, loss=0.04912587, RMSE_E_per_atom=   18.75 meV, RMSE_F=   58.70 meV / A
2025-09-21 11:04:33.020 INFO: Epoch 55: head: target_head, loss=0.01175853, RMSE_E_per_atom=    1.62 meV, RMSE_F=   36.31 meV / A
2025-09-21 11:14:51.710 INFO: Epoch 56: head: pt_head, loss=0.04129694, RMSE_E_per_atom=   15.48 meV, RMSE_F=   56.65 meV / A
2025-09-21 11:16:12.587 INFO: Epoch 56: head: target_head, loss=0.01157578, RMSE_E_per_atom=    1.34 meV, RMSE_F=   36.17 meV / A
2025-09-21 11:26:30.731 INFO: Epoch 57: head: pt_head, loss=0.04371463, RMSE_E_per_atom=   16.41 meV, RMSE_F=   57.43 meV / A
2025-09-21 11:27:51.463 INFO: Epoch 57: head: target_head, loss=0.01181374, RMSE_E_per_atom=    1.16 meV, RMSE_F=   36.49 meV / A
2025-09-21 11:38:09.103 INFO: Epoch 58: head: pt_head, loss=0.04437759, RMSE_E_per_atom=   17.34 meV, RMSE_F=   56.67 meV / A
2025-09-21 11:39:29.922 INFO: Epoch 58: head: target_head, loss=0.01146403, RMSE_E_per_atom=    0.76 meV, RMSE_F=   36.13 meV / A
