===== GPU INFO =====
GPU 0: NVIDIA H200 (UUID: GPU-fcacfa25-8f1f-f705-9f82-a531a2161f02)
GPU 1: NVIDIA H200 (UUID: GPU-c8eaa864-162e-73f3-420c-0bf16e187ba0)
GPU 2: NVIDIA H200 (UUID: GPU-f08492b1-62ff-7cef-794f-156e09522634)
GPU 3: NVIDIA H200 (UUID: GPU-f8049926-0d8c-0394-6dcd-9754b73f11c5)
GPU 4: NVIDIA H200 (UUID: GPU-0d9131cc-ee50-f198-276c-fceda18295a4)
GPU 5: NVIDIA H200 (UUID: GPU-30d42824-a0de-6e2b-212c-edfe60b3e725)
GPU 6: NVIDIA H200 (UUID: GPU-26893cb5-fcf0-f89c-d3ad-634f8da0a542)
GPU 7: NVIDIA H200 (UUID: GPU-35458bd5-35e7-eb55-5f5d-b01a2a0de0d3)
Mon Aug 25 21:04:58 2025       
+-----------------------------------------------------------------------------------------+
| NVIDIA-SMI 550.90.07              Driver Version: 550.90.07      CUDA Version: 12.4     |
|-----------------------------------------+------------------------+----------------------+
| GPU  Name                 Persistence-M | Bus-Id          Disp.A | Volatile Uncorr. ECC |
| Fan  Temp   Perf          Pwr:Usage/Cap |           Memory-Usage | GPU-Util  Compute M. |
|                                         |                        |               MIG M. |
|=========================================+========================+======================|
|   0  NVIDIA H200                    On  |   00000000:1B:00.0 Off |                   On |
| N/A   29C    P0             79W /  700W |      89MiB / 143771MiB |     N/A      Default |
|                                         |                        |              Enabled |
+-----------------------------------------+------------------------+----------------------+
|   1  NVIDIA H200                    On  |   00000000:43:00.0 Off |                   On |
| N/A   31C    P0             75W /  700W |      89MiB / 143771MiB |     N/A      Default |
|                                         |                        |              Enabled |
+-----------------------------------------+------------------------+----------------------+
|   2  NVIDIA H200                    On  |   00000000:52:00.0 Off |                   On |
| N/A   34C    P0             77W /  700W |      90MiB / 143771MiB |     N/A      Default |
|                                         |                        |              Enabled |
+-----------------------------------------+------------------------+----------------------+
|   3  NVIDIA H200                    On  |   00000000:61:00.0 Off |                   On |
| N/A   33C    P0             76W /  700W |      89MiB / 143771MiB |     N/A      Default |
|                                         |                        |              Enabled |
+-----------------------------------------+------------------------+----------------------+
|   4  NVIDIA H200                    On  |   00000000:9D:00.0 Off |                   On |
| N/A   29C    P0             77W /  700W |      89MiB / 143771MiB |     N/A      Default |
|                                         |                        |              Enabled |
+-----------------------------------------+------------------------+----------------------+
|   5  NVIDIA H200                    On  |   00000000:C3:00.0 Off |                   On |
| N/A   30C    P0             76W /  700W |      89MiB / 143771MiB |     N/A      Default |
|                                         |                        |              Enabled |
+-----------------------------------------+------------------------+----------------------+
|   6  NVIDIA H200                    On  |   00000000:D1:00.0 Off |                    0 |
| N/A   32C    P0             78W /  700W |       1MiB / 143771MiB |      0%      Default |
|                                         |                        |             Disabled |
+-----------------------------------------+------------------------+----------------------+
|   7  NVIDIA H200                    On  |   00000000:DF:00.0 Off |                    0 |
| N/A   34C    P0             78W /  700W |       1MiB / 143771MiB |      0%      Default |
|                                         |                        |             Disabled |
+-----------------------------------------+------------------------+----------------------+

+-----------------------------------------------------------------------------------------+
| MIG devices:                                                                            |
+------------------+----------------------------------+-----------+-----------------------+
| GPU  GI  CI  MIG |                     Memory-Usage |        Vol|      Shared           |
|      ID  ID  Dev |                       BAR1-Usage | SM     Unc| CE ENC DEC OFA JPG    |
|                  |                                  |        ECC|                       |
|==================+==================================+===========+=======================|
|  No MIG devices found                                                                   |
+-----------------------------------------------------------------------------------------+
                                                                                         
+-----------------------------------------------------------------------------------------+
| Processes:                                                                              |
|  GPU   GI   CI        PID   Type   Process name                              GPU Memory |
|        ID   ID                                                               Usage      |
|=========================================================================================|
|  No running processes found                                                             |
+-----------------------------------------------------------------------------------------+
====================
