2025-10-22 15:16:26.663 INFO: ===========VERIFYING SETTINGS===========
2025-10-22 15:16:26.663 INFO: MACE version: 0.3.14
2025-10-22 15:16:27.166 INFO: CUDA version: 12.1, CUDA device: 0
2025-10-22 15:16:27.794 INFO: Using foundation model /home/phanim/harshitrawat/summer/mace_models/universal/2024-01-07-mace-128-L2_epoch-199.model as initial checkpoint.
2025-10-22 15:16:27.795 WARNING: Using multiheads finetuning with a foundation model that is not a Materials Project model, need to provied a path to a pretraining file with --pt_train_file.
2025-10-22 15:16:27.796 INFO: ===========LOADING INPUT DATA===========
2025-10-22 15:16:27.796 INFO: Using heads: ['target_head', 'pt_head']
2025-10-22 15:16:27.796 INFO: Using the key specifications to parse data:
2025-10-22 15:16:27.796 INFO: target_head: KeySpecification(info_keys={'energy': 'REF_energy', 'stress': 'REF_stress', 'virials': 'REF_virials', 'dipole': 'dipole', 'head': 'head', 'elec_temp': 'elec_temp', 'total_charge': 'total_charge', 'total_spin': 'total_spin'}, arrays_keys={'forces': 'REF_forces', 'charges': 'REF_charges'})
2025-10-22 15:16:27.796 INFO: pt_head: KeySpecification(info_keys={'energy': 'REF_energy', 'stress': 'REF_stress', 'virials': 'REF_virials', 'dipole': 'dipole', 'head': 'head', 'elec_temp': 'elec_temp', 'total_charge': 'total_charge', 'total_spin': 'total_spin'}, arrays_keys={'forces': 'REF_forces', 'charges': 'REF_charges'})
2025-10-22 15:16:27.796 INFO: =============    Processing head target_head     ===========
2025-10-22 15:16:59.330 INFO: Training set 1/1 [energy: 6337, stress: 0, virials: 0, dipole components: 0, head: 6337, elec_temp: 0, total_charge: 0, total_spin: 0, forces: 6337, charges: 0]
2025-10-22 15:16:59.353 INFO: Total Training set [energy: 6337, stress: 0, virials: 0, dipole components: 0, head: 6337, elec_temp: 0, total_charge: 0, total_spin: 0, forces: 6337, charges: 0]
2025-10-22 15:17:02.216 INFO: Validation set 1/1 [energy: 705, stress: 0, virials: 0, dipole components: 0, head: 705, elec_temp: 0, total_charge: 0, total_spin: 0, forces: 705, charges: 0]
2025-10-22 15:17:02.218 INFO: Total Validation set [energy: 705, stress: 0, virials: 0, dipole components: 0, head: 705, elec_temp: 0, total_charge: 0, total_spin: 0, forces: 705, charges: 0]
2025-10-22 15:17:02.218 INFO: Total number of configurations: train=6337, valid=705, tests=[],
2025-10-22 15:17:02.218 INFO: =============    Processing head pt_head     ===========
2025-10-22 15:17:02.284 INFO: Training set 1/1 [energy: 142, stress: 0, virials: 0, dipole components: 0, head: 142, elec_temp: 0, total_charge: 0, total_spin: 0, forces: 0, charges: 0]
2025-10-22 15:17:02.284 INFO: Total Training set [energy: 142, stress: 0, virials: 0, dipole components: 0, head: 142, elec_temp: 0, total_charge: 0, total_spin: 0, forces: 0, charges: 0]
2025-10-22 15:17:05.036 INFO: Validation set 1/1 [energy: 705, stress: 0, virials: 0, dipole components: 0, head: 705, elec_temp: 0, total_charge: 0, total_spin: 0, forces: 705, charges: 0]
2025-10-22 15:17:05.038 INFO: Total Validation set [energy: 705, stress: 0, virials: 0, dipole components: 0, head: 705, elec_temp: 0, total_charge: 0, total_spin: 0, forces: 705, charges: 0]
2025-10-22 15:17:05.038 INFO: Total number of configurations: train=142, valid=705, tests=[],
2025-10-22 15:17:05.038 INFO: Using atomic numbers from command line argument
2025-10-22 15:17:05.038 INFO: Using atomic numbers from command line argument
2025-10-22 15:17:05.038 INFO: Atomic Numbers used: [3, 8, 40, 57]
2025-10-22 15:17:05.038 INFO: Isolated Atomic Energies (E0s) not in training file, using command line argument
2025-10-22 15:17:05.038 INFO: Loading atomic energies from /home/phanim/harshitrawat/summer/e0s_llzo.json
2025-10-22 15:17:05.041 INFO: Isolated Atomic Energies (E0s) not in training file, using command line argument
2025-10-22 15:17:05.041 INFO: Loading atomic energies from /home/phanim/harshitrawat/summer/e0s_llzo.json
2025-10-22 15:17:05.041 INFO: Atomic Energies used (z: eV) for head target_head: {3: -1.882, 8: -4.913, 40: -8.509, 57: -4.894}
2025-10-22 15:17:05.041 INFO: Atomic Energies used (z: eV) for head pt_head: {3: -1.882, 8: -4.913, 40: -8.509, 57: -4.894}
2025-10-22 15:17:05.042 INFO: Processing datasets for head 'target_head'
2025-10-22 15:20:22.861 INFO: Combining 1 list datasets for head 'target_head'
2025-10-22 15:20:45.153 INFO: Combining 1 list datasets for head 'target_head_valid'
2025-10-22 15:20:45.153 INFO: Combined validation datasets for target_head
2025-10-22 15:20:45.153 INFO: Head 'target_head' training dataset size: 6337
2025-10-22 15:20:45.154 INFO: Processing datasets for head 'pt_head'
2025-10-22 15:20:45.267 INFO: Combining 1 list datasets for head 'pt_head'
2025-10-22 15:21:07.654 INFO: Combining 1 list datasets for head 'pt_head_valid'
2025-10-22 15:21:07.654 INFO: Combined validation datasets for pt_head
2025-10-22 15:21:07.654 INFO: Head 'pt_head' training dataset size: 142
2025-10-22 15:21:07.654 INFO: Computing average number of neighbors
2025-10-22 15:21:16.752 INFO: Average number of neighbors: 68.51645228734358
2025-10-22 15:21:16.753 INFO: During training the following quantities will be reported: energy, forces
2025-10-22 15:21:16.753 INFO: ===========MODEL DETAILS===========
2025-10-22 15:21:22.995 WARNING: Standard deviation of the scaling is zero, Changing to no scaling
2025-10-22 15:21:23.007 INFO: Loading FOUNDATION model
2025-10-22 15:21:23.009 INFO: Using filtered elements: [3, 8, 40, 57]
2025-10-22 15:21:23.009 INFO: Model configuration extracted from foundation model
2025-10-22 15:21:23.009 INFO: Using weighted loss function for fine-tuning
2025-10-22 15:21:23.009 INFO: Message passing with hidden irreps 128x0e+128x1o+128x2e)
2025-10-22 15:21:23.009 INFO: 2 layers, each with correlation order: 3 (body order: 4) and spherical harmonics up to: l=3
2025-10-22 15:21:23.009 INFO: Radial cutoff: 6.0 A (total receptive field for each atom: 12.0 A)
2025-10-22 15:21:23.009 INFO: Distance transform for radial basis functions: None
Using reduced CG: False
Using reduced CG: False
2025-10-22 15:21:24.396 INFO: Total number of parameters: 896586
2025-10-22 15:21:24.396 INFO: 
2025-10-22 15:21:24.396 INFO: ===========OPTIMIZER INFORMATION===========
2025-10-22 15:21:24.396 INFO: Using ADAM as parameter optimizer
2025-10-22 15:21:24.396 INFO: Batch size: 2
2025-10-22 15:21:24.396 INFO: Number of gradient updates: 38874
2025-10-22 15:21:24.396 INFO: Learning rate: 0.0002, weight decay: 1e-08
2025-10-22 15:21:24.396 INFO: WeightedEnergyForcesLoss(energy_weight=50.000, forces_weight=10.000)
2025-10-22 15:21:24.406 WARNING: No SWA checkpoint found, while SWA is enabled. Compare the swa_start parameter and the latest checkpoint.
2025-10-22 15:21:24.406 INFO: Loading checkpoint: ./checkpoints/mace_T1_w1_2heads_final_run-10_epoch-10.pt
2025-10-22 15:21:24.829 INFO: Using gradient clipping with tolerance=1.000
2025-10-22 15:21:24.829 INFO: 
2025-10-22 15:21:24.829 INFO: ===========TRAINING===========
2025-10-22 15:21:24.829 INFO: Started training, reporting errors on validation set
2025-10-22 15:21:24.829 INFO: Loss metrics on validation set
2025-10-22 15:22:51.251 INFO: Initial: head: pt_head, loss=0.03342017, RMSE_E_per_atom=    6.28 meV, RMSE_F=   59.68 meV / A
2025-10-22 15:24:11.582 INFO: Initial: head: target_head, loss=0.01275528, RMSE_E_per_atom=    1.86 meV, RMSE_F=   37.91 meV / A
2025-10-22 16:01:34.103 INFO: Epoch 10: head: pt_head, loss=0.03727036, RMSE_E_per_atom=    9.54 meV, RMSE_F=   60.86 meV / A
2025-10-22 16:02:54.153 INFO: Epoch 10: head: target_head, loss=0.01237372, RMSE_E_per_atom=    0.91 meV, RMSE_F=   37.55 meV / A
2025-10-22 16:40:09.973 INFO: Epoch 11: head: pt_head, loss=0.03491631, RMSE_E_per_atom=    6.40 meV, RMSE_F=   61.00 meV / A
2025-10-22 16:41:30.091 INFO: Epoch 11: head: target_head, loss=0.01222383, RMSE_E_per_atom=    0.85 meV, RMSE_F=   37.32 meV / A
2025-10-22 16:41:30.363 INFO: Training complete
2025-10-22 16:41:30.363 INFO: 
2025-10-22 16:41:30.363 INFO: ===========RESULTS===========
2025-10-22 16:41:30.503 INFO: Loading checkpoint: ./checkpoints/mace_T1_w1_2heads_final_run-10_epoch-11.pt
2025-10-22 16:41:30.545 INFO: Loaded Stage one model from epoch 11 for evaluation
2025-10-22 16:41:30.545 INFO: Saving model to checkpoints/mace_T1_w1_2heads_final_run-10.model
2025-10-22 16:41:30.807 INFO: Compiling model, saving metadata to mace_T1_w1_2heads_final_compiled.model
2025-10-22 16:41:31.816 INFO: Computing metrics for training, validation, and test sets
2025-10-22 16:41:31.817 INFO: Skipping evaluation for heads: ['pt_head']
2025-10-22 16:41:31.817 INFO: Skipping evaluation of train_pt_head (in skip_heads list)
2025-10-22 16:41:31.817 INFO: Evaluating train_target_head ...
2025-10-22 16:54:42.933 INFO: Skipping evaluation of valid_pt_head (in skip_heads list)
2025-10-22 16:54:42.935 INFO: Evaluating valid_target_head ...
2025-10-22 16:56:03.436 INFO: Error-table on TRAIN and VALID:
+-------------------+---------------------+------------------+-------------------+
|    config_type    | RMSE E / meV / atom | RMSE F / meV / A | relative F RMSE % |
+-------------------+---------------------+------------------+-------------------+
| train_target_head |            0.9      |         38.0     |         11.03     |
| valid_target_head |            0.9      |         37.3     |         10.86     |
+-------------------+---------------------+------------------+-------------------+
2025-10-22 17:15:08.337 INFO: Done
