2025-09-05 23:13:14.802 INFO: ===========VERIFYING SETTINGS===========
2025-09-05 23:13:14.802 INFO: MACE version: 0.3.14
2025-09-05 23:13:14.802 DEBUG: Configuration: Namespace(config=None, name='mace_T2_w1_nonappended_chgnetE0s', seed=84, work_dir='.', log_dir='./logs', model_dir='.', checkpoints_dir='./checkpoints', results_dir='./results', downloads_dir='./downloads', device='cuda', default_dtype='float64', distributed=False, launcher='slurm', log_level='INFO', plot=True, plot_frequency=0, error_table='PerAtomRMSE', model='MACE', r_max=5.0, radial_type='bessel', num_radial_basis=8, num_cutoff_basis=5, pair_repulsion=False, distance_transform='None', apply_cutoff=True, interaction='RealAgnosticResidualInteractionBlock', interaction_first='RealAgnosticResidualInteractionBlock', max_ell=3, correlation=3, use_reduced_cg=True, use_so3=False, use_agnostic_product=False, num_interactions=2, MLP_irreps='16x0e', radial_MLP='[64, 64, 64]', hidden_irreps='128x0e + 128x1o', edge_irreps=None, num_channels=128, max_L=1, gate='silu', scaling='rms_forces_scaling', avg_num_neighbors=1, compute_avg_num_neighbors=True, compute_stress=False, compute_forces=True, train_file='/home/phanim/harshitrawat/summer/T1_T2_T3_data/T3_chgnet_labeled.extxyz', valid_file='/home/phanim/harshitrawat/summer/T1_T2_T3_data/T2_chgnet_labeled.extxyz', valid_fraction=0.1, test_file=None, test_dir=None, multi_processed_test=False, num_workers=0, pin_memory=True, atomic_numbers='[3,8,40,57]', mean=None, std=None, statistics_file=None, E0s='{3: -1.882, 8: -4.913, 40: -8.509, 57: -4.894}', foundation_filter_elements=True, heads=None, multiheads_finetuning=True, foundation_head=None, weight_pt_head=1.0, num_samples_pt=10000, force_mh_ft_lr=False, subselect_pt='random', filter_type_pt='none', pt_train_file='/home/phanim/harshitrawat/summer/replay_data/replay_labeled_by_chgnet.extxyz', pt_valid_file=None, foundation_model_elements=False, keep_isolated_atoms=False, energy_key='REF_energy', forces_key='REF_forces', virials_key='REF_virials', stress_key='REF_stress', dipole_key='dipole', head_key='head', charges_key='REF_charges', elec_temp_key='elec_temp', total_spin_key='total_spin', total_charge_key='total_charge', embedding_specs=None, skip_evaluate_heads='pt_head', loss='weighted', forces_weight=0.0, swa_forces_weight=100.0, energy_weight=10.0, swa_energy_weight=1000.0, virials_weight=1.0, swa_virials_weight=10.0, stress_weight=0.0, swa_stress_weight=10.0, dipole_weight=1.0, swa_dipole_weight=1.0, config_type_weights='{"Default":1.0}', huber_delta=0.01, optimizer='adam', beta=0.9, batch_size=2, valid_batch_size=1, lr=0.06, swa_lr=0.001, weight_decay=1e-08, amsgrad=True, scheduler='ReduceLROnPlateau', lr_factor=0.8, scheduler_patience=4, lr_scheduler_gamma=0.9993, swa=False, start_swa=None, lbfgs=False, ema=False, ema_decay=0.99, max_num_epochs=40, patience=8, foundation_model='/home/phanim/harshitrawat/summer/mace_models/universal/2024-01-07-mace-128-L2_epoch-199.model', foundation_model_readout=False, eval_interval=1, keep_checkpoints=False, save_all_checkpoints=False, restart_latest=True, save_cpu=False, clip_grad=1.0, dry_run=False, enable_cueq=False, only_cueq=False, wandb=False, wandb_dir=None, wandb_project='', wandb_entity='', wandb_name='', wandb_log_hypers=['num_channels', 'max_L', 'correlation', 'lr', 'swa_lr', 'weight_decay', 'batch_size', 'max_num_epochs', 'start_swa', 'energy_weight', 'forces_weight'], key_specification=KeySpecification(info_keys={'energy': 'REF_energy', 'stress': 'REF_stress', 'virials': 'REF_virials', 'dipole': 'dipole', 'head': 'head', 'elec_temp': 'elec_temp', 'total_charge': 'total_charge', 'total_spin': 'total_spin'}, arrays_keys={'forces': 'REF_forces', 'charges': 'REF_charges'}))
2025-09-05 23:13:15.366 INFO: CUDA version: 12.1, CUDA device: 0
2025-09-05 23:13:15.478 DEBUG: Popen(['git', 'version'], cwd=/home/phanim/harshitrawat/summer, stdin=None, shell=False, universal_newlines=False)
2025-09-05 23:13:15.482 DEBUG: Popen(['git', 'version'], cwd=/home/phanim/harshitrawat/summer, stdin=None, shell=False, universal_newlines=False)
2025-09-05 23:13:15.491 DEBUG: Popen(['git', 'cat-file', '--batch-check'], cwd=/home/phanim/harshitrawat/summer, stdin=<valid stream>, shell=False, universal_newlines=False)
2025-09-05 23:13:15.503 DEBUG: Current Git commit: 7bc4aa2b02a199f3650610a022c2258d3b2e92ae
2025-09-05 23:13:15.931 INFO: Using foundation model /home/phanim/harshitrawat/summer/mace_models/universal/2024-01-07-mace-128-L2_epoch-199.model as initial checkpoint.
2025-09-05 23:13:15.932 INFO: Multihead finetuning mode, setting learning rate to 0.0001 and EMA to True. To use a different learning rate, set --force_mh_ft_lr=True.
2025-09-05 23:13:15.932 INFO: Using multiheads finetuning mode, setting learning rate to 0.0001 and EMA to True
2025-09-05 23:13:15.932 INFO: ===========LOADING INPUT DATA===========
2025-09-05 23:13:15.932 INFO: Using heads: ['Default', 'pt_head']
2025-09-05 23:13:15.932 INFO: Using the key specifications to parse data:
2025-09-05 23:13:15.932 INFO: Default: KeySpecification(info_keys={'energy': 'REF_energy', 'stress': 'REF_stress', 'virials': 'REF_virials', 'dipole': 'dipole', 'head': 'head', 'elec_temp': 'elec_temp', 'total_charge': 'total_charge', 'total_spin': 'total_spin'}, arrays_keys={'forces': 'REF_forces', 'charges': 'REF_charges'})
2025-09-05 23:13:15.932 INFO: pt_head: KeySpecification(info_keys={'energy': 'REF_energy', 'stress': 'REF_stress', 'virials': 'REF_virials', 'dipole': 'dipole', 'head': 'head', 'elec_temp': 'elec_temp', 'total_charge': 'total_charge', 'total_spin': 'total_spin'}, arrays_keys={'forces': 'REF_forces', 'charges': 'REF_charges'})
2025-09-05 23:13:15.932 INFO: =============    Processing head Default     ===========
2025-09-05 23:13:15.933 DEBUG: Loading training file: /home/phanim/harshitrawat/summer/T1_T2_T3_data/T3_chgnet_labeled.extxyz
2025-09-05 23:13:22.894 INFO: Training set 1/1 [energy: 1612, stress: 0, virials: 0, dipole components: 0, head: 1612, elec_temp: 0, total_charge: 0, total_spin: 0, forces: 1612, charges: 0]
2025-09-05 23:13:22.899 INFO: Total Training set [energy: 1612, stress: 0, virials: 0, dipole components: 0, head: 1612, elec_temp: 0, total_charge: 0, total_spin: 0, forces: 1612, charges: 0]
2025-09-05 23:13:25.829 INFO: Validation set 1/1 [energy: 705, stress: 0, virials: 0, dipole components: 0, head: 705, elec_temp: 0, total_charge: 0, total_spin: 0, forces: 705, charges: 0]
2025-09-05 23:13:25.831 INFO: Total Validation set [energy: 705, stress: 0, virials: 0, dipole components: 0, head: 705, elec_temp: 0, total_charge: 0, total_spin: 0, forces: 705, charges: 0]
2025-09-05 23:13:25.831 INFO: Total number of configurations: train=1612, valid=705, tests=[],
2025-09-05 23:13:25.831 INFO: =============    Processing head pt_head     ===========
2025-09-05 23:13:25.833 DEBUG: Loading training file: /home/phanim/harshitrawat/summer/replay_data/replay_labeled_by_chgnet.extxyz
2025-09-05 23:13:25.962 INFO: Training set 1/1 [energy: 142, stress: 0, virials: 0, dipole components: 0, head: 142, elec_temp: 0, total_charge: 0, total_spin: 0, forces: 0, charges: 0]
2025-09-05 23:13:25.962 INFO: Total Training set [energy: 142, stress: 0, virials: 0, dipole components: 0, head: 142, elec_temp: 0, total_charge: 0, total_spin: 0, forces: 0, charges: 0]
2025-09-05 23:13:25.962 INFO: No validation set provided, splitting training data instead.
2025-09-05 23:13:25.997 INFO: Using random 10% of training set for validation with indices saved in: ./valid_indices_84.txt
2025-09-05 23:13:25.998 INFO: Random Split Training set [energy: 128, stress: 0, virials: 0, dipole components: 0, head: 128, elec_temp: 0, total_charge: 0, total_spin: 0, forces: 0, charges: 0]
2025-09-05 23:13:25.998 INFO: Random Split Validation set [energy: 14, stress: 0, virials: 0, dipole components: 0, head: 14, elec_temp: 0, total_charge: 0, total_spin: 0, forces: 0, charges: 0]
2025-09-05 23:13:25.998 INFO: Total number of configurations: train=128, valid=14, tests=[],
2025-09-05 23:13:25.998 INFO: ==================Using multiheads finetuning mode==================
2025-09-05 23:13:25.998 INFO: Total number of configurations in pretraining: train=128, valid=14
2025-09-05 23:13:25.998 INFO: Using atomic numbers from command line argument
2025-09-05 23:13:25.998 INFO: Using atomic numbers from command line argument
2025-09-05 23:13:25.998 INFO: Atomic Numbers used: [3, 8, 40, 57]
2025-09-05 23:13:25.998 INFO: Isolated Atomic Energies (E0s) not in training file, using command line argument
2025-09-05 23:13:26.000 INFO: Atomic Energies used (z: eV) for head Default: {3: -1.882, 8: -4.913, 40: -8.509, 57: -4.894}
2025-09-05 23:13:26.000 INFO: Atomic Energies used (z: eV) for head pt_head: {3: -3.482100566595956, 8: -7.28459863421322, 40: -11.846857579882572, 57: -8.933684809576345}
2025-09-05 23:13:26.000 INFO: Processing datasets for head 'Default'
2025-09-05 23:14:15.391 DEBUG: Successfully loaded dataset from ASE files: ['/home/phanim/harshitrawat/summer/T1_T2_T3_data/T3_chgnet_labeled.extxyz']
2025-09-05 23:14:15.392 INFO: Combining 1 list datasets for head 'Default'
2025-09-05 23:14:36.992 DEBUG: Successfully loaded validation dataset from ASE files: ['/home/phanim/harshitrawat/summer/T1_T2_T3_data/T2_chgnet_labeled.extxyz']
2025-09-05 23:14:36.993 INFO: Combining 1 list datasets for head 'Default_valid'
2025-09-05 23:14:36.996 INFO: Combined validation datasets for Default
2025-09-05 23:14:36.996 INFO: Head 'Default' training dataset size: 1612
2025-09-05 23:14:36.997 INFO: Processing datasets for head 'pt_head'
2025-09-05 23:14:37.096 DEBUG: Successfully loaded dataset from ASE files: ['/home/phanim/harshitrawat/summer/replay_data/replay_labeled_by_chgnet.extxyz']
2025-09-05 23:14:37.096 INFO: Combining 1 list datasets for head 'pt_head'
2025-09-05 23:14:37.105 INFO: Head 'pt_head' training dataset size: 128
2025-09-05 23:14:37.106 INFO: Average number of neighbors: 61.964672446250916
2025-09-05 23:14:37.106 INFO: During training the following quantities will be reported: energy, forces, stress
2025-09-05 23:14:37.106 INFO: ===========MODEL DETAILS===========
2025-09-05 23:14:39.912 WARNING: Standard deviation of the scaling is zero, Changing to no scaling
2025-09-05 23:14:39.915 INFO: Loading FOUNDATION model
2025-09-05 23:14:39.916 INFO: Using filtered elements: [3, 8, 40, 57]
2025-09-05 23:14:39.916 INFO: Model configuration extracted from foundation model
2025-09-05 23:14:39.916 INFO: Using universal loss function for fine-tuning
2025-09-05 23:14:39.916 INFO: Message passing with hidden irreps 128x0e+128x1o+128x2e)
2025-09-05 23:14:39.916 INFO: 2 layers, each with correlation order: 3 (body order: 4) and spherical harmonics up to: l=3
2025-09-05 23:14:39.916 INFO: Radial cutoff: 6.0 A (total receptive field for each atom: 12.0 A)
2025-09-05 23:14:39.916 INFO: Distance transform for radial basis functions: None
2025-09-05 23:14:48.987 DEBUG: ScaleShiftMACE(
  (node_embedding): LinearNodeEmbeddingBlock(
    (linear): Linear(4x0e -> 128x0e | 512 weights)
  )
  (radial_embedding): RadialEmbeddingBlock(
    (bessel_fn): BesselBasis(r_max=6.0, num_basis=10, trainable=True)
    (cutoff_fn): PolynomialCutoff(p=5, r_max=6.0)
  )
  (spherical_harmonics): SphericalHarmonics()
  (atomic_energies_fn): AtomicEnergiesBlock(energies=[[-3.4821, -7.2846, -11.8469, -8.9337], [-1.8820, -4.9130, -8.5090, -4.8940]])
  (interactions): ModuleList(
    (0): RealAgnosticResidualInteractionBlock(
      (linear_up): Linear(128x0e -> 128x0e | 16384 weights)
      (conv_tp): TensorProduct(128x0e x 1x0e+1x1o+1x2e+1x3o -> 128x0e+128x1o+128x2e+128x3o | 512 paths | 512 weights)
      (conv_tp_weights): FullyConnectedNet[10, 64, 64, 64, 512]
      (linear): Linear(128x0e+128x1o+128x2e+128x3o -> 128x0e+128x1o+128x2e+128x3o | 65536 weights)
      (skip_tp): FullyConnectedTensorProduct(128x0e x 4x0e -> 128x0e+128x1o+128x2e | 65536 paths | 65536 weights)
      (reshape): reshape_irreps()
    )
    (1): RealAgnosticResidualInteractionBlock(
      (linear_up): Linear(128x0e+128x1o+128x2e -> 128x0e+128x1o+128x2e | 49152 weights)
      (conv_tp): TensorProduct(128x0e+128x1o+128x2e x 1x0e+1x1o+1x2e+1x3o -> 384x0e+640x1o+640x2e+512x3o | 2176 paths | 2176 weights)
      (conv_tp_weights): FullyConnectedNet[10, 64, 64, 64, 2176]
      (linear): Linear(128x0e+128x0e+128x0e+128x1o+128x1o+128x1o+128x1o+128x1o+128x2e+128x2e+128x2e+128x2e+128x2e+128x3o+128x3o+128x3o+128x3o -> 128x0e+128x1o+128x2e+128x3o | 278528 weights)
      (skip_tp): FullyConnectedTensorProduct(128x0e+128x1o+128x2e x 4x0e -> 128x0e | 65536 paths | 65536 weights)
      (reshape): reshape_irreps()
    )
  )
  (products): ModuleList(
    (0): EquivariantProductBasisBlock(
      (symmetric_contractions): SymmetricContraction(
        (contractions): ModuleList(
          (0): Contraction(
            (contractions_weighting): ModuleList(
              (0-1): 2 x GraphModule()
            )
            (contractions_features): ModuleList(
              (0-1): 2 x GraphModule()
            )
            (weights): ParameterList(
                (0): Parameter containing: [torch.float64 of size 4x4x128 (cuda:0)]
                (1): Parameter containing: [torch.float64 of size 4x1x128 (cuda:0)]
            )
            (graph_opt_main): GraphModule()
          )
          (1): Contraction(
            (contractions_weighting): ModuleList(
              (0-1): 2 x GraphModule()
            )
            (contractions_features): ModuleList(
              (0-1): 2 x GraphModule()
            )
            (weights): ParameterList(
                (0): Parameter containing: [torch.float64 of size 4x6x128 (cuda:0)]
                (1): Parameter containing: [torch.float64 of size 4x1x128 (cuda:0)]
            )
            (graph_opt_main): GraphModule()
          )
          (2): Contraction(
            (contractions_weighting): ModuleList(
              (0-1): 2 x GraphModule()
            )
            (contractions_features): ModuleList(
              (0-1): 2 x GraphModule()
            )
            (weights): ParameterList(
                (0): Parameter containing: [torch.float64 of size 4x7x128 (cuda:0)]
                (1): Parameter containing: [torch.float64 of size 4x1x128 (cuda:0)]
            )
            (graph_opt_main): GraphModule()
          )
        )
      )
      (linear): Linear(128x0e+128x1o+128x2e -> 128x0e+128x1o+128x2e | 49152 weights)
    )
    (1): EquivariantProductBasisBlock(
      (symmetric_contractions): SymmetricContraction(
        (contractions): ModuleList(
          (0): Contraction(
            (contractions_weighting): ModuleList(
              (0-1): 2 x GraphModule()
            )
            (contractions_features): ModuleList(
              (0-1): 2 x GraphModule()
            )
            (weights): ParameterList(
                (0): Parameter containing: [torch.float64 of size 4x4x128 (cuda:0)]
                (1): Parameter containing: [torch.float64 of size 4x1x128 (cuda:0)]
            )
            (graph_opt_main): GraphModule()
          )
        )
      )
      (linear): Linear(128x0e -> 128x0e | 16384 weights)
    )
  )
  (readouts): ModuleList(
    (0): LinearReadoutBlock(
      (linear): Linear(128x0e+128x1o+128x2e -> 2x0e | 256 weights)
    )
    (1): NonLinearReadoutBlock(
      (linear_1): Linear(128x0e -> 32x0e | 4096 weights)
      (non_linearity): Activation [x] (32x0e -> 32x0e)
      (linear_2): Linear(32x0e -> 2x0e | 64 weights)
    )
  )
  (scale_shift): ScaleShiftBlock(scale=0.8042, 0.8042, shift=0.1641, 0.1641)
)
2025-09-05 23:14:48.989 INFO: Total number of parameters: 896586
2025-09-05 23:14:48.989 INFO: 
2025-09-05 23:14:48.989 INFO: ===========OPTIMIZER INFORMATION===========
2025-09-05 23:14:48.989 INFO: Using ADAM as parameter optimizer
2025-09-05 23:14:48.989 INFO: Batch size: 2
2025-09-05 23:14:48.989 INFO: Using Exponential Moving Average with decay: 0.99999
2025-09-05 23:14:48.989 INFO: Number of gradient updates: 34800
2025-09-05 23:14:48.989 INFO: Learning rate: 0.0001, weight decay: 1e-08
2025-09-05 23:14:48.989 INFO: UniversalLoss(energy_weight=10.000, forces_weight=0.000, stress_weight=0.000)
2025-09-05 23:14:48.994 WARNING: Cannot find checkpoint with tag 'mace_T2_w1_nonappended_chgnetE0s_run-84' in './checkpoints'
2025-09-05 23:14:48.995 INFO: Using gradient clipping with tolerance=1.000
2025-09-05 23:14:48.995 INFO: 
2025-09-05 23:14:48.995 INFO: ===========TRAINING===========
2025-09-05 23:14:48.995 INFO: Started training, reporting errors on validation set
2025-09-05 23:14:48.995 INFO: Loss metrics on validation set
2025-09-05 23:14:56.608 INFO: Initial: head: pt_head, loss=0.02325349, RMSE_E_per_atom=  306.26 meV, RMSE_F=   55.27 meV / A, RMSE_stress=    4.88 meV / A^3
