2025-09-05 23:24:27.494 INFO: ===========VERIFYING SETTINGS===========
2025-09-05 23:24:27.494 INFO: MACE version: 0.3.14
2025-09-05 23:24:27.942 INFO: CUDA version: 12.1, CUDA device: 0
2025-09-05 23:24:28.510 INFO: Using foundation model /home/phanim/harshitrawat/summer/mace_models/universal/2024-01-07-mace-128-L2_epoch-199.model as initial checkpoint.
2025-09-05 23:24:28.511 WARNING: Using multiheads finetuning with a foundation model that is not a Materials Project model, need to provied a path to a pretraining file with --pt_train_file.
2025-09-05 23:24:28.511 INFO: ===========LOADING INPUT DATA===========
2025-09-05 23:24:28.511 INFO: Using heads: ['target_head', 'pt_head']
2025-09-05 23:24:28.511 INFO: Using the key specifications to parse data:
2025-09-05 23:24:28.511 INFO: target_head: KeySpecification(info_keys={'energy': 'REF_energy', 'stress': 'REF_stress', 'virials': 'REF_virials', 'dipole': 'dipole', 'head': 'head', 'elec_temp': 'elec_temp', 'total_charge': 'total_charge', 'total_spin': 'total_spin'}, arrays_keys={'forces': 'REF_forces', 'charges': 'REF_charges'})
2025-09-05 23:24:28.511 INFO: pt_head: KeySpecification(info_keys={'energy': 'REF_energy', 'stress': 'REF_stress', 'virials': 'REF_virials', 'dipole': 'dipole', 'head': 'head', 'elec_temp': 'elec_temp', 'total_charge': 'total_charge', 'total_spin': 'total_spin'}, arrays_keys={'forces': 'REF_forces', 'charges': 'REF_charges'})
2025-09-05 23:24:28.512 INFO: =============    Processing head target_head     ===========
2025-09-05 23:24:34.693 INFO: Training set 1/1 [energy: 1612, stress: 0, virials: 0, dipole components: 0, head: 1612, elec_temp: 0, total_charge: 0, total_spin: 0, forces: 1612, charges: 0]
2025-09-05 23:24:34.700 INFO: Total Training set [energy: 1612, stress: 0, virials: 0, dipole components: 0, head: 1612, elec_temp: 0, total_charge: 0, total_spin: 0, forces: 1612, charges: 0]
2025-09-05 23:24:37.254 INFO: Validation set 1/1 [energy: 705, stress: 0, virials: 0, dipole components: 0, head: 705, elec_temp: 0, total_charge: 0, total_spin: 0, forces: 705, charges: 0]
2025-09-05 23:24:37.256 INFO: Total Validation set [energy: 705, stress: 0, virials: 0, dipole components: 0, head: 705, elec_temp: 0, total_charge: 0, total_spin: 0, forces: 705, charges: 0]
2025-09-05 23:24:37.257 INFO: Total number of configurations: train=1612, valid=705, tests=[],
2025-09-05 23:24:37.257 INFO: =============    Processing head pt_head     ===========
2025-09-05 23:24:37.323 INFO: Training set 1/1 [energy: 142, stress: 0, virials: 0, dipole components: 0, head: 142, elec_temp: 0, total_charge: 0, total_spin: 0, forces: 0, charges: 0]
2025-09-05 23:24:37.324 INFO: Total Training set [energy: 142, stress: 0, virials: 0, dipole components: 0, head: 142, elec_temp: 0, total_charge: 0, total_spin: 0, forces: 0, charges: 0]
2025-09-05 23:24:39.864 INFO: Validation set 1/1 [energy: 705, stress: 0, virials: 0, dipole components: 0, head: 705, elec_temp: 0, total_charge: 0, total_spin: 0, forces: 705, charges: 0]
2025-09-05 23:24:39.866 INFO: Total Validation set [energy: 705, stress: 0, virials: 0, dipole components: 0, head: 705, elec_temp: 0, total_charge: 0, total_spin: 0, forces: 705, charges: 0]
2025-09-05 23:24:39.866 INFO: Total number of configurations: train=142, valid=705, tests=[],
2025-09-05 23:24:39.866 INFO: Using atomic numbers from command line argument
2025-09-05 23:24:39.867 INFO: Using atomic numbers from command line argument
2025-09-05 23:24:39.867 INFO: Atomic Numbers used: [3, 8, 40, 57]
