2025-09-22 03:31:04.559 INFO: ===========VERIFYING SETTINGS===========
2025-09-22 03:31:04.559 INFO: MACE version: 0.3.14
2025-09-22 03:31:04.771 INFO: CUDA version: 12.1, CUDA device: 0
2025-09-22 03:31:05.972 INFO: Using foundation model /home/phanim/harshitrawat/summer/mace_models/universal/2024-01-07-mace-128-L2_epoch-199.model as initial checkpoint.
2025-09-22 03:31:05.973 WARNING: Using multiheads finetuning with a foundation model that is not a Materials Project model, need to provied a path to a pretraining file with --pt_train_file.
2025-09-22 03:31:05.973 INFO: ===========LOADING INPUT DATA===========
2025-09-22 03:31:05.973 INFO: Using heads: ['target_head', 'pt_head']
2025-09-22 03:31:05.973 INFO: Using the key specifications to parse data:
2025-09-22 03:31:05.973 INFO: target_head: KeySpecification(info_keys={'energy': 'REF_energy', 'stress': 'REF_stress', 'virials': 'REF_virials', 'dipole': 'dipole', 'head': 'head', 'elec_temp': 'elec_temp', 'total_charge': 'total_charge', 'total_spin': 'total_spin'}, arrays_keys={'forces': 'REF_forces', 'charges': 'REF_charges'})
2025-09-22 03:31:05.973 INFO: pt_head: KeySpecification(info_keys={'energy': 'REF_energy', 'stress': 'REF_stress', 'virials': 'REF_virials', 'dipole': 'dipole', 'head': 'head', 'elec_temp': 'elec_temp', 'total_charge': 'total_charge', 'total_spin': 'total_spin'}, arrays_keys={'forces': 'REF_forces', 'charges': 'REF_charges'})
2025-09-22 03:31:05.973 INFO: =============    Processing head target_head     ===========
2025-09-22 03:31:12.089 INFO: Training set 1/1 [energy: 1612, stress: 0, virials: 0, dipole components: 0, head: 1612, elec_temp: 0, total_charge: 0, total_spin: 0, forces: 1612, charges: 0]
2025-09-22 03:31:12.094 INFO: Total Training set [energy: 1612, stress: 0, virials: 0, dipole components: 0, head: 1612, elec_temp: 0, total_charge: 0, total_spin: 0, forces: 1612, charges: 0]
2025-09-22 03:31:14.665 INFO: Validation set 1/1 [energy: 705, stress: 0, virials: 0, dipole components: 0, head: 705, elec_temp: 0, total_charge: 0, total_spin: 0, forces: 705, charges: 0]
2025-09-22 03:31:14.667 INFO: Total Validation set [energy: 705, stress: 0, virials: 0, dipole components: 0, head: 705, elec_temp: 0, total_charge: 0, total_spin: 0, forces: 705, charges: 0]
2025-09-22 03:31:14.667 INFO: Total number of configurations: train=1612, valid=705, tests=[],
2025-09-22 03:31:14.667 INFO: =============    Processing head pt_head     ===========
2025-09-22 03:31:14.734 INFO: Training set 1/1 [energy: 142, stress: 0, virials: 0, dipole components: 0, head: 142, elec_temp: 0, total_charge: 0, total_spin: 0, forces: 0, charges: 0]
2025-09-22 03:31:14.735 INFO: Total Training set [energy: 142, stress: 0, virials: 0, dipole components: 0, head: 142, elec_temp: 0, total_charge: 0, total_spin: 0, forces: 0, charges: 0]
2025-09-22 03:31:17.283 INFO: Validation set 1/1 [energy: 705, stress: 0, virials: 0, dipole components: 0, head: 705, elec_temp: 0, total_charge: 0, total_spin: 0, forces: 705, charges: 0]
2025-09-22 03:31:17.285 INFO: Total Validation set [energy: 705, stress: 0, virials: 0, dipole components: 0, head: 705, elec_temp: 0, total_charge: 0, total_spin: 0, forces: 705, charges: 0]
2025-09-22 03:31:17.285 INFO: Total number of configurations: train=142, valid=705, tests=[],
2025-09-22 03:31:17.285 INFO: Using atomic numbers from command line argument
2025-09-22 03:31:17.285 INFO: Using atomic numbers from command line argument
2025-09-22 03:31:17.285 INFO: Atomic Numbers used: [3, 8, 40, 57]
2025-09-22 03:31:17.285 INFO: Isolated Atomic Energies (E0s) not in training file, using command line argument
2025-09-22 03:31:17.285 INFO: Loading atomic energies from /home/phanim/harshitrawat/summer/e0s_llzo.json
2025-09-22 03:31:17.287 INFO: Isolated Atomic Energies (E0s) not in training file, using command line argument
2025-09-22 03:31:17.287 INFO: Loading atomic energies from /home/phanim/harshitrawat/summer/e0s_llzo.json
2025-09-22 03:31:17.289 INFO: Atomic Energies used (z: eV) for head target_head: {3: -1.882, 8: -4.913, 40: -8.509, 57: -4.894}
2025-09-22 03:31:17.289 INFO: Atomic Energies used (z: eV) for head pt_head: {3: -1.882, 8: -4.913, 40: -8.509, 57: -4.894}
2025-09-22 03:31:17.289 INFO: Processing datasets for head 'target_head'
2025-09-22 03:32:09.767 INFO: Combining 1 list datasets for head 'target_head'
2025-09-22 03:32:32.770 INFO: Combining 1 list datasets for head 'target_head_valid'
2025-09-22 03:32:32.770 INFO: Combined validation datasets for target_head
2025-09-22 03:32:32.770 INFO: Head 'target_head' training dataset size: 1612
2025-09-22 03:32:32.771 INFO: Processing datasets for head 'pt_head'
2025-09-22 03:32:32.876 INFO: Combining 1 list datasets for head 'pt_head'
2025-09-22 03:32:56.131 INFO: Combining 1 list datasets for head 'pt_head_valid'
2025-09-22 03:32:56.131 INFO: Combined validation datasets for pt_head
2025-09-22 03:32:56.131 INFO: Head 'pt_head' training dataset size: 142
2025-09-22 03:32:56.132 INFO: Computing average number of neighbors
2025-09-22 03:32:58.758 INFO: Average number of neighbors: 67.31388041084317
2025-09-22 03:32:58.759 INFO: During training the following quantities will be reported: energy, forces
2025-09-22 03:32:58.759 INFO: ===========MODEL DETAILS===========
2025-09-22 03:33:00.325 WARNING: Standard deviation of the scaling is zero, Changing to no scaling
2025-09-22 03:33:00.329 INFO: Loading FOUNDATION model
2025-09-22 03:33:00.329 INFO: Using filtered elements: [3, 8, 40, 57]
2025-09-22 03:33:00.330 INFO: Model configuration extracted from foundation model
2025-09-22 03:33:00.330 INFO: Using weighted loss function for fine-tuning
2025-09-22 03:33:00.330 INFO: Message passing with hidden irreps 128x0e+128x1o+128x2e)
2025-09-22 03:33:00.330 INFO: 2 layers, each with correlation order: 3 (body order: 4) and spherical harmonics up to: l=3
2025-09-22 03:33:00.330 INFO: Radial cutoff: 6.0 A (total receptive field for each atom: 12.0 A)
2025-09-22 03:33:00.330 INFO: Distance transform for radial basis functions: None
Using reduced CG: False
Using reduced CG: False
2025-09-22 03:33:01.796 INFO: Total number of parameters: 896586
2025-09-22 03:33:01.796 INFO: 
2025-09-22 03:33:01.796 INFO: ===========OPTIMIZER INFORMATION===========
2025-09-22 03:33:01.796 INFO: Using ADAM as parameter optimizer
2025-09-22 03:33:01.796 INFO: Batch size: 2
2025-09-22 03:33:01.796 INFO: Number of gradient updates: 35080
2025-09-22 03:33:01.796 INFO: Learning rate: 0.002, weight decay: 1e-08
2025-09-22 03:33:01.796 INFO: WeightedEnergyForcesLoss(energy_weight=50.000, forces_weight=10.000)
2025-09-22 03:33:01.804 WARNING: Cannot find checkpoint with tag 'mace_T2_w3_2heads_final_run-30' in './checkpoints'
2025-09-22 03:33:01.804 INFO: Using gradient clipping with tolerance=1.000
2025-09-22 03:33:01.804 INFO: 
2025-09-22 03:33:01.804 INFO: ===========TRAINING===========
2025-09-22 03:33:01.804 INFO: Started training, reporting errors on validation set
2025-09-22 03:33:01.804 INFO: Loss metrics on validation set
