2025-10-22 15:15:30.374 INFO: ===========VERIFYING SETTINGS===========
2025-10-22 15:15:30.374 INFO: MACE version: 0.3.14
2025-10-22 15:15:30.852 INFO: CUDA version: 12.1, CUDA device: 0
2025-10-22 15:15:32.986 INFO: Using foundation model /home/phanim/harshitrawat/summer/mace_models/universal/2024-01-07-mace-128-L2_epoch-199.model as initial checkpoint.
2025-10-22 15:15:32.988 WARNING: Using multiheads finetuning with a foundation model that is not a Materials Project model, need to provied a path to a pretraining file with --pt_train_file.
2025-10-22 15:15:32.988 INFO: ===========LOADING INPUT DATA===========
2025-10-22 15:15:32.988 INFO: Using heads: ['target_head', 'pt_head']
2025-10-22 15:15:32.988 INFO: Using the key specifications to parse data:
2025-10-22 15:15:32.988 INFO: target_head: KeySpecification(info_keys={'energy': 'REF_energy', 'stress': 'REF_stress', 'virials': 'REF_virials', 'dipole': 'dipole', 'head': 'head', 'elec_temp': 'elec_temp', 'total_charge': 'total_charge', 'total_spin': 'total_spin'}, arrays_keys={'forces': 'REF_forces', 'charges': 'REF_charges'})
2025-10-22 15:15:32.988 INFO: pt_head: KeySpecification(info_keys={'energy': 'REF_energy', 'stress': 'REF_stress', 'virials': 'REF_virials', 'dipole': 'dipole', 'head': 'head', 'elec_temp': 'elec_temp', 'total_charge': 'total_charge', 'total_spin': 'total_spin'}, arrays_keys={'forces': 'REF_forces', 'charges': 'REF_charges'})
2025-10-22 15:15:32.988 INFO: =============    Processing head target_head     ===========
2025-10-22 15:15:39.918 INFO: Training set 1/1 [energy: 1612, stress: 0, virials: 0, dipole components: 0, head: 1612, elec_temp: 0, total_charge: 0, total_spin: 0, forces: 1612, charges: 0]
2025-10-22 15:15:39.922 INFO: Total Training set [energy: 1612, stress: 0, virials: 0, dipole components: 0, head: 1612, elec_temp: 0, total_charge: 0, total_spin: 0, forces: 1612, charges: 0]
2025-10-22 15:15:42.468 INFO: Validation set 1/1 [energy: 705, stress: 0, virials: 0, dipole components: 0, head: 705, elec_temp: 0, total_charge: 0, total_spin: 0, forces: 705, charges: 0]
2025-10-22 15:15:42.470 INFO: Total Validation set [energy: 705, stress: 0, virials: 0, dipole components: 0, head: 705, elec_temp: 0, total_charge: 0, total_spin: 0, forces: 705, charges: 0]
2025-10-22 15:15:42.470 INFO: Total number of configurations: train=1612, valid=705, tests=[],
2025-10-22 15:15:42.470 INFO: =============    Processing head pt_head     ===========
2025-10-22 15:15:42.537 INFO: Training set 1/1 [energy: 142, stress: 0, virials: 0, dipole components: 0, head: 142, elec_temp: 0, total_charge: 0, total_spin: 0, forces: 0, charges: 0]
2025-10-22 15:15:42.538 INFO: Total Training set [energy: 142, stress: 0, virials: 0, dipole components: 0, head: 142, elec_temp: 0, total_charge: 0, total_spin: 0, forces: 0, charges: 0]
2025-10-22 15:15:45.046 INFO: Validation set 1/1 [energy: 705, stress: 0, virials: 0, dipole components: 0, head: 705, elec_temp: 0, total_charge: 0, total_spin: 0, forces: 705, charges: 0]
2025-10-22 15:15:45.049 INFO: Total Validation set [energy: 705, stress: 0, virials: 0, dipole components: 0, head: 705, elec_temp: 0, total_charge: 0, total_spin: 0, forces: 705, charges: 0]
2025-10-22 15:15:45.049 INFO: Total number of configurations: train=142, valid=705, tests=[],
2025-10-22 15:15:45.049 INFO: Using atomic numbers from command line argument
2025-10-22 15:15:45.049 INFO: Using atomic numbers from command line argument
2025-10-22 15:15:45.049 INFO: Atomic Numbers used: [3, 8, 40, 57]
2025-10-22 15:15:45.049 INFO: Isolated Atomic Energies (E0s) not in training file, using command line argument
2025-10-22 15:15:45.049 INFO: Loading atomic energies from /home/phanim/harshitrawat/summer/e0s_llzo.json
2025-10-22 15:15:45.051 INFO: Isolated Atomic Energies (E0s) not in training file, using command line argument
2025-10-22 15:15:45.051 INFO: Loading atomic energies from /home/phanim/harshitrawat/summer/e0s_llzo.json
2025-10-22 15:15:45.052 INFO: Atomic Energies used (z: eV) for head target_head: {3: -1.882, 8: -4.913, 40: -8.509, 57: -4.894}
2025-10-22 15:15:45.052 INFO: Atomic Energies used (z: eV) for head pt_head: {3: -1.882, 8: -4.913, 40: -8.509, 57: -4.894}
2025-10-22 15:15:45.052 INFO: Processing datasets for head 'target_head'
2025-10-22 15:16:38.939 INFO: Combining 1 list datasets for head 'target_head'
2025-10-22 15:17:02.362 INFO: Combining 1 list datasets for head 'target_head_valid'
2025-10-22 15:17:02.362 INFO: Combined validation datasets for target_head
2025-10-22 15:17:02.362 INFO: Head 'target_head' training dataset size: 1612
2025-10-22 15:17:02.363 INFO: Processing datasets for head 'pt_head'
2025-10-22 15:17:02.468 INFO: Combining 1 list datasets for head 'pt_head'
2025-10-22 15:17:26.025 INFO: Combining 1 list datasets for head 'pt_head_valid'
2025-10-22 15:17:26.025 INFO: Combined validation datasets for pt_head
2025-10-22 15:17:26.025 INFO: Head 'pt_head' training dataset size: 142
2025-10-22 15:17:26.025 INFO: Computing average number of neighbors
2025-10-22 15:17:29.029 INFO: Average number of neighbors: 67.31388041084317
2025-10-22 15:17:29.030 INFO: During training the following quantities will be reported: energy, forces
2025-10-22 15:17:29.030 INFO: ===========MODEL DETAILS===========
2025-10-22 15:17:31.326 WARNING: Standard deviation of the scaling is zero, Changing to no scaling
2025-10-22 15:17:31.329 INFO: Loading FOUNDATION model
2025-10-22 15:17:31.329 INFO: Using filtered elements: [3, 8, 40, 57]
2025-10-22 15:17:31.330 INFO: Model configuration extracted from foundation model
2025-10-22 15:17:31.330 INFO: Using weighted loss function for fine-tuning
2025-10-22 15:17:31.330 INFO: Message passing with hidden irreps 128x0e+128x1o+128x2e)
2025-10-22 15:17:31.330 INFO: 2 layers, each with correlation order: 3 (body order: 4) and spherical harmonics up to: l=3
2025-10-22 15:17:31.330 INFO: Radial cutoff: 6.0 A (total receptive field for each atom: 12.0 A)
2025-10-22 15:17:31.330 INFO: Distance transform for radial basis functions: None
Using reduced CG: False
Using reduced CG: False
2025-10-22 15:17:33.499 INFO: Total number of parameters: 896586
2025-10-22 15:17:33.499 INFO: 
2025-10-22 15:17:33.499 INFO: ===========OPTIMIZER INFORMATION===========
2025-10-22 15:17:33.499 INFO: Using ADAM as parameter optimizer
2025-10-22 15:17:33.499 INFO: Batch size: 2
2025-10-22 15:17:33.499 INFO: Number of gradient updates: 32449
2025-10-22 15:17:33.499 INFO: Learning rate: 0.0002, weight decay: 1e-08
2025-10-22 15:17:33.499 INFO: WeightedEnergyForcesLoss(energy_weight=50.000, forces_weight=10.000)
2025-10-22 15:17:33.541 WARNING: No SWA checkpoint found, while SWA is enabled. Compare the swa_start parameter and the latest checkpoint.
2025-10-22 15:17:33.542 INFO: Loading checkpoint: ./checkpoints/mace_T2_w4_2heads_final_run-40_epoch-33.pt
2025-10-22 15:17:34.096 INFO: Using gradient clipping with tolerance=1.000
2025-10-22 15:17:34.096 INFO: 
2025-10-22 15:17:34.096 INFO: ===========TRAINING===========
2025-10-22 15:17:34.096 INFO: Started training, reporting errors on validation set
2025-10-22 15:17:34.096 INFO: Loss metrics on validation set
2025-10-22 15:19:00.961 INFO: Initial: head: pt_head, loss=0.04693699, RMSE_E_per_atom=   20.40 meV, RMSE_F=   55.11 meV / A
2025-10-22 15:20:22.001 INFO: Initial: head: target_head, loss=0.01633899, RMSE_E_per_atom=    2.08 meV, RMSE_F=   42.94 meV / A
2025-10-22 15:30:47.871 INFO: Epoch 33: head: pt_head, loss=0.04567311, RMSE_E_per_atom=   20.56 meV, RMSE_F=   53.37 meV / A
2025-10-22 15:32:08.692 INFO: Epoch 33: head: target_head, loss=0.01655331, RMSE_E_per_atom=    2.34 meV, RMSE_F=   43.10 meV / A
2025-10-22 15:42:26.178 INFO: Epoch 34: head: pt_head, loss=0.05077663, RMSE_E_per_atom=   22.45 meV, RMSE_F=   54.56 meV / A
2025-10-22 15:43:46.399 INFO: Epoch 34: head: target_head, loss=0.01584534, RMSE_E_per_atom=    1.10 meV, RMSE_F=   42.49 meV / A
2025-10-22 15:54:02.526 INFO: Epoch 35: head: pt_head, loss=0.04031759, RMSE_E_per_atom=   17.57 meV, RMSE_F=   53.82 meV / A
2025-10-22 15:55:22.952 INFO: Epoch 35: head: target_head, loss=0.01621584, RMSE_E_per_atom=    2.47 meV, RMSE_F=   42.56 meV / A
2025-10-22 16:05:38.313 INFO: Epoch 36: head: pt_head, loss=0.04921603, RMSE_E_per_atom=   22.17 meV, RMSE_F=   53.36 meV / A
2025-10-22 16:06:58.533 INFO: Epoch 36: head: target_head, loss=0.01592626, RMSE_E_per_atom=    1.33 meV, RMSE_F=   42.53 meV / A
2025-10-22 16:06:58.535 INFO: Training complete
2025-10-22 16:06:58.535 INFO: 
2025-10-22 16:06:58.535 INFO: ===========RESULTS===========
2025-10-22 16:06:58.778 INFO: Loading checkpoint: ./checkpoints/mace_T2_w4_2heads_final_run-40_epoch-34.pt
2025-10-22 16:06:58.812 INFO: Loaded Stage one model from epoch 34 for evaluation
2025-10-22 16:06:58.812 INFO: Saving model to checkpoints/mace_T2_w4_2heads_final_run-40.model
2025-10-22 16:06:59.035 INFO: Compiling model, saving metadata to mace_T2_w4_2heads_final_compiled.model
2025-10-22 16:06:59.993 INFO: Computing metrics for training, validation, and test sets
2025-10-22 16:06:59.994 INFO: Skipping evaluation for heads: ['pt_head']
2025-10-22 16:06:59.994 INFO: Skipping evaluation of train_pt_head (in skip_heads list)
2025-10-22 16:06:59.994 INFO: Evaluating train_target_head ...
2025-10-22 16:09:47.401 INFO: Skipping evaluation of valid_pt_head (in skip_heads list)
2025-10-22 16:09:47.403 INFO: Evaluating valid_target_head ...
2025-10-22 16:11:08.367 INFO: Error-table on TRAIN and VALID:
+-------------------+---------------------+------------------+-------------------+
|    config_type    | RMSE E / meV / atom | RMSE F / meV / A | relative F RMSE % |
+-------------------+---------------------+------------------+-------------------+
| train_target_head |            1.1      |         40.8     |         11.74     |
| valid_target_head |            1.1      |         42.5     |         12.36     |
+-------------------+---------------------+------------------+-------------------+
2025-10-22 16:17:18.301 INFO: Done
