2025-09-26 01:19:10.965 INFO: ===========VERIFYING SETTINGS===========
2025-09-26 01:19:10.965 INFO: MACE version: 0.3.14
2025-09-26 01:19:11.411 INFO: CUDA version: 12.1, CUDA device: 0
2025-09-26 01:19:12.381 INFO: Using foundation model /home/phanim/harshitrawat/summer/mace_models/universal/2024-01-07-mace-128-L2_epoch-199.model as initial checkpoint.
2025-09-26 01:19:12.383 WARNING: Using multiheads finetuning with a foundation model that is not a Materials Project model, need to provied a path to a pretraining file with --pt_train_file.
2025-09-26 01:19:12.383 INFO: ===========LOADING INPUT DATA===========
2025-09-26 01:19:12.383 INFO: Using heads: ['target_head', 'pt_head']
2025-09-26 01:19:12.383 INFO: Using the key specifications to parse data:
2025-09-26 01:19:12.383 INFO: target_head: KeySpecification(info_keys={'energy': 'REF_energy', 'stress': 'REF_stress', 'virials': 'REF_virials', 'dipole': 'dipole', 'head': 'head', 'elec_temp': 'elec_temp', 'total_charge': 'total_charge', 'total_spin': 'total_spin'}, arrays_keys={'forces': 'REF_forces', 'charges': 'REF_charges'})
2025-09-26 01:19:12.383 INFO: pt_head: KeySpecification(info_keys={'energy': 'REF_energy', 'stress': 'REF_stress', 'virials': 'REF_virials', 'dipole': 'dipole', 'head': 'head', 'elec_temp': 'elec_temp', 'total_charge': 'total_charge', 'total_spin': 'total_spin'}, arrays_keys={'forces': 'REF_forces', 'charges': 'REF_charges'})
2025-09-26 01:19:12.383 INFO: =============    Processing head target_head     ===========
2025-09-26 01:19:18.542 INFO: Training set 1/1 [energy: 1612, stress: 0, virials: 0, dipole components: 0, head: 1612, elec_temp: 0, total_charge: 0, total_spin: 0, forces: 1612, charges: 0]
2025-09-26 01:19:18.547 INFO: Total Training set [energy: 1612, stress: 0, virials: 0, dipole components: 0, head: 1612, elec_temp: 0, total_charge: 0, total_spin: 0, forces: 1612, charges: 0]
2025-09-26 01:19:21.112 INFO: Validation set 1/1 [energy: 705, stress: 0, virials: 0, dipole components: 0, head: 705, elec_temp: 0, total_charge: 0, total_spin: 0, forces: 705, charges: 0]
2025-09-26 01:19:21.115 INFO: Total Validation set [energy: 705, stress: 0, virials: 0, dipole components: 0, head: 705, elec_temp: 0, total_charge: 0, total_spin: 0, forces: 705, charges: 0]
2025-09-26 01:19:21.115 INFO: Total number of configurations: train=1612, valid=705, tests=[],
2025-09-26 01:19:21.115 INFO: =============    Processing head pt_head     ===========
2025-09-26 01:19:21.194 INFO: Training set 1/1 [energy: 142, stress: 0, virials: 0, dipole components: 0, head: 142, elec_temp: 0, total_charge: 0, total_spin: 0, forces: 0, charges: 0]
2025-09-26 01:19:21.194 INFO: Total Training set [energy: 142, stress: 0, virials: 0, dipole components: 0, head: 142, elec_temp: 0, total_charge: 0, total_spin: 0, forces: 0, charges: 0]
2025-09-26 01:19:23.725 INFO: Validation set 1/1 [energy: 705, stress: 0, virials: 0, dipole components: 0, head: 705, elec_temp: 0, total_charge: 0, total_spin: 0, forces: 705, charges: 0]
2025-09-26 01:19:23.728 INFO: Total Validation set [energy: 705, stress: 0, virials: 0, dipole components: 0, head: 705, elec_temp: 0, total_charge: 0, total_spin: 0, forces: 705, charges: 0]
2025-09-26 01:19:23.728 INFO: Total number of configurations: train=142, valid=705, tests=[],
2025-09-26 01:19:23.729 INFO: Using atomic numbers from command line argument
2025-09-26 01:19:23.729 INFO: Using atomic numbers from command line argument
2025-09-26 01:19:23.729 INFO: Atomic Numbers used: [3, 8, 40, 57]
2025-09-26 01:19:23.729 INFO: Isolated Atomic Energies (E0s) not in training file, using command line argument
2025-09-26 01:19:23.729 INFO: Loading atomic energies from /home/phanim/harshitrawat/summer/e0s_llzo.json
2025-09-26 01:19:23.730 INFO: Isolated Atomic Energies (E0s) not in training file, using command line argument
2025-09-26 01:19:23.731 INFO: Loading atomic energies from /home/phanim/harshitrawat/summer/e0s_llzo.json
2025-09-26 01:19:23.732 INFO: Atomic Energies used (z: eV) for head target_head: {3: -1.882, 8: -4.913, 40: -8.509, 57: -4.894}
2025-09-26 01:19:23.732 INFO: Atomic Energies used (z: eV) for head pt_head: {3: -1.882, 8: -4.913, 40: -8.509, 57: -4.894}
2025-09-26 01:19:23.732 INFO: Processing datasets for head 'target_head'
2025-09-26 01:20:16.128 INFO: Combining 1 list datasets for head 'target_head'
2025-09-26 01:20:39.156 INFO: Combining 1 list datasets for head 'target_head_valid'
2025-09-26 01:20:39.157 INFO: Combined validation datasets for target_head
2025-09-26 01:20:39.157 INFO: Head 'target_head' training dataset size: 1612
2025-09-26 01:20:39.157 INFO: Processing datasets for head 'pt_head'
2025-09-26 01:20:39.264 INFO: Combining 1 list datasets for head 'pt_head'
2025-09-26 01:21:02.516 INFO: Combining 1 list datasets for head 'pt_head_valid'
2025-09-26 01:21:02.516 INFO: Combined validation datasets for pt_head
2025-09-26 01:21:02.516 INFO: Head 'pt_head' training dataset size: 142
2025-09-26 01:21:02.516 INFO: Computing average number of neighbors
2025-09-26 01:21:05.074 INFO: Average number of neighbors: 67.31388041084317
2025-09-26 01:21:05.075 INFO: During training the following quantities will be reported: energy, forces
2025-09-26 01:21:05.075 INFO: ===========MODEL DETAILS===========
2025-09-26 01:21:06.705 WARNING: Standard deviation of the scaling is zero, Changing to no scaling
2025-09-26 01:21:06.709 INFO: Loading FOUNDATION model
2025-09-26 01:21:06.709 INFO: Using filtered elements: [3, 8, 40, 57]
2025-09-26 01:21:06.709 INFO: Model configuration extracted from foundation model
2025-09-26 01:21:06.709 INFO: Using weighted loss function for fine-tuning
2025-09-26 01:21:06.709 INFO: Message passing with hidden irreps 128x0e+128x1o+128x2e)
2025-09-26 01:21:06.709 INFO: 2 layers, each with correlation order: 3 (body order: 4) and spherical harmonics up to: l=3
2025-09-26 01:21:06.709 INFO: Radial cutoff: 6.0 A (total receptive field for each atom: 12.0 A)
2025-09-26 01:21:06.709 INFO: Distance transform for radial basis functions: None
Using reduced CG: False
Using reduced CG: False
2025-09-26 01:21:08.176 INFO: Total number of parameters: 896586
2025-09-26 01:21:08.176 INFO: 
2025-09-26 01:21:08.176 INFO: ===========OPTIMIZER INFORMATION===========
2025-09-26 01:21:08.176 INFO: Using ADAM as parameter optimizer
2025-09-26 01:21:08.176 INFO: Batch size: 2
2025-09-26 01:21:08.176 INFO: Number of gradient updates: 35080
2025-09-26 01:21:08.176 INFO: Learning rate: 0.0002, weight decay: 1e-08
2025-09-26 01:21:08.176 INFO: WeightedEnergyForcesLoss(energy_weight=50.000, forces_weight=10.000)
2025-09-26 01:21:08.179 WARNING: No SWA checkpoint found, while SWA is enabled. Compare the swa_start parameter and the latest checkpoint.
2025-09-26 01:21:08.180 INFO: Loading checkpoint: ./checkpoints/mace_T2_w3_2heads_final_run-30_epoch-9.pt
2025-09-26 01:21:08.243 INFO: Using gradient clipping with tolerance=1.000
2025-09-26 01:21:08.243 INFO: 
2025-09-26 01:21:08.243 INFO: ===========TRAINING===========
2025-09-26 01:21:08.243 INFO: Started training, reporting errors on validation set
2025-09-26 01:21:08.243 INFO: Loss metrics on validation set
2025-09-26 01:22:34.504 INFO: Initial: head: pt_head, loss=0.03850872, RMSE_E_per_atom=    5.26 meV, RMSE_F=   63.28 meV / A
2025-09-26 01:23:55.003 INFO: Initial: head: target_head, loss=0.01998711, RMSE_E_per_atom=    5.35 meV, RMSE_F=   45.81 meV / A
2025-09-26 01:34:18.848 INFO: Epoch 9: head: pt_head, loss=0.03900655, RMSE_E_per_atom=    7.98 meV, RMSE_F=   62.12 meV / A
2025-09-26 01:35:39.260 INFO: Epoch 9: head: target_head, loss=0.01708782, RMSE_E_per_atom=    1.33 meV, RMSE_F=   43.90 meV / A
2025-09-26 01:45:56.328 INFO: Epoch 10: head: pt_head, loss=0.04123384, RMSE_E_per_atom=    9.24 meV, RMSE_F=   62.94 meV / A
2025-09-26 01:47:16.710 INFO: Epoch 10: head: target_head, loss=0.01680364, RMSE_E_per_atom=    1.10 meV, RMSE_F=   43.59 meV / A
2025-09-26 01:57:34.907 INFO: Epoch 11: head: pt_head, loss=0.03895742, RMSE_E_per_atom=    9.27 meV, RMSE_F=   61.09 meV / A
2025-09-26 01:58:55.388 INFO: Epoch 11: head: target_head, loss=0.01687704, RMSE_E_per_atom=    1.28 meV, RMSE_F=   43.66 meV / A
2025-09-26 02:09:12.319 INFO: Epoch 12: head: pt_head, loss=0.04753270, RMSE_E_per_atom=   10.36 meV, RMSE_F=   66.76 meV / A
2025-09-26 02:10:32.848 INFO: Epoch 12: head: target_head, loss=0.01725312, RMSE_E_per_atom=    1.59 meV, RMSE_F=   43.95 meV / A
2025-09-26 02:20:49.664 INFO: Epoch 13: head: pt_head, loss=0.04574621, RMSE_E_per_atom=    9.79 meV, RMSE_F=   65.86 meV / A
2025-09-26 02:22:10.077 INFO: Epoch 13: head: target_head, loss=0.01671290, RMSE_E_per_atom=    0.98 meV, RMSE_F=   43.42 meV / A
2025-09-26 02:32:28.317 INFO: Epoch 14: head: pt_head, loss=0.04467832, RMSE_E_per_atom=   10.24 meV, RMSE_F=   64.71 meV / A
2025-09-26 02:33:48.739 INFO: Epoch 14: head: target_head, loss=0.01653698, RMSE_E_per_atom=    2.22 meV, RMSE_F=   42.98 meV / A
2025-09-26 02:44:06.145 INFO: Epoch 15: head: pt_head, loss=0.04525847, RMSE_E_per_atom=   11.68 meV, RMSE_F=   63.90 meV / A
2025-09-26 02:45:26.597 INFO: Epoch 15: head: target_head, loss=0.01643948, RMSE_E_per_atom=    2.58 meV, RMSE_F=   42.75 meV / A
2025-09-26 02:55:43.514 INFO: Epoch 16: head: pt_head, loss=0.04473978, RMSE_E_per_atom=   11.61 meV, RMSE_F=   63.54 meV / A
2025-09-26 02:57:03.801 INFO: Epoch 16: head: target_head, loss=0.01678299, RMSE_E_per_atom=    3.68 meV, RMSE_F=   42.77 meV / A
2025-09-26 03:07:21.722 INFO: Epoch 17: head: pt_head, loss=0.04276233, RMSE_E_per_atom=    9.44 meV, RMSE_F=   63.76 meV / A
2025-09-26 03:08:42.136 INFO: Epoch 17: head: target_head, loss=0.01599581, RMSE_E_per_atom=    1.42 meV, RMSE_F=   42.49 meV / A
2025-09-26 03:18:58.558 INFO: Epoch 18: head: pt_head, loss=0.04269159, RMSE_E_per_atom=   10.25 meV, RMSE_F=   63.10 meV / A
2025-09-26 03:20:18.860 INFO: Epoch 18: head: target_head, loss=0.01574537, RMSE_E_per_atom=    1.25 meV, RMSE_F=   42.20 meV / A
2025-09-26 03:30:36.273 INFO: Epoch 19: head: pt_head, loss=0.04156119, RMSE_E_per_atom=    9.99 meV, RMSE_F=   62.37 meV / A
2025-09-26 03:31:56.763 INFO: Epoch 19: head: target_head, loss=0.01570903, RMSE_E_per_atom=    1.26 meV, RMSE_F=   42.15 meV / A
2025-09-26 03:42:15.032 INFO: Epoch 20: head: pt_head, loss=0.04048240, RMSE_E_per_atom=    9.44 meV, RMSE_F=   61.95 meV / A
2025-09-26 03:43:35.508 INFO: Epoch 20: head: target_head, loss=0.01552244, RMSE_E_per_atom=    0.96 meV, RMSE_F=   41.97 meV / A
2025-09-26 03:53:52.383 INFO: Epoch 21: head: pt_head, loss=0.04324705, RMSE_E_per_atom=    9.46 meV, RMSE_F=   64.05 meV / A
2025-09-26 03:55:12.625 INFO: Epoch 21: head: target_head, loss=0.01589614, RMSE_E_per_atom=    1.43 meV, RMSE_F=   42.28 meV / A
2025-09-26 04:05:29.822 INFO: Epoch 22: head: pt_head, loss=0.04061500, RMSE_E_per_atom=   10.89 meV, RMSE_F=   60.87 meV / A
2025-09-26 04:06:50.464 INFO: Epoch 22: head: target_head, loss=0.01540431, RMSE_E_per_atom=    1.00 meV, RMSE_F=   41.80 meV / A
2025-09-26 04:17:07.452 INFO: Epoch 23: head: pt_head, loss=0.04082554, RMSE_E_per_atom=   10.87 meV, RMSE_F=   61.07 meV / A
2025-09-26 04:18:27.931 INFO: Epoch 23: head: target_head, loss=0.01527572, RMSE_E_per_atom=    0.82 meV, RMSE_F=   41.66 meV / A
2025-09-26 04:28:44.989 INFO: Epoch 24: head: pt_head, loss=0.04489008, RMSE_E_per_atom=   12.53 meV, RMSE_F=   62.72 meV / A
2025-09-26 04:30:05.389 INFO: Epoch 24: head: target_head, loss=0.01530787, RMSE_E_per_atom=    1.69 meV, RMSE_F=   41.54 meV / A
2025-09-26 04:40:22.016 INFO: Epoch 25: head: pt_head, loss=0.04261029, RMSE_E_per_atom=   10.02 meV, RMSE_F=   63.08 meV / A
2025-09-26 04:41:42.671 INFO: Epoch 25: head: target_head, loss=0.01520983, RMSE_E_per_atom=    0.90 meV, RMSE_F=   41.51 meV / A
2025-09-26 04:51:59.801 INFO: Epoch 26: head: pt_head, loss=0.04546283, RMSE_E_per_atom=   11.37 meV, RMSE_F=   64.20 meV / A
2025-09-26 04:53:20.216 INFO: Epoch 26: head: target_head, loss=0.01553908, RMSE_E_per_atom=    2.12 meV, RMSE_F=   41.66 meV / A
2025-09-26 05:03:37.289 INFO: Epoch 27: head: pt_head, loss=0.03888675, RMSE_E_per_atom=   10.09 meV, RMSE_F=   60.20 meV / A
2025-09-26 05:04:57.742 INFO: Epoch 27: head: target_head, loss=0.01561801, RMSE_E_per_atom=    3.15 meV, RMSE_F=   41.48 meV / A
2025-09-26 05:15:14.602 INFO: Epoch 28: head: pt_head, loss=0.03932865, RMSE_E_per_atom=    8.92 meV, RMSE_F=   61.38 meV / A
2025-09-26 05:16:35.078 INFO: Epoch 28: head: target_head, loss=0.01554742, RMSE_E_per_atom=    3.66 meV, RMSE_F=   41.16 meV / A
2025-09-26 05:26:52.677 INFO: Epoch 29: head: pt_head, loss=0.04279358, RMSE_E_per_atom=   12.37 meV, RMSE_F=   61.18 meV / A
2025-09-26 05:28:12.979 INFO: Epoch 29: head: target_head, loss=0.01541353, RMSE_E_per_atom=    3.05 meV, RMSE_F=   41.22 meV / A
2025-09-26 05:38:29.656 INFO: Epoch 30: head: pt_head, loss=0.04299053, RMSE_E_per_atom=   10.87 meV, RMSE_F=   62.76 meV / A
2025-09-26 05:39:49.957 INFO: Epoch 30: head: target_head, loss=0.01479329, RMSE_E_per_atom=    1.26 meV, RMSE_F=   40.94 meV / A
2025-09-26 05:50:07.023 INFO: Epoch 31: head: pt_head, loss=0.04184034, RMSE_E_per_atom=   10.55 meV, RMSE_F=   62.11 meV / A
2025-09-26 05:51:27.712 INFO: Epoch 31: head: target_head, loss=0.01484868, RMSE_E_per_atom=    1.90 meV, RMSE_F=   40.86 meV / A
2025-09-26 06:01:44.310 INFO: Epoch 32: head: pt_head, loss=0.04229064, RMSE_E_per_atom=   10.83 meV, RMSE_F=   62.21 meV / A
2025-09-26 06:03:04.787 INFO: Epoch 32: head: target_head, loss=0.01463285, RMSE_E_per_atom=    1.23 meV, RMSE_F=   40.72 meV / A
2025-09-26 06:13:21.628 INFO: Epoch 33: head: pt_head, loss=0.04073146, RMSE_E_per_atom=    9.77 meV, RMSE_F=   61.86 meV / A
2025-09-26 06:14:42.278 INFO: Epoch 33: head: target_head, loss=0.01455434, RMSE_E_per_atom=    0.95 meV, RMSE_F=   40.65 meV / A
2025-09-26 06:24:59.136 INFO: Epoch 34: head: pt_head, loss=0.04173023, RMSE_E_per_atom=    9.60 meV, RMSE_F=   62.81 meV / A
2025-09-26 06:26:19.639 INFO: Epoch 34: head: target_head, loss=0.01452487, RMSE_E_per_atom=    1.40 meV, RMSE_F=   40.54 meV / A
2025-09-26 06:36:37.961 INFO: Epoch 35: head: pt_head, loss=0.04291608, RMSE_E_per_atom=   12.51 meV, RMSE_F=   61.14 meV / A
2025-09-26 06:37:58.387 INFO: Epoch 35: head: target_head, loss=0.01444651, RMSE_E_per_atom=    1.25 meV, RMSE_F=   40.47 meV / A
2025-09-26 06:48:15.152 INFO: Epoch 36: head: pt_head, loss=0.04089148, RMSE_E_per_atom=    9.99 meV, RMSE_F=   61.78 meV / A
2025-09-26 06:49:35.451 INFO: Epoch 36: head: target_head, loss=0.01436419, RMSE_E_per_atom=    0.84 meV, RMSE_F=   40.40 meV / A
2025-09-26 06:59:52.336 INFO: Epoch 37: head: pt_head, loss=0.04534438, RMSE_E_per_atom=   12.52 meV, RMSE_F=   63.02 meV / A
2025-09-26 07:01:12.863 INFO: Epoch 37: head: target_head, loss=0.01445207, RMSE_E_per_atom=    1.05 meV, RMSE_F=   40.49 meV / A
2025-09-26 07:11:30.067 INFO: Epoch 38: head: pt_head, loss=0.04191583, RMSE_E_per_atom=   10.76 meV, RMSE_F=   61.99 meV / A
2025-09-26 07:12:50.493 INFO: Epoch 38: head: target_head, loss=0.01438018, RMSE_E_per_atom=    1.30 meV, RMSE_F=   40.34 meV / A
2025-09-26 07:23:07.363 INFO: Epoch 39: head: pt_head, loss=0.04425708, RMSE_E_per_atom=   12.65 meV, RMSE_F=   62.12 meV / A
2025-09-26 07:24:27.979 INFO: Epoch 39: head: target_head, loss=0.01418972, RMSE_E_per_atom=    0.83 meV, RMSE_F=   40.16 meV / A
2025-09-26 07:24:28.148 INFO: Training complete
2025-09-26 07:24:28.148 INFO: 
2025-09-26 07:24:28.148 INFO: ===========RESULTS===========
2025-09-26 07:24:28.194 INFO: Loading checkpoint: ./checkpoints/mace_T2_w3_2heads_final_run-30_epoch-39.pt
2025-09-26 07:24:28.228 INFO: Loaded Stage one model from epoch 39 for evaluation
2025-09-26 07:24:28.229 INFO: Saving model to checkpoints/mace_T2_w3_2heads_final_run-30.model
2025-09-26 07:24:28.459 INFO: Compiling model, saving metadata to mace_T2_w3_2heads_final_compiled.model
2025-09-26 07:24:29.405 INFO: Computing metrics for training, validation, and test sets
2025-09-26 07:24:29.405 INFO: Skipping evaluation for heads: ['pt_head']
2025-09-26 07:24:29.405 INFO: Skipping evaluation of train_pt_head (in skip_heads list)
2025-09-26 07:24:29.405 INFO: Evaluating train_target_head ...
2025-09-26 07:27:17.288 INFO: Skipping evaluation of valid_pt_head (in skip_heads list)
2025-09-26 07:27:17.291 INFO: Evaluating valid_target_head ...
2025-09-26 07:28:37.946 INFO: Error-table on TRAIN and VALID:
+-------------------+---------------------+------------------+-------------------+
|    config_type    | RMSE E / meV / atom | RMSE F / meV / A | relative F RMSE % |
+-------------------+---------------------+------------------+-------------------+
| train_target_head |            0.8      |         38.1     |         10.99     |
| valid_target_head |            0.8      |         40.2     |         11.69     |
+-------------------+---------------------+------------------+-------------------+
2025-09-26 07:34:48.663 INFO: Done
