2025-09-24 00:54:09.985 INFO: ===========VERIFYING SETTINGS===========
2025-09-24 00:54:09.986 INFO: MACE version: 0.3.14
2025-09-24 00:54:10.766 INFO: CUDA version: 12.1, CUDA device: 0
2025-09-24 00:54:11.711 INFO: Using foundation model /home/phanim/harshitrawat/summer/mace_models/universal/2024-01-07-mace-128-L2_epoch-199.model as initial checkpoint.
2025-09-24 00:54:11.712 WARNING: Using multiheads finetuning with a foundation model that is not a Materials Project model, need to provied a path to a pretraining file with --pt_train_file.
2025-09-24 00:54:11.713 INFO: ===========LOADING INPUT DATA===========
2025-09-24 00:54:11.713 INFO: Using heads: ['target_head', 'pt_head']
2025-09-24 00:54:11.713 INFO: Using the key specifications to parse data:
2025-09-24 00:54:11.713 INFO: target_head: KeySpecification(info_keys={'energy': 'REF_energy', 'stress': 'REF_stress', 'virials': 'REF_virials', 'dipole': 'dipole', 'head': 'head', 'elec_temp': 'elec_temp', 'total_charge': 'total_charge', 'total_spin': 'total_spin'}, arrays_keys={'forces': 'REF_forces', 'charges': 'REF_charges'})
2025-09-24 00:54:11.713 INFO: pt_head: KeySpecification(info_keys={'energy': 'REF_energy', 'stress': 'REF_stress', 'virials': 'REF_virials', 'dipole': 'dipole', 'head': 'head', 'elec_temp': 'elec_temp', 'total_charge': 'total_charge', 'total_spin': 'total_spin'}, arrays_keys={'forces': 'REF_forces', 'charges': 'REF_charges'})
2025-09-24 00:54:11.713 INFO: =============    Processing head target_head     ===========
2025-09-24 00:54:34.921 INFO: Training set 1/1 [energy: 6337, stress: 0, virials: 0, dipole components: 0, head: 6337, elec_temp: 0, total_charge: 0, total_spin: 0, forces: 6337, charges: 0]
2025-09-24 00:54:34.942 INFO: Total Training set [energy: 6337, stress: 0, virials: 0, dipole components: 0, head: 6337, elec_temp: 0, total_charge: 0, total_spin: 0, forces: 6337, charges: 0]
2025-09-24 00:54:37.760 INFO: Validation set 1/1 [energy: 705, stress: 0, virials: 0, dipole components: 0, head: 705, elec_temp: 0, total_charge: 0, total_spin: 0, forces: 705, charges: 0]
2025-09-24 00:54:37.763 INFO: Total Validation set [energy: 705, stress: 0, virials: 0, dipole components: 0, head: 705, elec_temp: 0, total_charge: 0, total_spin: 0, forces: 705, charges: 0]
2025-09-24 00:54:37.764 INFO: Total number of configurations: train=6337, valid=705, tests=[],
2025-09-24 00:54:37.764 INFO: =============    Processing head pt_head     ===========
2025-09-24 00:54:37.831 INFO: Training set 1/1 [energy: 142, stress: 0, virials: 0, dipole components: 0, head: 142, elec_temp: 0, total_charge: 0, total_spin: 0, forces: 0, charges: 0]
2025-09-24 00:54:37.832 INFO: Total Training set [energy: 142, stress: 0, virials: 0, dipole components: 0, head: 142, elec_temp: 0, total_charge: 0, total_spin: 0, forces: 0, charges: 0]
2025-09-24 00:54:40.569 INFO: Validation set 1/1 [energy: 705, stress: 0, virials: 0, dipole components: 0, head: 705, elec_temp: 0, total_charge: 0, total_spin: 0, forces: 705, charges: 0]
2025-09-24 00:54:40.571 INFO: Total Validation set [energy: 705, stress: 0, virials: 0, dipole components: 0, head: 705, elec_temp: 0, total_charge: 0, total_spin: 0, forces: 705, charges: 0]
2025-09-24 00:54:40.571 INFO: Total number of configurations: train=142, valid=705, tests=[],
2025-09-24 00:54:40.571 INFO: Using atomic numbers from command line argument
2025-09-24 00:54:40.571 INFO: Using atomic numbers from command line argument
2025-09-24 00:54:40.571 INFO: Atomic Numbers used: [3, 8, 40, 57]
2025-09-24 00:54:40.571 INFO: Isolated Atomic Energies (E0s) not in training file, using command line argument
2025-09-24 00:54:40.571 INFO: Loading atomic energies from /home/phanim/harshitrawat/summer/e0s_llzo.json
2025-09-24 00:54:40.573 INFO: Isolated Atomic Energies (E0s) not in training file, using command line argument
2025-09-24 00:54:40.573 INFO: Loading atomic energies from /home/phanim/harshitrawat/summer/e0s_llzo.json
2025-09-24 00:54:40.573 INFO: Atomic Energies used (z: eV) for head target_head: {3: -1.882, 8: -4.913, 40: -8.509, 57: -4.894}
2025-09-24 00:54:40.573 INFO: Atomic Energies used (z: eV) for head pt_head: {3: -1.882, 8: -4.913, 40: -8.509, 57: -4.894}
2025-09-24 00:54:40.574 INFO: Processing datasets for head 'target_head'
2025-09-24 00:58:01.143 INFO: Combining 1 list datasets for head 'target_head'
2025-09-24 00:58:23.518 INFO: Combining 1 list datasets for head 'target_head_valid'
2025-09-24 00:58:23.518 INFO: Combined validation datasets for target_head
2025-09-24 00:58:23.518 INFO: Head 'target_head' training dataset size: 6337
2025-09-24 00:58:23.519 INFO: Processing datasets for head 'pt_head'
2025-09-24 00:58:23.634 INFO: Combining 1 list datasets for head 'pt_head'
2025-09-24 00:58:46.042 INFO: Combining 1 list datasets for head 'pt_head_valid'
2025-09-24 00:58:46.042 INFO: Combined validation datasets for pt_head
2025-09-24 00:58:46.042 INFO: Head 'pt_head' training dataset size: 142
2025-09-24 00:58:46.042 INFO: Computing average number of neighbors
2025-09-24 00:58:53.393 INFO: Average number of neighbors: 68.5154697438775
2025-09-24 00:58:53.394 INFO: During training the following quantities will be reported: energy, forces
2025-09-24 00:58:53.394 INFO: ===========MODEL DETAILS===========
2025-09-24 00:58:57.912 WARNING: Standard deviation of the scaling is zero, Changing to no scaling
2025-09-24 00:58:57.922 INFO: Loading FOUNDATION model
2025-09-24 00:58:57.923 INFO: Using filtered elements: [3, 8, 40, 57]
2025-09-24 00:58:57.923 INFO: Model configuration extracted from foundation model
2025-09-24 00:58:57.923 INFO: Using weighted loss function for fine-tuning
2025-09-24 00:58:57.923 INFO: Message passing with hidden irreps 128x0e+128x1o+128x2e)
2025-09-24 00:58:57.924 INFO: 2 layers, each with correlation order: 3 (body order: 4) and spherical harmonics up to: l=3
2025-09-24 00:58:57.924 INFO: Radial cutoff: 6.0 A (total receptive field for each atom: 12.0 A)
2025-09-24 00:58:57.924 INFO: Distance transform for radial basis functions: None
2025-09-24 00:58:59.191 INFO: Total number of parameters: 896586
2025-09-24 00:58:59.191 INFO: 
2025-09-24 00:58:59.191 INFO: ===========OPTIMIZER INFORMATION===========
2025-09-24 00:58:59.191 INFO: Using ADAM as parameter optimizer
2025-09-24 00:58:59.191 INFO: Batch size: 4
2025-09-24 00:58:59.191 INFO: Number of gradient updates: 105283
2025-09-24 00:58:59.191 INFO: Learning rate: 0.0005, weight decay: 1e-08
2025-09-24 00:58:59.191 INFO: WeightedEnergyForcesLoss(energy_weight=50.000, forces_weight=10.000)
2025-09-24 00:58:59.199 WARNING: Cannot find checkpoint with tag 'mace_T1_w2_2heads_final_run-20' in './checkpoints'
2025-09-24 00:58:59.199 INFO: Using gradient clipping with tolerance=1.000
2025-09-24 00:58:59.199 INFO: 
2025-09-24 00:58:59.199 INFO: ===========TRAINING===========
2025-09-24 00:58:59.199 INFO: Started training, reporting errors on validation set
2025-09-24 00:58:59.199 INFO: Loss metrics on validation set
2025-09-24 01:00:26.033 INFO: Initial: head: pt_head, loss=233.51464016, RMSE_E_per_atom= 2126.43 meV, RMSE_F=  959.54 meV / A
2025-09-24 01:01:46.833 INFO: Initial: head: target_head, loss=233.51464016, RMSE_E_per_atom= 2126.43 meV, RMSE_F=  959.54 meV / A
2025-09-25 00:45:47.120 INFO: ===========VERIFYING SETTINGS===========
2025-09-25 00:45:47.121 INFO: MACE version: 0.3.14
2025-09-25 00:45:47.724 INFO: CUDA version: 12.1, CUDA device: 0
2025-09-25 00:45:48.618 INFO: Using foundation model /home/phanim/harshitrawat/summer/mace_models/universal/2024-01-07-mace-128-L2_epoch-199.model as initial checkpoint.
2025-09-25 00:45:48.619 WARNING: Using multiheads finetuning with a foundation model that is not a Materials Project model, need to provied a path to a pretraining file with --pt_train_file.
2025-09-25 00:45:48.619 INFO: ===========LOADING INPUT DATA===========
2025-09-25 00:45:48.619 INFO: Using heads: ['target_head', 'pt_head']
2025-09-25 00:45:48.619 INFO: Using the key specifications to parse data:
2025-09-25 00:45:48.619 INFO: target_head: KeySpecification(info_keys={'energy': 'REF_energy', 'stress': 'REF_stress', 'virials': 'REF_virials', 'dipole': 'dipole', 'head': 'head', 'elec_temp': 'elec_temp', 'total_charge': 'total_charge', 'total_spin': 'total_spin'}, arrays_keys={'forces': 'REF_forces', 'charges': 'REF_charges'})
2025-09-25 00:45:48.619 INFO: pt_head: KeySpecification(info_keys={'energy': 'REF_energy', 'stress': 'REF_stress', 'virials': 'REF_virials', 'dipole': 'dipole', 'head': 'head', 'elec_temp': 'elec_temp', 'total_charge': 'total_charge', 'total_spin': 'total_spin'}, arrays_keys={'forces': 'REF_forces', 'charges': 'REF_charges'})
2025-09-25 00:45:48.619 INFO: =============    Processing head target_head     ===========
2025-09-25 00:46:11.739 INFO: Training set 1/1 [energy: 6337, stress: 0, virials: 0, dipole components: 0, head: 6337, elec_temp: 0, total_charge: 0, total_spin: 0, forces: 6337, charges: 0]
2025-09-25 00:46:11.760 INFO: Total Training set [energy: 6337, stress: 0, virials: 0, dipole components: 0, head: 6337, elec_temp: 0, total_charge: 0, total_spin: 0, forces: 6337, charges: 0]
2025-09-25 00:46:14.579 INFO: Validation set 1/1 [energy: 705, stress: 0, virials: 0, dipole components: 0, head: 705, elec_temp: 0, total_charge: 0, total_spin: 0, forces: 705, charges: 0]
2025-09-25 00:46:14.581 INFO: Total Validation set [energy: 705, stress: 0, virials: 0, dipole components: 0, head: 705, elec_temp: 0, total_charge: 0, total_spin: 0, forces: 705, charges: 0]
2025-09-25 00:46:14.581 INFO: Total number of configurations: train=6337, valid=705, tests=[],
2025-09-25 00:46:14.581 INFO: =============    Processing head pt_head     ===========
2025-09-25 00:46:14.645 INFO: Training set 1/1 [energy: 142, stress: 0, virials: 0, dipole components: 0, head: 142, elec_temp: 0, total_charge: 0, total_spin: 0, forces: 0, charges: 0]
2025-09-25 00:46:14.646 INFO: Total Training set [energy: 142, stress: 0, virials: 0, dipole components: 0, head: 142, elec_temp: 0, total_charge: 0, total_spin: 0, forces: 0, charges: 0]
2025-09-25 00:46:17.388 INFO: Validation set 1/1 [energy: 705, stress: 0, virials: 0, dipole components: 0, head: 705, elec_temp: 0, total_charge: 0, total_spin: 0, forces: 705, charges: 0]
2025-09-25 00:46:17.390 INFO: Total Validation set [energy: 705, stress: 0, virials: 0, dipole components: 0, head: 705, elec_temp: 0, total_charge: 0, total_spin: 0, forces: 705, charges: 0]
2025-09-25 00:46:17.390 INFO: Total number of configurations: train=142, valid=705, tests=[],
2025-09-25 00:46:17.390 INFO: Using atomic numbers from command line argument
2025-09-25 00:46:17.390 INFO: Using atomic numbers from command line argument
2025-09-25 00:46:17.390 INFO: Atomic Numbers used: [3, 8, 40, 57]
2025-09-25 00:46:17.390 INFO: Isolated Atomic Energies (E0s) not in training file, using command line argument
2025-09-25 00:46:17.390 INFO: Loading atomic energies from /home/phanim/harshitrawat/summer/e0s_llzo.json
2025-09-25 00:46:17.391 INFO: Isolated Atomic Energies (E0s) not in training file, using command line argument
2025-09-25 00:46:17.391 INFO: Loading atomic energies from /home/phanim/harshitrawat/summer/e0s_llzo.json
2025-09-25 00:46:17.392 INFO: Atomic Energies used (z: eV) for head target_head: {3: -1.882, 8: -4.913, 40: -8.509, 57: -4.894}
2025-09-25 00:46:17.392 INFO: Atomic Energies used (z: eV) for head pt_head: {3: -1.882, 8: -4.913, 40: -8.509, 57: -4.894}
2025-09-25 00:46:17.392 INFO: Processing datasets for head 'target_head'
2025-09-25 00:49:34.717 INFO: Combining 1 list datasets for head 'target_head'
2025-09-25 00:49:56.840 INFO: Combining 1 list datasets for head 'target_head_valid'
2025-09-25 00:49:56.840 INFO: Combined validation datasets for target_head
2025-09-25 00:49:56.840 INFO: Head 'target_head' training dataset size: 6337
2025-09-25 00:49:56.840 INFO: Processing datasets for head 'pt_head'
2025-09-25 00:49:56.951 INFO: Combining 1 list datasets for head 'pt_head'
2025-09-25 00:50:19.116 INFO: Combining 1 list datasets for head 'pt_head_valid'
2025-09-25 00:50:19.116 INFO: Combined validation datasets for pt_head
2025-09-25 00:50:19.116 INFO: Head 'pt_head' training dataset size: 142
2025-09-25 00:50:19.117 INFO: Computing average number of neighbors
2025-09-25 00:50:28.009 INFO: Average number of neighbors: 68.51770895320855
2025-09-25 00:50:28.011 INFO: During training the following quantities will be reported: energy, forces
2025-09-25 00:50:28.011 INFO: ===========MODEL DETAILS===========
2025-09-25 00:50:33.902 WARNING: Standard deviation of the scaling is zero, Changing to no scaling
2025-09-25 00:50:33.916 INFO: Loading FOUNDATION model
2025-09-25 00:50:33.917 INFO: Using filtered elements: [3, 8, 40, 57]
2025-09-25 00:50:33.917 INFO: Model configuration extracted from foundation model
2025-09-25 00:50:33.917 INFO: Using weighted loss function for fine-tuning
2025-09-25 00:50:33.918 INFO: Message passing with hidden irreps 128x0e+128x1o+128x2e)
2025-09-25 00:50:33.918 INFO: 2 layers, each with correlation order: 3 (body order: 4) and spherical harmonics up to: l=3
2025-09-25 00:50:33.918 INFO: Radial cutoff: 6.0 A (total receptive field for each atom: 12.0 A)
2025-09-25 00:50:33.918 INFO: Distance transform for radial basis functions: None
2025-09-25 00:50:35.315 INFO: Total number of parameters: 896586
2025-09-25 00:50:35.315 INFO: 
2025-09-25 00:50:35.315 INFO: ===========OPTIMIZER INFORMATION===========
2025-09-25 00:50:35.315 INFO: Using ADAM as parameter optimizer
2025-09-25 00:50:35.315 INFO: Batch size: 2
2025-09-25 00:50:35.315 INFO: Number of gradient updates: 210567
2025-09-25 00:50:35.315 INFO: Learning rate: 0.002, weight decay: 1e-08
2025-09-25 00:50:35.315 INFO: WeightedEnergyForcesLoss(energy_weight=50.000, forces_weight=10.000)
2025-09-25 00:50:35.414 WARNING: Cannot find checkpoint with tag 'mace_T1_w2_2heads_final_run-20' in './checkpoints'
2025-09-25 00:50:35.414 INFO: Using gradient clipping with tolerance=1.000
2025-09-25 00:50:35.414 INFO: 
2025-09-25 00:50:35.414 INFO: ===========TRAINING===========
2025-09-25 00:50:35.414 INFO: Started training, reporting errors on validation set
2025-09-25 00:50:35.414 INFO: Loss metrics on validation set
2025-09-25 00:52:01.676 INFO: Initial: head: pt_head, loss=233.51464016, RMSE_E_per_atom= 2126.43 meV, RMSE_F=  959.54 meV / A
2025-09-25 00:53:21.760 INFO: Initial: head: target_head, loss=233.51464016, RMSE_E_per_atom= 2126.43 meV, RMSE_F=  959.54 meV / A
2025-09-25 01:30:34.654 INFO: Epoch 0: head: pt_head, loss=0.08152466, RMSE_E_per_atom=   29.61 meV, RMSE_F=   64.75 meV / A
2025-09-25 01:31:54.769 INFO: Epoch 0: head: target_head, loss=0.03089847, RMSE_E_per_atom=   12.78 meV, RMSE_F=   50.78 meV / A
2025-09-25 02:08:59.287 INFO: Epoch 1: head: pt_head, loss=0.05968275, RMSE_E_per_atom=   21.61 meV, RMSE_F=   63.67 meV / A
2025-09-25 02:10:19.393 INFO: Epoch 1: head: target_head, loss=0.02275847, RMSE_E_per_atom=    8.32 meV, RMSE_F=   46.97 meV / A
2025-09-25 02:47:24.624 INFO: Epoch 2: head: pt_head, loss=0.05475798, RMSE_E_per_atom=   19.83 meV, RMSE_F=   61.79 meV / A
2025-09-25 02:48:44.754 INFO: Epoch 2: head: target_head, loss=0.02001474, RMSE_E_per_atom=    5.46 meV, RMSE_F=   45.11 meV / A
2025-09-25 03:25:50.123 INFO: Epoch 3: head: pt_head, loss=0.14912441, RMSE_E_per_atom=   48.24 meV, RMSE_F=   60.22 meV / A
2025-09-25 03:27:10.432 INFO: Epoch 3: head: target_head, loss=0.01435008, RMSE_E_per_atom=    1.41 meV, RMSE_F=   40.16 meV / A
2025-09-25 04:04:15.153 INFO: Epoch 4: head: pt_head, loss=0.03487041, RMSE_E_per_atom=    5.84 meV, RMSE_F=   59.68 meV / A
2025-09-25 04:05:35.270 INFO: Epoch 4: head: target_head, loss=0.01767663, RMSE_E_per_atom=    8.89 meV, RMSE_F=   39.30 meV / A
2025-09-25 04:42:39.840 INFO: Epoch 5: head: pt_head, loss=0.11958584, RMSE_E_per_atom=   37.79 meV, RMSE_F=   71.79 meV / A
2025-09-25 04:44:00.016 INFO: Epoch 5: head: target_head, loss=0.01389212, RMSE_E_per_atom=    1.35 meV, RMSE_F=   39.77 meV / A
2025-09-25 05:21:03.810 INFO: Epoch 6: head: pt_head, loss=0.15087990, RMSE_E_per_atom=   43.23 meV, RMSE_F=   77.50 meV / A
2025-09-25 05:22:23.899 INFO: Epoch 6: head: target_head, loss=0.01623429, RMSE_E_per_atom=    7.86 meV, RMSE_F=   38.31 meV / A
2025-09-25 05:59:28.338 INFO: Epoch 7: head: pt_head, loss=0.07719068, RMSE_E_per_atom=   24.35 meV, RMSE_F=   71.72 meV / A
2025-09-25 06:00:48.585 INFO: Epoch 7: head: target_head, loss=0.01951069, RMSE_E_per_atom=   11.77 meV, RMSE_F=   37.63 meV / A
2025-09-25 06:37:53.091 INFO: Epoch 8: head: pt_head, loss=0.05809206, RMSE_E_per_atom=   10.29 meV, RMSE_F=   75.11 meV / A
2025-09-25 06:39:13.193 INFO: Epoch 8: head: target_head, loss=0.01638557, RMSE_E_per_atom=    8.72 meV, RMSE_F=   37.63 meV / A
2025-09-25 07:16:17.261 INFO: Epoch 9: head: pt_head, loss=0.06426152, RMSE_E_per_atom=   20.37 meV, RMSE_F=   68.92 meV / A
2025-09-25 07:17:37.359 INFO: Epoch 9: head: target_head, loss=0.01338250, RMSE_E_per_atom=    5.51 meV, RMSE_F=   36.61 meV / A
2025-09-25 23:10:13.870 INFO: ===========VERIFYING SETTINGS===========
2025-09-25 23:10:13.870 INFO: MACE version: 0.3.14
2025-09-25 23:10:14.631 INFO: CUDA version: 12.1, CUDA device: 0
2025-09-25 23:10:15.765 INFO: Using foundation model /home/phanim/harshitrawat/summer/mace_models/universal/2024-01-07-mace-128-L2_epoch-199.model as initial checkpoint.
2025-09-25 23:10:15.766 WARNING: Using multiheads finetuning with a foundation model that is not a Materials Project model, need to provied a path to a pretraining file with --pt_train_file.
2025-09-25 23:10:15.766 INFO: ===========LOADING INPUT DATA===========
2025-09-25 23:10:15.766 INFO: Using heads: ['target_head', 'pt_head']
2025-09-25 23:10:15.766 INFO: Using the key specifications to parse data:
2025-09-25 23:10:15.766 INFO: target_head: KeySpecification(info_keys={'energy': 'REF_energy', 'stress': 'REF_stress', 'virials': 'REF_virials', 'dipole': 'dipole', 'head': 'head', 'elec_temp': 'elec_temp', 'total_charge': 'total_charge', 'total_spin': 'total_spin'}, arrays_keys={'forces': 'REF_forces', 'charges': 'REF_charges'})
2025-09-25 23:10:15.767 INFO: pt_head: KeySpecification(info_keys={'energy': 'REF_energy', 'stress': 'REF_stress', 'virials': 'REF_virials', 'dipole': 'dipole', 'head': 'head', 'elec_temp': 'elec_temp', 'total_charge': 'total_charge', 'total_spin': 'total_spin'}, arrays_keys={'forces': 'REF_forces', 'charges': 'REF_charges'})
2025-09-25 23:10:15.767 INFO: =============    Processing head target_head     ===========
2025-09-25 23:10:39.051 INFO: Training set 1/1 [energy: 6337, stress: 0, virials: 0, dipole components: 0, head: 6337, elec_temp: 0, total_charge: 0, total_spin: 0, forces: 6337, charges: 0]
2025-09-25 23:10:39.072 INFO: Total Training set [energy: 6337, stress: 0, virials: 0, dipole components: 0, head: 6337, elec_temp: 0, total_charge: 0, total_spin: 0, forces: 6337, charges: 0]
2025-09-25 23:10:41.935 INFO: Validation set 1/1 [energy: 705, stress: 0, virials: 0, dipole components: 0, head: 705, elec_temp: 0, total_charge: 0, total_spin: 0, forces: 705, charges: 0]
2025-09-25 23:10:41.937 INFO: Total Validation set [energy: 705, stress: 0, virials: 0, dipole components: 0, head: 705, elec_temp: 0, total_charge: 0, total_spin: 0, forces: 705, charges: 0]
2025-09-25 23:10:41.937 INFO: Total number of configurations: train=6337, valid=705, tests=[],
2025-09-25 23:10:41.937 INFO: =============    Processing head pt_head     ===========
2025-09-25 23:10:42.004 INFO: Training set 1/1 [energy: 142, stress: 0, virials: 0, dipole components: 0, head: 142, elec_temp: 0, total_charge: 0, total_spin: 0, forces: 0, charges: 0]
2025-09-25 23:10:42.005 INFO: Total Training set [energy: 142, stress: 0, virials: 0, dipole components: 0, head: 142, elec_temp: 0, total_charge: 0, total_spin: 0, forces: 0, charges: 0]
2025-09-25 23:10:44.781 INFO: Validation set 1/1 [energy: 705, stress: 0, virials: 0, dipole components: 0, head: 705, elec_temp: 0, total_charge: 0, total_spin: 0, forces: 705, charges: 0]
2025-09-25 23:10:44.783 INFO: Total Validation set [energy: 705, stress: 0, virials: 0, dipole components: 0, head: 705, elec_temp: 0, total_charge: 0, total_spin: 0, forces: 705, charges: 0]
2025-09-25 23:10:44.783 INFO: Total number of configurations: train=142, valid=705, tests=[],
2025-09-25 23:10:44.784 INFO: Using atomic numbers from command line argument
2025-09-25 23:10:44.784 INFO: Using atomic numbers from command line argument
2025-09-25 23:10:44.784 INFO: Atomic Numbers used: [3, 8, 40, 57]
2025-09-25 23:10:44.784 INFO: Isolated Atomic Energies (E0s) not in training file, using command line argument
2025-09-25 23:10:44.784 INFO: Loading atomic energies from /home/phanim/harshitrawat/summer/e0s_llzo.json
2025-09-25 23:10:44.786 INFO: Isolated Atomic Energies (E0s) not in training file, using command line argument
2025-09-25 23:10:44.786 INFO: Loading atomic energies from /home/phanim/harshitrawat/summer/e0s_llzo.json
2025-09-25 23:10:44.787 INFO: Atomic Energies used (z: eV) for head target_head: {3: -1.882, 8: -4.913, 40: -8.509, 57: -4.894}
2025-09-25 23:10:44.787 INFO: Atomic Energies used (z: eV) for head pt_head: {3: -1.882, 8: -4.913, 40: -8.509, 57: -4.894}
2025-09-25 23:10:44.787 INFO: Processing datasets for head 'target_head'
2025-09-25 23:14:01.270 INFO: Combining 1 list datasets for head 'target_head'
2025-09-25 23:14:23.402 INFO: Combining 1 list datasets for head 'target_head_valid'
2025-09-25 23:14:23.402 INFO: Combined validation datasets for target_head
2025-09-25 23:14:23.402 INFO: Head 'target_head' training dataset size: 6337
2025-09-25 23:14:23.403 INFO: Processing datasets for head 'pt_head'
2025-09-25 23:14:23.515 INFO: Combining 1 list datasets for head 'pt_head'
2025-09-25 23:14:45.703 INFO: Combining 1 list datasets for head 'pt_head_valid'
2025-09-25 23:14:45.703 INFO: Combined validation datasets for pt_head
2025-09-25 23:14:45.703 INFO: Head 'pt_head' training dataset size: 142
2025-09-25 23:14:45.703 INFO: Computing average number of neighbors
2025-09-25 23:14:54.519 INFO: Average number of neighbors: 68.51770895320855
2025-09-25 23:14:54.521 INFO: During training the following quantities will be reported: energy, forces
2025-09-25 23:14:54.521 INFO: ===========MODEL DETAILS===========
2025-09-25 23:15:00.819 WARNING: Standard deviation of the scaling is zero, Changing to no scaling
2025-09-25 23:15:00.832 INFO: Loading FOUNDATION model
2025-09-25 23:15:00.833 INFO: Using filtered elements: [3, 8, 40, 57]
2025-09-25 23:15:00.833 INFO: Model configuration extracted from foundation model
2025-09-25 23:15:00.833 INFO: Using weighted loss function for fine-tuning
2025-09-25 23:15:00.833 INFO: Message passing with hidden irreps 128x0e+128x1o+128x2e)
2025-09-25 23:15:00.833 INFO: 2 layers, each with correlation order: 3 (body order: 4) and spherical harmonics up to: l=3
2025-09-25 23:15:00.833 INFO: Radial cutoff: 6.0 A (total receptive field for each atom: 12.0 A)
2025-09-25 23:15:00.833 INFO: Distance transform for radial basis functions: None
2025-09-25 23:15:02.201 INFO: Total number of parameters: 896586
2025-09-25 23:15:02.201 INFO: 
2025-09-25 23:15:02.201 INFO: ===========OPTIMIZER INFORMATION===========
2025-09-25 23:15:02.201 INFO: Using ADAM as parameter optimizer
2025-09-25 23:15:02.201 INFO: Batch size: 2
2025-09-25 23:15:02.201 INFO: Number of gradient updates: 210567
2025-09-25 23:15:02.201 INFO: Learning rate: 0.0002, weight decay: 1e-08
2025-09-25 23:15:02.201 INFO: WeightedEnergyForcesLoss(energy_weight=50.000, forces_weight=10.000)
2025-09-25 23:15:02.212 WARNING: No SWA checkpoint found, while SWA is enabled. Compare the swa_start parameter and the latest checkpoint.
2025-09-25 23:15:02.213 INFO: Loading checkpoint: ./checkpoints/mace_T1_w2_2heads_final_run-20_epoch-9.pt
2025-09-25 23:15:02.265 INFO: Using gradient clipping with tolerance=1.000
2025-09-25 23:15:02.265 INFO: 
2025-09-25 23:15:02.265 INFO: ===========TRAINING===========
2025-09-25 23:15:02.265 INFO: Started training, reporting errors on validation set
2025-09-25 23:15:02.265 INFO: Loss metrics on validation set
2025-09-25 23:16:28.537 INFO: Initial: head: pt_head, loss=0.06426152, RMSE_E_per_atom=   20.37 meV, RMSE_F=   68.92 meV / A
2025-09-25 23:17:48.770 INFO: Initial: head: target_head, loss=0.01338250, RMSE_E_per_atom=    5.51 meV, RMSE_F=   36.61 meV / A
2025-09-25 23:55:11.888 INFO: Epoch 9: head: pt_head, loss=0.04715449, RMSE_E_per_atom=    9.72 meV, RMSE_F=   67.59 meV / A
2025-09-25 23:56:32.074 INFO: Epoch 9: head: target_head, loss=0.01015166, RMSE_E_per_atom=    0.95 meV, RMSE_F=   33.88 meV / A
2025-09-26 00:33:49.788 INFO: Epoch 10: head: pt_head, loss=0.04711199, RMSE_E_per_atom=   10.04 meV, RMSE_F=   67.14 meV / A
2025-09-26 00:35:10.199 INFO: Epoch 10: head: target_head, loss=0.00998997, RMSE_E_per_atom=    0.68 meV, RMSE_F=   33.66 meV / A
2025-09-26 01:12:27.556 INFO: Epoch 11: head: pt_head, loss=0.04470831, RMSE_E_per_atom=    9.17 meV, RMSE_F=   66.06 meV / A
2025-09-26 01:13:47.775 INFO: Epoch 11: head: target_head, loss=0.01004357, RMSE_E_per_atom=    1.00 meV, RMSE_F=   33.70 meV / A
2025-10-22 18:00:05.200 INFO: ===========VERIFYING SETTINGS===========
2025-10-22 18:00:05.200 INFO: MACE version: 0.3.14
2025-10-22 18:00:06.328 INFO: CUDA version: 12.1, CUDA device: 0
2025-10-22 18:00:07.209 INFO: Using foundation model /home/phanim/harshitrawat/summer/mace_models/universal/2024-01-07-mace-128-L2_epoch-199.model as initial checkpoint.
2025-10-22 18:00:07.210 WARNING: Using multiheads finetuning with a foundation model that is not a Materials Project model, need to provied a path to a pretraining file with --pt_train_file.
2025-10-22 18:00:07.211 INFO: ===========LOADING INPUT DATA===========
2025-10-22 18:00:07.211 INFO: Using heads: ['target_head', 'pt_head']
2025-10-22 18:00:07.211 INFO: Using the key specifications to parse data:
2025-10-22 18:00:07.211 INFO: target_head: KeySpecification(info_keys={'energy': 'REF_energy', 'stress': 'REF_stress', 'virials': 'REF_virials', 'dipole': 'dipole', 'head': 'head', 'elec_temp': 'elec_temp', 'total_charge': 'total_charge', 'total_spin': 'total_spin'}, arrays_keys={'forces': 'REF_forces', 'charges': 'REF_charges'})
2025-10-22 18:00:07.211 INFO: pt_head: KeySpecification(info_keys={'energy': 'REF_energy', 'stress': 'REF_stress', 'virials': 'REF_virials', 'dipole': 'dipole', 'head': 'head', 'elec_temp': 'elec_temp', 'total_charge': 'total_charge', 'total_spin': 'total_spin'}, arrays_keys={'forces': 'REF_forces', 'charges': 'REF_charges'})
2025-10-22 18:00:07.211 INFO: =============    Processing head target_head     ===========
2025-10-22 18:00:31.601 INFO: Training set 1/1 [energy: 6337, stress: 0, virials: 0, dipole components: 0, head: 6337, elec_temp: 0, total_charge: 0, total_spin: 0, forces: 6337, charges: 0]
2025-10-22 18:00:31.624 INFO: Total Training set [energy: 6337, stress: 0, virials: 0, dipole components: 0, head: 6337, elec_temp: 0, total_charge: 0, total_spin: 0, forces: 6337, charges: 0]
2025-10-22 18:00:34.451 INFO: Validation set 1/1 [energy: 705, stress: 0, virials: 0, dipole components: 0, head: 705, elec_temp: 0, total_charge: 0, total_spin: 0, forces: 705, charges: 0]
2025-10-22 18:00:34.453 INFO: Total Validation set [energy: 705, stress: 0, virials: 0, dipole components: 0, head: 705, elec_temp: 0, total_charge: 0, total_spin: 0, forces: 705, charges: 0]
2025-10-22 18:00:34.453 INFO: Total number of configurations: train=6337, valid=705, tests=[],
2025-10-22 18:00:34.453 INFO: =============    Processing head pt_head     ===========
2025-10-22 18:00:34.534 INFO: Training set 1/1 [energy: 142, stress: 0, virials: 0, dipole components: 0, head: 142, elec_temp: 0, total_charge: 0, total_spin: 0, forces: 0, charges: 0]
2025-10-22 18:00:34.534 INFO: Total Training set [energy: 142, stress: 0, virials: 0, dipole components: 0, head: 142, elec_temp: 0, total_charge: 0, total_spin: 0, forces: 0, charges: 0]
2025-10-22 18:00:37.249 INFO: Validation set 1/1 [energy: 705, stress: 0, virials: 0, dipole components: 0, head: 705, elec_temp: 0, total_charge: 0, total_spin: 0, forces: 705, charges: 0]
2025-10-22 18:00:37.251 INFO: Total Validation set [energy: 705, stress: 0, virials: 0, dipole components: 0, head: 705, elec_temp: 0, total_charge: 0, total_spin: 0, forces: 705, charges: 0]
2025-10-22 18:00:37.251 INFO: Total number of configurations: train=142, valid=705, tests=[],
2025-10-22 18:00:37.251 INFO: Using atomic numbers from command line argument
2025-10-22 18:00:37.251 INFO: Using atomic numbers from command line argument
2025-10-22 18:00:37.251 INFO: Atomic Numbers used: [3, 8, 40, 57]
2025-10-22 18:00:37.251 INFO: Isolated Atomic Energies (E0s) not in training file, using command line argument
2025-10-22 18:00:37.251 INFO: Loading atomic energies from /home/phanim/harshitrawat/summer/e0s_llzo.json
2025-10-22 18:00:37.253 INFO: Isolated Atomic Energies (E0s) not in training file, using command line argument
2025-10-22 18:00:37.253 INFO: Loading atomic energies from /home/phanim/harshitrawat/summer/e0s_llzo.json
2025-10-22 18:00:37.254 INFO: Atomic Energies used (z: eV) for head target_head: {3: -1.882, 8: -4.913, 40: -8.509, 57: -4.894}
2025-10-22 18:00:37.254 INFO: Atomic Energies used (z: eV) for head pt_head: {3: -1.882, 8: -4.913, 40: -8.509, 57: -4.894}
2025-10-22 18:00:37.254 INFO: Processing datasets for head 'target_head'
2025-10-22 18:03:59.562 INFO: Combining 1 list datasets for head 'target_head'
2025-10-22 18:04:22.205 INFO: Combining 1 list datasets for head 'target_head_valid'
2025-10-22 18:04:22.205 INFO: Combined validation datasets for target_head
2025-10-22 18:04:22.205 INFO: Head 'target_head' training dataset size: 6337
2025-10-22 18:04:22.205 INFO: Processing datasets for head 'pt_head'
2025-10-22 18:04:22.318 INFO: Combining 1 list datasets for head 'pt_head'
2025-10-22 18:04:44.942 INFO: Combining 1 list datasets for head 'pt_head_valid'
2025-10-22 18:04:44.942 INFO: Combined validation datasets for pt_head
2025-10-22 18:04:44.942 INFO: Head 'pt_head' training dataset size: 142
2025-10-22 18:04:44.942 INFO: Computing average number of neighbors
2025-10-22 18:04:53.649 INFO: Average number of neighbors: 68.51770895320855
2025-10-22 18:04:53.651 INFO: During training the following quantities will be reported: energy, forces
2025-10-22 18:04:53.651 INFO: ===========MODEL DETAILS===========
2025-10-22 18:04:59.784 WARNING: Standard deviation of the scaling is zero, Changing to no scaling
2025-10-22 18:04:59.795 INFO: Loading FOUNDATION model
2025-10-22 18:04:59.797 INFO: Using filtered elements: [3, 8, 40, 57]
2025-10-22 18:04:59.797 INFO: Model configuration extracted from foundation model
2025-10-22 18:04:59.797 INFO: Using weighted loss function for fine-tuning
2025-10-22 18:04:59.797 INFO: Message passing with hidden irreps 128x0e+128x1o+128x2e)
2025-10-22 18:04:59.797 INFO: 2 layers, each with correlation order: 3 (body order: 4) and spherical harmonics up to: l=3
2025-10-22 18:04:59.797 INFO: Radial cutoff: 6.0 A (total receptive field for each atom: 12.0 A)
2025-10-22 18:04:59.797 INFO: Distance transform for radial basis functions: None
2025-10-22 18:05:01.142 INFO: Total number of parameters: 896586
2025-10-22 18:05:01.142 INFO: 
2025-10-22 18:05:01.142 INFO: ===========OPTIMIZER INFORMATION===========
2025-10-22 18:05:01.142 INFO: Using ADAM as parameter optimizer
2025-10-22 18:05:01.142 INFO: Batch size: 2
2025-10-22 18:05:01.142 INFO: Number of gradient updates: 42113
2025-10-22 18:05:01.143 INFO: Learning rate: 0.0002, weight decay: 1e-08
2025-10-22 18:05:01.143 INFO: WeightedEnergyForcesLoss(energy_weight=50.000, forces_weight=10.000)
2025-10-22 18:05:01.247 WARNING: No SWA checkpoint found, while SWA is enabled. Compare the swa_start parameter and the latest checkpoint.
2025-10-22 18:05:01.248 INFO: Loading checkpoint: ./checkpoints/mace_T1_w2_2heads_final_run-20_epoch-10.pt
2025-10-22 18:05:01.970 INFO: Using gradient clipping with tolerance=1.000
2025-10-22 18:05:01.970 INFO: 
2025-10-22 18:05:01.970 INFO: ===========TRAINING===========
2025-10-22 18:05:01.970 INFO: Started training, reporting errors on validation set
2025-10-22 18:05:01.970 INFO: Loss metrics on validation set
2025-10-22 18:06:28.129 INFO: Initial: head: pt_head, loss=0.04711199, RMSE_E_per_atom=   10.04 meV, RMSE_F=   67.14 meV / A
2025-10-22 18:07:48.464 INFO: Initial: head: target_head, loss=0.00998997, RMSE_E_per_atom=    0.68 meV, RMSE_F=   33.66 meV / A
2025-10-22 18:45:09.988 INFO: Epoch 10: head: pt_head, loss=0.04604658, RMSE_E_per_atom=    9.00 meV, RMSE_F=   67.18 meV / A
2025-10-22 18:46:30.122 INFO: Epoch 10: head: target_head, loss=0.00996748, RMSE_E_per_atom=    0.94 meV, RMSE_F=   33.58 meV / A
2025-10-22 19:23:45.260 INFO: Epoch 11: head: pt_head, loss=0.04489614, RMSE_E_per_atom=    8.53 meV, RMSE_F=   66.58 meV / A
2025-10-22 19:25:05.428 INFO: Epoch 11: head: target_head, loss=0.00982825, RMSE_E_per_atom=    0.65 meV, RMSE_F=   33.41 meV / A
2025-10-22 20:02:21.839 INFO: Epoch 12: head: pt_head, loss=0.04350590, RMSE_E_per_atom=    8.23 meV, RMSE_F=   65.79 meV / A
2025-10-22 20:03:42.073 INFO: Epoch 12: head: target_head, loss=0.00985856, RMSE_E_per_atom=    1.08 meV, RMSE_F=   33.39 meV / A
2025-10-22 20:03:42.074 INFO: Training complete
2025-10-22 20:03:42.074 INFO: 
2025-10-22 20:03:42.075 INFO: ===========RESULTS===========
2025-10-22 20:03:42.204 INFO: Loading checkpoint: ./checkpoints/mace_T1_w2_2heads_final_run-20_epoch-11.pt
2025-10-22 20:03:42.614 INFO: Loaded Stage one model from epoch 11 for evaluation
2025-10-22 20:03:42.614 INFO: Saving model to checkpoints/mace_T1_w2_2heads_final_run-20.model
2025-10-22 20:03:42.901 INFO: Compiling model, saving metadata to mace_T1_w2_2heads_final_compiled.model
2025-10-22 20:03:43.897 INFO: Computing metrics for training, validation, and test sets
2025-10-22 20:03:43.898 INFO: Skipping evaluation for heads: ['pt_head']
2025-10-22 20:03:43.898 INFO: Skipping evaluation of train_pt_head (in skip_heads list)
2025-10-22 20:03:43.898 INFO: Evaluating train_target_head ...
2025-10-22 20:16:56.190 INFO: Skipping evaluation of valid_pt_head (in skip_heads list)
2025-10-22 20:16:56.192 INFO: Evaluating valid_target_head ...
2025-10-22 20:18:16.527 INFO: Error-table on TRAIN and VALID:
+-------------------+---------------------+------------------+-------------------+
|    config_type    | RMSE E / meV / atom | RMSE F / meV / A | relative F RMSE % |
+-------------------+---------------------+------------------+-------------------+
| train_target_head |            0.6      |         33.9     |          9.84     |
| valid_target_head |            0.6      |         33.4     |          9.72     |
+-------------------+---------------------+------------------+-------------------+
2025-10-22 20:37:16.899 INFO: Done
