2025-09-13 00:44:07.563 INFO: ===========VERIFYING SETTINGS===========
2025-09-13 00:44:07.563 INFO: MACE version: 0.3.14
2025-09-13 00:44:08.166 INFO: CUDA version: 12.1, CUDA device: 0
2025-09-13 00:44:09.436 INFO: Using foundation model /home/phanim/harshitrawat/summer/mace_models/universal/2024-01-07-mace-128-L2_epoch-199.model as initial checkpoint.
2025-09-13 00:44:09.437 WARNING: Using multiheads finetuning with a foundation model that is not a Materials Project model, need to provied a path to a pretraining file with --pt_train_file.
2025-09-13 00:44:09.437 INFO: ===========LOADING INPUT DATA===========
2025-09-13 00:44:09.437 INFO: Using heads: ['target_head', 'pt_head']
2025-09-13 00:44:09.437 INFO: Using the key specifications to parse data:
2025-09-13 00:44:09.437 INFO: target_head: KeySpecification(info_keys={'energy': 'REF_energy', 'stress': 'REF_stress', 'virials': 'REF_virials', 'dipole': 'dipole', 'head': 'head', 'elec_temp': 'elec_temp', 'total_charge': 'total_charge', 'total_spin': 'total_spin'}, arrays_keys={'forces': 'REF_forces', 'charges': 'REF_charges'})
2025-09-13 00:44:09.437 INFO: pt_head: KeySpecification(info_keys={'energy': 'REF_energy', 'stress': 'REF_stress', 'virials': 'REF_virials', 'dipole': 'dipole', 'head': 'head', 'elec_temp': 'elec_temp', 'total_charge': 'total_charge', 'total_spin': 'total_spin'}, arrays_keys={'forces': 'REF_forces', 'charges': 'REF_charges'})
2025-09-13 00:44:09.437 INFO: =============    Processing head target_head     ===========
2025-09-13 00:44:15.608 INFO: Training set 1/1 [energy: 1612, stress: 0, virials: 0, dipole components: 0, head: 1612, elec_temp: 0, total_charge: 0, total_spin: 0, forces: 1612, charges: 0]
2025-09-13 00:44:15.613 INFO: Total Training set [energy: 1612, stress: 0, virials: 0, dipole components: 0, head: 1612, elec_temp: 0, total_charge: 0, total_spin: 0, forces: 1612, charges: 0]
2025-09-13 00:44:18.159 INFO: Validation set 1/1 [energy: 705, stress: 0, virials: 0, dipole components: 0, head: 705, elec_temp: 0, total_charge: 0, total_spin: 0, forces: 705, charges: 0]
2025-09-13 00:44:18.163 INFO: Total Validation set [energy: 705, stress: 0, virials: 0, dipole components: 0, head: 705, elec_temp: 0, total_charge: 0, total_spin: 0, forces: 705, charges: 0]
2025-09-13 00:44:18.163 INFO: Total number of configurations: train=1612, valid=705, tests=[],
2025-09-13 00:44:18.163 INFO: =============    Processing head pt_head     ===========
2025-09-13 00:44:18.235 INFO: Training set 1/1 [energy: 142, stress: 0, virials: 0, dipole components: 0, head: 142, elec_temp: 0, total_charge: 0, total_spin: 0, forces: 0, charges: 0]
2025-09-13 00:44:18.236 INFO: Total Training set [energy: 142, stress: 0, virials: 0, dipole components: 0, head: 142, elec_temp: 0, total_charge: 0, total_spin: 0, forces: 0, charges: 0]
2025-09-13 00:44:20.784 INFO: Validation set 1/1 [energy: 705, stress: 0, virials: 0, dipole components: 0, head: 705, elec_temp: 0, total_charge: 0, total_spin: 0, forces: 705, charges: 0]
2025-09-13 00:44:20.786 INFO: Total Validation set [energy: 705, stress: 0, virials: 0, dipole components: 0, head: 705, elec_temp: 0, total_charge: 0, total_spin: 0, forces: 705, charges: 0]
2025-09-13 00:44:20.786 INFO: Total number of configurations: train=142, valid=705, tests=[],
2025-09-13 00:44:20.786 INFO: Using atomic numbers from command line argument
2025-09-13 00:44:20.786 INFO: Using atomic numbers from command line argument
2025-09-13 00:44:20.786 INFO: Atomic Numbers used: [3, 8, 40, 57]
2025-09-13 00:44:20.786 INFO: Isolated Atomic Energies (E0s) not in training file, using command line argument
2025-09-13 00:44:20.786 INFO: Loading atomic energies from /home/phanim/harshitrawat/summer/e0s_llzo.json
2025-09-13 00:44:20.788 INFO: Isolated Atomic Energies (E0s) not in training file, using command line argument
2025-09-13 00:44:20.788 INFO: Loading atomic energies from /home/phanim/harshitrawat/summer/e0s_llzo.json
2025-09-13 00:44:20.789 INFO: Atomic Energies used (z: eV) for head target_head: {3: -1.882, 8: -4.913, 40: -8.509, 57: -4.894}
2025-09-13 00:44:20.789 INFO: Atomic Energies used (z: eV) for head pt_head: {3: -1.882, 8: -4.913, 40: -8.509, 57: -4.894}
2025-09-13 00:44:20.789 INFO: Processing datasets for head 'target_head'
2025-09-13 00:45:12.086 INFO: Combining 1 list datasets for head 'target_head'
2025-09-13 00:45:34.363 INFO: Combining 1 list datasets for head 'target_head_valid'
2025-09-13 00:45:34.363 INFO: Combined validation datasets for target_head
2025-09-13 00:45:34.363 INFO: Head 'target_head' training dataset size: 1612
2025-09-13 00:45:34.363 INFO: Processing datasets for head 'pt_head'
2025-09-13 00:45:34.471 INFO: Combining 1 list datasets for head 'pt_head'
2025-09-13 00:45:57.454 INFO: Combining 1 list datasets for head 'pt_head_valid'
2025-09-13 00:45:57.454 INFO: Combined validation datasets for pt_head
2025-09-13 00:45:57.454 INFO: Head 'pt_head' training dataset size: 142
2025-09-13 00:45:57.455 INFO: Computing average number of neighbors
2025-09-13 00:46:00.063 INFO: Average number of neighbors: 67.31388041084317
2025-09-13 00:46:00.063 INFO: During training the following quantities will be reported: energy, forces
2025-09-13 00:46:00.063 INFO: ===========MODEL DETAILS===========
2025-09-13 00:46:01.686 WARNING: Standard deviation of the scaling is zero, Changing to no scaling
2025-09-13 00:46:01.689 INFO: Loading FOUNDATION model
2025-09-13 00:46:01.690 INFO: Using filtered elements: [3, 8, 40, 57]
2025-09-13 00:46:01.690 INFO: Model configuration extracted from foundation model
2025-09-13 00:46:01.690 INFO: Using weighted loss function for fine-tuning
2025-09-13 00:46:01.690 INFO: Message passing with hidden irreps 128x0e+128x1o+128x2e)
2025-09-13 00:46:01.690 INFO: 2 layers, each with correlation order: 3 (body order: 4) and spherical harmonics up to: l=3
2025-09-13 00:46:01.690 INFO: Radial cutoff: 6.0 A (total receptive field for each atom: 12.0 A)
2025-09-13 00:46:01.690 INFO: Distance transform for radial basis functions: None
Using reduced CG: False
Using reduced CG: False
2025-09-13 00:46:03.227 INFO: Total number of parameters: 896586
2025-09-13 00:46:03.227 INFO: 
2025-09-13 00:46:03.227 INFO: ===========OPTIMIZER INFORMATION===========
2025-09-13 00:46:03.227 INFO: Using ADAM as parameter optimizer
2025-09-13 00:46:03.227 INFO: Batch size: 2
2025-09-13 00:46:03.227 INFO: Number of gradient updates: 35080
2025-09-13 00:46:03.227 INFO: Learning rate: 0.002, weight decay: 1e-08
2025-09-13 00:46:03.227 INFO: WeightedEnergyForcesLoss(energy_weight=50.000, forces_weight=10.000)
2025-09-13 00:46:03.359 WARNING: Cannot find checkpoint with tag 'mace_T2_w2_2heads_final_run-20' in './checkpoints'
2025-09-13 00:46:03.359 INFO: Using gradient clipping with tolerance=1.000
2025-09-13 00:46:03.359 INFO: 
2025-09-13 00:46:03.359 INFO: ===========TRAINING===========
2025-09-13 00:46:03.359 INFO: Started training, reporting errors on validation set
2025-09-13 00:46:03.359 INFO: Loss metrics on validation set
2025-09-13 00:47:30.141 INFO: Initial: head: pt_head, loss=233.51464016, RMSE_E_per_atom= 2126.43 meV, RMSE_F=  959.54 meV / A
2025-09-13 00:48:50.395 INFO: Initial: head: target_head, loss=233.51464016, RMSE_E_per_atom= 2126.43 meV, RMSE_F=  959.54 meV / A
2025-09-13 00:59:09.551 INFO: Epoch 0: head: pt_head, loss=0.07835135, RMSE_E_per_atom=   18.80 meV, RMSE_F=   81.84 meV / A
2025-09-13 01:00:29.602 INFO: Epoch 0: head: target_head, loss=0.05407631, RMSE_E_per_atom=   11.05 meV, RMSE_F=   73.09 meV / A
2025-09-13 01:10:42.173 INFO: Epoch 1: head: pt_head, loss=0.08353110, RMSE_E_per_atom=   28.50 meV, RMSE_F=   68.43 meV / A
2025-09-13 01:12:02.555 INFO: Epoch 1: head: target_head, loss=0.03678864, RMSE_E_per_atom=    6.15 meV, RMSE_F=   62.40 meV / A
2025-09-13 01:22:15.113 INFO: Epoch 2: head: pt_head, loss=0.05624904, RMSE_E_per_atom=   20.81 meV, RMSE_F=   62.19 meV / A
2025-09-13 01:23:35.261 INFO: Epoch 2: head: target_head, loss=0.03043891, RMSE_E_per_atom=    8.67 meV, RMSE_F=   55.04 meV / A
2025-09-13 01:33:47.889 INFO: Epoch 3: head: pt_head, loss=0.05944069, RMSE_E_per_atom=   22.56 meV, RMSE_F=   61.47 meV / A
2025-09-13 01:35:07.942 INFO: Epoch 3: head: target_head, loss=0.03159807, RMSE_E_per_atom=   11.73 meV, RMSE_F=   52.98 meV / A
2025-09-13 01:45:20.538 INFO: Epoch 4: head: pt_head, loss=0.07323095, RMSE_E_per_atom=   27.73 meV, RMSE_F=   61.62 meV / A
2025-09-13 01:46:40.680 INFO: Epoch 4: head: target_head, loss=0.03277182, RMSE_E_per_atom=   12.19 meV, RMSE_F=   53.07 meV / A
2025-09-13 01:56:53.238 INFO: Epoch 5: head: pt_head, loss=0.07357894, RMSE_E_per_atom=   28.13 meV, RMSE_F=   60.77 meV / A
2025-09-13 01:58:13.336 INFO: Epoch 5: head: target_head, loss=0.02422394, RMSE_E_per_atom=    5.55 meV, RMSE_F=   50.54 meV / A
2025-09-13 02:08:25.989 INFO: Epoch 6: head: pt_head, loss=0.05471541, RMSE_E_per_atom=   16.22 meV, RMSE_F=   66.62 meV / A
2025-09-13 02:09:46.076 INFO: Epoch 6: head: target_head, loss=0.02306858, RMSE_E_per_atom=    4.57 meV, RMSE_F=   49.68 meV / A
2025-09-13 02:19:59.027 INFO: Epoch 7: head: pt_head, loss=0.10332834, RMSE_E_per_atom=   36.12 meV, RMSE_F=   64.12 meV / A
2025-09-13 02:21:19.152 INFO: Epoch 7: head: target_head, loss=0.02514365, RMSE_E_per_atom=    9.13 meV, RMSE_F=   48.42 meV / A
2025-09-13 02:31:31.649 INFO: Epoch 8: head: pt_head, loss=0.08642998, RMSE_E_per_atom=   33.26 meV, RMSE_F=   58.52 meV / A
2025-09-13 02:32:51.936 INFO: Epoch 8: head: target_head, loss=0.01971788, RMSE_E_per_atom=    2.70 meV, RMSE_F=   46.80 meV / A
2025-09-13 02:43:04.582 INFO: Epoch 9: head: pt_head, loss=0.04285099, RMSE_E_per_atom=   12.62 meV, RMSE_F=   61.88 meV / A
2025-09-13 02:44:24.759 INFO: Epoch 9: head: target_head, loss=0.02316884, RMSE_E_per_atom=    4.46 meV, RMSE_F=   50.00 meV / A
2025-09-13 02:54:37.376 INFO: Epoch 10: head: pt_head, loss=0.05958438, RMSE_E_per_atom=   22.64 meV, RMSE_F=   61.16 meV / A
2025-09-13 02:55:57.412 INFO: Epoch 10: head: target_head, loss=0.03683181, RMSE_E_per_atom=   18.17 meV, RMSE_F=   47.89 meV / A
