===== GPU INFO =====
GPU 0: NVIDIA H200 (UUID: GPU-fcacfa25-8f1f-f705-9f82-a531a2161f02)
GPU 1: NVIDIA H200 (UUID: GPU-c8eaa864-162e-73f3-420c-0bf16e187ba0)
GPU 2: NVIDIA H200 (UUID: GPU-f08492b1-62ff-7cef-794f-156e09522634)
GPU 3: NVIDIA H200 (UUID: GPU-f8049926-0d8c-0394-6dcd-9754b73f11c5)
GPU 4: NVIDIA H200 (UUID: GPU-0d9131cc-ee50-f198-276c-fceda18295a4)
GPU 5: NVIDIA H200 (UUID: GPU-30d42824-a0de-6e2b-212c-edfe60b3e725)
GPU 6: NVIDIA H200 (UUID: GPU-26893cb5-fcf0-f89c-d3ad-634f8da0a542)
GPU 7: NVIDIA H200 (UUID: GPU-35458bd5-35e7-eb55-5f5d-b01a2a0de0d3)
Mon Aug 25 21:06:11 2025       
+-----------------------------------------------------------------------------------------+
| NVIDIA-SMI 550.90.07              Driver Version: 550.90.07      CUDA Version: 12.4     |
|-----------------------------------------+------------------------+----------------------+
| GPU  Name                 Persistence-M | Bus-Id          Disp.A | Volatile Uncorr. ECC |
| Fan  Temp   Perf          Pwr:Usage/Cap |           Memory-Usage | GPU-Util  Compute M. |
|                                         |                        |               MIG M. |
|=========================================+========================+======================|
|   0  NVIDIA H200                    On  |   00000000:1B:00.0 Off |                   On |
| N/A   29C    P0             78W /  700W |      89MiB / 143771MiB |     N/A      Default |
|                                         |                        |              Enabled |
+-----------------------------------------+------------------------+----------------------+
|   1  NVIDIA H200                    On  |   00000000:43:00.0 Off |                   On |
| N/A   31C    P0             75W /  700W |      89MiB / 143771MiB |     N/A      Default |
|                                         |                        |              Enabled |
+-----------------------------------------+------------------------+----------------------+
|   2  NVIDIA H200                    On  |   00000000:52:00.0 Off |                   On |
| N/A   33C    P0             77W /  700W |      90MiB / 143771MiB |     N/A      Default |
|                                         |                        |              Enabled |
+-----------------------------------------+------------------------+----------------------+
|   3  NVIDIA H200                    On  |   00000000:61:00.0 Off |                   On |
| N/A   32C    P0             75W /  700W |      89MiB / 143771MiB |     N/A      Default |
|                                         |                        |              Enabled |
+-----------------------------------------+------------------------+----------------------+
|   4  NVIDIA H200                    On  |   00000000:9D:00.0 Off |                   On |
| N/A   29C    P0             77W /  700W |      89MiB / 143771MiB |     N/A      Default |
|                                         |                        |              Enabled |
+-----------------------------------------+------------------------+----------------------+
|   5  NVIDIA H200                    On  |   00000000:C3:00.0 Off |                   On |
| N/A   30C    P0             76W /  700W |      89MiB / 143771MiB |     N/A      Default |
|                                         |                        |              Enabled |
+-----------------------------------------+------------------------+----------------------+
|   6  NVIDIA H200                    On  |   00000000:D1:00.0 Off |                    0 |
| N/A   31C    P0             77W /  700W |       1MiB / 143771MiB |      0%      Default |
|                                         |                        |             Disabled |
+-----------------------------------------+------------------------+----------------------+
|   7  NVIDIA H200                    On  |   00000000:DF:00.0 Off |                    0 |
| N/A   34C    P0             78W /  700W |       1MiB / 143771MiB |      0%      Default |
|                                         |                        |             Disabled |
+-----------------------------------------+------------------------+----------------------+

+-----------------------------------------------------------------------------------------+
| MIG devices:                                                                            |
+------------------+----------------------------------+-----------+-----------------------+
| GPU  GI  CI  MIG |                     Memory-Usage |        Vol|      Shared           |
|      ID  ID  Dev |                       BAR1-Usage | SM     Unc| CE ENC DEC OFA JPG    |
|                  |                                  |        ECC|                       |
|==================+==================================+===========+=======================|
|  No MIG devices found                                                                   |
+-----------------------------------------------------------------------------------------+
                                                                                         
+-----------------------------------------------------------------------------------------+
| Processes:                                                                              |
|  GPU   GI   CI        PID   Type   Process name                              GPU Memory |
|        ID   ID                                                               Usage      |
|=========================================================================================|
|  No running processes found                                                             |
+-----------------------------------------------------------------------------------------+
====================
2025-08-25 21:06:23.633 INFO: ===========VERIFYING SETTINGS===========
2025-08-25 21:06:23.634 INFO: ===========VERIFYING SETTINGS===========
2025-08-25 21:06:23.765 INFO: Process group initialized: True
2025-08-25 21:06:23.765 INFO: Processes: 1
2025-08-25 21:06:23.765 INFO: MACE version: 0.3.14
2025-08-25 21:06:23.765 INFO: CUDA version: 12.1, CUDA device: 0
2025-08-25 21:06:23.766 INFO: Process group initialized: True
2025-08-25 21:06:23.766 INFO: Processes: 1
2025-08-25 21:06:23.766 INFO: MACE version: 0.3.14
2025-08-25 21:06:23.766 INFO: CUDA version: 12.1, CUDA device: 0
2025-08-25 21:06:24.373 INFO: Using foundation model /home/phanim/harshitrawat/summer/mace_models/universal/2024-01-07-mace-128-L2_epoch-199.model as initial checkpoint.
2025-08-25 21:06:24.374 INFO: Multihead finetuning mode, setting learning rate to 0.0001 and EMA to True. To use a different learning rate, set --force_mh_ft_lr=True.
2025-08-25 21:06:24.374 INFO: Using multiheads finetuning mode, setting learning rate to 0.0001 and EMA to True
2025-08-25 21:06:24.374 INFO: ===========LOADING INPUT DATA===========
2025-08-25 21:06:24.374 INFO: Using heads: ['Default', 'pt_head']
2025-08-25 21:06:24.374 INFO: Using the key specifications to parse data:
2025-08-25 21:06:24.374 INFO: Default: KeySpecification(info_keys={'energy': 'REF_energy', 'stress': 'REF_stress', 'virials': 'REF_virials', 'dipole': 'dipole', 'head': 'head', 'elec_temp': 'elec_temp', 'total_charge': 'total_charge', 'total_spin': 'total_spin'}, arrays_keys={'forces': 'REF_forces', 'charges': 'REF_charges'})
2025-08-25 21:06:24.374 INFO: pt_head: KeySpecification(info_keys={'energy': 'REF_energy', 'stress': 'REF_stress', 'virials': 'REF_virials', 'dipole': 'dipole', 'head': 'head', 'elec_temp': 'elec_temp', 'total_charge': 'total_charge', 'total_spin': 'total_spin'}, arrays_keys={'forces': 'REF_forces', 'charges': 'REF_charges'})
2025-08-25 21:06:24.375 INFO: =============    Processing head Default     ===========
2025-08-25 21:06:24.391 INFO: Using foundation model /home/phanim/harshitrawat/summer/mace_models/universal/2024-01-07-mace-128-L2_epoch-199.model as initial checkpoint.
2025-08-25 21:06:24.394 INFO: Multihead finetuning mode, setting learning rate to 0.0001 and EMA to True. To use a different learning rate, set --force_mh_ft_lr=True.
2025-08-25 21:06:24.394 INFO: Using multiheads finetuning mode, setting learning rate to 0.0001 and EMA to True
2025-08-25 21:06:24.394 INFO: ===========LOADING INPUT DATA===========
2025-08-25 21:06:24.394 INFO: Using heads: ['Default', 'pt_head']
2025-08-25 21:06:24.394 INFO: Using the key specifications to parse data:
2025-08-25 21:06:24.394 INFO: Default: KeySpecification(info_keys={'energy': 'REF_energy', 'stress': 'REF_stress', 'virials': 'REF_virials', 'dipole': 'dipole', 'head': 'head', 'elec_temp': 'elec_temp', 'total_charge': 'total_charge', 'total_spin': 'total_spin'}, arrays_keys={'forces': 'REF_forces', 'charges': 'REF_charges'})
2025-08-25 21:06:24.395 INFO: pt_head: KeySpecification(info_keys={'energy': 'REF_energy', 'stress': 'REF_stress', 'virials': 'REF_virials', 'dipole': 'dipole', 'head': 'head', 'elec_temp': 'elec_temp', 'total_charge': 'total_charge', 'total_spin': 'total_spin'}, arrays_keys={'forces': 'REF_forces', 'charges': 'REF_charges'})
2025-08-25 21:06:24.395 INFO: =============    Processing head Default     ===========
2025-08-25 21:06:30.396 INFO: Training set 1/1 [energy: 1612, stress: 0, virials: 0, dipole components: 0, head: 1612, elec_temp: 0, total_charge: 0, total_spin: 0, forces: 1612, charges: 0]
2025-08-25 21:06:30.401 INFO: Total Training set [energy: 1612, stress: 0, virials: 0, dipole components: 0, head: 1612, elec_temp: 0, total_charge: 0, total_spin: 0, forces: 1612, charges: 0]
2025-08-25 21:06:30.487 INFO: Training set 1/1 [energy: 1612, stress: 0, virials: 0, dipole components: 0, head: 1612, elec_temp: 0, total_charge: 0, total_spin: 0, forces: 1612, charges: 0]
2025-08-25 21:06:30.492 INFO: Total Training set [energy: 1612, stress: 0, virials: 0, dipole components: 0, head: 1612, elec_temp: 0, total_charge: 0, total_spin: 0, forces: 1612, charges: 0]
2025-08-25 21:06:32.948 INFO: Validation set 1/1 [energy: 705, stress: 0, virials: 0, dipole components: 0, head: 705, elec_temp: 0, total_charge: 0, total_spin: 0, forces: 705, charges: 0]
2025-08-25 21:06:32.950 INFO: Total Validation set [energy: 705, stress: 0, virials: 0, dipole components: 0, head: 705, elec_temp: 0, total_charge: 0, total_spin: 0, forces: 705, charges: 0]
2025-08-25 21:06:32.950 INFO: Total number of configurations: train=1612, valid=705, tests=[],
2025-08-25 21:06:32.950 INFO: =============    Processing head pt_head     ===========
2025-08-25 21:06:32.981 INFO: Training set 1/1 [energy: 0, stress: 0, virials: 0, dipole components: 0, head: 104, elec_temp: 0, total_charge: 0, total_spin: 0, forces: 0, charges: 0]
2025-08-25 21:06:32.981 INFO: Total Training set [energy: 0, stress: 0, virials: 0, dipole components: 0, head: 104, elec_temp: 0, total_charge: 0, total_spin: 0, forces: 0, charges: 0]
2025-08-25 21:06:32.981 INFO: No validation set provided, splitting training data instead.
2025-08-25 21:06:32.985 INFO: Using random 10% of training set for validation with indices saved in: ./valid_indices_84.txt
2025-08-25 21:06:32.985 INFO: Random Split Training set [energy: 0, stress: 0, virials: 0, dipole components: 0, head: 94, elec_temp: 0, total_charge: 0, total_spin: 0, forces: 0, charges: 0]
2025-08-25 21:06:32.985 INFO: Random Split Validation set [energy: 0, stress: 0, virials: 0, dipole components: 0, head: 10, elec_temp: 0, total_charge: 0, total_spin: 0, forces: 0, charges: 0]
2025-08-25 21:06:32.985 INFO: Total number of configurations: train=94, valid=10, tests=[],
2025-08-25 21:06:32.985 INFO: ==================Using multiheads finetuning mode==================
2025-08-25 21:06:32.985 INFO: Total number of configurations in pretraining: train=94, valid=10
2025-08-25 21:06:32.985 INFO: Using atomic numbers from command line argument
2025-08-25 21:06:32.985 INFO: Using atomic numbers from command line argument
2025-08-25 21:06:32.986 INFO: Atomic Numbers used: [3, 8, 40, 57]
2025-08-25 21:06:32.986 INFO: Isolated Atomic Energies (E0s) not in training file, using command line argument
2025-08-25 21:06:32.988 INFO: Atomic Energies used (z: eV) for head Default: {3: -1.2302615750354944, 8: -23.049110738413006, 40: 23.367646191010394, 57: 15.192898072498549}
2025-08-25 21:06:32.988 INFO: Atomic Energies used (z: eV) for head pt_head: {3: -3.482100566595956, 8: -7.28459863421322, 40: -11.846857579882572, 57: -8.933684809576345}
2025-08-25 21:06:32.988 INFO: Processing datasets for head 'Default'
2025-08-25 21:06:33.074 INFO: Validation set 1/1 [energy: 705, stress: 0, virials: 0, dipole components: 0, head: 705, elec_temp: 0, total_charge: 0, total_spin: 0, forces: 705, charges: 0]
2025-08-25 21:06:33.080 INFO: Total Validation set [energy: 705, stress: 0, virials: 0, dipole components: 0, head: 705, elec_temp: 0, total_charge: 0, total_spin: 0, forces: 705, charges: 0]
2025-08-25 21:06:33.080 INFO: Total number of configurations: train=1612, valid=705, tests=[],
2025-08-25 21:06:33.080 INFO: =============    Processing head pt_head     ===========
2025-08-25 21:06:33.135 INFO: Training set 1/1 [energy: 0, stress: 0, virials: 0, dipole components: 0, head: 104, elec_temp: 0, total_charge: 0, total_spin: 0, forces: 0, charges: 0]
2025-08-25 21:06:33.136 INFO: Total Training set [energy: 0, stress: 0, virials: 0, dipole components: 0, head: 104, elec_temp: 0, total_charge: 0, total_spin: 0, forces: 0, charges: 0]
2025-08-25 21:06:33.136 INFO: No validation set provided, splitting training data instead.
2025-08-25 21:06:33.140 INFO: Using random 10% of training set for validation with indices saved in: ./valid_indices_84.txt
2025-08-25 21:06:33.140 INFO: Random Split Training set [energy: 0, stress: 0, virials: 0, dipole components: 0, head: 94, elec_temp: 0, total_charge: 0, total_spin: 0, forces: 0, charges: 0]
2025-08-25 21:06:33.141 INFO: Random Split Validation set [energy: 0, stress: 0, virials: 0, dipole components: 0, head: 10, elec_temp: 0, total_charge: 0, total_spin: 0, forces: 0, charges: 0]
2025-08-25 21:06:33.141 INFO: Total number of configurations: train=94, valid=10, tests=[],
2025-08-25 21:06:33.141 INFO: ==================Using multiheads finetuning mode==================
2025-08-25 21:06:33.141 INFO: Total number of configurations in pretraining: train=94, valid=10
2025-08-25 21:06:33.141 INFO: Using atomic numbers from command line argument
2025-08-25 21:06:33.141 INFO: Using atomic numbers from command line argument
2025-08-25 21:06:33.141 INFO: Atomic Numbers used: [3, 8, 40, 57]
2025-08-25 21:06:33.141 INFO: Isolated Atomic Energies (E0s) not in training file, using command line argument
2025-08-25 21:06:33.143 INFO: Atomic Energies used (z: eV) for head Default: {3: -1.2302615750354944, 8: -23.049110738413006, 40: 23.367646191010394, 57: 15.192898072498549}
2025-08-25 21:06:33.143 INFO: Atomic Energies used (z: eV) for head pt_head: {3: -3.482100566595956, 8: -7.28459863421322, 40: -11.846857579882572, 57: -8.933684809576345}
2025-08-25 21:06:33.143 INFO: Processing datasets for head 'Default'
2025-08-25 21:07:46.118 INFO: Combining 1 list datasets for head 'Default'
2025-08-25 21:07:46.669 INFO: Combining 1 list datasets for head 'Default'
2025-08-25 21:08:17.184 INFO: Combining 1 list datasets for head 'Default_valid'
2025-08-25 21:08:17.187 INFO: Combined validation datasets for Default
2025-08-25 21:08:17.187 INFO: Head 'Default' training dataset size: 1612
2025-08-25 21:08:17.188 INFO: Processing datasets for head 'pt_head'
2025-08-25 21:08:17.275 INFO: Combining 1 list datasets for head 'pt_head'
2025-08-25 21:08:17.285 INFO: Head 'pt_head' training dataset size: 94
2025-08-25 21:08:17.286 INFO: Average number of neighbors: 61.964672446250916
2025-08-25 21:08:17.286 INFO: During training the following quantities will be reported: energy, forces, stress
2025-08-25 21:08:17.286 INFO: ===========MODEL DETAILS===========
2025-08-25 21:08:18.541 INFO: Combining 1 list datasets for head 'Default_valid'
2025-08-25 21:08:18.541 INFO: Combined validation datasets for Default
2025-08-25 21:08:18.541 INFO: Head 'Default' training dataset size: 1612
2025-08-25 21:08:18.541 INFO: Processing datasets for head 'pt_head'
2025-08-25 21:08:18.627 INFO: Combining 1 list datasets for head 'pt_head'
2025-08-25 21:08:18.637 INFO: Head 'pt_head' training dataset size: 94
2025-08-25 21:08:18.638 INFO: Average number of neighbors: 61.964672446250916
2025-08-25 21:08:18.638 INFO: During training the following quantities will be reported: energy, forces, stress
2025-08-25 21:08:18.638 INFO: ===========MODEL DETAILS===========
2025-08-25 21:09:36.781 WARNING: Standard deviation of the scaling is zero, Changing to no scaling
2025-08-25 21:09:36.789 INFO: Loading FOUNDATION model
2025-08-25 21:09:36.790 INFO: Using filtered elements: [3, 8, 40, 57]
2025-08-25 21:09:36.790 INFO: Model configuration extracted from foundation model
2025-08-25 21:09:36.790 INFO: Using universal loss function for fine-tuning
2025-08-25 21:09:36.790 INFO: Message passing with hidden irreps 128x0e+128x1o+128x2e)
2025-08-25 21:09:36.790 INFO: 2 layers, each with correlation order: 3 (body order: 4) and spherical harmonics up to: l=3
2025-08-25 21:09:36.790 INFO: Radial cutoff: 6.0 A (total receptive field for each atom: 12.0 A)
2025-08-25 21:09:36.790 INFO: Distance transform for radial basis functions: None
Using reduced CG: False
2025-08-25 21:09:41.080 WARNING: Standard deviation of the scaling is zero, Changing to no scaling
2025-08-25 21:09:41.084 INFO: Loading FOUNDATION model
2025-08-25 21:09:41.085 INFO: Using filtered elements: [3, 8, 40, 57]
2025-08-25 21:09:41.085 INFO: Model configuration extracted from foundation model
2025-08-25 21:09:41.085 INFO: Using universal loss function for fine-tuning
2025-08-25 21:09:41.085 INFO: Message passing with hidden irreps 128x0e+128x1o+128x2e)
2025-08-25 21:09:41.085 INFO: 2 layers, each with correlation order: 3 (body order: 4) and spherical harmonics up to: l=3
2025-08-25 21:09:41.085 INFO: Radial cutoff: 6.0 A (total receptive field for each atom: 12.0 A)
2025-08-25 21:09:41.085 INFO: Distance transform for radial basis functions: None
Using reduced CG: False
Using reduced CG: False
2025-08-25 21:09:51.927 INFO: Total number of parameters: 896586
2025-08-25 21:09:51.927 INFO: 
2025-08-25 21:09:51.927 INFO: ===========OPTIMIZER INFORMATION===========
2025-08-25 21:09:51.927 INFO: Using ADAM as parameter optimizer
2025-08-25 21:09:51.927 INFO: Batch size: 2
2025-08-25 21:09:51.927 INFO: Using Exponential Moving Average with decay: 0.99999
2025-08-25 21:09:51.927 INFO: Number of gradient updates: 853
2025-08-25 21:09:51.927 INFO: Learning rate: 0.0001, weight decay: 1e-08
2025-08-25 21:09:51.927 INFO: UniversalLoss(energy_weight=10.000, forces_weight=0.000, stress_weight=0.000)
2025-08-25 21:09:51.932 WARNING: Cannot find checkpoint with tag 'dummy_mace_T2_including_replay_w2_aries_ddp_run-84' in './checkpoints'
cn10:89829:89829 [0] NCCL INFO Bootstrap : Using eno3:192.168.2.10<0>
cn10:89829:89829 [0] NCCL INFO NET/Plugin: No plugin found (libnccl-net.so)
cn10:89829:89829 [0] NCCL INFO NET/Plugin: Plugin load returned 2 : libnccl-net.so: cannot open shared object file: No such file or directory : when loading libnccl-net.so
cn10:89829:89829 [0] NCCL INFO NET/Plugin: Using internal network plugin.
cn10:89829:89829 [0] NCCL INFO cudaDriverVersion 12040
NCCL version 2.21.5+cuda12.4
cn10:89829:105455 [0] NCCL INFO NET/IB : No device found.
cn10:89829:105455 [0] NCCL INFO NET/Socket : Using [0]eno3:192.168.2.10<0>
cn10:89829:105455 [0] NCCL INFO Using non-device net plugin version 0
cn10:89829:105455 [0] NCCL INFO Using network Socket
cn10:89829:105455 [0] NCCL INFO ncclCommInitRank comm 0x13fa27630 rank 0 nranks 1 cudaDev 0 nvmlDev 6 busId d1000 commId 0x5383c2f1a6c463d8 - Init START
cn10:89829:105455 [0] NCCL INFO MNNVL busId 0xd1000 fabric UUID 0.0 cliqueId 0x0 state 3 healthMask 0x0
cn10:89829:105455 [0] NCCL INFO Setting affinity for GPU 6 to ff,ff000000,00000000
cn10:89829:105455 [0] NCCL INFO comm 0x13fa27630 rank 0 nRanks 1 nNodes 1 localRanks 1 localRank 0 MNNVL 0
cn10:89829:105455 [0] NCCL INFO Channel 00/32 :    0
cn10:89829:105455 [0] NCCL INFO Channel 01/32 :    0
cn10:89829:105455 [0] NCCL INFO Channel 02/32 :    0
cn10:89829:105455 [0] NCCL INFO Channel 03/32 :    0
cn10:89829:105455 [0] NCCL INFO Channel 04/32 :    0
cn10:89829:105455 [0] NCCL INFO Channel 05/32 :    0
cn10:89829:105455 [0] NCCL INFO Channel 06/32 :    0
cn10:89829:105455 [0] NCCL INFO Channel 07/32 :    0
cn10:89829:105455 [0] NCCL INFO Channel 08/32 :    0
cn10:89829:105455 [0] NCCL INFO Channel 09/32 :    0
cn10:89829:105455 [0] NCCL INFO Channel 10/32 :    0
cn10:89829:105455 [0] NCCL INFO Channel 11/32 :    0
cn10:89829:105455 [0] NCCL INFO Channel 12/32 :    0
cn10:89829:105455 [0] NCCL INFO Channel 13/32 :    0
cn10:89829:105455 [0] NCCL INFO Channel 14/32 :    0
cn10:89829:105455 [0] NCCL INFO Channel 15/32 :    0
cn10:89829:105455 [0] NCCL INFO Channel 16/32 :    0
cn10:89829:105455 [0] NCCL INFO Channel 17/32 :    0
cn10:89829:105455 [0] NCCL INFO Channel 18/32 :    0
cn10:89829:105455 [0] NCCL INFO Channel 19/32 :    0
cn10:89829:105455 [0] NCCL INFO Channel 20/32 :    0
cn10:89829:105455 [0] NCCL INFO Channel 21/32 :    0
cn10:89829:105455 [0] NCCL INFO Channel 22/32 :    0
cn10:89829:105455 [0] NCCL INFO Channel 23/32 :    0
cn10:89829:105455 [0] NCCL INFO Channel 24/32 :    0
cn10:89829:105455 [0] NCCL INFO Channel 25/32 :    0
cn10:89829:105455 [0] NCCL INFO Channel 26/32 :    0
cn10:89829:105455 [0] NCCL INFO Channel 27/32 :    0
cn10:89829:105455 [0] NCCL INFO Channel 28/32 :    0
cn10:89829:105455 [0] NCCL INFO Channel 29/32 :    0
cn10:89829:105455 [0] NCCL INFO Channel 30/32 :    0
cn10:89829:105455 [0] NCCL INFO Channel 31/32 :    0
cn10:89829:105455 [0] NCCL INFO Trees [0] -1/-1/-1->0->-1 [1] -1/-1/-1->0->-1 [2] -1/-1/-1->0->-1 [3] -1/-1/-1->0->-1 [4] -1/-1/-1->0->-1 [5] -1/-1/-1->0->-1 [6] -1/-1/-1->0->-1 [7] -1/-1/-1->0->-1 [8] -1/-1/-1->0->-1 [9] -1/-1/-1->0->-1 [10] -1/-1/-1->0->-1 [11] -1/-1/-1->0->-1 [12] -1/-1/-1->0->-1 [13] -1/-1/-1->0->-1 [14] -1/-1/-1->0->-1 [15] -1/-1/-1->0->-1 [16] -1/-1/-1->0->-1 [17] -1/-1/-1->0->-1 [18] -1/-1/-1->0->-1 [19] -1/-1/-1->0->-1 [20] -1/-1/-1->0->-1 [21] -1/-1/-1->0->-1 [22] -1/-1/-1->0->-1 [23] -1/-1/-1->0->-1 [24] -1/-1/-1->0->-1 [25] -1/-1/-1->0->-1 [26] -1/-1/-1->0->-1 [27] -1/-1/-1->0->-1 [28] -1/-1/-1->0->-1 [29] -1/-1/-1->0->-1 [30] -1/-1/-1->0->-1 [31] -1/-1/-1->0->-1
cn10:89829:105455 [0] NCCL INFO P2P Chunksize set to 131072
cn10:89829:105455 [0] NCCL INFO Connected all rings
cn10:89829:105455 [0] NCCL INFO Connected all trees
cn10:89829:105455 [0] NCCL INFO 32 coll channels, 32 collnet channels, 0 nvls channels, 32 p2p channels, 32 p2p channels per peer
cn10:89829:105455 [0] NCCL INFO TUNER/Plugin: Plugin load returned 2 : libnccl-net.so: cannot open shared object file: No such file or directory : when loading libnccl-tuner.so
cn10:89829:105455 [0] NCCL INFO TUNER/Plugin: Using internal tuner plugin.
cn10:89829:105455 [0] NCCL INFO ncclCommInitRank comm 0x13fa27630 rank 0 nranks 1 cudaDev 0 nvmlDev 6 busId d1000 commId 0x5383c2f1a6c463d8 - Init COMPLETE
2025-08-25 21:09:52.431 INFO: Using gradient clipping with tolerance=1.000
2025-08-25 21:09:52.431 INFO: 
2025-08-25 21:09:52.431 INFO: ===========TRAINING===========
2025-08-25 21:09:52.431 INFO: Started training, reporting errors on validation set
2025-08-25 21:09:52.431 INFO: Loss metrics on validation set
Using reduced CG: False
2025-08-25 21:09:54.833 INFO: Total number of parameters: 896586
2025-08-25 21:09:54.833 INFO: 
2025-08-25 21:09:54.833 INFO: ===========OPTIMIZER INFORMATION===========
2025-08-25 21:09:54.833 INFO: Using ADAM as parameter optimizer
2025-08-25 21:09:54.833 INFO: Batch size: 2
2025-08-25 21:09:54.833 INFO: Using Exponential Moving Average with decay: 0.99999
2025-08-25 21:09:54.833 INFO: Number of gradient updates: 853
2025-08-25 21:09:54.833 INFO: Learning rate: 0.0001, weight decay: 1e-08
2025-08-25 21:09:54.833 INFO: UniversalLoss(energy_weight=10.000, forces_weight=0.000, stress_weight=0.000)
2025-08-25 21:09:54.835 WARNING: Cannot find checkpoint with tag 'dummy_mace_T2_including_replay_w2_aries_ddp_run-84' in './checkpoints'
cn10:89828:89828 [0] NCCL INFO Bootstrap : Using eno3:192.168.2.10<0>
cn10:89828:89828 [0] NCCL INFO NET/Plugin: No plugin found (libnccl-net.so)
cn10:89828:89828 [0] NCCL INFO NET/Plugin: Plugin load returned 2 : libnccl-net.so: cannot open shared object file: No such file or directory : when loading libnccl-net.so
cn10:89828:89828 [0] NCCL INFO NET/Plugin: Using internal network plugin.
cn10:89828:89828 [0] NCCL INFO cudaDriverVersion 12040
NCCL version 2.21.5+cuda12.4
cn10:89828:107118 [0] NCCL INFO NET/IB : No device found.
cn10:89828:107118 [0] NCCL INFO NET/Socket : Using [0]eno3:192.168.2.10<0>
cn10:89828:107118 [0] NCCL INFO Using non-device net plugin version 0
cn10:89828:107118 [0] NCCL INFO Using network Socket
cn10:89828:107118 [0] NCCL INFO ncclCommInitRank comm 0x1fe30d6c0 rank 0 nranks 1 cudaDev 0 nvmlDev 6 busId d1000 commId 0x8db75cb31d3f8ffc - Init START
cn10:89828:107118 [0] NCCL INFO MNNVL busId 0xd1000 fabric UUID 0.0 cliqueId 0x0 state 3 healthMask 0x0
cn10:89828:107118 [0] NCCL INFO Setting affinity for GPU 6 to ff,ff000000,00000000
cn10:89828:107118 [0] NCCL INFO comm 0x1fe30d6c0 rank 0 nRanks 1 nNodes 1 localRanks 1 localRank 0 MNNVL 0
cn10:89828:107118 [0] NCCL INFO Channel 00/32 :    0
cn10:89828:107118 [0] NCCL INFO Channel 01/32 :    0
cn10:89828:107118 [0] NCCL INFO Channel 02/32 :    0
cn10:89828:107118 [0] NCCL INFO Channel 03/32 :    0
cn10:89828:107118 [0] NCCL INFO Channel 04/32 :    0
cn10:89828:107118 [0] NCCL INFO Channel 05/32 :    0
cn10:89828:107118 [0] NCCL INFO Channel 06/32 :    0
cn10:89828:107118 [0] NCCL INFO Channel 07/32 :    0
cn10:89828:107118 [0] NCCL INFO Channel 08/32 :    0
cn10:89828:107118 [0] NCCL INFO Channel 09/32 :    0
cn10:89828:107118 [0] NCCL INFO Channel 10/32 :    0
cn10:89828:107118 [0] NCCL INFO Channel 11/32 :    0
cn10:89828:107118 [0] NCCL INFO Channel 12/32 :    0
cn10:89828:107118 [0] NCCL INFO Channel 13/32 :    0
cn10:89828:107118 [0] NCCL INFO Channel 14/32 :    0
cn10:89828:107118 [0] NCCL INFO Channel 15/32 :    0
cn10:89828:107118 [0] NCCL INFO Channel 16/32 :    0
cn10:89828:107118 [0] NCCL INFO Channel 17/32 :    0
cn10:89828:107118 [0] NCCL INFO Channel 18/32 :    0
cn10:89828:107118 [0] NCCL INFO Channel 19/32 :    0
cn10:89828:107118 [0] NCCL INFO Channel 20/32 :    0
cn10:89828:107118 [0] NCCL INFO Channel 21/32 :    0
cn10:89828:107118 [0] NCCL INFO Channel 22/32 :    0
cn10:89828:107118 [0] NCCL INFO Channel 23/32 :    0
cn10:89828:107118 [0] NCCL INFO Channel 24/32 :    0
cn10:89828:107118 [0] NCCL INFO Channel 25/32 :    0
cn10:89828:107118 [0] NCCL INFO Channel 26/32 :    0
cn10:89828:107118 [0] NCCL INFO Channel 27/32 :    0
cn10:89828:107118 [0] NCCL INFO Channel 28/32 :    0
cn10:89828:107118 [0] NCCL INFO Channel 29/32 :    0
cn10:89828:107118 [0] NCCL INFO Channel 30/32 :    0
cn10:89828:107118 [0] NCCL INFO Channel 31/32 :    0
cn10:89828:107118 [0] NCCL INFO Trees [0] -1/-1/-1->0->-1 [1] -1/-1/-1->0->-1 [2] -1/-1/-1->0->-1 [3] -1/-1/-1->0->-1 [4] -1/-1/-1->0->-1 [5] -1/-1/-1->0->-1 [6] -1/-1/-1->0->-1 [7] -1/-1/-1->0->-1 [8] -1/-1/-1->0->-1 [9] -1/-1/-1->0->-1 [10] -1/-1/-1->0->-1 [11] -1/-1/-1->0->-1 [12] -1/-1/-1->0->-1 [13] -1/-1/-1->0->-1 [14] -1/-1/-1->0->-1 [15] -1/-1/-1->0->-1 [16] -1/-1/-1->0->-1 [17] -1/-1/-1->0->-1 [18] -1/-1/-1->0->-1 [19] -1/-1/-1->0->-1 [20] -1/-1/-1->0->-1 [21] -1/-1/-1->0->-1 [22] -1/-1/-1->0->-1 [23] -1/-1/-1->0->-1 [24] -1/-1/-1->0->-1 [25] -1/-1/-1->0->-1 [26] -1/-1/-1->0->-1 [27] -1/-1/-1->0->-1 [28] -1/-1/-1->0->-1 [29] -1/-1/-1->0->-1 [30] -1/-1/-1->0->-1 [31] -1/-1/-1->0->-1
cn10:89828:107118 [0] NCCL INFO P2P Chunksize set to 131072
cn10:89828:107118 [0] NCCL INFO Connected all rings
cn10:89828:107118 [0] NCCL INFO Connected all trees
cn10:89828:107118 [0] NCCL INFO 32 coll channels, 32 collnet channels, 0 nvls channels, 32 p2p channels, 32 p2p channels per peer
cn10:89828:107118 [0] NCCL INFO TUNER/Plugin: Plugin load returned 2 : libnccl-net.so: cannot open shared object file: No such file or directory : when loading libnccl-tuner.so
cn10:89828:107118 [0] NCCL INFO TUNER/Plugin: Using internal tuner plugin.
cn10:89828:107118 [0] NCCL INFO ncclCommInitRank comm 0x1fe30d6c0 rank 0 nranks 1 cudaDev 0 nvmlDev 6 busId d1000 commId 0x8db75cb31d3f8ffc - Init COMPLETE
2025-08-25 21:09:55.275 INFO: Using gradient clipping with tolerance=1.000
2025-08-25 21:09:55.275 INFO: 
2025-08-25 21:09:55.275 INFO: ===========TRAINING===========
2025-08-25 21:09:55.275 INFO: Started training, reporting errors on validation set
2025-08-25 21:09:55.275 INFO: Loss metrics on validation set
2025-08-25 21:09:59.070 INFO: Initial: head: pt_head, loss=0.00000000, RMSE_E_per_atom= 6899.68 meV, RMSE_F=  405.81 meV / A, RMSE_stress=   19.16 meV / A^3
2025-08-25 21:10:02.101 INFO: Initial: head: pt_head, loss=0.00000000, RMSE_E_per_atom= 6899.68 meV, RMSE_F=  405.81 meV / A, RMSE_stress=   19.16 meV / A^3
2025-08-25 21:13:44.581 INFO: Initial: head: Default, loss=0.11800754, RMSE_E_per_atom= 1245.40 meV, RMSE_F=  959.54 meV / A, RMSE_stress=   23.75 meV / A^3
2025-08-25 21:13:46.469 INFO: Initial: head: Default, loss=0.11800754, RMSE_E_per_atom= 1245.40 meV, RMSE_F=  959.54 meV / A, RMSE_stress=   23.75 meV / A^3
cn10:89829:105464 [0] NCCL INFO [Service thread] Connection closed by localRank 0
cn10:89829:111288 [0] NCCL INFO comm 0x13fa27630 rank 0 nranks 1 cudaDev 0 busId d1000 - Abort COMPLETE
cn10:89828:107120 [0] NCCL INFO [Service thread] Connection closed by localRank 0
cn10:89828:111305 [0] NCCL INFO comm 0x1fe30d6c0 rank 0 nranks 1 cudaDev 0 busId d1000 - Abort COMPLETE
