2025-08-25 19:46:21.196 INFO: ===========VERIFYING SETTINGS===========
2025-08-25 19:46:21.197 INFO: MACE version: 0.3.14
2025-08-25 19:46:21.990 INFO: CUDA version: 12.1, CUDA device: 0
2025-08-25 19:46:23.661 INFO: Using foundation model /home/phanim/harshitrawat/summer/mace_models/universal/2024-01-07-mace-128-L2_epoch-199.model as initial checkpoint.
2025-08-25 19:46:23.662 INFO: Multihead finetuning mode, setting learning rate to 0.0001 and EMA to True. To use a different learning rate, set --force_mh_ft_lr=True.
2025-08-25 19:46:23.662 INFO: Using multiheads finetuning mode, setting learning rate to 0.0001 and EMA to True
2025-08-25 19:46:23.662 INFO: ===========LOADING INPUT DATA===========
2025-08-25 19:46:23.662 INFO: Using heads: ['Default', 'pt_head']
2025-08-25 19:46:23.662 INFO: Using the key specifications to parse data:
2025-08-25 19:46:23.662 INFO: Default: KeySpecification(info_keys={'energy': 'REF_energy', 'stress': 'REF_stress', 'virials': 'REF_virials', 'dipole': 'dipole', 'head': 'head', 'elec_temp': 'elec_temp', 'total_charge': 'total_charge', 'total_spin': 'total_spin'}, arrays_keys={'forces': 'REF_forces', 'charges': 'REF_charges'})
2025-08-25 19:46:23.662 INFO: pt_head: KeySpecification(info_keys={'energy': 'REF_energy', 'stress': 'REF_stress', 'virials': 'REF_virials', 'dipole': 'dipole', 'head': 'head', 'elec_temp': 'elec_temp', 'total_charge': 'total_charge', 'total_spin': 'total_spin'}, arrays_keys={'forces': 'REF_forces', 'charges': 'REF_charges'})
2025-08-25 19:46:23.662 INFO: =============    Processing head Default     ===========
2025-08-25 19:46:31.028 INFO: Training set 1/1 [energy: 1612, stress: 0, virials: 0, dipole components: 0, head: 1612, elec_temp: 0, total_charge: 0, total_spin: 0, forces: 1612, charges: 0]
2025-08-25 19:46:31.034 INFO: Total Training set [energy: 1612, stress: 0, virials: 0, dipole components: 0, head: 1612, elec_temp: 0, total_charge: 0, total_spin: 0, forces: 1612, charges: 0]
2025-08-25 19:46:33.607 INFO: Validation set 1/1 [energy: 705, stress: 0, virials: 0, dipole components: 0, head: 705, elec_temp: 0, total_charge: 0, total_spin: 0, forces: 705, charges: 0]
2025-08-25 19:46:33.609 INFO: Total Validation set [energy: 705, stress: 0, virials: 0, dipole components: 0, head: 705, elec_temp: 0, total_charge: 0, total_spin: 0, forces: 705, charges: 0]
2025-08-25 19:46:33.609 INFO: Total number of configurations: train=1612, valid=705, tests=[],
2025-08-25 19:46:33.609 INFO: =============    Processing head pt_head     ===========
2025-08-25 19:46:33.694 INFO: Training set 1/1 [energy: 0, stress: 0, virials: 0, dipole components: 0, head: 104, elec_temp: 0, total_charge: 0, total_spin: 0, forces: 0, charges: 0]
2025-08-25 19:46:33.694 INFO: Total Training set [energy: 0, stress: 0, virials: 0, dipole components: 0, head: 104, elec_temp: 0, total_charge: 0, total_spin: 0, forces: 0, charges: 0]
2025-08-25 19:46:33.694 INFO: No validation set provided, splitting training data instead.
2025-08-25 19:46:33.715 INFO: Using random 10% of training set for validation with indices saved in: ./valid_indices_84.txt
2025-08-25 19:46:33.715 INFO: Random Split Training set [energy: 0, stress: 0, virials: 0, dipole components: 0, head: 94, elec_temp: 0, total_charge: 0, total_spin: 0, forces: 0, charges: 0]
2025-08-25 19:46:33.715 INFO: Random Split Validation set [energy: 0, stress: 0, virials: 0, dipole components: 0, head: 10, elec_temp: 0, total_charge: 0, total_spin: 0, forces: 0, charges: 0]
2025-08-25 19:46:33.715 INFO: Total number of configurations: train=94, valid=10, tests=[],
2025-08-25 19:46:33.715 INFO: ==================Using multiheads finetuning mode==================
2025-08-25 19:46:33.715 INFO: Total number of configurations in pretraining: train=94, valid=10
2025-08-25 19:46:33.715 INFO: Using atomic numbers from command line argument
2025-08-25 19:46:33.715 INFO: Using atomic numbers from command line argument
2025-08-25 19:46:33.715 INFO: Atomic Numbers used: [3, 8, 40, 57]
2025-08-25 19:46:33.715 INFO: Isolated Atomic Energies (E0s) not in training file, using command line argument
2025-08-25 19:46:33.717 INFO: Atomic Energies used (z: eV) for head Default: {3: -1.2302615750354944, 8: -23.049110738413006, 40: 23.367646191010394, 57: 15.192898072498549}
2025-08-25 19:46:33.717 INFO: Atomic Energies used (z: eV) for head pt_head: {3: -3.482100566595956, 8: -7.28459863421322, 40: -11.846857579882572, 57: -8.933684809576345}
2025-08-25 19:46:33.718 INFO: Processing datasets for head 'Default'
2025-08-25 19:47:29.954 INFO: Combining 1 list datasets for head 'Default'
