2025-09-13 03:01:50.946 INFO: ===========VERIFYING SETTINGS===========
2025-09-13 03:01:50.947 INFO: MACE version: 0.3.14
2025-09-13 03:01:51.605 INFO: CUDA version: 12.1, CUDA device: 0
2025-09-13 03:01:52.884 INFO: Using foundation model /home/phanim/harshitrawat/summer/mace_models/universal/2024-01-07-mace-128-L2_epoch-199.model as initial checkpoint.
2025-09-13 03:01:52.894 WARNING: Using multiheads finetuning with a foundation model that is not a Materials Project model, need to provied a path to a pretraining file with --pt_train_file.
2025-09-13 03:01:52.894 INFO: ===========LOADING INPUT DATA===========
2025-09-13 03:01:52.894 INFO: Using heads: ['target_head', 'pt_head']
2025-09-13 03:01:52.894 INFO: Using the key specifications to parse data:
2025-09-13 03:01:52.894 INFO: target_head: KeySpecification(info_keys={'energy': 'REF_energy', 'stress': 'REF_stress', 'virials': 'REF_virials', 'dipole': 'dipole', 'head': 'head', 'elec_temp': 'elec_temp', 'total_charge': 'total_charge', 'total_spin': 'total_spin'}, arrays_keys={'forces': 'REF_forces', 'charges': 'REF_charges'})
2025-09-13 03:01:52.894 INFO: pt_head: KeySpecification(info_keys={'energy': 'REF_energy', 'stress': 'REF_stress', 'virials': 'REF_virials', 'dipole': 'dipole', 'head': 'head', 'elec_temp': 'elec_temp', 'total_charge': 'total_charge', 'total_spin': 'total_spin'}, arrays_keys={'forces': 'REF_forces', 'charges': 'REF_charges'})
2025-09-13 03:01:52.894 INFO: =============    Processing head target_head     ===========
2025-09-13 03:01:59.037 INFO: Training set 1/1 [energy: 1612, stress: 0, virials: 0, dipole components: 0, head: 1612, elec_temp: 0, total_charge: 0, total_spin: 0, forces: 1612, charges: 0]
2025-09-13 03:01:59.041 INFO: Total Training set [energy: 1612, stress: 0, virials: 0, dipole components: 0, head: 1612, elec_temp: 0, total_charge: 0, total_spin: 0, forces: 1612, charges: 0]
2025-09-13 03:02:01.605 INFO: Validation set 1/1 [energy: 705, stress: 0, virials: 0, dipole components: 0, head: 705, elec_temp: 0, total_charge: 0, total_spin: 0, forces: 705, charges: 0]
2025-09-13 03:02:01.607 INFO: Total Validation set [energy: 705, stress: 0, virials: 0, dipole components: 0, head: 705, elec_temp: 0, total_charge: 0, total_spin: 0, forces: 705, charges: 0]
2025-09-13 03:02:01.607 INFO: Total number of configurations: train=1612, valid=705, tests=[],
2025-09-13 03:02:01.607 INFO: =============    Processing head pt_head     ===========
2025-09-13 03:02:01.671 INFO: Training set 1/1 [energy: 142, stress: 0, virials: 0, dipole components: 0, head: 142, elec_temp: 0, total_charge: 0, total_spin: 0, forces: 0, charges: 0]
2025-09-13 03:02:01.671 INFO: Total Training set [energy: 142, stress: 0, virials: 0, dipole components: 0, head: 142, elec_temp: 0, total_charge: 0, total_spin: 0, forces: 0, charges: 0]
2025-09-13 03:02:04.201 INFO: Validation set 1/1 [energy: 705, stress: 0, virials: 0, dipole components: 0, head: 705, elec_temp: 0, total_charge: 0, total_spin: 0, forces: 705, charges: 0]
2025-09-13 03:02:04.204 INFO: Total Validation set [energy: 705, stress: 0, virials: 0, dipole components: 0, head: 705, elec_temp: 0, total_charge: 0, total_spin: 0, forces: 705, charges: 0]
2025-09-13 03:02:04.204 INFO: Total number of configurations: train=142, valid=705, tests=[],
2025-09-13 03:02:04.204 INFO: Using atomic numbers from command line argument
2025-09-13 03:02:04.204 INFO: Using atomic numbers from command line argument
2025-09-13 03:02:04.204 INFO: Atomic Numbers used: [3, 8, 40, 57]
2025-09-13 03:02:04.204 INFO: Isolated Atomic Energies (E0s) not in training file, using command line argument
2025-09-13 03:02:04.204 INFO: Loading atomic energies from /home/phanim/harshitrawat/summer/e0s_llzo.json
2025-09-13 03:02:04.206 INFO: Isolated Atomic Energies (E0s) not in training file, using command line argument
2025-09-13 03:02:04.206 INFO: Loading atomic energies from /home/phanim/harshitrawat/summer/e0s_llzo.json
2025-09-13 03:02:04.206 INFO: Atomic Energies used (z: eV) for head target_head: {3: -1.882, 8: -4.913, 40: -8.509, 57: -4.894}
2025-09-13 03:02:04.206 INFO: Atomic Energies used (z: eV) for head pt_head: {3: -1.882, 8: -4.913, 40: -8.509, 57: -4.894}
2025-09-13 03:02:04.206 INFO: Processing datasets for head 'target_head'
2025-09-13 03:02:55.680 INFO: Combining 1 list datasets for head 'target_head'
2025-09-13 03:03:17.996 INFO: Combining 1 list datasets for head 'target_head_valid'
2025-09-13 03:03:17.996 INFO: Combined validation datasets for target_head
2025-09-13 03:03:17.996 INFO: Head 'target_head' training dataset size: 1612
2025-09-13 03:03:17.997 INFO: Processing datasets for head 'pt_head'
2025-09-13 03:03:18.103 INFO: Combining 1 list datasets for head 'pt_head'
2025-09-13 03:03:40.840 INFO: Combining 1 list datasets for head 'pt_head_valid'
2025-09-13 03:03:40.840 INFO: Combined validation datasets for pt_head
2025-09-13 03:03:40.840 INFO: Head 'pt_head' training dataset size: 142
2025-09-13 03:03:40.840 INFO: Computing average number of neighbors
2025-09-13 03:03:43.337 INFO: Average number of neighbors: 67.31388041084317
2025-09-13 03:03:43.337 INFO: During training the following quantities will be reported: energy, forces
2025-09-13 03:03:43.337 INFO: ===========MODEL DETAILS===========
2025-09-13 03:03:44.899 WARNING: Standard deviation of the scaling is zero, Changing to no scaling
2025-09-13 03:03:44.902 INFO: Loading FOUNDATION model
2025-09-13 03:03:44.902 INFO: Using filtered elements: [3, 8, 40, 57]
2025-09-13 03:03:44.902 INFO: Model configuration extracted from foundation model
2025-09-13 03:03:44.903 INFO: Using weighted loss function for fine-tuning
2025-09-13 03:03:44.903 INFO: Message passing with hidden irreps 128x0e+128x1o+128x2e)
2025-09-13 03:03:44.903 INFO: 2 layers, each with correlation order: 3 (body order: 4) and spherical harmonics up to: l=3
2025-09-13 03:03:44.903 INFO: Radial cutoff: 6.0 A (total receptive field for each atom: 12.0 A)
2025-09-13 03:03:44.903 INFO: Distance transform for radial basis functions: None
Using reduced CG: False
Using reduced CG: False
2025-09-13 03:03:46.401 INFO: Total number of parameters: 896586
2025-09-13 03:03:46.401 INFO: 
2025-09-13 03:03:46.401 INFO: ===========OPTIMIZER INFORMATION===========
2025-09-13 03:03:46.401 INFO: Using ADAM as parameter optimizer
2025-09-13 03:03:46.401 INFO: Batch size: 2
2025-09-13 03:03:46.401 INFO: Number of gradient updates: 35080
2025-09-13 03:03:46.401 INFO: Learning rate: 0.001, weight decay: 1e-08
2025-09-13 03:03:46.401 INFO: WeightedEnergyForcesLoss(energy_weight=50.000, forces_weight=10.000)
2025-09-13 03:03:46.466 WARNING: No SWA checkpoint found, while SWA is enabled. Compare the swa_start parameter and the latest checkpoint.
2025-09-13 03:03:46.466 INFO: Loading checkpoint: ./checkpoints/mace_T2_w2_2heads_final_run-20_epoch-8.pt
2025-09-13 03:03:46.511 INFO: Using gradient clipping with tolerance=1.000
2025-09-13 03:03:46.511 INFO: 
2025-09-13 03:03:46.511 INFO: ===========TRAINING===========
2025-09-13 03:03:46.511 INFO: Started training, reporting errors on validation set
2025-09-13 03:03:46.511 INFO: Loss metrics on validation set
2025-09-13 03:05:12.846 INFO: Initial: head: pt_head, loss=0.08642998, RMSE_E_per_atom=   33.26 meV, RMSE_F=   58.52 meV / A
2025-09-13 03:06:33.010 INFO: Initial: head: target_head, loss=0.01971788, RMSE_E_per_atom=    2.70 meV, RMSE_F=   46.80 meV / A
2025-09-13 03:16:54.226 INFO: Epoch 8: head: pt_head, loss=0.07839664, RMSE_E_per_atom=   29.35 meV, RMSE_F=   61.19 meV / A
2025-09-13 03:18:14.196 INFO: Epoch 8: head: target_head, loss=0.02388557, RMSE_E_per_atom=    7.27 meV, RMSE_F=   48.41 meV / A
2025-09-13 03:28:29.020 INFO: Epoch 9: head: pt_head, loss=0.03840699, RMSE_E_per_atom=   12.40 meV, RMSE_F=   57.77 meV / A
2025-09-13 03:29:49.062 INFO: Epoch 9: head: target_head, loss=0.01836176, RMSE_E_per_atom=    3.77 meV, RMSE_F=   44.52 meV / A
2025-09-13 03:40:03.654 INFO: Epoch 10: head: pt_head, loss=0.04559932, RMSE_E_per_atom=   19.04 meV, RMSE_F=   55.19 meV / A
2025-09-13 03:41:23.812 INFO: Epoch 10: head: target_head, loss=0.01709585, RMSE_E_per_atom=    1.57 meV, RMSE_F=   43.92 meV / A
2025-09-13 03:51:38.388 INFO: Epoch 11: head: pt_head, loss=0.03507702, RMSE_E_per_atom=   12.04 meV, RMSE_F=   55.39 meV / A
2025-09-13 03:52:58.593 INFO: Epoch 11: head: target_head, loss=0.01697871, RMSE_E_per_atom=    3.86 meV, RMSE_F=   42.90 meV / A
2025-09-13 04:03:13.412 INFO: Epoch 12: head: pt_head, loss=0.04872107, RMSE_E_per_atom=   18.75 meV, RMSE_F=   58.26 meV / A
2025-09-13 04:04:33.544 INFO: Epoch 12: head: target_head, loss=0.01686879, RMSE_E_per_atom=    3.70 meV, RMSE_F=   42.72 meV / A
2025-09-13 04:14:47.958 INFO: Epoch 13: head: pt_head, loss=0.05816440, RMSE_E_per_atom=   23.08 meV, RMSE_F=   58.82 meV / A
2025-09-13 04:16:07.874 INFO: Epoch 13: head: target_head, loss=0.01657164, RMSE_E_per_atom=    3.53 meV, RMSE_F=   42.52 meV / A
2025-09-13 04:26:22.578 INFO: Epoch 14: head: pt_head, loss=0.05065419, RMSE_E_per_atom=   20.49 meV, RMSE_F=   57.15 meV / A
2025-09-13 04:27:42.664 INFO: Epoch 14: head: target_head, loss=0.01559498, RMSE_E_per_atom=    1.57 meV, RMSE_F=   41.90 meV / A
2025-09-13 04:37:57.505 INFO: Epoch 15: head: pt_head, loss=0.04079436, RMSE_E_per_atom=   12.89 meV, RMSE_F=   59.70 meV / A
2025-09-13 04:39:17.537 INFO: Epoch 15: head: target_head, loss=0.01565580, RMSE_E_per_atom=    1.68 meV, RMSE_F=   41.91 meV / A
2025-09-13 04:49:31.948 INFO: Epoch 16: head: pt_head, loss=0.06928644, RMSE_E_per_atom=   27.35 meV, RMSE_F=   58.82 meV / A
2025-09-13 04:50:52.211 INFO: Epoch 16: head: target_head, loss=0.01610654, RMSE_E_per_atom=    4.28 meV, RMSE_F=   41.50 meV / A
2025-09-13 05:01:06.568 INFO: Epoch 17: head: pt_head, loss=0.04442754, RMSE_E_per_atom=   17.15 meV, RMSE_F=   56.91 meV / A
2025-09-13 05:02:26.792 INFO: Epoch 17: head: target_head, loss=0.01609626, RMSE_E_per_atom=    4.22 meV, RMSE_F=   41.46 meV / A
2025-09-13 05:12:41.396 INFO: Epoch 18: head: pt_head, loss=0.05205821, RMSE_E_per_atom=   19.72 meV, RMSE_F=   59.23 meV / A
2025-09-13 05:14:01.626 INFO: Epoch 18: head: target_head, loss=0.01737958, RMSE_E_per_atom=    5.38 meV, RMSE_F=   42.51 meV / A
2025-09-13 05:24:16.163 INFO: Epoch 19: head: pt_head, loss=0.06204040, RMSE_E_per_atom=   25.35 meV, RMSE_F=   57.12 meV / A
2025-09-13 05:25:36.279 INFO: Epoch 19: head: target_head, loss=0.01631860, RMSE_E_per_atom=    4.03 meV, RMSE_F=   41.84 meV / A
2025-09-13 05:35:50.817 INFO: Epoch 20: head: pt_head, loss=0.03500395, RMSE_E_per_atom=   12.40 meV, RMSE_F=   54.71 meV / A
2025-09-13 05:37:10.850 INFO: Epoch 20: head: target_head, loss=0.01624560, RMSE_E_per_atom=    4.41 meV, RMSE_F=   41.48 meV / A
2025-09-13 05:47:25.034 INFO: Epoch 21: head: pt_head, loss=0.04683806, RMSE_E_per_atom=   15.88 meV, RMSE_F=   60.80 meV / A
2025-09-13 05:48:45.191 INFO: Epoch 21: head: target_head, loss=0.01610596, RMSE_E_per_atom=    5.55 meV, RMSE_F=   40.56 meV / A
2025-09-13 05:58:59.291 INFO: Epoch 22: head: pt_head, loss=0.04557708, RMSE_E_per_atom=   19.15 meV, RMSE_F=   54.48 meV / A
2025-09-13 06:00:19.476 INFO: Epoch 22: head: target_head, loss=0.01436355, RMSE_E_per_atom=    2.51 meV, RMSE_F=   39.88 meV / A
2025-09-13 06:10:34.156 INFO: Epoch 23: head: pt_head, loss=0.04474473, RMSE_E_per_atom=   15.65 meV, RMSE_F=   59.43 meV / A
2025-09-13 06:11:54.280 INFO: Epoch 23: head: target_head, loss=0.01473259, RMSE_E_per_atom=    2.05 meV, RMSE_F=   40.47 meV / A
2025-09-13 06:22:08.514 INFO: Epoch 24: head: pt_head, loss=0.04859898, RMSE_E_per_atom=   17.71 meV, RMSE_F=   59.71 meV / A
2025-09-13 06:23:28.743 INFO: Epoch 24: head: target_head, loss=0.01462988, RMSE_E_per_atom=    1.72 meV, RMSE_F=   40.42 meV / A
2025-09-13 06:33:43.260 INFO: Epoch 25: head: pt_head, loss=0.04183144, RMSE_E_per_atom=   16.29 meV, RMSE_F=   55.82 meV / A
2025-09-13 06:35:03.345 INFO: Epoch 25: head: target_head, loss=0.01369721, RMSE_E_per_atom=    2.01 meV, RMSE_F=   39.15 meV / A
2025-09-13 06:45:18.073 INFO: Epoch 26: head: pt_head, loss=0.03834617, RMSE_E_per_atom=   12.86 meV, RMSE_F=   57.03 meV / A
2025-09-13 06:46:38.234 INFO: Epoch 26: head: target_head, loss=0.01395560, RMSE_E_per_atom=    2.82 meV, RMSE_F=   39.23 meV / A
2025-09-13 06:56:52.638 INFO: Epoch 27: head: pt_head, loss=0.03753398, RMSE_E_per_atom=   14.87 meV, RMSE_F=   53.98 meV / A
2025-09-13 06:58:12.663 INFO: Epoch 27: head: target_head, loss=0.01391105, RMSE_E_per_atom=    1.82 meV, RMSE_F=   39.47 meV / A
2025-09-13 07:08:27.007 INFO: Epoch 28: head: pt_head, loss=0.04468351, RMSE_E_per_atom=   17.20 meV, RMSE_F=   57.08 meV / A
2025-09-13 07:09:47.046 INFO: Epoch 28: head: target_head, loss=0.02293061, RMSE_E_per_atom=   12.93 meV, RMSE_F=   40.48 meV / A
2025-09-13 07:20:01.479 INFO: Epoch 29: head: pt_head, loss=0.03867093, RMSE_E_per_atom=   14.07 meV, RMSE_F=   56.01 meV / A
2025-09-13 07:21:21.521 INFO: Epoch 29: head: target_head, loss=0.01313721, RMSE_E_per_atom=    1.07 meV, RMSE_F=   38.56 meV / A
2025-09-13 07:31:36.066 INFO: Epoch 30: head: pt_head, loss=0.04431088, RMSE_E_per_atom=   15.39 meV, RMSE_F=   59.23 meV / A
2025-09-13 07:32:56.156 INFO: Epoch 30: head: target_head, loss=0.01344909, RMSE_E_per_atom=    1.56 meV, RMSE_F=   38.83 meV / A
2025-09-13 07:43:10.668 INFO: Epoch 31: head: pt_head, loss=0.03963591, RMSE_E_per_atom=   12.28 meV, RMSE_F=   58.70 meV / A
2025-09-13 07:44:30.742 INFO: Epoch 31: head: target_head, loss=0.01384347, RMSE_E_per_atom=    2.09 meV, RMSE_F=   39.18 meV / A
2025-09-13 07:54:45.209 INFO: Epoch 32: head: pt_head, loss=0.03709129, RMSE_E_per_atom=   11.48 meV, RMSE_F=   57.54 meV / A
2025-09-13 07:56:05.304 INFO: Epoch 32: head: target_head, loss=0.01499324, RMSE_E_per_atom=    6.24 meV, RMSE_F=   38.47 meV / A
2025-09-13 08:06:19.788 INFO: Epoch 33: head: pt_head, loss=0.04392423, RMSE_E_per_atom=   16.07 meV, RMSE_F=   58.01 meV / A
2025-09-13 08:07:39.979 INFO: Epoch 33: head: target_head, loss=0.01454171, RMSE_E_per_atom=    5.15 meV, RMSE_F=   38.69 meV / A
2025-09-13 08:17:54.672 INFO: Epoch 34: head: pt_head, loss=0.04034569, RMSE_E_per_atom=   14.36 meV, RMSE_F=   57.53 meV / A
2025-09-13 08:19:14.906 INFO: Epoch 34: head: target_head, loss=0.01319032, RMSE_E_per_atom=    2.63 meV, RMSE_F=   38.20 meV / A
2025-09-13 08:29:29.322 INFO: Epoch 35: head: pt_head, loss=0.03908988, RMSE_E_per_atom=   12.61 meV, RMSE_F=   58.40 meV / A
2025-09-13 08:30:49.584 INFO: Epoch 35: head: target_head, loss=0.01302076, RMSE_E_per_atom=    2.02 meV, RMSE_F=   38.19 meV / A
2025-09-13 08:41:04.019 INFO: Epoch 36: head: pt_head, loss=0.03951945, RMSE_E_per_atom=   13.95 meV, RMSE_F=   57.23 meV / A
2025-09-13 08:42:24.166 INFO: Epoch 36: head: target_head, loss=0.01293338, RMSE_E_per_atom=    1.26 meV, RMSE_F=   38.19 meV / A
2025-09-13 08:52:38.803 INFO: Epoch 37: head: pt_head, loss=0.03505639, RMSE_E_per_atom=    9.43 meV, RMSE_F=   57.66 meV / A
2025-09-13 08:53:58.789 INFO: Epoch 37: head: target_head, loss=0.01515565, RMSE_E_per_atom=    5.92 meV, RMSE_F=   38.79 meV / A
2025-09-13 09:04:13.382 INFO: Epoch 38: head: pt_head, loss=0.04756402, RMSE_E_per_atom=   18.22 meV, RMSE_F=   58.32 meV / A
2025-09-13 09:05:33.429 INFO: Epoch 38: head: target_head, loss=0.01281406, RMSE_E_per_atom=    1.81 meV, RMSE_F=   37.87 meV / A
2025-09-13 09:15:48.064 INFO: Epoch 39: head: pt_head, loss=0.04273331, RMSE_E_per_atom=   16.47 meV, RMSE_F=   56.60 meV / A
2025-09-13 09:17:08.256 INFO: Epoch 39: head: target_head, loss=0.01244855, RMSE_E_per_atom=    1.37 meV, RMSE_F=   37.46 meV / A
2025-09-13 09:17:08.529 INFO: Training complete
2025-09-13 09:17:08.529 INFO: 
2025-09-13 09:17:08.529 INFO: ===========RESULTS===========
2025-09-13 09:17:08.533 INFO: Loading checkpoint: ./checkpoints/mace_T2_w2_2heads_final_run-20_epoch-39.pt
2025-09-13 09:17:08.569 INFO: Loaded Stage one model from epoch 39 for evaluation
2025-09-13 09:17:08.570 INFO: Saving model to checkpoints/mace_T2_w2_2heads_final_run-20.model
2025-09-13 09:17:08.849 INFO: Compiling model, saving metadata to mace_T2_w2_2heads_final_compiled.model
2025-09-13 09:17:09.534 INFO: Computing metrics for training, validation, and test sets
2025-09-13 09:17:09.535 INFO: Skipping evaluation for heads: ['pt_head']
2025-09-13 09:17:09.535 INFO: Skipping evaluation of train_pt_head (in skip_heads list)
2025-09-13 09:17:09.535 INFO: Evaluating train_target_head ...
2025-09-13 09:19:56.325 INFO: Skipping evaluation of valid_pt_head (in skip_heads list)
2025-09-13 09:19:56.328 INFO: Evaluating valid_target_head ...
2025-09-13 09:21:16.661 INFO: Error-table on TRAIN and VALID:
+-------------------+---------------------+------------------+-------------------+
|    config_type    | RMSE E / meV / atom | RMSE F / meV / A | relative F RMSE % |
+-------------------+---------------------+------------------+-------------------+
| train_target_head |            1.4      |         35.0     |         10.08     |
| valid_target_head |            1.4      |         37.5     |         10.90     |
+-------------------+---------------------+------------------+-------------------+
2025-09-13 09:27:25.282 INFO: Done
