2025-09-05 02:51:13.808 INFO: ===========VERIFYING SETTINGS===========
2025-09-05 02:51:13.809 INFO: MACE version: 0.3.14
2025-09-05 02:51:13.809 DEBUG: Configuration: Namespace(config=None, name='mace_T2_w1_appended_chgnetE0s', seed=84, work_dir='.', log_dir='./logs', model_dir='.', checkpoints_dir='./checkpoints', results_dir='./results', downloads_dir='./downloads', device='cuda', default_dtype='float64', distributed=False, launcher='slurm', log_level='INFO', plot=True, plot_frequency=0, error_table='PerAtomRMSE', model='MACE', r_max=5.0, radial_type='bessel', num_radial_basis=8, num_cutoff_basis=5, pair_repulsion=False, distance_transform='None', apply_cutoff=True, interaction='RealAgnosticResidualInteractionBlock', interaction_first='RealAgnosticResidualInteractionBlock', max_ell=3, correlation=3, use_reduced_cg=True, use_so3=False, use_agnostic_product=False, num_interactions=2, MLP_irreps='16x0e', radial_MLP='[64, 64, 64]', hidden_irreps='128x0e + 128x1o', edge_irreps=None, num_channels=128, max_L=1, gate='silu', scaling='rms_forces_scaling', avg_num_neighbors=1, compute_avg_num_neighbors=True, compute_stress=False, compute_forces=True, train_file='/home/phanim/harshitrawat/summer/T1_T2_T3_data/T3withreplay_chgnet_labeled.extxyz', valid_file='/home/phanim/harshitrawat/summer/T1_T2_T3_data/T2withreplay_chgnet_labeled.extxyz', valid_fraction=0.1, test_file=None, test_dir=None, multi_processed_test=False, num_workers=0, pin_memory=True, atomic_numbers=None, mean=None, std=None, statistics_file=None, E0s='{3: -1.882, 8: -4.913, 40: -8.509, 57: -4.894}', foundation_filter_elements=True, heads=None, multiheads_finetuning=True, foundation_head=None, weight_pt_head=1.0, num_samples_pt=10000, force_mh_ft_lr=False, subselect_pt='random', filter_type_pt='none', pt_train_file=None, pt_valid_file=None, foundation_model_elements=False, keep_isolated_atoms=False, energy_key='REF_energy', forces_key='REF_forces', virials_key='REF_virials', stress_key='REF_stress', dipole_key='dipole', head_key='head', charges_key='REF_charges', elec_temp_key='elec_temp', total_spin_key='total_spin', total_charge_key='total_charge', embedding_specs=None, skip_evaluate_heads='pt_head', loss='weighted', forces_weight=0.0, swa_forces_weight=100.0, energy_weight=10.0, swa_energy_weight=1000.0, virials_weight=1.0, swa_virials_weight=10.0, stress_weight=0.0, swa_stress_weight=10.0, dipole_weight=1.0, swa_dipole_weight=1.0, config_type_weights='{"Default":1.0}', huber_delta=0.01, optimizer='adam', beta=0.9, batch_size=2, valid_batch_size=1, lr=0.06, swa_lr=0.001, weight_decay=1e-08, amsgrad=True, scheduler='ReduceLROnPlateau', lr_factor=0.8, scheduler_patience=4, lr_scheduler_gamma=0.9993, swa=False, start_swa=None, lbfgs=False, ema=False, ema_decay=0.99, max_num_epochs=40, patience=8, foundation_model='/home/phanim/harshitrawat/summer/mace_models/universal/2024-01-07-mace-128-L2_epoch-199.model', foundation_model_readout=False, eval_interval=1, keep_checkpoints=False, save_all_checkpoints=False, restart_latest=True, save_cpu=False, clip_grad=1.0, dry_run=False, enable_cueq=False, only_cueq=False, wandb=False, wandb_dir=None, wandb_project='', wandb_entity='', wandb_name='', wandb_log_hypers=['num_channels', 'max_L', 'correlation', 'lr', 'swa_lr', 'weight_decay', 'batch_size', 'max_num_epochs', 'start_swa', 'energy_weight', 'forces_weight'], key_specification=KeySpecification(info_keys={'energy': 'REF_energy', 'stress': 'REF_stress', 'virials': 'REF_virials', 'dipole': 'dipole', 'head': 'head', 'elec_temp': 'elec_temp', 'total_charge': 'total_charge', 'total_spin': 'total_spin'}, arrays_keys={'forces': 'REF_forces', 'charges': 'REF_charges'}))
2025-09-05 02:51:14.311 INFO: CUDA version: 12.1, CUDA device: 0
2025-09-05 02:51:15.027 DEBUG: Popen(['git', 'version'], cwd=/home/phanim/harshitrawat/summer, stdin=None, shell=False, universal_newlines=False)
2025-09-05 02:51:15.052 DEBUG: Popen(['git', 'version'], cwd=/home/phanim/harshitrawat/summer, stdin=None, shell=False, universal_newlines=False)
2025-09-05 02:51:15.104 DEBUG: Popen(['git', 'cat-file', '--batch-check'], cwd=/home/phanim/harshitrawat/summer, stdin=<valid stream>, shell=False, universal_newlines=False)
2025-09-05 02:51:15.267 DEBUG: Current Git commit: 7bc4aa2b02a199f3650610a022c2258d3b2e92ae
2025-09-05 02:51:16.441 INFO: Using foundation model /home/phanim/harshitrawat/summer/mace_models/universal/2024-01-07-mace-128-L2_epoch-199.model as initial checkpoint.
2025-09-05 02:51:16.510 WARNING: Using multiheads finetuning with a foundation model that is not a Materials Project model, need to provied a path to a pretraining file with --pt_train_file.
2025-09-05 02:51:16.510 INFO: ===========LOADING INPUT DATA===========
2025-09-05 02:51:16.510 INFO: Using heads: ['Default']
2025-09-05 02:51:16.510 INFO: Using the key specifications to parse data:
2025-09-05 02:51:16.510 INFO: Default: KeySpecification(info_keys={'energy': 'REF_energy', 'stress': 'REF_stress', 'virials': 'REF_virials', 'dipole': 'dipole', 'head': 'head', 'elec_temp': 'elec_temp', 'total_charge': 'total_charge', 'total_spin': 'total_spin'}, arrays_keys={'forces': 'REF_forces', 'charges': 'REF_charges'})
2025-09-05 02:51:16.510 INFO: =============    Processing head Default     ===========
2025-09-05 02:51:16.513 DEBUG: Loading training file: /home/phanim/harshitrawat/summer/T1_T2_T3_data/T3withreplay_chgnet_labeled.extxyz
2025-09-05 02:51:23.139 INFO: Training set 1/1 [energy: 1754, stress: 0, virials: 0, dipole components: 0, head: 1754, elec_temp: 0, total_charge: 0, total_spin: 0, forces: 1612, charges: 0]
2025-09-05 02:51:23.144 INFO: Total Training set [energy: 1754, stress: 0, virials: 0, dipole components: 0, head: 1754, elec_temp: 0, total_charge: 0, total_spin: 0, forces: 1612, charges: 0]
2025-09-05 02:51:25.957 INFO: Validation set 1/1 [energy: 847, stress: 0, virials: 0, dipole components: 0, head: 847, elec_temp: 0, total_charge: 0, total_spin: 0, forces: 705, charges: 0]
2025-09-05 02:51:25.959 INFO: Total Validation set [energy: 847, stress: 0, virials: 0, dipole components: 0, head: 847, elec_temp: 0, total_charge: 0, total_spin: 0, forces: 705, charges: 0]
2025-09-05 02:51:25.959 INFO: Total number of configurations: train=1754, valid=847, tests=[],
2025-09-05 02:51:26.075 INFO: Atomic Numbers used: [3, 8, 40, 57]
2025-09-05 02:51:26.075 INFO: Isolated Atomic Energies (E0s) not in training file, using command line argument
2025-09-05 02:51:26.075 INFO: Atomic Energies used (z: eV) for head Default: {3: -1.882, 8: -4.913, 40: -8.509, 57: -4.894}
2025-09-05 02:51:26.075 INFO: Processing datasets for head 'Default'
2025-09-05 02:52:15.509 DEBUG: Successfully loaded dataset from ASE files: ['/home/phanim/harshitrawat/summer/T1_T2_T3_data/T3withreplay_chgnet_labeled.extxyz']
2025-09-05 02:52:15.510 INFO: Combining 1 list datasets for head 'Default'
2025-09-05 02:52:36.959 DEBUG: Successfully loaded validation dataset from ASE files: ['/home/phanim/harshitrawat/summer/T1_T2_T3_data/T2withreplay_chgnet_labeled.extxyz']
2025-09-05 02:52:36.960 INFO: Combining 1 list datasets for head 'Default_valid'
2025-09-05 02:52:36.960 INFO: Combined validation datasets for Default
2025-09-05 02:52:36.960 INFO: Head 'Default' training dataset size: 1754
2025-09-05 02:52:36.960 INFO: Computing average number of neighbors
2025-09-05 02:52:39.450 INFO: Average number of neighbors: 67.31388041084317
2025-09-05 02:52:39.450 INFO: During training the following quantities will be reported: energy, forces
2025-09-05 02:52:39.451 INFO: ===========MODEL DETAILS===========
2025-09-05 02:52:41.063 INFO: Loading FOUNDATION model
2025-09-05 02:52:41.064 INFO: Using filtered elements: [3, 8, 40, 57]
2025-09-05 02:52:41.065 INFO: Model configuration extracted from foundation model
2025-09-05 02:52:41.065 INFO: Using weighted loss function for fine-tuning
2025-09-05 02:52:41.065 INFO: Message passing with hidden irreps 128x0e+128x1o+128x2e)
2025-09-05 02:52:41.065 INFO: 2 layers, each with correlation order: 3 (body order: 4) and spherical harmonics up to: l=3
2025-09-05 02:52:41.065 INFO: Radial cutoff: 6.0 A (total receptive field for each atom: 12.0 A)
2025-09-05 02:52:41.065 INFO: Distance transform for radial basis functions: None
2025-09-05 02:52:42.865 DEBUG: ScaleShiftMACE(
  (node_embedding): LinearNodeEmbeddingBlock(
    (linear): Linear(4x0e -> 128x0e | 512 weights)
  )
  (radial_embedding): RadialEmbeddingBlock(
    (bessel_fn): BesselBasis(r_max=6.0, num_basis=10, trainable=True)
    (cutoff_fn): PolynomialCutoff(p=5, r_max=6.0)
  )
  (spherical_harmonics): SphericalHarmonics()
  (atomic_energies_fn): AtomicEnergiesBlock(energies=[[-1.8820, -4.9130, -8.5090, -4.8940]])
  (interactions): ModuleList(
    (0): RealAgnosticResidualInteractionBlock(
      (linear_up): Linear(128x0e -> 128x0e | 16384 weights)
      (conv_tp): TensorProduct(128x0e x 1x0e+1x1o+1x2e+1x3o -> 128x0e+128x1o+128x2e+128x3o | 512 paths | 512 weights)
      (conv_tp_weights): FullyConnectedNet[10, 64, 64, 64, 512]
      (linear): Linear(128x0e+128x1o+128x2e+128x3o -> 128x0e+128x1o+128x2e+128x3o | 65536 weights)
      (skip_tp): FullyConnectedTensorProduct(128x0e x 4x0e -> 128x0e+128x1o+128x2e | 65536 paths | 65536 weights)
      (reshape): reshape_irreps()
    )
    (1): RealAgnosticResidualInteractionBlock(
      (linear_up): Linear(128x0e+128x1o+128x2e -> 128x0e+128x1o+128x2e | 49152 weights)
      (conv_tp): TensorProduct(128x0e+128x1o+128x2e x 1x0e+1x1o+1x2e+1x3o -> 384x0e+640x1o+640x2e+512x3o | 2176 paths | 2176 weights)
      (conv_tp_weights): FullyConnectedNet[10, 64, 64, 64, 2176]
      (linear): Linear(128x0e+128x0e+128x0e+128x1o+128x1o+128x1o+128x1o+128x1o+128x2e+128x2e+128x2e+128x2e+128x2e+128x3o+128x3o+128x3o+128x3o -> 128x0e+128x1o+128x2e+128x3o | 278528 weights)
      (skip_tp): FullyConnectedTensorProduct(128x0e+128x1o+128x2e x 4x0e -> 128x0e | 65536 paths | 65536 weights)
      (reshape): reshape_irreps()
    )
  )
  (products): ModuleList(
    (0): EquivariantProductBasisBlock(
      (symmetric_contractions): SymmetricContraction(
        (contractions): ModuleList(
          (0): Contraction(
            (contractions_weighting): ModuleList(
              (0-1): 2 x GraphModule()
            )
            (contractions_features): ModuleList(
              (0-1): 2 x GraphModule()
            )
            (weights): ParameterList(
                (0): Parameter containing: [torch.float64 of size 4x4x128 (cuda:0)]
                (1): Parameter containing: [torch.float64 of size 4x1x128 (cuda:0)]
            )
            (graph_opt_main): GraphModule()
          )
          (1): Contraction(
            (contractions_weighting): ModuleList(
              (0-1): 2 x GraphModule()
            )
            (contractions_features): ModuleList(
              (0-1): 2 x GraphModule()
            )
            (weights): ParameterList(
                (0): Parameter containing: [torch.float64 of size 4x6x128 (cuda:0)]
                (1): Parameter containing: [torch.float64 of size 4x1x128 (cuda:0)]
            )
            (graph_opt_main): GraphModule()
          )
          (2): Contraction(
            (contractions_weighting): ModuleList(
              (0-1): 2 x GraphModule()
            )
            (contractions_features): ModuleList(
              (0-1): 2 x GraphModule()
            )
            (weights): ParameterList(
                (0): Parameter containing: [torch.float64 of size 4x7x128 (cuda:0)]
                (1): Parameter containing: [torch.float64 of size 4x1x128 (cuda:0)]
            )
            (graph_opt_main): GraphModule()
          )
        )
      )
      (linear): Linear(128x0e+128x1o+128x2e -> 128x0e+128x1o+128x2e | 49152 weights)
    )
    (1): EquivariantProductBasisBlock(
      (symmetric_contractions): SymmetricContraction(
        (contractions): ModuleList(
          (0): Contraction(
            (contractions_weighting): ModuleList(
              (0-1): 2 x GraphModule()
            )
            (contractions_features): ModuleList(
              (0-1): 2 x GraphModule()
            )
            (weights): ParameterList(
                (0): Parameter containing: [torch.float64 of size 4x4x128 (cuda:0)]
                (1): Parameter containing: [torch.float64 of size 4x1x128 (cuda:0)]
            )
            (graph_opt_main): GraphModule()
          )
        )
      )
      (linear): Linear(128x0e -> 128x0e | 16384 weights)
    )
  )
  (readouts): ModuleList(
    (0): LinearReadoutBlock(
      (linear): Linear(128x0e+128x1o+128x2e -> 1x0e | 128 weights)
    )
    (1): NonLinearReadoutBlock(
      (linear_1): Linear(128x0e -> 16x0e | 2048 weights)
      (non_linearity): Activation [x] (16x0e -> 16x0e)
      (linear_2): Linear(16x0e -> 1x0e | 16 weights)
    )
  )
  (scale_shift): ScaleShiftBlock(scale=0.8042, shift=0.1641)
)
2025-09-05 02:52:42.889 INFO: Total number of parameters: 894362
2025-09-05 02:52:42.889 INFO: 
2025-09-05 02:52:42.889 INFO: ===========OPTIMIZER INFORMATION===========
2025-09-05 02:52:42.889 INFO: Using ADAM as parameter optimizer
2025-09-05 02:52:42.889 INFO: Batch size: 2
2025-09-05 02:52:42.889 INFO: Number of gradient updates: 35080
2025-09-05 02:52:42.889 INFO: Learning rate: 0.06, weight decay: 1e-08
2025-09-05 02:52:42.889 INFO: WeightedEnergyForcesLoss(energy_weight=10.000, forces_weight=0.000)
2025-09-05 02:52:42.931 WARNING: Cannot find checkpoint with tag 'mace_T2_w1_appended_chgnetE0s_run-84' in './checkpoints'
2025-09-05 02:52:42.932 INFO: Using gradient clipping with tolerance=1.000
2025-09-05 02:52:42.932 INFO: 
2025-09-05 02:52:42.932 INFO: ===========TRAINING===========
2025-09-05 02:52:42.932 INFO: Started training, reporting errors on validation set
2025-09-05 02:52:42.932 INFO: Loss metrics on validation set
2025-09-05 02:54:15.289 INFO: Initial: head: Default, loss=50.98221564, RMSE_E_per_atom= 2257.92 meV, RMSE_F=  957.42 meV / A
2025-09-05 02:56:40.111 INFO: ===========VERIFYING SETTINGS===========
2025-09-05 02:56:40.111 INFO: MACE version: 0.3.14
2025-09-05 02:56:40.111 DEBUG: Configuration: Namespace(config=None, name='mace_T2_w1_appended_chgnetE0s', seed=84, work_dir='.', log_dir='./logs', model_dir='.', checkpoints_dir='./checkpoints', results_dir='./results', downloads_dir='./downloads', device='cuda', default_dtype='float64', distributed=False, launcher='slurm', log_level='INFO', plot=True, plot_frequency=0, error_table='PerAtomRMSE', model='MACE', r_max=5.0, radial_type='bessel', num_radial_basis=8, num_cutoff_basis=5, pair_repulsion=False, distance_transform='None', apply_cutoff=True, interaction='RealAgnosticResidualInteractionBlock', interaction_first='RealAgnosticResidualInteractionBlock', max_ell=3, correlation=3, use_reduced_cg=True, use_so3=False, use_agnostic_product=False, num_interactions=2, MLP_irreps='16x0e', radial_MLP='[64, 64, 64]', hidden_irreps='128x0e + 128x1o', edge_irreps=None, num_channels=128, max_L=1, gate='silu', scaling='rms_forces_scaling', avg_num_neighbors=1, compute_avg_num_neighbors=True, compute_stress=False, compute_forces=True, train_file='/home/phanim/harshitrawat/summer/T1_T2_T3_data/T3withreplay_chgnet_labeled.extxyz', valid_file='/home/phanim/harshitrawat/summer/T1_T2_T3_data/T2withreplay_chgnet_labeled.extxyz', valid_fraction=0.1, test_file=None, test_dir=None, multi_processed_test=False, num_workers=0, pin_memory=True, atomic_numbers=None, mean=None, std=None, statistics_file=None, E0s='{3: -1.882, 8: -4.913, 40: -8.509, 57: -4.894}', foundation_filter_elements=True, heads=None, multiheads_finetuning=True, foundation_head=None, weight_pt_head=1.0, num_samples_pt=10000, force_mh_ft_lr=False, subselect_pt='random', filter_type_pt='none', pt_train_file=None, pt_valid_file=None, foundation_model_elements=False, keep_isolated_atoms=False, energy_key='REF_energy', forces_key='REF_forces', virials_key='REF_virials', stress_key='REF_stress', dipole_key='dipole', head_key='head', charges_key='REF_charges', elec_temp_key='elec_temp', total_spin_key='total_spin', total_charge_key='total_charge', embedding_specs=None, skip_evaluate_heads='pt_head', loss='weighted', forces_weight=0.0, swa_forces_weight=100.0, energy_weight=10.0, swa_energy_weight=1000.0, virials_weight=1.0, swa_virials_weight=10.0, stress_weight=0.0, swa_stress_weight=10.0, dipole_weight=1.0, swa_dipole_weight=1.0, config_type_weights='{"Default":1.0}', huber_delta=0.01, optimizer='adam', beta=0.9, batch_size=2, valid_batch_size=1, lr=0.06, swa_lr=0.001, weight_decay=1e-08, amsgrad=True, scheduler='ReduceLROnPlateau', lr_factor=0.8, scheduler_patience=4, lr_scheduler_gamma=0.9993, swa=False, start_swa=None, lbfgs=False, ema=False, ema_decay=0.99, max_num_epochs=40, patience=8, foundation_model='/home/phanim/harshitrawat/summer/mace_models/universal/2024-01-07-mace-128-L2_epoch-199.model', foundation_model_readout=False, eval_interval=1, keep_checkpoints=False, save_all_checkpoints=False, restart_latest=True, save_cpu=False, clip_grad=1.0, dry_run=False, enable_cueq=False, only_cueq=False, wandb=False, wandb_dir=None, wandb_project='', wandb_entity='', wandb_name='', wandb_log_hypers=['num_channels', 'max_L', 'correlation', 'lr', 'swa_lr', 'weight_decay', 'batch_size', 'max_num_epochs', 'start_swa', 'energy_weight', 'forces_weight'], key_specification=KeySpecification(info_keys={'energy': 'REF_energy', 'stress': 'REF_stress', 'virials': 'REF_virials', 'dipole': 'dipole', 'head': 'head', 'elec_temp': 'elec_temp', 'total_charge': 'total_charge', 'total_spin': 'total_spin'}, arrays_keys={'forces': 'REF_forces', 'charges': 'REF_charges'}))
2025-09-05 02:56:40.573 INFO: CUDA version: 12.1, CUDA device: 0
2025-09-05 02:56:40.677 DEBUG: Popen(['git', 'version'], cwd=/home/phanim/harshitrawat/summer, stdin=None, shell=False, universal_newlines=False)
2025-09-05 02:56:40.682 DEBUG: Popen(['git', 'version'], cwd=/home/phanim/harshitrawat/summer, stdin=None, shell=False, universal_newlines=False)
2025-09-05 02:56:40.691 DEBUG: Popen(['git', 'cat-file', '--batch-check'], cwd=/home/phanim/harshitrawat/summer, stdin=<valid stream>, shell=False, universal_newlines=False)
2025-09-05 02:56:40.702 DEBUG: Current Git commit: 7bc4aa2b02a199f3650610a022c2258d3b2e92ae
2025-09-05 02:56:41.163 INFO: Using foundation model /home/phanim/harshitrawat/summer/mace_models/universal/2024-01-07-mace-128-L2_epoch-199.model as initial checkpoint.
2025-09-05 02:56:41.164 WARNING: Using multiheads finetuning with a foundation model that is not a Materials Project model, need to provied a path to a pretraining file with --pt_train_file.
2025-09-05 02:56:41.164 INFO: ===========LOADING INPUT DATA===========
2025-09-05 02:56:41.164 INFO: Using heads: ['Default']
2025-09-05 02:56:41.164 INFO: Using the key specifications to parse data:
2025-09-05 02:56:41.164 INFO: Default: KeySpecification(info_keys={'energy': 'REF_energy', 'stress': 'REF_stress', 'virials': 'REF_virials', 'dipole': 'dipole', 'head': 'head', 'elec_temp': 'elec_temp', 'total_charge': 'total_charge', 'total_spin': 'total_spin'}, arrays_keys={'forces': 'REF_forces', 'charges': 'REF_charges'})
2025-09-05 02:56:41.164 INFO: =============    Processing head Default     ===========
2025-09-05 02:56:41.165 DEBUG: Loading training file: /home/phanim/harshitrawat/summer/T1_T2_T3_data/T3withreplay_chgnet_labeled.extxyz
2025-09-05 02:56:47.290 INFO: Training set 1/1 [energy: 1754, stress: 0, virials: 0, dipole components: 0, head: 1754, elec_temp: 0, total_charge: 0, total_spin: 0, forces: 1612, charges: 0]
2025-09-05 02:56:47.295 INFO: Total Training set [energy: 1754, stress: 0, virials: 0, dipole components: 0, head: 1754, elec_temp: 0, total_charge: 0, total_spin: 0, forces: 1612, charges: 0]
2025-09-05 02:56:49.880 INFO: Validation set 1/1 [energy: 847, stress: 0, virials: 0, dipole components: 0, head: 847, elec_temp: 0, total_charge: 0, total_spin: 0, forces: 705, charges: 0]
2025-09-05 02:56:49.883 INFO: Total Validation set [energy: 847, stress: 0, virials: 0, dipole components: 0, head: 847, elec_temp: 0, total_charge: 0, total_spin: 0, forces: 705, charges: 0]
2025-09-05 02:56:49.883 INFO: Total number of configurations: train=1754, valid=847, tests=[],
2025-09-05 02:56:49.998 INFO: Atomic Numbers used: [3, 8, 40, 57]
2025-09-05 02:56:49.999 INFO: Isolated Atomic Energies (E0s) not in training file, using command line argument
2025-09-05 02:56:49.999 INFO: Atomic Energies used (z: eV) for head Default: {3: -1.882, 8: -4.913, 40: -8.509, 57: -4.894}
2025-09-05 02:56:49.999 INFO: Processing datasets for head 'Default'
2025-09-05 02:57:38.911 DEBUG: Successfully loaded dataset from ASE files: ['/home/phanim/harshitrawat/summer/T1_T2_T3_data/T3withreplay_chgnet_labeled.extxyz']
2025-09-05 02:57:38.911 INFO: Combining 1 list datasets for head 'Default'
2025-09-05 02:57:50.268 INFO: ===========VERIFYING SETTINGS===========
2025-09-05 02:57:50.268 INFO: MACE version: 0.3.14
2025-09-05 02:57:50.268 DEBUG: Configuration: Namespace(config=None, name='mace_T2_w1_appended_chgnetE0s', seed=84, work_dir='.', log_dir='./logs', model_dir='.', checkpoints_dir='./checkpoints', results_dir='./results', downloads_dir='./downloads', device='cuda', default_dtype='float64', distributed=False, launcher='slurm', log_level='INFO', plot=True, plot_frequency=0, error_table='PerAtomRMSE', model='MACE', r_max=5.0, radial_type='bessel', num_radial_basis=8, num_cutoff_basis=5, pair_repulsion=False, distance_transform='None', apply_cutoff=True, interaction='RealAgnosticResidualInteractionBlock', interaction_first='RealAgnosticResidualInteractionBlock', max_ell=3, correlation=3, use_reduced_cg=True, use_so3=False, use_agnostic_product=False, num_interactions=2, MLP_irreps='16x0e', radial_MLP='[64, 64, 64]', hidden_irreps='128x0e + 128x1o', edge_irreps=None, num_channels=128, max_L=1, gate='silu', scaling='rms_forces_scaling', avg_num_neighbors=1, compute_avg_num_neighbors=True, compute_stress=False, compute_forces=True, train_file='/home/phanim/harshitrawat/summer/T1_T2_T3_data/T3withreplay_chgnet_labeled.extxyz', valid_file='/home/phanim/harshitrawat/summer/T1_T2_T3_data/T2withreplay_chgnet_labeled.extxyz', valid_fraction=0.1, test_file=None, test_dir=None, multi_processed_test=False, num_workers=0, pin_memory=True, atomic_numbers=None, mean=None, std=None, statistics_file=None, E0s='{3: -1.882, 8: -4.913, 40: -8.509, 57: -4.894}', foundation_filter_elements=True, heads=None, multiheads_finetuning=True, foundation_head=None, weight_pt_head=1.0, num_samples_pt=10000, force_mh_ft_lr=False, subselect_pt='random', filter_type_pt='none', pt_train_file=None, pt_valid_file=None, foundation_model_elements=False, keep_isolated_atoms=False, energy_key='REF_energy', forces_key='REF_forces', virials_key='REF_virials', stress_key='REF_stress', dipole_key='dipole', head_key='head', charges_key='REF_charges', elec_temp_key='elec_temp', total_spin_key='total_spin', total_charge_key='total_charge', embedding_specs=None, skip_evaluate_heads='pt_head', loss='weighted', forces_weight=0.0, swa_forces_weight=100.0, energy_weight=10.0, swa_energy_weight=1000.0, virials_weight=1.0, swa_virials_weight=10.0, stress_weight=0.0, swa_stress_weight=10.0, dipole_weight=1.0, swa_dipole_weight=1.0, config_type_weights='{"Default":1.0}', huber_delta=0.01, optimizer='adam', beta=0.9, batch_size=2, valid_batch_size=1, lr=0.06, swa_lr=0.001, weight_decay=1e-08, amsgrad=True, scheduler='ReduceLROnPlateau', lr_factor=0.8, scheduler_patience=4, lr_scheduler_gamma=0.9993, swa=False, start_swa=None, lbfgs=False, ema=False, ema_decay=0.99, max_num_epochs=40, patience=8, foundation_model='/home/phanim/harshitrawat/summer/mace_models/universal/2024-01-07-mace-128-L2_epoch-199.model', foundation_model_readout=False, eval_interval=1, keep_checkpoints=False, save_all_checkpoints=False, restart_latest=True, save_cpu=False, clip_grad=1.0, dry_run=False, enable_cueq=False, only_cueq=False, wandb=False, wandb_dir=None, wandb_project='', wandb_entity='', wandb_name='', wandb_log_hypers=['num_channels', 'max_L', 'correlation', 'lr', 'swa_lr', 'weight_decay', 'batch_size', 'max_num_epochs', 'start_swa', 'energy_weight', 'forces_weight'], key_specification=KeySpecification(info_keys={'energy': 'REF_energy', 'stress': 'REF_stress', 'virials': 'REF_virials', 'dipole': 'dipole', 'head': 'head', 'elec_temp': 'elec_temp', 'total_charge': 'total_charge', 'total_spin': 'total_spin'}, arrays_keys={'forces': 'REF_forces', 'charges': 'REF_charges'}))
2025-09-05 02:57:50.724 INFO: CUDA version: 12.1, CUDA device: 0
2025-09-05 02:57:50.820 DEBUG: Popen(['git', 'version'], cwd=/home/phanim/harshitrawat/summer, stdin=None, shell=False, universal_newlines=False)
2025-09-05 02:57:50.826 DEBUG: Popen(['git', 'version'], cwd=/home/phanim/harshitrawat/summer, stdin=None, shell=False, universal_newlines=False)
2025-09-05 02:57:50.835 DEBUG: Popen(['git', 'cat-file', '--batch-check'], cwd=/home/phanim/harshitrawat/summer, stdin=<valid stream>, shell=False, universal_newlines=False)
2025-09-05 02:57:50.849 DEBUG: Current Git commit: 7bc4aa2b02a199f3650610a022c2258d3b2e92ae
2025-09-05 02:57:51.292 INFO: Using foundation model /home/phanim/harshitrawat/summer/mace_models/universal/2024-01-07-mace-128-L2_epoch-199.model as initial checkpoint.
2025-09-05 02:57:51.293 WARNING: Using multiheads finetuning with a foundation model that is not a Materials Project model, need to provied a path to a pretraining file with --pt_train_file.
2025-09-05 02:57:51.293 INFO: ===========LOADING INPUT DATA===========
2025-09-05 02:57:51.293 INFO: Using heads: ['Default']
2025-09-05 02:57:51.293 INFO: Using the key specifications to parse data:
2025-09-05 02:57:51.293 INFO: Default: KeySpecification(info_keys={'energy': 'REF_energy', 'stress': 'REF_stress', 'virials': 'REF_virials', 'dipole': 'dipole', 'head': 'head', 'elec_temp': 'elec_temp', 'total_charge': 'total_charge', 'total_spin': 'total_spin'}, arrays_keys={'forces': 'REF_forces', 'charges': 'REF_charges'})
2025-09-05 02:57:51.293 INFO: =============    Processing head Default     ===========
2025-09-05 02:57:51.293 DEBUG: Loading training file: /home/phanim/harshitrawat/summer/T1_T2_T3_data/T3withreplay_chgnet_labeled.extxyz
2025-09-05 02:57:57.364 INFO: Training set 1/1 [energy: 1754, stress: 0, virials: 0, dipole components: 0, head: 1754, elec_temp: 0, total_charge: 0, total_spin: 0, forces: 1612, charges: 0]
2025-09-05 02:57:57.369 INFO: Total Training set [energy: 1754, stress: 0, virials: 0, dipole components: 0, head: 1754, elec_temp: 0, total_charge: 0, total_spin: 0, forces: 1612, charges: 0]
2025-09-05 02:57:59.965 INFO: Validation set 1/1 [energy: 847, stress: 0, virials: 0, dipole components: 0, head: 847, elec_temp: 0, total_charge: 0, total_spin: 0, forces: 705, charges: 0]
2025-09-05 02:57:59.967 INFO: Total Validation set [energy: 847, stress: 0, virials: 0, dipole components: 0, head: 847, elec_temp: 0, total_charge: 0, total_spin: 0, forces: 705, charges: 0]
2025-09-05 02:57:59.967 INFO: Total number of configurations: train=1754, valid=847, tests=[],
2025-09-05 02:58:00.084 INFO: Atomic Numbers used: [3, 8, 40, 57]
2025-09-05 02:58:00.084 INFO: Isolated Atomic Energies (E0s) not in training file, using command line argument
2025-09-05 02:58:00.084 INFO: Atomic Energies used (z: eV) for head Default: {3: -1.882, 8: -4.913, 40: -8.509, 57: -4.894}
2025-09-05 02:58:00.084 INFO: Processing datasets for head 'Default'
2025-09-05 02:58:48.120 INFO: ===========VERIFYING SETTINGS===========
2025-09-05 02:58:48.120 INFO: MACE version: 0.3.14
2025-09-05 02:58:48.120 DEBUG: Configuration: Namespace(config=None, name='mace_T2_w1_appended_chgnetE0s', seed=84, work_dir='.', log_dir='./logs', model_dir='.', checkpoints_dir='./checkpoints', results_dir='./results', downloads_dir='./downloads', device='cuda', default_dtype='float64', distributed=False, launcher='slurm', log_level='INFO', plot=True, plot_frequency=0, error_table='PerAtomRMSE', model='MACE', r_max=5.0, radial_type='bessel', num_radial_basis=8, num_cutoff_basis=5, pair_repulsion=False, distance_transform='None', apply_cutoff=True, interaction='RealAgnosticResidualInteractionBlock', interaction_first='RealAgnosticResidualInteractionBlock', max_ell=3, correlation=3, use_reduced_cg=True, use_so3=False, use_agnostic_product=False, num_interactions=2, MLP_irreps='16x0e', radial_MLP='[64, 64, 64]', hidden_irreps='128x0e + 128x1o', edge_irreps=None, num_channels=128, max_L=1, gate='silu', scaling='rms_forces_scaling', avg_num_neighbors=1, compute_avg_num_neighbors=True, compute_stress=False, compute_forces=True, train_file='/home/phanim/harshitrawat/summer/T1_T2_T3_data/T3withreplay_chgnet_labeled.extxyz', valid_file='/home/phanim/harshitrawat/summer/T1_T2_T3_data/T2withreplay_chgnet_labeled.extxyz', valid_fraction=0.1, test_file=None, test_dir=None, multi_processed_test=False, num_workers=0, pin_memory=True, atomic_numbers=None, mean=None, std=None, statistics_file=None, E0s='{3: -1.882, 8: -4.913, 40: -8.509, 57: -4.894}', foundation_filter_elements=True, heads=None, multiheads_finetuning=True, foundation_head=None, weight_pt_head=1.0, num_samples_pt=10000, force_mh_ft_lr=False, subselect_pt='random', filter_type_pt='none', pt_train_file=None, pt_valid_file=None, foundation_model_elements=False, keep_isolated_atoms=False, energy_key='REF_energy', forces_key='REF_forces', virials_key='REF_virials', stress_key='REF_stress', dipole_key='dipole', head_key='head', charges_key='REF_charges', elec_temp_key='elec_temp', total_spin_key='total_spin', total_charge_key='total_charge', embedding_specs=None, skip_evaluate_heads='pt_head', loss='weighted', forces_weight=0.0, swa_forces_weight=100.0, energy_weight=10.0, swa_energy_weight=1000.0, virials_weight=1.0, swa_virials_weight=10.0, stress_weight=0.0, swa_stress_weight=10.0, dipole_weight=1.0, swa_dipole_weight=1.0, config_type_weights='{"Default":1.0}', huber_delta=0.01, optimizer='adam', beta=0.9, batch_size=2, valid_batch_size=1, lr=0.06, swa_lr=0.001, weight_decay=1e-08, amsgrad=True, scheduler='ReduceLROnPlateau', lr_factor=0.8, scheduler_patience=4, lr_scheduler_gamma=0.9993, swa=False, start_swa=None, lbfgs=False, ema=False, ema_decay=0.99, max_num_epochs=40, patience=8, foundation_model='/home/phanim/harshitrawat/summer/mace_models/universal/2024-01-07-mace-128-L2_epoch-199.model', foundation_model_readout=False, eval_interval=1, keep_checkpoints=False, save_all_checkpoints=False, restart_latest=True, save_cpu=False, clip_grad=1.0, dry_run=False, enable_cueq=False, only_cueq=False, wandb=False, wandb_dir=None, wandb_project='', wandb_entity='', wandb_name='', wandb_log_hypers=['num_channels', 'max_L', 'correlation', 'lr', 'swa_lr', 'weight_decay', 'batch_size', 'max_num_epochs', 'start_swa', 'energy_weight', 'forces_weight'], key_specification=KeySpecification(info_keys={'energy': 'REF_energy', 'stress': 'REF_stress', 'virials': 'REF_virials', 'dipole': 'dipole', 'head': 'head', 'elec_temp': 'elec_temp', 'total_charge': 'total_charge', 'total_spin': 'total_spin'}, arrays_keys={'forces': 'REF_forces', 'charges': 'REF_charges'}))
2025-09-05 02:58:48.567 INFO: CUDA version: 12.1, CUDA device: 0
2025-09-05 02:58:48.649 DEBUG: Popen(['git', 'version'], cwd=/home/phanim/harshitrawat/summer, stdin=None, shell=False, universal_newlines=False)
2025-09-05 02:58:48.655 DEBUG: Popen(['git', 'version'], cwd=/home/phanim/harshitrawat/summer, stdin=None, shell=False, universal_newlines=False)
2025-09-05 02:58:48.666 DEBUG: Popen(['git', 'cat-file', '--batch-check'], cwd=/home/phanim/harshitrawat/summer, stdin=<valid stream>, shell=False, universal_newlines=False)
2025-09-05 02:58:48.678 DEBUG: Current Git commit: 7bc4aa2b02a199f3650610a022c2258d3b2e92ae
2025-09-05 02:58:49.163 INFO: Using foundation model /home/phanim/harshitrawat/summer/mace_models/universal/2024-01-07-mace-128-L2_epoch-199.model as initial checkpoint.
2025-09-05 02:58:49.164 WARNING: Using multiheads finetuning with a foundation model that is not a Materials Project model, need to provied a path to a pretraining file with --pt_train_file.
2025-09-05 02:58:49.165 INFO: ===========LOADING INPUT DATA===========
2025-09-05 02:58:49.165 INFO: Using heads: ['Default']
2025-09-05 02:58:49.165 INFO: Using the key specifications to parse data:
2025-09-05 02:58:49.165 INFO: Default: KeySpecification(info_keys={'energy': 'REF_energy', 'stress': 'REF_stress', 'virials': 'REF_virials', 'dipole': 'dipole', 'head': 'head', 'elec_temp': 'elec_temp', 'total_charge': 'total_charge', 'total_spin': 'total_spin'}, arrays_keys={'forces': 'REF_forces', 'charges': 'REF_charges'})
2025-09-05 02:58:49.165 INFO: =============    Processing head Default     ===========
2025-09-05 02:58:49.166 DEBUG: Loading training file: /home/phanim/harshitrawat/summer/T1_T2_T3_data/T3withreplay_chgnet_labeled.extxyz
2025-09-05 02:58:55.271 INFO: Training set 1/1 [energy: 1754, stress: 0, virials: 0, dipole components: 0, head: 1754, elec_temp: 0, total_charge: 0, total_spin: 0, forces: 1612, charges: 0]
2025-09-05 02:58:55.276 INFO: Total Training set [energy: 1754, stress: 0, virials: 0, dipole components: 0, head: 1754, elec_temp: 0, total_charge: 0, total_spin: 0, forces: 1612, charges: 0]
2025-09-05 02:58:57.869 INFO: Validation set 1/1 [energy: 847, stress: 0, virials: 0, dipole components: 0, head: 847, elec_temp: 0, total_charge: 0, total_spin: 0, forces: 705, charges: 0]
2025-09-05 02:58:57.872 INFO: Total Validation set [energy: 847, stress: 0, virials: 0, dipole components: 0, head: 847, elec_temp: 0, total_charge: 0, total_spin: 0, forces: 705, charges: 0]
2025-09-05 02:58:57.872 INFO: Total number of configurations: train=1754, valid=847, tests=[],
2025-09-05 02:58:57.988 INFO: Atomic Numbers used: [3, 8, 40, 57]
2025-09-05 02:58:57.988 INFO: Isolated Atomic Energies (E0s) not in training file, using command line argument
2025-09-05 02:58:57.989 INFO: Atomic Energies used (z: eV) for head Default: {3: -1.882, 8: -4.913, 40: -8.509, 57: -4.894}
2025-09-05 02:58:57.989 INFO: Processing datasets for head 'Default'
2025-09-05 02:59:27.545 INFO: ===========VERIFYING SETTINGS===========
2025-09-05 02:59:27.546 INFO: MACE version: 0.3.14
2025-09-05 02:59:27.546 DEBUG: Configuration: Namespace(config=None, name='mace_T2_w1_appended_chgnetE0s', seed=84, work_dir='.', log_dir='./logs', model_dir='.', checkpoints_dir='./checkpoints', results_dir='./results', downloads_dir='./downloads', device='cuda', default_dtype='float64', distributed=False, launcher='slurm', log_level='INFO', plot=True, plot_frequency=0, error_table='PerAtomRMSE', model='MACE', r_max=5.0, radial_type='bessel', num_radial_basis=8, num_cutoff_basis=5, pair_repulsion=False, distance_transform='None', apply_cutoff=True, interaction='RealAgnosticResidualInteractionBlock', interaction_first='RealAgnosticResidualInteractionBlock', max_ell=3, correlation=3, use_reduced_cg=True, use_so3=False, use_agnostic_product=False, num_interactions=2, MLP_irreps='16x0e', radial_MLP='[64, 64, 64]', hidden_irreps='128x0e + 128x1o', edge_irreps=None, num_channels=128, max_L=1, gate='silu', scaling='rms_forces_scaling', avg_num_neighbors=1, compute_avg_num_neighbors=True, compute_stress=False, compute_forces=True, train_file='/home/phanim/harshitrawat/summer/T1_T2_T3_data/T3withreplay_chgnet_labeled.extxyz', valid_file='/home/phanim/harshitrawat/summer/T1_T2_T3_data/T2withreplay_chgnet_labeled.extxyz', valid_fraction=0.1, test_file=None, test_dir=None, multi_processed_test=False, num_workers=0, pin_memory=True, atomic_numbers=None, mean=None, std=None, statistics_file=None, E0s='{3: -1.882, 8: -4.913, 40: -8.509, 57: -4.894}', foundation_filter_elements=True, heads=None, multiheads_finetuning=True, foundation_head=None, weight_pt_head=1.0, num_samples_pt=10000, force_mh_ft_lr=False, subselect_pt='random', filter_type_pt='none', pt_train_file=None, pt_valid_file=None, foundation_model_elements=False, keep_isolated_atoms=False, energy_key='REF_energy', forces_key='REF_forces', virials_key='REF_virials', stress_key='REF_stress', dipole_key='dipole', head_key='head', charges_key='REF_charges', elec_temp_key='elec_temp', total_spin_key='total_spin', total_charge_key='total_charge', embedding_specs=None, skip_evaluate_heads='pt_head', loss='weighted', forces_weight=0.0, swa_forces_weight=100.0, energy_weight=10.0, swa_energy_weight=1000.0, virials_weight=1.0, swa_virials_weight=10.0, stress_weight=0.0, swa_stress_weight=10.0, dipole_weight=1.0, swa_dipole_weight=1.0, config_type_weights='{"Default":1.0}', huber_delta=0.01, optimizer='adam', beta=0.9, batch_size=2, valid_batch_size=1, lr=0.06, swa_lr=0.001, weight_decay=1e-08, amsgrad=True, scheduler='ReduceLROnPlateau', lr_factor=0.8, scheduler_patience=4, lr_scheduler_gamma=0.9993, swa=False, start_swa=None, lbfgs=False, ema=False, ema_decay=0.99, max_num_epochs=40, patience=8, foundation_model='/home/phanim/harshitrawat/summer/mace_models/universal/2024-01-07-mace-128-L2_epoch-199.model', foundation_model_readout=False, eval_interval=1, keep_checkpoints=False, save_all_checkpoints=False, restart_latest=True, save_cpu=False, clip_grad=1.0, dry_run=False, enable_cueq=False, only_cueq=False, wandb=False, wandb_dir=None, wandb_project='', wandb_entity='', wandb_name='', wandb_log_hypers=['num_channels', 'max_L', 'correlation', 'lr', 'swa_lr', 'weight_decay', 'batch_size', 'max_num_epochs', 'start_swa', 'energy_weight', 'forces_weight'], key_specification=KeySpecification(info_keys={'energy': 'REF_energy', 'stress': 'REF_stress', 'virials': 'REF_virials', 'dipole': 'dipole', 'head': 'head', 'elec_temp': 'elec_temp', 'total_charge': 'total_charge', 'total_spin': 'total_spin'}, arrays_keys={'forces': 'REF_forces', 'charges': 'REF_charges'}))
2025-09-05 02:59:27.983 INFO: CUDA version: 12.1, CUDA device: 0
2025-09-05 02:59:28.090 DEBUG: Popen(['git', 'version'], cwd=/home/phanim/harshitrawat/summer, stdin=None, shell=False, universal_newlines=False)
2025-09-05 02:59:28.095 DEBUG: Popen(['git', 'version'], cwd=/home/phanim/harshitrawat/summer, stdin=None, shell=False, universal_newlines=False)
2025-09-05 02:59:28.103 DEBUG: Popen(['git', 'cat-file', '--batch-check'], cwd=/home/phanim/harshitrawat/summer, stdin=<valid stream>, shell=False, universal_newlines=False)
2025-09-05 02:59:28.116 DEBUG: Current Git commit: 7bc4aa2b02a199f3650610a022c2258d3b2e92ae
2025-09-05 02:59:28.562 INFO: Using foundation model /home/phanim/harshitrawat/summer/mace_models/universal/2024-01-07-mace-128-L2_epoch-199.model as initial checkpoint.
2025-09-05 02:59:28.563 WARNING: Using multiheads finetuning with a foundation model that is not a Materials Project model, need to provied a path to a pretraining file with --pt_train_file.
2025-09-05 02:59:28.563 INFO: ===========LOADING INPUT DATA===========
2025-09-05 02:59:28.563 INFO: Using heads: ['Default']
2025-09-05 02:59:28.563 INFO: Using the key specifications to parse data:
2025-09-05 02:59:28.563 INFO: Default: KeySpecification(info_keys={'energy': 'REF_energy', 'stress': 'REF_stress', 'virials': 'REF_virials', 'dipole': 'dipole', 'head': 'head', 'elec_temp': 'elec_temp', 'total_charge': 'total_charge', 'total_spin': 'total_spin'}, arrays_keys={'forces': 'REF_forces', 'charges': 'REF_charges'})
2025-09-05 02:59:28.563 INFO: =============    Processing head Default     ===========
2025-09-05 02:59:28.563 DEBUG: Loading training file: /home/phanim/harshitrawat/summer/T1_T2_T3_data/T3withreplay_chgnet_labeled.extxyz
2025-09-05 02:59:34.670 INFO: Training set 1/1 [energy: 1754, stress: 0, virials: 0, dipole components: 0, head: 1754, elec_temp: 0, total_charge: 0, total_spin: 0, forces: 1612, charges: 0]
2025-09-05 02:59:34.676 INFO: Total Training set [energy: 1754, stress: 0, virials: 0, dipole components: 0, head: 1754, elec_temp: 0, total_charge: 0, total_spin: 0, forces: 1612, charges: 0]
2025-09-05 02:59:37.299 INFO: Validation set 1/1 [energy: 847, stress: 0, virials: 0, dipole components: 0, head: 847, elec_temp: 0, total_charge: 0, total_spin: 0, forces: 705, charges: 0]
2025-09-05 02:59:37.302 INFO: Total Validation set [energy: 847, stress: 0, virials: 0, dipole components: 0, head: 847, elec_temp: 0, total_charge: 0, total_spin: 0, forces: 705, charges: 0]
2025-09-05 02:59:37.302 INFO: Total number of configurations: train=1754, valid=847, tests=[],
2025-09-05 02:59:37.419 INFO: Atomic Numbers used: [3, 8, 40, 57]
2025-09-05 02:59:37.419 INFO: Isolated Atomic Energies (E0s) not in training file, using command line argument
2025-09-05 02:59:37.419 INFO: Atomic Energies used (z: eV) for head Default: {3: -1.882, 8: -4.913, 40: -8.509, 57: -4.894}
2025-09-05 02:59:37.420 INFO: Processing datasets for head 'Default'
2025-09-05 03:00:17.744 INFO: ===========VERIFYING SETTINGS===========
2025-09-05 03:00:17.744 INFO: MACE version: 0.3.14
2025-09-05 03:00:17.744 DEBUG: Configuration: Namespace(config=None, name='mace_T2_w1_appended_chgnetE0s', seed=84, work_dir='.', log_dir='./logs', model_dir='.', checkpoints_dir='./checkpoints', results_dir='./results', downloads_dir='./downloads', device='cuda', default_dtype='float64', distributed=False, launcher='slurm', log_level='INFO', plot=True, plot_frequency=0, error_table='PerAtomRMSE', model='MACE', r_max=5.0, radial_type='bessel', num_radial_basis=8, num_cutoff_basis=5, pair_repulsion=False, distance_transform='None', apply_cutoff=True, interaction='RealAgnosticResidualInteractionBlock', interaction_first='RealAgnosticResidualInteractionBlock', max_ell=3, correlation=3, use_reduced_cg=True, use_so3=False, use_agnostic_product=False, num_interactions=2, MLP_irreps='16x0e', radial_MLP='[64, 64, 64]', hidden_irreps='128x0e + 128x1o', edge_irreps=None, num_channels=128, max_L=1, gate='silu', scaling='rms_forces_scaling', avg_num_neighbors=1, compute_avg_num_neighbors=True, compute_stress=False, compute_forces=True, train_file='/home/phanim/harshitrawat/summer/T1_T2_T3_data/T3withreplay_chgnet_labeled.extxyz', valid_file='/home/phanim/harshitrawat/summer/T1_T2_T3_data/T2withreplay_chgnet_labeled.extxyz', valid_fraction=0.1, test_file=None, test_dir=None, multi_processed_test=False, num_workers=0, pin_memory=True, atomic_numbers=None, mean=None, std=None, statistics_file=None, E0s='{3: -1.882, 8: -4.913, 40: -8.509, 57: -4.894}', foundation_filter_elements=True, heads=None, multiheads_finetuning=True, foundation_head=None, weight_pt_head=1.0, num_samples_pt=10000, force_mh_ft_lr=False, subselect_pt='random', filter_type_pt='none', pt_train_file=None, pt_valid_file=None, foundation_model_elements=False, keep_isolated_atoms=False, energy_key='REF_energy', forces_key='REF_forces', virials_key='REF_virials', stress_key='REF_stress', dipole_key='dipole', head_key='head', charges_key='REF_charges', elec_temp_key='elec_temp', total_spin_key='total_spin', total_charge_key='total_charge', embedding_specs=None, skip_evaluate_heads='pt_head', loss='weighted', forces_weight=0.0, swa_forces_weight=100.0, energy_weight=10.0, swa_energy_weight=1000.0, virials_weight=1.0, swa_virials_weight=10.0, stress_weight=0.0, swa_stress_weight=10.0, dipole_weight=1.0, swa_dipole_weight=1.0, config_type_weights='{"Default":1.0}', huber_delta=0.01, optimizer='adam', beta=0.9, batch_size=2, valid_batch_size=1, lr=0.06, swa_lr=0.001, weight_decay=1e-08, amsgrad=True, scheduler='ReduceLROnPlateau', lr_factor=0.8, scheduler_patience=4, lr_scheduler_gamma=0.9993, swa=False, start_swa=None, lbfgs=False, ema=False, ema_decay=0.99, max_num_epochs=40, patience=8, foundation_model='/home/phanim/harshitrawat/summer/mace_models/universal/2024-01-07-mace-128-L2_epoch-199.model', foundation_model_readout=False, eval_interval=1, keep_checkpoints=False, save_all_checkpoints=False, restart_latest=True, save_cpu=False, clip_grad=1.0, dry_run=False, enable_cueq=False, only_cueq=False, wandb=False, wandb_dir=None, wandb_project='', wandb_entity='', wandb_name='', wandb_log_hypers=['num_channels', 'max_L', 'correlation', 'lr', 'swa_lr', 'weight_decay', 'batch_size', 'max_num_epochs', 'start_swa', 'energy_weight', 'forces_weight'], key_specification=KeySpecification(info_keys={'energy': 'REF_energy', 'stress': 'REF_stress', 'virials': 'REF_virials', 'dipole': 'dipole', 'head': 'head', 'elec_temp': 'elec_temp', 'total_charge': 'total_charge', 'total_spin': 'total_spin'}, arrays_keys={'forces': 'REF_forces', 'charges': 'REF_charges'}))
2025-09-05 03:00:18.199 INFO: CUDA version: 12.1, CUDA device: 0
2025-09-05 03:00:18.278 DEBUG: Popen(['git', 'version'], cwd=/home/phanim/harshitrawat/summer, stdin=None, shell=False, universal_newlines=False)
2025-09-05 03:00:18.283 DEBUG: Popen(['git', 'version'], cwd=/home/phanim/harshitrawat/summer, stdin=None, shell=False, universal_newlines=False)
2025-09-05 03:00:18.290 DEBUG: Popen(['git', 'cat-file', '--batch-check'], cwd=/home/phanim/harshitrawat/summer, stdin=<valid stream>, shell=False, universal_newlines=False)
2025-09-05 03:00:18.300 DEBUG: Current Git commit: 7bc4aa2b02a199f3650610a022c2258d3b2e92ae
2025-09-05 03:00:18.737 INFO: Using foundation model /home/phanim/harshitrawat/summer/mace_models/universal/2024-01-07-mace-128-L2_epoch-199.model as initial checkpoint.
2025-09-05 03:00:18.738 WARNING: Using multiheads finetuning with a foundation model that is not a Materials Project model, need to provied a path to a pretraining file with --pt_train_file.
2025-09-05 03:00:18.738 INFO: ===========LOADING INPUT DATA===========
2025-09-05 03:00:18.738 INFO: Using heads: ['Default']
2025-09-05 03:00:18.738 INFO: Using the key specifications to parse data:
2025-09-05 03:00:18.738 INFO: Default: KeySpecification(info_keys={'energy': 'REF_energy', 'stress': 'REF_stress', 'virials': 'REF_virials', 'dipole': 'dipole', 'head': 'head', 'elec_temp': 'elec_temp', 'total_charge': 'total_charge', 'total_spin': 'total_spin'}, arrays_keys={'forces': 'REF_forces', 'charges': 'REF_charges'})
2025-09-05 03:00:18.738 INFO: =============    Processing head Default     ===========
2025-09-05 03:00:18.739 DEBUG: Loading training file: /home/phanim/harshitrawat/summer/T1_T2_T3_data/T3withreplay_chgnet_labeled.extxyz
2025-09-05 03:00:24.881 INFO: Training set 1/1 [energy: 1754, stress: 0, virials: 0, dipole components: 0, head: 1754, elec_temp: 0, total_charge: 0, total_spin: 0, forces: 1612, charges: 0]
2025-09-05 03:00:24.886 INFO: Total Training set [energy: 1754, stress: 0, virials: 0, dipole components: 0, head: 1754, elec_temp: 0, total_charge: 0, total_spin: 0, forces: 1612, charges: 0]
2025-09-05 03:00:27.472 INFO: Validation set 1/1 [energy: 847, stress: 0, virials: 0, dipole components: 0, head: 847, elec_temp: 0, total_charge: 0, total_spin: 0, forces: 705, charges: 0]
2025-09-05 03:00:27.475 INFO: Total Validation set [energy: 847, stress: 0, virials: 0, dipole components: 0, head: 847, elec_temp: 0, total_charge: 0, total_spin: 0, forces: 705, charges: 0]
2025-09-05 03:00:27.475 INFO: Total number of configurations: train=1754, valid=847, tests=[],
2025-09-05 03:00:27.591 INFO: Atomic Numbers used: [3, 8, 40, 57]
2025-09-05 03:00:27.591 INFO: Isolated Atomic Energies (E0s) not in training file, using command line argument
2025-09-05 03:00:27.591 INFO: Atomic Energies used (z: eV) for head Default: {3: -1.882, 8: -4.913, 40: -8.509, 57: -4.894}
2025-09-05 03:00:27.591 INFO: Processing datasets for head 'Default'
2025-09-05 03:01:16.762 DEBUG: Successfully loaded dataset from ASE files: ['/home/phanim/harshitrawat/summer/T1_T2_T3_data/T3withreplay_chgnet_labeled.extxyz']
2025-09-05 03:01:16.762 INFO: Combining 1 list datasets for head 'Default'
2025-09-05 03:01:38.275 DEBUG: Successfully loaded validation dataset from ASE files: ['/home/phanim/harshitrawat/summer/T1_T2_T3_data/T2withreplay_chgnet_labeled.extxyz']
2025-09-05 03:01:38.275 INFO: Combining 1 list datasets for head 'Default_valid'
2025-09-05 03:01:38.276 INFO: Combined validation datasets for Default
2025-09-05 03:01:38.276 INFO: Head 'Default' training dataset size: 1754
2025-09-05 03:01:38.277 INFO: Computing average number of neighbors
2025-09-05 03:01:40.719 INFO: Average number of neighbors: 67.31388041084317
2025-09-05 03:01:40.719 INFO: During training the following quantities will be reported: energy, forces
2025-09-05 03:01:40.720 INFO: ===========MODEL DETAILS===========
2025-09-05 03:01:42.144 INFO: Loading FOUNDATION model
2025-09-05 03:01:42.144 INFO: Using filtered elements: [3, 8, 40, 57]
2025-09-05 03:01:42.145 INFO: Model configuration extracted from foundation model
2025-09-05 03:01:42.145 INFO: Using weighted loss function for fine-tuning
2025-09-05 03:01:42.145 INFO: Message passing with hidden irreps 128x0e+128x1o+128x2e)
2025-09-05 03:01:42.145 INFO: 2 layers, each with correlation order: 3 (body order: 4) and spherical harmonics up to: l=3
2025-09-05 03:01:42.145 INFO: Radial cutoff: 6.0 A (total receptive field for each atom: 12.0 A)
2025-09-05 03:01:42.145 INFO: Distance transform for radial basis functions: None
2025-09-05 03:01:43.389 DEBUG: ScaleShiftMACE(
  (node_embedding): LinearNodeEmbeddingBlock(
    (linear): Linear(4x0e -> 128x0e | 512 weights)
  )
  (radial_embedding): RadialEmbeddingBlock(
    (bessel_fn): BesselBasis(r_max=6.0, num_basis=10, trainable=True)
    (cutoff_fn): PolynomialCutoff(p=5, r_max=6.0)
  )
  (spherical_harmonics): SphericalHarmonics()
  (atomic_energies_fn): AtomicEnergiesBlock(energies=[[-1.8820, -4.9130, -8.5090, -4.8940]])
  (interactions): ModuleList(
    (0): RealAgnosticResidualInteractionBlock(
      (linear_up): Linear(128x0e -> 128x0e | 16384 weights)
      (conv_tp): TensorProduct(128x0e x 1x0e+1x1o+1x2e+1x3o -> 128x0e+128x1o+128x2e+128x3o | 512 paths | 512 weights)
      (conv_tp_weights): FullyConnectedNet[10, 64, 64, 64, 512]
      (linear): Linear(128x0e+128x1o+128x2e+128x3o -> 128x0e+128x1o+128x2e+128x3o | 65536 weights)
      (skip_tp): FullyConnectedTensorProduct(128x0e x 4x0e -> 128x0e+128x1o+128x2e | 65536 paths | 65536 weights)
      (reshape): reshape_irreps()
    )
    (1): RealAgnosticResidualInteractionBlock(
      (linear_up): Linear(128x0e+128x1o+128x2e -> 128x0e+128x1o+128x2e | 49152 weights)
      (conv_tp): TensorProduct(128x0e+128x1o+128x2e x 1x0e+1x1o+1x2e+1x3o -> 384x0e+640x1o+640x2e+512x3o | 2176 paths | 2176 weights)
      (conv_tp_weights): FullyConnectedNet[10, 64, 64, 64, 2176]
      (linear): Linear(128x0e+128x0e+128x0e+128x1o+128x1o+128x1o+128x1o+128x1o+128x2e+128x2e+128x2e+128x2e+128x2e+128x3o+128x3o+128x3o+128x3o -> 128x0e+128x1o+128x2e+128x3o | 278528 weights)
      (skip_tp): FullyConnectedTensorProduct(128x0e+128x1o+128x2e x 4x0e -> 128x0e | 65536 paths | 65536 weights)
      (reshape): reshape_irreps()
    )
  )
  (products): ModuleList(
    (0): EquivariantProductBasisBlock(
      (symmetric_contractions): SymmetricContraction(
        (contractions): ModuleList(
          (0): Contraction(
            (contractions_weighting): ModuleList(
              (0-1): 2 x GraphModule()
            )
            (contractions_features): ModuleList(
              (0-1): 2 x GraphModule()
            )
            (weights): ParameterList(
                (0): Parameter containing: [torch.float64 of size 4x4x128 (cuda:0)]
                (1): Parameter containing: [torch.float64 of size 4x1x128 (cuda:0)]
            )
            (graph_opt_main): GraphModule()
          )
          (1): Contraction(
            (contractions_weighting): ModuleList(
              (0-1): 2 x GraphModule()
            )
            (contractions_features): ModuleList(
              (0-1): 2 x GraphModule()
            )
            (weights): ParameterList(
                (0): Parameter containing: [torch.float64 of size 4x6x128 (cuda:0)]
                (1): Parameter containing: [torch.float64 of size 4x1x128 (cuda:0)]
            )
            (graph_opt_main): GraphModule()
          )
          (2): Contraction(
            (contractions_weighting): ModuleList(
              (0-1): 2 x GraphModule()
            )
            (contractions_features): ModuleList(
              (0-1): 2 x GraphModule()
            )
            (weights): ParameterList(
                (0): Parameter containing: [torch.float64 of size 4x7x128 (cuda:0)]
                (1): Parameter containing: [torch.float64 of size 4x1x128 (cuda:0)]
            )
            (graph_opt_main): GraphModule()
          )
        )
      )
      (linear): Linear(128x0e+128x1o+128x2e -> 128x0e+128x1o+128x2e | 49152 weights)
    )
    (1): EquivariantProductBasisBlock(
      (symmetric_contractions): SymmetricContraction(
        (contractions): ModuleList(
          (0): Contraction(
            (contractions_weighting): ModuleList(
              (0-1): 2 x GraphModule()
            )
            (contractions_features): ModuleList(
              (0-1): 2 x GraphModule()
            )
            (weights): ParameterList(
                (0): Parameter containing: [torch.float64 of size 4x4x128 (cuda:0)]
                (1): Parameter containing: [torch.float64 of size 4x1x128 (cuda:0)]
            )
            (graph_opt_main): GraphModule()
          )
        )
      )
      (linear): Linear(128x0e -> 128x0e | 16384 weights)
    )
  )
  (readouts): ModuleList(
    (0): LinearReadoutBlock(
      (linear): Linear(128x0e+128x1o+128x2e -> 1x0e | 128 weights)
    )
    (1): NonLinearReadoutBlock(
      (linear_1): Linear(128x0e -> 16x0e | 2048 weights)
      (non_linearity): Activation [x] (16x0e -> 16x0e)
      (linear_2): Linear(16x0e -> 1x0e | 16 weights)
    )
  )
  (scale_shift): ScaleShiftBlock(scale=0.8042, shift=0.1641)
)
2025-09-05 03:01:43.390 INFO: Total number of parameters: 894362
2025-09-05 03:01:43.390 INFO: 
2025-09-05 03:01:43.390 INFO: ===========OPTIMIZER INFORMATION===========
2025-09-05 03:01:43.390 INFO: Using ADAM as parameter optimizer
2025-09-05 03:01:43.390 INFO: Batch size: 2
2025-09-05 03:01:43.390 INFO: Number of gradient updates: 35080
2025-09-05 03:01:43.390 INFO: Learning rate: 0.06, weight decay: 1e-08
2025-09-05 03:01:43.390 INFO: WeightedEnergyForcesLoss(energy_weight=10.000, forces_weight=0.000)
2025-09-05 03:01:43.396 WARNING: Cannot find checkpoint with tag 'mace_T2_w1_appended_chgnetE0s_run-84' in './checkpoints'
2025-09-05 03:01:43.397 INFO: Using gradient clipping with tolerance=1.000
2025-09-05 03:01:43.397 INFO: 
2025-09-05 03:01:43.397 INFO: ===========TRAINING===========
2025-09-05 03:01:43.397 INFO: Started training, reporting errors on validation set
2025-09-05 03:01:43.397 INFO: Loss metrics on validation set
2025-09-05 03:03:13.009 INFO: Initial: head: Default, loss=50.98221564, RMSE_E_per_atom= 2257.92 meV, RMSE_F=  957.42 meV / A
2025-09-05 03:13:33.254 INFO: Epoch 0: head: Default, loss=14763136.18073262, RMSE_E_per_atom=1215036.47 meV, RMSE_F=41991.02 meV / A
2025-09-05 03:13:33.257 DEBUG: Saving checkpoint: ./checkpoints/mace_T2_w1_appended_chgnetE0s_run-84_epoch-0.pt
2025-09-05 03:23:46.959 INFO: Epoch 1: head: Default, loss=0.91893325, RMSE_E_per_atom=  303.14 meV, RMSE_F=  483.38 meV / A
2025-09-05 03:23:46.962 DEBUG: Deleting old checkpoint file: ./checkpoints/mace_T2_w1_appended_chgnetE0s_run-84_epoch-0.pt
2025-09-05 03:23:46.966 DEBUG: Saving checkpoint: ./checkpoints/mace_T2_w1_appended_chgnetE0s_run-84_epoch-1.pt
2025-09-05 03:34:00.659 INFO: Epoch 2: head: Default, loss=4.38172597, RMSE_E_per_atom=  661.95 meV, RMSE_F=  438.37 meV / A
2025-09-05 03:44:14.468 INFO: Epoch 3: head: Default, loss=1.34014437, RMSE_E_per_atom=  366.08 meV, RMSE_F=  525.78 meV / A
2025-09-05 03:54:28.374 INFO: Epoch 4: head: Default, loss=0.95015396, RMSE_E_per_atom=  308.25 meV, RMSE_F=  756.06 meV / A
2025-09-05 04:04:41.976 INFO: Epoch 5: head: Default, loss=0.63487714, RMSE_E_per_atom=  251.97 meV, RMSE_F=  502.06 meV / A
2025-09-05 04:04:41.979 DEBUG: Deleting old checkpoint file: ./checkpoints/mace_T2_w1_appended_chgnetE0s_run-84_epoch-1.pt
2025-09-05 04:04:41.984 DEBUG: Saving checkpoint: ./checkpoints/mace_T2_w1_appended_chgnetE0s_run-84_epoch-5.pt
2025-09-05 04:14:55.702 INFO: Epoch 6: head: Default, loss=2642266041.84990454, RMSE_E_per_atom=16255048.58 meV, RMSE_F=16653959.49 meV / A
2025-09-05 04:25:09.415 INFO: Epoch 7: head: Default, loss=0.49083796, RMSE_E_per_atom=  221.55 meV, RMSE_F= 1302.50 meV / A
2025-09-05 04:25:09.418 DEBUG: Deleting old checkpoint file: ./checkpoints/mace_T2_w1_appended_chgnetE0s_run-84_epoch-5.pt
2025-09-05 04:25:09.436 DEBUG: Saving checkpoint: ./checkpoints/mace_T2_w1_appended_chgnetE0s_run-84_epoch-7.pt
2025-09-05 04:35:23.194 INFO: Epoch 8: head: Default, loss=1.74175085, RMSE_E_per_atom=  417.34 meV, RMSE_F=  582.29 meV / A
2025-09-05 04:45:36.765 INFO: Epoch 9: head: Default, loss=0.70838831, RMSE_E_per_atom=  266.16 meV, RMSE_F= 1771.08 meV / A
2025-09-05 04:55:50.262 INFO: Epoch 10: head: Default, loss=0.95374628, RMSE_E_per_atom=  308.83 meV, RMSE_F= 1220.62 meV / A
2025-09-05 05:06:04.078 INFO: Epoch 11: head: Default, loss=0.48014623, RMSE_E_per_atom=  219.12 meV, RMSE_F=  670.75 meV / A
2025-09-05 05:06:04.080 DEBUG: Deleting old checkpoint file: ./checkpoints/mace_T2_w1_appended_chgnetE0s_run-84_epoch-7.pt
2025-09-05 05:06:04.085 DEBUG: Saving checkpoint: ./checkpoints/mace_T2_w1_appended_chgnetE0s_run-84_epoch-11.pt
2025-09-05 05:16:17.961 INFO: Epoch 12: head: Default, loss=0.65457569, RMSE_E_per_atom=  255.85 meV, RMSE_F= 1006.46 meV / A
2025-09-05 05:26:31.523 INFO: Epoch 13: head: Default, loss=0.84770801, RMSE_E_per_atom=  291.15 meV, RMSE_F=  643.24 meV / A
2025-09-05 05:36:45.093 INFO: Epoch 14: head: Default, loss=0.43918398, RMSE_E_per_atom=  209.57 meV, RMSE_F=  643.19 meV / A
2025-09-05 05:36:45.095 DEBUG: Deleting old checkpoint file: ./checkpoints/mace_T2_w1_appended_chgnetE0s_run-84_epoch-11.pt
2025-09-05 05:36:45.100 DEBUG: Saving checkpoint: ./checkpoints/mace_T2_w1_appended_chgnetE0s_run-84_epoch-14.pt
2025-09-05 05:46:58.534 INFO: Epoch 15: head: Default, loss=14375.20517711, RMSE_E_per_atom=37914.65 meV, RMSE_F=58721.97 meV / A
2025-09-05 05:57:12.133 INFO: Epoch 16: head: Default, loss=0.60126463, RMSE_E_per_atom=  245.21 meV, RMSE_F=  720.16 meV / A
2025-09-05 06:07:26.067 INFO: Epoch 17: head: Default, loss=0.36157558, RMSE_E_per_atom=  190.15 meV, RMSE_F=  469.01 meV / A
2025-09-05 06:07:26.070 DEBUG: Deleting old checkpoint file: ./checkpoints/mace_T2_w1_appended_chgnetE0s_run-84_epoch-14.pt
2025-09-05 06:07:26.174 DEBUG: Saving checkpoint: ./checkpoints/mace_T2_w1_appended_chgnetE0s_run-84_epoch-17.pt
2025-09-05 06:17:40.065 INFO: Epoch 18: head: Default, loss=0.25436195, RMSE_E_per_atom=  159.49 meV, RMSE_F=  487.53 meV / A
2025-09-05 06:17:40.068 DEBUG: Deleting old checkpoint file: ./checkpoints/mace_T2_w1_appended_chgnetE0s_run-84_epoch-17.pt
2025-09-05 06:17:40.090 DEBUG: Saving checkpoint: ./checkpoints/mace_T2_w1_appended_chgnetE0s_run-84_epoch-18.pt
2025-09-05 06:27:53.825 INFO: Epoch 19: head: Default, loss=0.20930633, RMSE_E_per_atom=  144.67 meV, RMSE_F=  508.27 meV / A
2025-09-05 06:27:53.827 DEBUG: Deleting old checkpoint file: ./checkpoints/mace_T2_w1_appended_chgnetE0s_run-84_epoch-18.pt
2025-09-05 06:27:53.839 DEBUG: Saving checkpoint: ./checkpoints/mace_T2_w1_appended_chgnetE0s_run-84_epoch-19.pt
2025-09-05 06:38:07.488 INFO: Epoch 20: head: Default, loss=0.14623340, RMSE_E_per_atom=  120.93 meV, RMSE_F=  439.62 meV / A
2025-09-05 06:38:07.491 DEBUG: Deleting old checkpoint file: ./checkpoints/mace_T2_w1_appended_chgnetE0s_run-84_epoch-19.pt
2025-09-05 06:38:07.513 DEBUG: Saving checkpoint: ./checkpoints/mace_T2_w1_appended_chgnetE0s_run-84_epoch-20.pt
2025-09-05 06:48:21.276 INFO: Epoch 21: head: Default, loss=0.50312761, RMSE_E_per_atom=  224.31 meV, RMSE_F=  709.16 meV / A
2025-09-05 06:58:35.169 INFO: Epoch 22: head: Default, loss=0.44600551, RMSE_E_per_atom=  211.19 meV, RMSE_F=  674.92 meV / A
2025-09-05 07:08:48.959 INFO: Epoch 23: head: Default, loss=0.29233590, RMSE_E_per_atom=  170.98 meV, RMSE_F=  947.63 meV / A
2025-09-05 07:19:02.639 INFO: Epoch 24: head: Default, loss=0.22933963, RMSE_E_per_atom=  151.44 meV, RMSE_F=  561.79 meV / A
2025-09-05 07:29:16.538 INFO: Epoch 25: head: Default, loss=0.21382385, RMSE_E_per_atom=  146.23 meV, RMSE_F=  424.82 meV / A
2025-09-05 07:39:30.226 INFO: Epoch 26: head: Default, loss=14.41950252, RMSE_E_per_atom= 1200.81 meV, RMSE_F= 1410.77 meV / A
2025-09-05 07:49:44.035 INFO: Epoch 27: head: Default, loss=0.21699313, RMSE_E_per_atom=  147.31 meV, RMSE_F=  571.50 meV / A
2025-09-05 07:59:57.464 INFO: Epoch 28: head: Default, loss=0.17360843, RMSE_E_per_atom=  131.76 meV, RMSE_F=  517.75 meV / A
2025-09-05 07:59:57.466 INFO: Stopping optimization after 8 epochs without improvement
2025-09-05 07:59:57.466 INFO: Training complete
2025-09-05 07:59:57.466 INFO: 
2025-09-05 07:59:57.466 INFO: ===========RESULTS===========
2025-09-05 07:59:57.549 INFO: Loading checkpoint: ./checkpoints/mace_T2_w1_appended_chgnetE0s_run-84_epoch-20.pt
2025-09-05 07:59:57.624 INFO: Loaded Stage one model from epoch 20 for evaluation
2025-09-05 07:59:57.624 INFO: Saving model to checkpoints/mace_T2_w1_appended_chgnetE0s_run-84.model
2025-09-05 07:59:57.851 INFO: Compiling model, saving metadata to mace_T2_w1_appended_chgnetE0s_compiled.model
2025-09-05 07:59:58.990 INFO: Computing metrics for training, validation, and test sets
2025-09-05 07:59:58.991 INFO: Skipping evaluation for heads: ['pt_head']
2025-09-05 07:59:58.991 INFO: Evaluating train_Default ...
2025-09-05 08:02:46.153 INFO: Evaluating valid_Default ...
2025-09-05 08:04:10.527 INFO: Error-table on TRAIN and VALID:
+---------------+---------------------+------------------+-------------------+
|  config_type  | RMSE E / meV / atom | RMSE F / meV / A | relative F RMSE % |
+---------------+---------------------+------------------+-------------------+
| train_Default |           85.2      |        440.8     |        127.13     |
| valid_Default |          120.9      |        439.6     |        128.20     |
+---------------+---------------------+------------------+-------------------+
2025-09-05 08:04:10.529 DEBUG: Running inference on train_Default dataset
2025-09-05 08:07:00.060 DEBUG: Running inference on valid_Default dataset
2025-09-05 08:08:55.501 INFO: Done
2025-09-05 11:57:19.392 INFO: ===========VERIFYING SETTINGS===========
2025-09-05 11:57:19.392 INFO: MACE version: 0.3.14
2025-09-05 11:57:19.393 DEBUG: Configuration: Namespace(config=None, name='mace_T2_w1_appended_chgnetE0s', seed=84, work_dir='.', log_dir='./logs', model_dir='.', checkpoints_dir='./checkpoints', results_dir='./results', downloads_dir='./downloads', device='cuda', default_dtype='float64', distributed=False, launcher='slurm', log_level='INFO', plot=True, plot_frequency=0, error_table='PerAtomRMSE', model='MACE', r_max=5.0, radial_type='bessel', num_radial_basis=8, num_cutoff_basis=5, pair_repulsion=False, distance_transform='None', apply_cutoff=True, interaction='RealAgnosticResidualInteractionBlock', interaction_first='RealAgnosticResidualInteractionBlock', max_ell=3, correlation=3, use_reduced_cg=True, use_so3=False, use_agnostic_product=False, num_interactions=2, MLP_irreps='16x0e', radial_MLP='[64, 64, 64]', hidden_irreps='128x0e + 128x1o', edge_irreps=None, num_channels=128, max_L=1, gate='silu', scaling='rms_forces_scaling', avg_num_neighbors=1, compute_avg_num_neighbors=True, compute_stress=False, compute_forces=True, train_file='/home/phanim/harshitrawat/summer/T1_T2_T3_data/T3withreplay_chgnet_labeled.extxyz', valid_file='/home/phanim/harshitrawat/summer/T1_T2_T3_data/T2withreplay_chgnet_labeled.extxyz', valid_fraction=0.1, test_file=None, test_dir=None, multi_processed_test=False, num_workers=0, pin_memory=True, atomic_numbers=None, mean=None, std=None, statistics_file=None, E0s='{3: -1.882, 8: -4.913, 40: -8.509, 57: -4.894}', foundation_filter_elements=True, heads=None, multiheads_finetuning=True, foundation_head=None, weight_pt_head=1.0, num_samples_pt=10000, force_mh_ft_lr=False, subselect_pt='random', filter_type_pt='none', pt_train_file=None, pt_valid_file=None, foundation_model_elements=False, keep_isolated_atoms=False, energy_key='REF_energy', forces_key='REF_forces', virials_key='REF_virials', stress_key='REF_stress', dipole_key='dipole', head_key='head', charges_key='REF_charges', elec_temp_key='elec_temp', total_spin_key='total_spin', total_charge_key='total_charge', embedding_specs=None, skip_evaluate_heads='pt_head', loss='weighted', forces_weight=0.0, swa_forces_weight=100.0, energy_weight=10.0, swa_energy_weight=1000.0, virials_weight=1.0, swa_virials_weight=10.0, stress_weight=0.0, swa_stress_weight=10.0, dipole_weight=1.0, swa_dipole_weight=1.0, config_type_weights='{"Default":1.0}', huber_delta=0.01, optimizer='adam', beta=0.9, batch_size=2, valid_batch_size=1, lr=0.06, swa_lr=0.001, weight_decay=1e-08, amsgrad=True, scheduler='ReduceLROnPlateau', lr_factor=0.8, scheduler_patience=4, lr_scheduler_gamma=0.9993, swa=False, start_swa=None, lbfgs=False, ema=False, ema_decay=0.99, max_num_epochs=40, patience=8, foundation_model='/home/phanim/harshitrawat/summer/mace_models/universal/2024-01-07-mace-128-L2_epoch-199.model', foundation_model_readout=False, eval_interval=1, keep_checkpoints=False, save_all_checkpoints=False, restart_latest=True, save_cpu=False, clip_grad=1.0, dry_run=False, enable_cueq=False, only_cueq=False, wandb=False, wandb_dir=None, wandb_project='', wandb_entity='', wandb_name='', wandb_log_hypers=['num_channels', 'max_L', 'correlation', 'lr', 'swa_lr', 'weight_decay', 'batch_size', 'max_num_epochs', 'start_swa', 'energy_weight', 'forces_weight'], key_specification=KeySpecification(info_keys={'energy': 'REF_energy', 'stress': 'REF_stress', 'virials': 'REF_virials', 'dipole': 'dipole', 'head': 'head', 'elec_temp': 'elec_temp', 'total_charge': 'total_charge', 'total_spin': 'total_spin'}, arrays_keys={'forces': 'REF_forces', 'charges': 'REF_charges'}))
2025-09-05 11:57:19.905 INFO: CUDA version: 12.1, CUDA device: 0
2025-09-05 11:57:20.159 DEBUG: Popen(['git', 'version'], cwd=/home/phanim/harshitrawat/summer, stdin=None, shell=False, universal_newlines=False)
2025-09-05 11:57:20.165 DEBUG: Popen(['git', 'version'], cwd=/home/phanim/harshitrawat/summer, stdin=None, shell=False, universal_newlines=False)
2025-09-05 11:57:20.198 DEBUG: Popen(['git', 'cat-file', '--batch-check'], cwd=/home/phanim/harshitrawat/summer, stdin=<valid stream>, shell=False, universal_newlines=False)
2025-09-05 11:57:20.238 DEBUG: Current Git commit: 7bc4aa2b02a199f3650610a022c2258d3b2e92ae
2025-09-05 11:57:20.711 INFO: Using foundation model /home/phanim/harshitrawat/summer/mace_models/universal/2024-01-07-mace-128-L2_epoch-199.model as initial checkpoint.
2025-09-05 11:57:20.712 WARNING: Using multiheads finetuning with a foundation model that is not a Materials Project model, need to provied a path to a pretraining file with --pt_train_file.
2025-09-05 11:57:20.712 INFO: ===========LOADING INPUT DATA===========
2025-09-05 11:57:20.712 INFO: Using heads: ['Default']
2025-09-05 11:57:20.712 INFO: Using the key specifications to parse data:
2025-09-05 11:57:20.712 INFO: Default: KeySpecification(info_keys={'energy': 'REF_energy', 'stress': 'REF_stress', 'virials': 'REF_virials', 'dipole': 'dipole', 'head': 'head', 'elec_temp': 'elec_temp', 'total_charge': 'total_charge', 'total_spin': 'total_spin'}, arrays_keys={'forces': 'REF_forces', 'charges': 'REF_charges'})
2025-09-05 11:57:20.713 INFO: =============    Processing head Default     ===========
2025-09-05 11:57:20.715 DEBUG: Loading training file: /home/phanim/harshitrawat/summer/T1_T2_T3_data/T3withreplay_chgnet_labeled.extxyz
2025-09-05 11:57:26.822 INFO: Training set 1/1 [energy: 1754, stress: 0, virials: 0, dipole components: 0, head: 1754, elec_temp: 0, total_charge: 0, total_spin: 0, forces: 1612, charges: 0]
2025-09-05 11:57:26.827 INFO: Total Training set [energy: 1754, stress: 0, virials: 0, dipole components: 0, head: 1754, elec_temp: 0, total_charge: 0, total_spin: 0, forces: 1612, charges: 0]
2025-09-05 11:57:29.440 INFO: Validation set 1/1 [energy: 847, stress: 0, virials: 0, dipole components: 0, head: 847, elec_temp: 0, total_charge: 0, total_spin: 0, forces: 705, charges: 0]
2025-09-05 11:57:29.442 INFO: Total Validation set [energy: 847, stress: 0, virials: 0, dipole components: 0, head: 847, elec_temp: 0, total_charge: 0, total_spin: 0, forces: 705, charges: 0]
2025-09-05 11:57:29.442 INFO: Total number of configurations: train=1754, valid=847, tests=[],
2025-09-05 11:57:29.558 INFO: Atomic Numbers used: [3, 8, 40, 57]
2025-09-05 11:57:29.558 INFO: Isolated Atomic Energies (E0s) not in training file, using command line argument
2025-09-05 11:57:29.558 INFO: Atomic Energies used (z: eV) for head Default: {3: -1.882, 8: -4.913, 40: -8.509, 57: -4.894}
2025-09-05 11:57:29.558 INFO: Processing datasets for head 'Default'
2025-09-05 11:58:18.420 DEBUG: Successfully loaded dataset from ASE files: ['/home/phanim/harshitrawat/summer/T1_T2_T3_data/T3withreplay_chgnet_labeled.extxyz']
2025-09-05 11:58:18.420 INFO: Combining 1 list datasets for head 'Default'
2025-09-05 11:58:39.925 DEBUG: Successfully loaded validation dataset from ASE files: ['/home/phanim/harshitrawat/summer/T1_T2_T3_data/T2withreplay_chgnet_labeled.extxyz']
2025-09-05 11:58:39.925 INFO: Combining 1 list datasets for head 'Default_valid'
2025-09-05 11:58:39.925 INFO: Combined validation datasets for Default
2025-09-05 11:58:39.925 INFO: Head 'Default' training dataset size: 1754
2025-09-05 11:58:39.926 INFO: Computing average number of neighbors
2025-09-05 11:58:42.307 INFO: Average number of neighbors: 67.31388041084317
2025-09-05 11:58:42.308 INFO: During training the following quantities will be reported: energy, forces
2025-09-05 11:58:42.308 INFO: ===========MODEL DETAILS===========
2025-09-05 11:58:43.729 INFO: Loading FOUNDATION model
2025-09-05 11:58:43.731 INFO: Using filtered elements: [3, 8, 40, 57]
2025-09-05 11:58:43.731 INFO: Model configuration extracted from foundation model
2025-09-05 11:58:43.731 INFO: Using weighted loss function for fine-tuning
2025-09-05 11:58:43.731 INFO: Message passing with hidden irreps 128x0e+128x1o+128x2e)
2025-09-05 11:58:43.731 INFO: 2 layers, each with correlation order: 3 (body order: 4) and spherical harmonics up to: l=3
2025-09-05 11:58:43.731 INFO: Radial cutoff: 6.0 A (total receptive field for each atom: 12.0 A)
2025-09-05 11:58:43.731 INFO: Distance transform for radial basis functions: None
2025-09-05 11:58:44.996 DEBUG: ScaleShiftMACE(
  (node_embedding): LinearNodeEmbeddingBlock(
    (linear): Linear(4x0e -> 128x0e | 512 weights)
  )
  (radial_embedding): RadialEmbeddingBlock(
    (bessel_fn): BesselBasis(r_max=6.0, num_basis=10, trainable=True)
    (cutoff_fn): PolynomialCutoff(p=5, r_max=6.0)
  )
  (spherical_harmonics): SphericalHarmonics()
  (atomic_energies_fn): AtomicEnergiesBlock(energies=[[-1.8820, -4.9130, -8.5090, -4.8940]])
  (interactions): ModuleList(
    (0): RealAgnosticResidualInteractionBlock(
      (linear_up): Linear(128x0e -> 128x0e | 16384 weights)
      (conv_tp): TensorProduct(128x0e x 1x0e+1x1o+1x2e+1x3o -> 128x0e+128x1o+128x2e+128x3o | 512 paths | 512 weights)
      (conv_tp_weights): FullyConnectedNet[10, 64, 64, 64, 512]
      (linear): Linear(128x0e+128x1o+128x2e+128x3o -> 128x0e+128x1o+128x2e+128x3o | 65536 weights)
      (skip_tp): FullyConnectedTensorProduct(128x0e x 4x0e -> 128x0e+128x1o+128x2e | 65536 paths | 65536 weights)
      (reshape): reshape_irreps()
    )
    (1): RealAgnosticResidualInteractionBlock(
      (linear_up): Linear(128x0e+128x1o+128x2e -> 128x0e+128x1o+128x2e | 49152 weights)
      (conv_tp): TensorProduct(128x0e+128x1o+128x2e x 1x0e+1x1o+1x2e+1x3o -> 384x0e+640x1o+640x2e+512x3o | 2176 paths | 2176 weights)
      (conv_tp_weights): FullyConnectedNet[10, 64, 64, 64, 2176]
      (linear): Linear(128x0e+128x0e+128x0e+128x1o+128x1o+128x1o+128x1o+128x1o+128x2e+128x2e+128x2e+128x2e+128x2e+128x3o+128x3o+128x3o+128x3o -> 128x0e+128x1o+128x2e+128x3o | 278528 weights)
      (skip_tp): FullyConnectedTensorProduct(128x0e+128x1o+128x2e x 4x0e -> 128x0e | 65536 paths | 65536 weights)
      (reshape): reshape_irreps()
    )
  )
  (products): ModuleList(
    (0): EquivariantProductBasisBlock(
      (symmetric_contractions): SymmetricContraction(
        (contractions): ModuleList(
          (0): Contraction(
            (contractions_weighting): ModuleList(
              (0-1): 2 x GraphModule()
            )
            (contractions_features): ModuleList(
              (0-1): 2 x GraphModule()
            )
            (weights): ParameterList(
                (0): Parameter containing: [torch.float64 of size 4x4x128 (cuda:0)]
                (1): Parameter containing: [torch.float64 of size 4x1x128 (cuda:0)]
            )
            (graph_opt_main): GraphModule()
          )
          (1): Contraction(
            (contractions_weighting): ModuleList(
              (0-1): 2 x GraphModule()
            )
            (contractions_features): ModuleList(
              (0-1): 2 x GraphModule()
            )
            (weights): ParameterList(
                (0): Parameter containing: [torch.float64 of size 4x6x128 (cuda:0)]
                (1): Parameter containing: [torch.float64 of size 4x1x128 (cuda:0)]
            )
            (graph_opt_main): GraphModule()
          )
          (2): Contraction(
            (contractions_weighting): ModuleList(
              (0-1): 2 x GraphModule()
            )
            (contractions_features): ModuleList(
              (0-1): 2 x GraphModule()
            )
            (weights): ParameterList(
                (0): Parameter containing: [torch.float64 of size 4x7x128 (cuda:0)]
                (1): Parameter containing: [torch.float64 of size 4x1x128 (cuda:0)]
            )
            (graph_opt_main): GraphModule()
          )
        )
      )
      (linear): Linear(128x0e+128x1o+128x2e -> 128x0e+128x1o+128x2e | 49152 weights)
    )
    (1): EquivariantProductBasisBlock(
      (symmetric_contractions): SymmetricContraction(
        (contractions): ModuleList(
          (0): Contraction(
            (contractions_weighting): ModuleList(
              (0-1): 2 x GraphModule()
            )
            (contractions_features): ModuleList(
              (0-1): 2 x GraphModule()
            )
            (weights): ParameterList(
                (0): Parameter containing: [torch.float64 of size 4x4x128 (cuda:0)]
                (1): Parameter containing: [torch.float64 of size 4x1x128 (cuda:0)]
            )
            (graph_opt_main): GraphModule()
          )
        )
      )
      (linear): Linear(128x0e -> 128x0e | 16384 weights)
    )
  )
  (readouts): ModuleList(
    (0): LinearReadoutBlock(
      (linear): Linear(128x0e+128x1o+128x2e -> 1x0e | 128 weights)
    )
    (1): NonLinearReadoutBlock(
      (linear_1): Linear(128x0e -> 16x0e | 2048 weights)
      (non_linearity): Activation [x] (16x0e -> 16x0e)
      (linear_2): Linear(16x0e -> 1x0e | 16 weights)
    )
  )
  (scale_shift): ScaleShiftBlock(scale=0.8042, shift=0.1641)
)
2025-09-05 11:58:44.997 INFO: Total number of parameters: 894362
2025-09-05 11:58:44.998 INFO: 
2025-09-05 11:58:44.998 INFO: ===========OPTIMIZER INFORMATION===========
2025-09-05 11:58:44.998 INFO: Using ADAM as parameter optimizer
2025-09-05 11:58:44.998 INFO: Batch size: 2
2025-09-05 11:58:44.998 INFO: Number of gradient updates: 35080
2025-09-05 11:58:44.998 INFO: Learning rate: 0.06, weight decay: 1e-08
2025-09-05 11:58:44.998 INFO: WeightedEnergyForcesLoss(energy_weight=10.000, forces_weight=0.000)
2025-09-05 11:58:45.044 WARNING: No SWA checkpoint found, while SWA is enabled. Compare the swa_start parameter and the latest checkpoint.
2025-09-05 11:58:45.045 INFO: Loading checkpoint: ./checkpoints/mace_T2_w1_appended_chgnetE0s_run-84_epoch-20.pt
2025-09-05 11:58:45.085 INFO: Using gradient clipping with tolerance=1.000
2025-09-05 11:58:45.085 INFO: 
2025-09-05 11:58:45.085 INFO: ===========TRAINING===========
2025-09-05 11:58:45.085 INFO: Started training, reporting errors on validation set
2025-09-05 11:58:45.085 INFO: Loss metrics on validation set
2025-09-05 12:00:14.938 INFO: Initial: head: Default, loss=0.14623340, RMSE_E_per_atom=  120.93 meV, RMSE_F=  439.62 meV / A
2025-09-05 12:10:38.378 INFO: Epoch 20: head: Default, loss=0.15783073, RMSE_E_per_atom=  125.63 meV, RMSE_F=  795.87 meV / A
2025-09-05 12:10:38.381 DEBUG: Saving checkpoint: ./checkpoints/mace_T2_w1_appended_chgnetE0s_run-84_epoch-20.pt
2025-09-05 12:20:55.217 INFO: Epoch 21: head: Default, loss=0.23648840, RMSE_E_per_atom=  153.78 meV, RMSE_F=  500.00 meV / A
2025-09-05 12:31:11.706 INFO: Epoch 22: head: Default, loss=0.46529245, RMSE_E_per_atom=  215.71 meV, RMSE_F=  641.54 meV / A
2025-09-05 12:41:28.157 INFO: Epoch 23: head: Default, loss=0.20261113, RMSE_E_per_atom=  142.34 meV, RMSE_F=  427.61 meV / A
2025-09-05 12:51:44.311 INFO: Epoch 24: head: Default, loss=0.27386161, RMSE_E_per_atom=  165.49 meV, RMSE_F= 1811.66 meV / A
2025-09-05 13:02:00.677 INFO: Epoch 25: head: Default, loss=0.35194841, RMSE_E_per_atom=  187.60 meV, RMSE_F=  661.63 meV / A
2025-09-05 13:12:17.139 INFO: Epoch 26: head: Default, loss=0.18049814, RMSE_E_per_atom=  134.35 meV, RMSE_F=  638.78 meV / A
2025-09-05 13:22:33.630 INFO: Epoch 27: head: Default, loss=0.21204210, RMSE_E_per_atom=  145.62 meV, RMSE_F=  724.94 meV / A
2025-09-05 13:32:50.189 INFO: Epoch 28: head: Default, loss=0.16572431, RMSE_E_per_atom=  128.73 meV, RMSE_F= 1037.57 meV / A
2025-09-05 13:32:50.191 INFO: Stopping optimization after 8 epochs without improvement
2025-09-05 13:32:50.191 INFO: Training complete
2025-09-05 13:32:50.191 INFO: 
2025-09-05 13:32:50.191 INFO: ===========RESULTS===========
2025-09-05 13:32:50.263 INFO: Loading checkpoint: ./checkpoints/mace_T2_w1_appended_chgnetE0s_run-84_epoch-20.pt
2025-09-05 13:32:50.296 INFO: Loaded Stage one model from epoch 20 for evaluation
2025-09-05 13:32:50.297 INFO: Saving model to checkpoints/mace_T2_w1_appended_chgnetE0s_run-84.model
2025-09-05 13:32:50.555 INFO: Compiling model, saving metadata to mace_T2_w1_appended_chgnetE0s_compiled.model
2025-09-05 13:32:51.553 INFO: Computing metrics for training, validation, and test sets
2025-09-05 13:32:51.554 INFO: Skipping evaluation for heads: ['pt_head']
2025-09-05 13:32:51.554 INFO: Evaluating train_Default ...
2025-09-05 13:35:38.909 INFO: Evaluating valid_Default ...
2025-09-05 13:37:03.037 INFO: Error-table on TRAIN and VALID:
+---------------+---------------------+------------------+-------------------+
|  config_type  | RMSE E / meV / atom | RMSE F / meV / A | relative F RMSE % |
+---------------+---------------------+------------------+-------------------+
| train_Default |           88.7      |        806.1     |        232.49     |
| valid_Default |          125.6      |        795.9     |        232.09     |
+---------------+---------------------+------------------+-------------------+
2025-09-05 13:37:03.037 DEBUG: Running inference on train_Default dataset
2025-09-05 13:39:52.850 DEBUG: Running inference on valid_Default dataset
2025-09-05 13:41:48.197 INFO: Done
