2025-09-26 17:14:20.316 INFO: ===========VERIFYING SETTINGS===========
2025-09-26 17:14:20.316 INFO: MACE version: 0.3.14
2025-09-26 17:14:20.316 DEBUG: Configuration: Namespace(config=None, name='mace_T1_w4_2heads_final', seed=30, work_dir='.', log_dir='./logs', model_dir='.', checkpoints_dir='./checkpoints', results_dir='./results', downloads_dir='./downloads', device='cuda', default_dtype='float64', distributed=False, launcher='slurm', log_level='INFO', plot=True, plot_frequency=0, error_table='PerAtomRMSE', model='MACE', r_max=5.0, radial_type='bessel', num_radial_basis=8, num_cutoff_basis=5, pair_repulsion=False, distance_transform='None', apply_cutoff=True, interaction='RealAgnosticResidualInteractionBlock', interaction_first='RealAgnosticResidualInteractionBlock', max_ell=3, correlation=3, use_reduced_cg=True, use_so3=False, use_agnostic_product=False, num_interactions=2, MLP_irreps='16x0e', radial_MLP='[64, 64, 64]', hidden_irreps='128x0e + 128x1o', edge_irreps=None, num_channels=128, max_L=1, gate='silu', scaling='rms_forces_scaling', avg_num_neighbors=1, compute_avg_num_neighbors=True, compute_stress=False, compute_forces=True, train_file=None, valid_file='/home/phanim/harshitrawat/summer/T1_T2_T3_data/T2_chgnet_labeled.extxyz', valid_fraction=0.1, test_file=None, test_dir=None, multi_processed_test=False, num_workers=0, pin_memory=True, atomic_numbers='[3,8,40,57]', mean=None, std=None, statistics_file=None, E0s=None, foundation_filter_elements=True, heads='{\n  "target_head": {\n    "train_file": "/home/phanim/harshitrawat/summer/T1_T2_T3_data/T1_chgnet_labeled.extxyz",\n    "E0s": "/home/phanim/harshitrawat/summer/e0s_llzo.json"\n  },\n  "pt_head": {\n    "train_file": "/home/phanim/harshitrawat/summer/replay_data/replay_labeled_by_chgnet.extxyz",\n    "E0s": "/home/phanim/harshitrawat/summer/e0s_llzo.json"\n  }\n}', multiheads_finetuning=True, foundation_head=None, weight_pt_head=1.0, num_samples_pt=10000, force_mh_ft_lr=False, subselect_pt='random', filter_type_pt='none', pt_train_file=None, pt_valid_file=None, foundation_model_elements=False, keep_isolated_atoms=False, energy_key='REF_energy', forces_key='REF_forces', virials_key='REF_virials', stress_key='REF_stress', dipole_key='dipole', head_key='head', charges_key='REF_charges', elec_temp_key='elec_temp', total_spin_key='total_spin', total_charge_key='total_charge', embedding_specs=None, skip_evaluate_heads='pt_head', loss='weighted', forces_weight=10.0, swa_forces_weight=100.0, energy_weight=50.0, swa_energy_weight=1000.0, virials_weight=1.0, swa_virials_weight=10.0, stress_weight=0.0, swa_stress_weight=10.0, dipole_weight=1.0, swa_dipole_weight=1.0, config_type_weights='{"Default":1.0}', huber_delta=0.01, optimizer='adam', beta=0.9, batch_size=2, valid_batch_size=1, lr=0.0002, swa_lr=0.001, weight_decay=1e-08, amsgrad=True, scheduler='ReduceLROnPlateau', lr_factor=0.8, scheduler_patience=4, lr_scheduler_gamma=0.9993, swa=False, start_swa=None, lbfgs=False, ema=False, ema_decay=0.99, max_num_epochs=15, patience=8, foundation_model='/home/phanim/harshitrawat/summer/mace_models/universal/2024-01-07-mace-128-L2_epoch-199.model', foundation_model_readout=False, eval_interval=1, keep_checkpoints=False, save_all_checkpoints=False, restart_latest=True, save_cpu=False, clip_grad=1.0, dry_run=False, enable_cueq=False, only_cueq=False, wandb=False, wandb_dir=None, wandb_project='', wandb_entity='', wandb_name='', wandb_log_hypers=['num_channels', 'max_L', 'correlation', 'lr', 'swa_lr', 'weight_decay', 'batch_size', 'max_num_epochs', 'start_swa', 'energy_weight', 'forces_weight'], key_specification=KeySpecification(info_keys={'energy': 'REF_energy', 'stress': 'REF_stress', 'virials': 'REF_virials', 'dipole': 'dipole', 'head': 'head', 'elec_temp': 'elec_temp', 'total_charge': 'total_charge', 'total_spin': 'total_spin'}, arrays_keys={'forces': 'REF_forces', 'charges': 'REF_charges'}))
2025-09-26 17:14:20.954 INFO: CUDA version: 12.1, CUDA device: 0
2025-09-26 17:14:21.326 DEBUG: Popen(['git', 'version'], cwd=/home/phanim/harshitrawat/summer, stdin=None, shell=False, universal_newlines=False)
2025-09-26 17:14:21.331 DEBUG: Popen(['git', 'version'], cwd=/home/phanim/harshitrawat/summer, stdin=None, shell=False, universal_newlines=False)
2025-09-26 17:14:21.502 DEBUG: Popen(['git', 'cat-file', '--batch-check'], cwd=/home/phanim/harshitrawat/summer, stdin=<valid stream>, shell=False, universal_newlines=False)
2025-09-26 17:14:21.677 DEBUG: Current Git commit: 7bc4aa2b02a199f3650610a022c2258d3b2e92ae
2025-09-26 17:14:22.105 INFO: Using foundation model /home/phanim/harshitrawat/summer/mace_models/universal/2024-01-07-mace-128-L2_epoch-199.model as initial checkpoint.
2025-09-26 17:14:22.106 WARNING: Using multiheads finetuning with a foundation model that is not a Materials Project model, need to provied a path to a pretraining file with --pt_train_file.
2025-09-26 17:14:22.106 INFO: ===========LOADING INPUT DATA===========
2025-09-26 17:14:22.106 INFO: Using heads: ['target_head', 'pt_head']
2025-09-26 17:14:22.106 INFO: Using the key specifications to parse data:
2025-09-26 17:14:22.106 INFO: target_head: KeySpecification(info_keys={'energy': 'REF_energy', 'stress': 'REF_stress', 'virials': 'REF_virials', 'dipole': 'dipole', 'head': 'head', 'elec_temp': 'elec_temp', 'total_charge': 'total_charge', 'total_spin': 'total_spin'}, arrays_keys={'forces': 'REF_forces', 'charges': 'REF_charges'})
2025-09-26 17:14:22.106 INFO: pt_head: KeySpecification(info_keys={'energy': 'REF_energy', 'stress': 'REF_stress', 'virials': 'REF_virials', 'dipole': 'dipole', 'head': 'head', 'elec_temp': 'elec_temp', 'total_charge': 'total_charge', 'total_spin': 'total_spin'}, arrays_keys={'forces': 'REF_forces', 'charges': 'REF_charges'})
2025-09-26 17:14:22.106 INFO: =============    Processing head target_head     ===========
2025-09-26 17:14:22.136 DEBUG: Loading training file: /home/phanim/harshitrawat/summer/T1_T2_T3_data/T1_chgnet_labeled.extxyz
2025-09-26 17:14:45.488 INFO: Training set 1/1 [energy: 6337, stress: 0, virials: 0, dipole components: 0, head: 6337, elec_temp: 0, total_charge: 0, total_spin: 0, forces: 6337, charges: 0]
2025-09-26 17:14:45.511 INFO: Total Training set [energy: 6337, stress: 0, virials: 0, dipole components: 0, head: 6337, elec_temp: 0, total_charge: 0, total_spin: 0, forces: 6337, charges: 0]
2025-09-26 17:14:48.387 INFO: Validation set 1/1 [energy: 705, stress: 0, virials: 0, dipole components: 0, head: 705, elec_temp: 0, total_charge: 0, total_spin: 0, forces: 705, charges: 0]
2025-09-26 17:14:48.389 INFO: Total Validation set [energy: 705, stress: 0, virials: 0, dipole components: 0, head: 705, elec_temp: 0, total_charge: 0, total_spin: 0, forces: 705, charges: 0]
2025-09-26 17:14:48.389 INFO: Total number of configurations: train=6337, valid=705, tests=[],
2025-09-26 17:14:48.389 INFO: =============    Processing head pt_head     ===========
2025-09-26 17:14:48.403 DEBUG: Loading training file: /home/phanim/harshitrawat/summer/replay_data/replay_labeled_by_chgnet.extxyz
2025-09-26 17:14:48.469 INFO: Training set 1/1 [energy: 142, stress: 0, virials: 0, dipole components: 0, head: 142, elec_temp: 0, total_charge: 0, total_spin: 0, forces: 0, charges: 0]
2025-09-26 17:14:48.470 INFO: Total Training set [energy: 142, stress: 0, virials: 0, dipole components: 0, head: 142, elec_temp: 0, total_charge: 0, total_spin: 0, forces: 0, charges: 0]
2025-09-26 17:14:51.225 INFO: Validation set 1/1 [energy: 705, stress: 0, virials: 0, dipole components: 0, head: 705, elec_temp: 0, total_charge: 0, total_spin: 0, forces: 705, charges: 0]
2025-09-26 17:14:51.227 INFO: Total Validation set [energy: 705, stress: 0, virials: 0, dipole components: 0, head: 705, elec_temp: 0, total_charge: 0, total_spin: 0, forces: 705, charges: 0]
2025-09-26 17:14:51.228 INFO: Total number of configurations: train=142, valid=705, tests=[],
2025-09-26 17:14:51.228 INFO: Using atomic numbers from command line argument
2025-09-26 17:14:51.228 INFO: Using atomic numbers from command line argument
2025-09-26 17:14:51.228 INFO: Atomic Numbers used: [3, 8, 40, 57]
2025-09-26 17:14:51.228 INFO: Isolated Atomic Energies (E0s) not in training file, using command line argument
2025-09-26 17:14:51.228 INFO: Loading atomic energies from /home/phanim/harshitrawat/summer/e0s_llzo.json
2025-09-26 17:14:51.230 INFO: Isolated Atomic Energies (E0s) not in training file, using command line argument
2025-09-26 17:14:51.230 INFO: Loading atomic energies from /home/phanim/harshitrawat/summer/e0s_llzo.json
2025-09-26 17:14:51.231 INFO: Atomic Energies used (z: eV) for head target_head: {3: -1.882, 8: -4.913, 40: -8.509, 57: -4.894}
2025-09-26 17:14:51.231 INFO: Atomic Energies used (z: eV) for head pt_head: {3: -1.882, 8: -4.913, 40: -8.509, 57: -4.894}
2025-09-26 17:14:51.231 INFO: Processing datasets for head 'target_head'
2025-09-26 17:18:09.437 DEBUG: Successfully loaded dataset from ASE files: ['/home/phanim/harshitrawat/summer/T1_T2_T3_data/T1_chgnet_labeled.extxyz']
2025-09-26 17:18:09.438 INFO: Combining 1 list datasets for head 'target_head'
2025-09-26 17:18:31.583 DEBUG: Successfully loaded validation dataset from ASE files: ['/home/phanim/harshitrawat/summer/T1_T2_T3_data/T2_chgnet_labeled.extxyz']
2025-09-26 17:18:31.583 INFO: Combining 1 list datasets for head 'target_head_valid'
2025-09-26 17:18:31.583 INFO: Combined validation datasets for target_head
2025-09-26 17:18:31.583 INFO: Head 'target_head' training dataset size: 6337
2025-09-26 17:18:31.584 INFO: Processing datasets for head 'pt_head'
2025-09-26 17:18:31.698 DEBUG: Successfully loaded dataset from ASE files: ['/home/phanim/harshitrawat/summer/replay_data/replay_labeled_by_chgnet.extxyz']
2025-09-26 17:18:31.698 INFO: Combining 1 list datasets for head 'pt_head'
2025-09-26 17:18:53.910 DEBUG: Successfully loaded validation dataset from ASE files: ['/home/phanim/harshitrawat/summer/T1_T2_T3_data/T2_chgnet_labeled.extxyz']
2025-09-26 17:18:53.910 INFO: Combining 1 list datasets for head 'pt_head_valid'
2025-09-26 17:18:53.910 INFO: Combined validation datasets for pt_head
2025-09-26 17:18:53.910 INFO: Head 'pt_head' training dataset size: 142
2025-09-26 17:18:53.911 INFO: Computing average number of neighbors
2025-09-26 17:19:02.778 INFO: Average number of neighbors: 68.51702866636302
2025-09-26 17:19:02.780 INFO: During training the following quantities will be reported: energy, forces
2025-09-26 17:19:02.780 INFO: ===========MODEL DETAILS===========
2025-09-26 17:19:08.785 WARNING: Standard deviation of the scaling is zero, Changing to no scaling
2025-09-26 17:19:08.798 INFO: Loading FOUNDATION model
2025-09-26 17:19:08.799 INFO: Using filtered elements: [3, 8, 40, 57]
2025-09-26 17:19:08.799 INFO: Model configuration extracted from foundation model
2025-09-26 17:19:08.799 INFO: Using weighted loss function for fine-tuning
2025-09-26 17:19:08.799 INFO: Message passing with hidden irreps 128x0e+128x1o+128x2e)
2025-09-26 17:19:08.799 INFO: 2 layers, each with correlation order: 3 (body order: 4) and spherical harmonics up to: l=3
2025-09-26 17:19:08.799 INFO: Radial cutoff: 6.0 A (total receptive field for each atom: 12.0 A)
2025-09-26 17:19:08.800 INFO: Distance transform for radial basis functions: None
2025-09-26 17:19:10.189 DEBUG: ScaleShiftMACE(
  (node_embedding): LinearNodeEmbeddingBlock(
    (linear): Linear(4x0e -> 128x0e | 512 weights)
  )
  (radial_embedding): RadialEmbeddingBlock(
    (bessel_fn): BesselBasis(r_max=6.0, num_basis=10, trainable=True)
    (cutoff_fn): PolynomialCutoff(p=5, r_max=6.0)
  )
  (spherical_harmonics): SphericalHarmonics()
  (atomic_energies_fn): AtomicEnergiesBlock(energies=[[-1.8820, -4.9130, -8.5090, -4.8940], [-1.8820, -4.9130, -8.5090, -4.8940]])
  (interactions): ModuleList(
    (0): RealAgnosticResidualInteractionBlock(
      (linear_up): Linear(128x0e -> 128x0e | 16384 weights)
      (conv_tp): TensorProduct(128x0e x 1x0e+1x1o+1x2e+1x3o -> 128x0e+128x1o+128x2e+128x3o | 512 paths | 512 weights)
      (conv_tp_weights): FullyConnectedNet[10, 64, 64, 64, 512]
      (linear): Linear(128x0e+128x1o+128x2e+128x3o -> 128x0e+128x1o+128x2e+128x3o | 65536 weights)
      (skip_tp): FullyConnectedTensorProduct(128x0e x 4x0e -> 128x0e+128x1o+128x2e | 65536 paths | 65536 weights)
      (reshape): reshape_irreps()
    )
    (1): RealAgnosticResidualInteractionBlock(
      (linear_up): Linear(128x0e+128x1o+128x2e -> 128x0e+128x1o+128x2e | 49152 weights)
      (conv_tp): TensorProduct(128x0e+128x1o+128x2e x 1x0e+1x1o+1x2e+1x3o -> 384x0e+640x1o+640x2e+512x3o | 2176 paths | 2176 weights)
      (conv_tp_weights): FullyConnectedNet[10, 64, 64, 64, 2176]
      (linear): Linear(128x0e+128x0e+128x0e+128x1o+128x1o+128x1o+128x1o+128x1o+128x2e+128x2e+128x2e+128x2e+128x2e+128x3o+128x3o+128x3o+128x3o -> 128x0e+128x1o+128x2e+128x3o | 278528 weights)
      (skip_tp): FullyConnectedTensorProduct(128x0e+128x1o+128x2e x 4x0e -> 128x0e | 65536 paths | 65536 weights)
      (reshape): reshape_irreps()
    )
  )
  (products): ModuleList(
    (0): EquivariantProductBasisBlock(
      (symmetric_contractions): SymmetricContraction(
        (contractions): ModuleList(
          (0): Contraction(
            (contractions_weighting): ModuleList(
              (0-1): 2 x GraphModule()
            )
            (contractions_features): ModuleList(
              (0-1): 2 x GraphModule()
            )
            (weights): ParameterList(
                (0): Parameter containing: [torch.float64 of size 4x4x128 (cuda:0)]
                (1): Parameter containing: [torch.float64 of size 4x1x128 (cuda:0)]
            )
            (graph_opt_main): GraphModule()
          )
          (1): Contraction(
            (contractions_weighting): ModuleList(
              (0-1): 2 x GraphModule()
            )
            (contractions_features): ModuleList(
              (0-1): 2 x GraphModule()
            )
            (weights): ParameterList(
                (0): Parameter containing: [torch.float64 of size 4x6x128 (cuda:0)]
                (1): Parameter containing: [torch.float64 of size 4x1x128 (cuda:0)]
            )
            (graph_opt_main): GraphModule()
          )
          (2): Contraction(
            (contractions_weighting): ModuleList(
              (0-1): 2 x GraphModule()
            )
            (contractions_features): ModuleList(
              (0-1): 2 x GraphModule()
            )
            (weights): ParameterList(
                (0): Parameter containing: [torch.float64 of size 4x7x128 (cuda:0)]
                (1): Parameter containing: [torch.float64 of size 4x1x128 (cuda:0)]
            )
            (graph_opt_main): GraphModule()
          )
        )
      )
      (linear): Linear(128x0e+128x1o+128x2e -> 128x0e+128x1o+128x2e | 49152 weights)
    )
    (1): EquivariantProductBasisBlock(
      (symmetric_contractions): SymmetricContraction(
        (contractions): ModuleList(
          (0): Contraction(
            (contractions_weighting): ModuleList(
              (0-1): 2 x GraphModule()
            )
            (contractions_features): ModuleList(
              (0-1): 2 x GraphModule()
            )
            (weights): ParameterList(
                (0): Parameter containing: [torch.float64 of size 4x4x128 (cuda:0)]
                (1): Parameter containing: [torch.float64 of size 4x1x128 (cuda:0)]
            )
            (graph_opt_main): GraphModule()
          )
        )
      )
      (linear): Linear(128x0e -> 128x0e | 16384 weights)
    )
  )
  (readouts): ModuleList(
    (0): LinearReadoutBlock(
      (linear): Linear(128x0e+128x1o+128x2e -> 2x0e | 256 weights)
    )
    (1): NonLinearReadoutBlock(
      (linear_1): Linear(128x0e -> 32x0e | 4096 weights)
      (non_linearity): Activation [x] (32x0e -> 32x0e)
      (linear_2): Linear(32x0e -> 2x0e | 64 weights)
    )
  )
  (scale_shift): ScaleShiftBlock(scale=0.8042, 0.8042, shift=0.1641, 0.1641)
)
2025-09-26 17:19:10.190 INFO: Total number of parameters: 896586
2025-09-26 17:19:10.190 INFO: 
2025-09-26 17:19:10.190 INFO: ===========OPTIMIZER INFORMATION===========
2025-09-26 17:19:10.190 INFO: Using ADAM as parameter optimizer
2025-09-26 17:19:10.190 INFO: Batch size: 2
2025-09-26 17:19:10.190 INFO: Number of gradient updates: 48592
2025-09-26 17:19:10.190 INFO: Learning rate: 0.0002, weight decay: 1e-08
2025-09-26 17:19:10.190 INFO: WeightedEnergyForcesLoss(energy_weight=50.000, forces_weight=10.000)
2025-09-26 17:19:10.419 WARNING: Cannot find checkpoint with tag 'mace_T1_w4_2heads_final_run-30' in './checkpoints'
2025-09-26 17:19:10.419 INFO: Using gradient clipping with tolerance=1.000
2025-09-26 17:19:10.419 INFO: 
2025-09-26 17:19:10.419 INFO: ===========TRAINING===========
2025-09-26 17:19:10.419 INFO: Started training, reporting errors on validation set
2025-09-26 17:19:10.420 INFO: Loss metrics on validation set
2025-09-26 17:20:36.546 INFO: Initial: head: pt_head, loss=233.51464016, RMSE_E_per_atom= 2126.43 meV, RMSE_F=  959.54 meV / A
2025-09-26 17:21:56.556 INFO: Initial: head: target_head, loss=233.51464016, RMSE_E_per_atom= 2126.43 meV, RMSE_F=  959.54 meV / A
2025-09-26 17:59:07.227 INFO: Epoch 0: head: pt_head, loss=0.04797326, RMSE_E_per_atom=   17.93 meV, RMSE_F=   60.28 meV / A
2025-09-26 18:00:27.316 INFO: Epoch 0: head: target_head, loss=0.03467142, RMSE_E_per_atom=    9.10 meV, RMSE_F=   59.10 meV / A
2025-09-26 18:00:27.319 DEBUG: Saving checkpoint: ./checkpoints/mace_T1_w4_2heads_final_run-30_epoch-0.pt
2025-09-26 18:37:32.902 INFO: Epoch 1: head: pt_head, loss=0.07563759, RMSE_E_per_atom=   31.07 meV, RMSE_F=   55.62 meV / A
2025-09-26 18:38:53.213 INFO: Epoch 1: head: target_head, loss=0.02301488, RMSE_E_per_atom=    2.89 meV, RMSE_F=   50.73 meV / A
2025-09-26 18:38:53.215 DEBUG: Deleting old checkpoint file: ./checkpoints/mace_T1_w4_2heads_final_run-30_epoch-0.pt
2025-09-26 18:38:53.360 DEBUG: Saving checkpoint: ./checkpoints/mace_T1_w4_2heads_final_run-30_epoch-1.pt
2025-09-26 19:15:57.464 INFO: Epoch 2: head: pt_head, loss=0.05258732, RMSE_E_per_atom=   23.53 meV, RMSE_F=   53.09 meV / A
2025-09-26 19:17:17.617 INFO: Epoch 2: head: target_head, loss=0.02149080, RMSE_E_per_atom=    3.59 meV, RMSE_F=   48.67 meV / A
2025-09-26 19:17:17.619 DEBUG: Deleting old checkpoint file: ./checkpoints/mace_T1_w4_2heads_final_run-30_epoch-1.pt
2025-09-26 19:17:17.793 DEBUG: Saving checkpoint: ./checkpoints/mace_T1_w4_2heads_final_run-30_epoch-2.pt
2025-09-26 19:54:22.301 INFO: Epoch 3: head: pt_head, loss=0.04894654, RMSE_E_per_atom=   21.90 meV, RMSE_F=   53.27 meV / A
2025-09-26 19:55:42.309 INFO: Epoch 3: head: target_head, loss=0.02077670, RMSE_E_per_atom=    4.62 meV, RMSE_F=   47.16 meV / A
2025-09-26 19:55:42.310 DEBUG: Deleting old checkpoint file: ./checkpoints/mace_T1_w4_2heads_final_run-30_epoch-2.pt
2025-09-26 19:55:42.425 DEBUG: Saving checkpoint: ./checkpoints/mace_T1_w4_2heads_final_run-30_epoch-3.pt
2025-09-26 20:32:49.229 INFO: Epoch 4: head: pt_head, loss=0.05228590, RMSE_E_per_atom=   24.20 meV, RMSE_F=   51.14 meV / A
2025-09-26 20:34:09.516 INFO: Epoch 4: head: target_head, loss=0.01743086, RMSE_E_per_atom=    1.22 meV, RMSE_F=   44.53 meV / A
2025-09-26 20:34:09.519 DEBUG: Deleting old checkpoint file: ./checkpoints/mace_T1_w4_2heads_final_run-30_epoch-3.pt
2025-09-26 20:34:09.750 DEBUG: Saving checkpoint: ./checkpoints/mace_T1_w4_2heads_final_run-30_epoch-4.pt
2025-09-26 21:11:15.283 INFO: Epoch 5: head: pt_head, loss=0.04892883, RMSE_E_per_atom=   23.51 meV, RMSE_F=   49.30 meV / A
2025-09-26 21:12:35.399 INFO: Epoch 5: head: target_head, loss=0.01653242, RMSE_E_per_atom=    0.83 meV, RMSE_F=   43.40 meV / A
2025-09-26 21:12:35.400 DEBUG: Deleting old checkpoint file: ./checkpoints/mace_T1_w4_2heads_final_run-30_epoch-4.pt
2025-09-26 21:12:35.513 DEBUG: Saving checkpoint: ./checkpoints/mace_T1_w4_2heads_final_run-30_epoch-5.pt
2025-09-26 21:49:42.033 INFO: Epoch 6: head: pt_head, loss=0.05091806, RMSE_E_per_atom=   23.75 meV, RMSE_F=   51.07 meV / A
2025-09-26 21:51:02.173 INFO: Epoch 6: head: target_head, loss=0.01572484, RMSE_E_per_atom=    2.01 meV, RMSE_F=   42.08 meV / A
2025-09-26 21:51:02.174 DEBUG: Deleting old checkpoint file: ./checkpoints/mace_T1_w4_2heads_final_run-30_epoch-5.pt
2025-09-26 21:51:02.249 DEBUG: Saving checkpoint: ./checkpoints/mace_T1_w4_2heads_final_run-30_epoch-6.pt
2025-09-26 22:28:07.449 INFO: Epoch 7: head: pt_head, loss=0.04710046, RMSE_E_per_atom=   21.69 meV, RMSE_F=   52.14 meV / A
2025-09-26 22:29:27.467 INFO: Epoch 7: head: target_head, loss=0.01575392, RMSE_E_per_atom=    0.72 meV, RMSE_F=   42.33 meV / A
2025-09-26 23:06:32.251 INFO: Epoch 8: head: pt_head, loss=0.04804207, RMSE_E_per_atom=   22.37 meV, RMSE_F=   51.56 meV / A
2025-09-26 23:07:52.426 INFO: Epoch 8: head: target_head, loss=0.01506535, RMSE_E_per_atom=    1.53 meV, RMSE_F=   41.27 meV / A
2025-09-26 23:07:52.427 DEBUG: Deleting old checkpoint file: ./checkpoints/mace_T1_w4_2heads_final_run-30_epoch-6.pt
2025-09-26 23:07:52.570 DEBUG: Saving checkpoint: ./checkpoints/mace_T1_w4_2heads_final_run-30_epoch-8.pt
2025-09-26 23:44:57.635 INFO: Epoch 9: head: pt_head, loss=0.06552984, RMSE_E_per_atom=   29.48 meV, RMSE_F=   50.49 meV / A
2025-09-26 23:46:17.810 INFO: Epoch 9: head: target_head, loss=0.01759616, RMSE_E_per_atom=    7.20 meV, RMSE_F=   41.47 meV / A
2025-10-22 20:37:46.605 INFO: ===========VERIFYING SETTINGS===========
2025-10-22 20:37:46.605 INFO: MACE version: 0.3.14
2025-10-22 20:37:46.605 DEBUG: Configuration: Namespace(config=None, name='mace_T1_w4_2heads_final', seed=30, work_dir='.', log_dir='./logs', model_dir='.', checkpoints_dir='./checkpoints', results_dir='./results', downloads_dir='./downloads', device='cuda', default_dtype='float64', distributed=False, launcher='slurm', log_level='INFO', plot=True, plot_frequency=0, error_table='PerAtomRMSE', model='MACE', r_max=5.0, radial_type='bessel', num_radial_basis=8, num_cutoff_basis=5, pair_repulsion=False, distance_transform='None', apply_cutoff=True, interaction='RealAgnosticResidualInteractionBlock', interaction_first='RealAgnosticResidualInteractionBlock', max_ell=3, correlation=3, use_reduced_cg=True, use_so3=False, use_agnostic_product=False, num_interactions=2, MLP_irreps='16x0e', radial_MLP='[64, 64, 64]', hidden_irreps='128x0e + 128x1o', edge_irreps=None, num_channels=128, max_L=1, gate='silu', scaling='rms_forces_scaling', avg_num_neighbors=1, compute_avg_num_neighbors=True, compute_stress=False, compute_forces=True, train_file=None, valid_file='/home/phanim/harshitrawat/summer/T1_T2_T3_data/T2_chgnet_labeled.extxyz', valid_fraction=0.1, test_file=None, test_dir=None, multi_processed_test=False, num_workers=0, pin_memory=True, atomic_numbers='[3,8,40,57]', mean=None, std=None, statistics_file=None, E0s=None, foundation_filter_elements=True, heads='{\n  "target_head": {\n    "train_file": "/home/phanim/harshitrawat/summer/T1_T2_T3_data/T1_chgnet_labeled.extxyz",\n    "E0s": "/home/phanim/harshitrawat/summer/e0s_llzo.json"\n  },\n  "pt_head": {\n    "train_file": "/home/phanim/harshitrawat/summer/replay_data/replay_labeled_by_chgnet.extxyz",\n    "E0s": "/home/phanim/harshitrawat/summer/e0s_llzo.json"\n  }\n}', multiheads_finetuning=True, foundation_head=None, weight_pt_head=1.0, num_samples_pt=10000, force_mh_ft_lr=False, subselect_pt='random', filter_type_pt='none', pt_train_file=None, pt_valid_file=None, foundation_model_elements=False, keep_isolated_atoms=False, energy_key='REF_energy', forces_key='REF_forces', virials_key='REF_virials', stress_key='REF_stress', dipole_key='dipole', head_key='head', charges_key='REF_charges', elec_temp_key='elec_temp', total_spin_key='total_spin', total_charge_key='total_charge', embedding_specs=None, skip_evaluate_heads='pt_head', loss='weighted', forces_weight=10.0, swa_forces_weight=100.0, energy_weight=50.0, swa_energy_weight=1000.0, virials_weight=1.0, swa_virials_weight=10.0, stress_weight=0.0, swa_stress_weight=10.0, dipole_weight=1.0, swa_dipole_weight=1.0, config_type_weights='{"Default":1.0}', huber_delta=0.01, optimizer='adam', beta=0.9, batch_size=2, valid_batch_size=1, lr=0.0002, swa_lr=0.001, weight_decay=1e-08, amsgrad=True, scheduler='ReduceLROnPlateau', lr_factor=0.8, scheduler_patience=4, lr_scheduler_gamma=0.9993, swa=False, start_swa=None, lbfgs=False, ema=False, ema_decay=0.99, max_num_epochs=12, patience=8, foundation_model='/home/phanim/harshitrawat/summer/mace_models/universal/2024-01-07-mace-128-L2_epoch-199.model', foundation_model_readout=False, eval_interval=1, keep_checkpoints=False, save_all_checkpoints=False, restart_latest=True, save_cpu=False, clip_grad=1.0, dry_run=False, enable_cueq=False, only_cueq=False, wandb=False, wandb_dir=None, wandb_project='', wandb_entity='', wandb_name='', wandb_log_hypers=['num_channels', 'max_L', 'correlation', 'lr', 'swa_lr', 'weight_decay', 'batch_size', 'max_num_epochs', 'start_swa', 'energy_weight', 'forces_weight'], key_specification=KeySpecification(info_keys={'energy': 'REF_energy', 'stress': 'REF_stress', 'virials': 'REF_virials', 'dipole': 'dipole', 'head': 'head', 'elec_temp': 'elec_temp', 'total_charge': 'total_charge', 'total_spin': 'total_spin'}, arrays_keys={'forces': 'REF_forces', 'charges': 'REF_charges'}))
2025-10-22 20:37:47.127 INFO: CUDA version: 12.1, CUDA device: 0
2025-10-22 20:37:47.454 DEBUG: Popen(['git', 'version'], cwd=/home/phanim/harshitrawat/summer, stdin=None, shell=False, universal_newlines=False)
2025-10-22 20:37:47.461 DEBUG: Popen(['git', 'version'], cwd=/home/phanim/harshitrawat/summer, stdin=None, shell=False, universal_newlines=False)
2025-10-22 20:37:47.502 DEBUG: Popen(['git', 'cat-file', '--batch-check'], cwd=/home/phanim/harshitrawat/summer, stdin=<valid stream>, shell=False, universal_newlines=False)
2025-10-22 20:37:47.564 DEBUG: Current Git commit: 89be7fb055e40f7c4eb3679cc58a0fdcc3a8227c
2025-10-22 20:37:48.554 INFO: Using foundation model /home/phanim/harshitrawat/summer/mace_models/universal/2024-01-07-mace-128-L2_epoch-199.model as initial checkpoint.
2025-10-22 20:37:48.557 WARNING: Using multiheads finetuning with a foundation model that is not a Materials Project model, need to provied a path to a pretraining file with --pt_train_file.
2025-10-22 20:37:48.557 INFO: ===========LOADING INPUT DATA===========
2025-10-22 20:37:48.557 INFO: Using heads: ['target_head', 'pt_head']
2025-10-22 20:37:48.557 INFO: Using the key specifications to parse data:
2025-10-22 20:37:48.558 INFO: target_head: KeySpecification(info_keys={'energy': 'REF_energy', 'stress': 'REF_stress', 'virials': 'REF_virials', 'dipole': 'dipole', 'head': 'head', 'elec_temp': 'elec_temp', 'total_charge': 'total_charge', 'total_spin': 'total_spin'}, arrays_keys={'forces': 'REF_forces', 'charges': 'REF_charges'})
2025-10-22 20:37:48.558 INFO: pt_head: KeySpecification(info_keys={'energy': 'REF_energy', 'stress': 'REF_stress', 'virials': 'REF_virials', 'dipole': 'dipole', 'head': 'head', 'elec_temp': 'elec_temp', 'total_charge': 'total_charge', 'total_spin': 'total_spin'}, arrays_keys={'forces': 'REF_forces', 'charges': 'REF_charges'})
2025-10-22 20:37:48.558 INFO: =============    Processing head target_head     ===========
2025-10-22 20:37:48.560 DEBUG: Loading training file: /home/phanim/harshitrawat/summer/T1_T2_T3_data/T1_chgnet_labeled.extxyz
2025-10-22 20:38:11.930 INFO: Training set 1/1 [energy: 6337, stress: 0, virials: 0, dipole components: 0, head: 6337, elec_temp: 0, total_charge: 0, total_spin: 0, forces: 6337, charges: 0]
2025-10-22 20:38:11.953 INFO: Total Training set [energy: 6337, stress: 0, virials: 0, dipole components: 0, head: 6337, elec_temp: 0, total_charge: 0, total_spin: 0, forces: 6337, charges: 0]
2025-10-22 20:38:14.774 INFO: Validation set 1/1 [energy: 705, stress: 0, virials: 0, dipole components: 0, head: 705, elec_temp: 0, total_charge: 0, total_spin: 0, forces: 705, charges: 0]
2025-10-22 20:38:14.777 INFO: Total Validation set [energy: 705, stress: 0, virials: 0, dipole components: 0, head: 705, elec_temp: 0, total_charge: 0, total_spin: 0, forces: 705, charges: 0]
2025-10-22 20:38:14.777 INFO: Total number of configurations: train=6337, valid=705, tests=[],
2025-10-22 20:38:14.777 INFO: =============    Processing head pt_head     ===========
2025-10-22 20:38:14.779 DEBUG: Loading training file: /home/phanim/harshitrawat/summer/replay_data/replay_labeled_by_chgnet.extxyz
2025-10-22 20:38:14.843 INFO: Training set 1/1 [energy: 142, stress: 0, virials: 0, dipole components: 0, head: 142, elec_temp: 0, total_charge: 0, total_spin: 0, forces: 0, charges: 0]
2025-10-22 20:38:14.844 INFO: Total Training set [energy: 142, stress: 0, virials: 0, dipole components: 0, head: 142, elec_temp: 0, total_charge: 0, total_spin: 0, forces: 0, charges: 0]
2025-10-22 20:38:17.568 INFO: Validation set 1/1 [energy: 705, stress: 0, virials: 0, dipole components: 0, head: 705, elec_temp: 0, total_charge: 0, total_spin: 0, forces: 705, charges: 0]
2025-10-22 20:38:17.570 INFO: Total Validation set [energy: 705, stress: 0, virials: 0, dipole components: 0, head: 705, elec_temp: 0, total_charge: 0, total_spin: 0, forces: 705, charges: 0]
2025-10-22 20:38:17.570 INFO: Total number of configurations: train=142, valid=705, tests=[],
2025-10-22 20:38:17.570 INFO: Using atomic numbers from command line argument
2025-10-22 20:38:17.570 INFO: Using atomic numbers from command line argument
2025-10-22 20:38:17.570 INFO: Atomic Numbers used: [3, 8, 40, 57]
2025-10-22 20:38:17.570 INFO: Isolated Atomic Energies (E0s) not in training file, using command line argument
2025-10-22 20:38:17.570 INFO: Loading atomic energies from /home/phanim/harshitrawat/summer/e0s_llzo.json
2025-10-22 20:38:17.572 INFO: Isolated Atomic Energies (E0s) not in training file, using command line argument
2025-10-22 20:38:17.572 INFO: Loading atomic energies from /home/phanim/harshitrawat/summer/e0s_llzo.json
2025-10-22 20:38:17.572 INFO: Atomic Energies used (z: eV) for head target_head: {3: -1.882, 8: -4.913, 40: -8.509, 57: -4.894}
2025-10-22 20:38:17.572 INFO: Atomic Energies used (z: eV) for head pt_head: {3: -1.882, 8: -4.913, 40: -8.509, 57: -4.894}
2025-10-22 20:38:17.572 INFO: Processing datasets for head 'target_head'
2025-10-22 20:41:41.156 DEBUG: Successfully loaded dataset from ASE files: ['/home/phanim/harshitrawat/summer/T1_T2_T3_data/T1_chgnet_labeled.extxyz']
2025-10-22 20:41:41.159 INFO: Combining 1 list datasets for head 'target_head'
2025-10-22 20:42:03.939 DEBUG: Successfully loaded validation dataset from ASE files: ['/home/phanim/harshitrawat/summer/T1_T2_T3_data/T2_chgnet_labeled.extxyz']
2025-10-22 20:42:03.939 INFO: Combining 1 list datasets for head 'target_head_valid'
2025-10-22 20:42:03.940 INFO: Combined validation datasets for target_head
2025-10-22 20:42:03.940 INFO: Head 'target_head' training dataset size: 6337
2025-10-22 20:42:03.940 INFO: Processing datasets for head 'pt_head'
2025-10-22 20:42:04.052 DEBUG: Successfully loaded dataset from ASE files: ['/home/phanim/harshitrawat/summer/replay_data/replay_labeled_by_chgnet.extxyz']
2025-10-22 20:42:04.052 INFO: Combining 1 list datasets for head 'pt_head'
2025-10-22 20:42:26.826 DEBUG: Successfully loaded validation dataset from ASE files: ['/home/phanim/harshitrawat/summer/T1_T2_T3_data/T2_chgnet_labeled.extxyz']
2025-10-22 20:42:26.827 INFO: Combining 1 list datasets for head 'pt_head_valid'
2025-10-22 20:42:26.827 INFO: Combined validation datasets for pt_head
2025-10-22 20:42:26.827 INFO: Head 'pt_head' training dataset size: 142
2025-10-22 20:42:26.827 INFO: Computing average number of neighbors
2025-10-22 20:42:35.800 INFO: Average number of neighbors: 68.51702866636302
2025-10-22 20:42:35.802 INFO: During training the following quantities will be reported: energy, forces
2025-10-22 20:42:35.802 INFO: ===========MODEL DETAILS===========
2025-10-22 20:42:41.891 WARNING: Standard deviation of the scaling is zero, Changing to no scaling
2025-10-22 20:42:41.905 INFO: Loading FOUNDATION model
2025-10-22 20:42:41.907 INFO: Using filtered elements: [3, 8, 40, 57]
2025-10-22 20:42:41.907 INFO: Model configuration extracted from foundation model
2025-10-22 20:42:41.907 INFO: Using weighted loss function for fine-tuning
2025-10-22 20:42:41.907 INFO: Message passing with hidden irreps 128x0e+128x1o+128x2e)
2025-10-22 20:42:41.908 INFO: 2 layers, each with correlation order: 3 (body order: 4) and spherical harmonics up to: l=3
2025-10-22 20:42:41.908 INFO: Radial cutoff: 6.0 A (total receptive field for each atom: 12.0 A)
2025-10-22 20:42:41.908 INFO: Distance transform for radial basis functions: None
2025-10-22 20:42:43.345 DEBUG: ScaleShiftMACE(
  (node_embedding): LinearNodeEmbeddingBlock(
    (linear): Linear(4x0e -> 128x0e | 512 weights)
  )
  (radial_embedding): RadialEmbeddingBlock(
    (bessel_fn): BesselBasis(r_max=6.0, num_basis=10, trainable=True)
    (cutoff_fn): PolynomialCutoff(p=5, r_max=6.0)
  )
  (spherical_harmonics): SphericalHarmonics()
  (atomic_energies_fn): AtomicEnergiesBlock(energies=[[-1.8820, -4.9130, -8.5090, -4.8940], [-1.8820, -4.9130, -8.5090, -4.8940]])
  (interactions): ModuleList(
    (0): RealAgnosticResidualInteractionBlock(
      (linear_up): Linear(128x0e -> 128x0e | 16384 weights)
      (conv_tp): TensorProduct(128x0e x 1x0e+1x1o+1x2e+1x3o -> 128x0e+128x1o+128x2e+128x3o | 512 paths | 512 weights)
      (conv_tp_weights): FullyConnectedNet[10, 64, 64, 64, 512]
      (linear): Linear(128x0e+128x1o+128x2e+128x3o -> 128x0e+128x1o+128x2e+128x3o | 65536 weights)
      (skip_tp): FullyConnectedTensorProduct(128x0e x 4x0e -> 128x0e+128x1o+128x2e | 65536 paths | 65536 weights)
      (reshape): reshape_irreps()
    )
    (1): RealAgnosticResidualInteractionBlock(
      (linear_up): Linear(128x0e+128x1o+128x2e -> 128x0e+128x1o+128x2e | 49152 weights)
      (conv_tp): TensorProduct(128x0e+128x1o+128x2e x 1x0e+1x1o+1x2e+1x3o -> 384x0e+640x1o+640x2e+512x3o | 2176 paths | 2176 weights)
      (conv_tp_weights): FullyConnectedNet[10, 64, 64, 64, 2176]
      (linear): Linear(128x0e+128x0e+128x0e+128x1o+128x1o+128x1o+128x1o+128x1o+128x2e+128x2e+128x2e+128x2e+128x2e+128x3o+128x3o+128x3o+128x3o -> 128x0e+128x1o+128x2e+128x3o | 278528 weights)
      (skip_tp): FullyConnectedTensorProduct(128x0e+128x1o+128x2e x 4x0e -> 128x0e | 65536 paths | 65536 weights)
      (reshape): reshape_irreps()
    )
  )
  (products): ModuleList(
    (0): EquivariantProductBasisBlock(
      (symmetric_contractions): SymmetricContraction(
        (contractions): ModuleList(
          (0): Contraction(
            (contractions_weighting): ModuleList(
              (0-1): 2 x GraphModule()
            )
            (contractions_features): ModuleList(
              (0-1): 2 x GraphModule()
            )
            (weights): ParameterList(
                (0): Parameter containing: [torch.float64 of size 4x4x128 (cuda:0)]
                (1): Parameter containing: [torch.float64 of size 4x1x128 (cuda:0)]
            )
            (graph_opt_main): GraphModule()
          )
          (1): Contraction(
            (contractions_weighting): ModuleList(
              (0-1): 2 x GraphModule()
            )
            (contractions_features): ModuleList(
              (0-1): 2 x GraphModule()
            )
            (weights): ParameterList(
                (0): Parameter containing: [torch.float64 of size 4x6x128 (cuda:0)]
                (1): Parameter containing: [torch.float64 of size 4x1x128 (cuda:0)]
            )
            (graph_opt_main): GraphModule()
          )
          (2): Contraction(
            (contractions_weighting): ModuleList(
              (0-1): 2 x GraphModule()
            )
            (contractions_features): ModuleList(
              (0-1): 2 x GraphModule()
            )
            (weights): ParameterList(
                (0): Parameter containing: [torch.float64 of size 4x7x128 (cuda:0)]
                (1): Parameter containing: [torch.float64 of size 4x1x128 (cuda:0)]
            )
            (graph_opt_main): GraphModule()
          )
        )
      )
      (linear): Linear(128x0e+128x1o+128x2e -> 128x0e+128x1o+128x2e | 49152 weights)
    )
    (1): EquivariantProductBasisBlock(
      (symmetric_contractions): SymmetricContraction(
        (contractions): ModuleList(
          (0): Contraction(
            (contractions_weighting): ModuleList(
              (0-1): 2 x GraphModule()
            )
            (contractions_features): ModuleList(
              (0-1): 2 x GraphModule()
            )
            (weights): ParameterList(
                (0): Parameter containing: [torch.float64 of size 4x4x128 (cuda:0)]
                (1): Parameter containing: [torch.float64 of size 4x1x128 (cuda:0)]
            )
            (graph_opt_main): GraphModule()
          )
        )
      )
      (linear): Linear(128x0e -> 128x0e | 16384 weights)
    )
  )
  (readouts): ModuleList(
    (0): LinearReadoutBlock(
      (linear): Linear(128x0e+128x1o+128x2e -> 2x0e | 256 weights)
    )
    (1): NonLinearReadoutBlock(
      (linear_1): Linear(128x0e -> 32x0e | 4096 weights)
      (non_linearity): Activation [x] (32x0e -> 32x0e)
      (linear_2): Linear(32x0e -> 2x0e | 64 weights)
    )
  )
  (scale_shift): ScaleShiftBlock(scale=0.8042, 0.8042, shift=0.1641, 0.1641)
)
2025-10-22 20:42:43.346 INFO: Total number of parameters: 896586
2025-10-22 20:42:43.347 INFO: 
2025-10-22 20:42:43.347 INFO: ===========OPTIMIZER INFORMATION===========
2025-10-22 20:42:43.347 INFO: Using ADAM as parameter optimizer
2025-10-22 20:42:43.347 INFO: Batch size: 2
2025-10-22 20:42:43.347 INFO: Number of gradient updates: 38874
2025-10-22 20:42:43.347 INFO: Learning rate: 0.0002, weight decay: 1e-08
2025-10-22 20:42:43.347 INFO: WeightedEnergyForcesLoss(energy_weight=50.000, forces_weight=10.000)
2025-10-22 20:42:43.380 WARNING: No SWA checkpoint found, while SWA is enabled. Compare the swa_start parameter and the latest checkpoint.
2025-10-22 20:42:43.381 INFO: Loading checkpoint: ./checkpoints/mace_T1_w4_2heads_final_run-30_epoch-8.pt
2025-10-22 20:42:43.834 INFO: Using gradient clipping with tolerance=1.000
2025-10-22 20:42:43.834 INFO: 
2025-10-22 20:42:43.834 INFO: ===========TRAINING===========
2025-10-22 20:42:43.834 INFO: Started training, reporting errors on validation set
2025-10-22 20:42:43.834 INFO: Loss metrics on validation set
2025-10-22 20:44:10.124 INFO: Initial: head: pt_head, loss=0.04804207, RMSE_E_per_atom=   22.37 meV, RMSE_F=   51.56 meV / A
2025-10-22 20:45:30.307 INFO: Initial: head: target_head, loss=0.01506535, RMSE_E_per_atom=    1.53 meV, RMSE_F=   41.27 meV / A
2025-10-22 21:22:52.373 INFO: Epoch 8: head: pt_head, loss=0.04709628, RMSE_E_per_atom=   21.99 meV, RMSE_F=   51.38 meV / A
2025-10-22 21:24:12.530 INFO: Epoch 8: head: target_head, loss=0.01453313, RMSE_E_per_atom=    1.78 meV, RMSE_F=   40.49 meV / A
2025-10-22 21:24:12.531 DEBUG: Saving checkpoint: ./checkpoints/mace_T1_w4_2heads_final_run-30_epoch-8.pt
2025-10-22 22:01:28.646 INFO: Epoch 9: head: pt_head, loss=0.05547320, RMSE_E_per_atom=   25.63 meV, RMSE_F=   51.12 meV / A
2025-10-22 22:02:48.663 INFO: Epoch 9: head: target_head, loss=0.01396946, RMSE_E_per_atom=    1.35 meV, RMSE_F=   39.80 meV / A
2025-10-22 22:02:48.666 DEBUG: Deleting old checkpoint file: ./checkpoints/mace_T1_w4_2heads_final_run-30_epoch-8.pt
2025-10-22 22:02:48.728 DEBUG: Saving checkpoint: ./checkpoints/mace_T1_w4_2heads_final_run-30_epoch-9.pt
2025-10-22 22:40:03.025 INFO: Epoch 10: head: pt_head, loss=0.04262848, RMSE_E_per_atom=   19.43 meV, RMSE_F=   52.62 meV / A
2025-10-22 22:41:23.302 INFO: Epoch 10: head: target_head, loss=0.01470868, RMSE_E_per_atom=    2.87 meV, RMSE_F=   40.24 meV / A
2025-10-22 23:18:35.002 INFO: Epoch 11: head: pt_head, loss=0.07275384, RMSE_E_per_atom=   30.95 meV, RMSE_F=   53.69 meV / A
2025-10-22 23:19:55.182 INFO: Epoch 11: head: target_head, loss=0.01472064, RMSE_E_per_atom=    4.40 meV, RMSE_F=   39.67 meV / A
2025-10-22 23:19:55.184 INFO: Training complete
2025-10-22 23:19:55.184 INFO: 
2025-10-22 23:19:55.184 INFO: ===========RESULTS===========
2025-10-22 23:19:55.307 INFO: Loading checkpoint: ./checkpoints/mace_T1_w4_2heads_final_run-30_epoch-9.pt
2025-10-22 23:19:55.349 INFO: Loaded Stage one model from epoch 9 for evaluation
2025-10-22 23:19:55.349 INFO: Saving model to checkpoints/mace_T1_w4_2heads_final_run-30.model
2025-10-22 23:19:55.617 INFO: Compiling model, saving metadata to mace_T1_w4_2heads_final_compiled.model
2025-10-22 23:19:56.836 INFO: Computing metrics for training, validation, and test sets
2025-10-22 23:19:56.836 INFO: Skipping evaluation for heads: ['pt_head']
2025-10-22 23:19:56.837 INFO: Skipping evaluation of train_pt_head (in skip_heads list)
2025-10-22 23:19:56.837 INFO: Evaluating train_target_head ...
2025-10-22 23:33:06.716 INFO: Skipping evaluation of valid_pt_head (in skip_heads list)
2025-10-22 23:33:06.719 INFO: Evaluating valid_target_head ...
2025-10-22 23:34:27.495 INFO: Error-table on TRAIN and VALID:
+-------------------+---------------------+------------------+-------------------+
|    config_type    | RMSE E / meV / atom | RMSE F / meV / A | relative F RMSE % |
+-------------------+---------------------+------------------+-------------------+
| train_target_head |            1.3      |         40.6     |         11.78     |
| valid_target_head |            1.3      |         39.8     |         11.58     |
+-------------------+---------------------+------------------+-------------------+
2025-10-22 23:34:27.496 DEBUG: Running inference on train_target_head dataset
2025-10-22 23:49:07.499 DEBUG: Running inference on train_pt_head dataset
2025-10-22 23:49:08.981 DEBUG: Running inference on valid_pt_head dataset
2025-10-22 23:50:30.067 DEBUG: Running inference on valid_target_head dataset
2025-10-22 23:53:29.088 INFO: Done
