2025-09-22 03:16:14.901 INFO: ===========VERIFYING SETTINGS===========
2025-09-22 03:16:14.901 INFO: MACE version: 0.3.14
2025-09-22 03:16:15.112 INFO: CUDA version: 12.1, CUDA device: 0
2025-09-22 03:16:15.778 INFO: Using foundation model /home/phanim/harshitrawat/summer/mace_models/universal/2024-01-07-mace-128-L2_epoch-199.model as initial checkpoint.
2025-09-22 03:16:15.784 WARNING: Using multiheads finetuning with a foundation model that is not a Materials Project model, need to provied a path to a pretraining file with --pt_train_file.
2025-09-22 03:16:15.784 INFO: ===========LOADING INPUT DATA===========
2025-09-22 03:16:15.785 INFO: Using heads: ['target_head', 'pt_head']
2025-09-22 03:16:15.785 INFO: Using the key specifications to parse data:
2025-09-22 03:16:15.785 INFO: target_head: KeySpecification(info_keys={'energy': 'REF_energy', 'stress': 'REF_stress', 'virials': 'REF_virials', 'dipole': 'dipole', 'head': 'head', 'elec_temp': 'elec_temp', 'total_charge': 'total_charge', 'total_spin': 'total_spin'}, arrays_keys={'forces': 'REF_forces', 'charges': 'REF_charges'})
2025-09-22 03:16:15.785 INFO: pt_head: KeySpecification(info_keys={'energy': 'REF_energy', 'stress': 'REF_stress', 'virials': 'REF_virials', 'dipole': 'dipole', 'head': 'head', 'elec_temp': 'elec_temp', 'total_charge': 'total_charge', 'total_spin': 'total_spin'}, arrays_keys={'forces': 'REF_forces', 'charges': 'REF_charges'})
2025-09-22 03:16:15.785 INFO: =============    Processing head target_head     ===========
2025-09-22 03:16:21.912 INFO: Training set 1/1 [energy: 1612, stress: 0, virials: 0, dipole components: 0, head: 1612, elec_temp: 0, total_charge: 0, total_spin: 0, forces: 1612, charges: 0]
2025-09-22 03:16:21.917 INFO: Total Training set [energy: 1612, stress: 0, virials: 0, dipole components: 0, head: 1612, elec_temp: 0, total_charge: 0, total_spin: 0, forces: 1612, charges: 0]
2025-09-22 03:16:24.482 INFO: Validation set 1/1 [energy: 705, stress: 0, virials: 0, dipole components: 0, head: 705, elec_temp: 0, total_charge: 0, total_spin: 0, forces: 705, charges: 0]
2025-09-22 03:16:24.484 INFO: Total Validation set [energy: 705, stress: 0, virials: 0, dipole components: 0, head: 705, elec_temp: 0, total_charge: 0, total_spin: 0, forces: 705, charges: 0]
2025-09-22 03:16:24.484 INFO: Total number of configurations: train=1612, valid=705, tests=[],
2025-09-22 03:16:24.484 INFO: =============    Processing head pt_head     ===========
2025-09-22 03:16:24.551 INFO: Training set 1/1 [energy: 142, stress: 0, virials: 0, dipole components: 0, head: 142, elec_temp: 0, total_charge: 0, total_spin: 0, forces: 0, charges: 0]
2025-09-22 03:16:24.552 INFO: Total Training set [energy: 142, stress: 0, virials: 0, dipole components: 0, head: 142, elec_temp: 0, total_charge: 0, total_spin: 0, forces: 0, charges: 0]
2025-09-22 03:16:27.087 INFO: Validation set 1/1 [energy: 705, stress: 0, virials: 0, dipole components: 0, head: 705, elec_temp: 0, total_charge: 0, total_spin: 0, forces: 705, charges: 0]
2025-09-22 03:16:27.089 INFO: Total Validation set [energy: 705, stress: 0, virials: 0, dipole components: 0, head: 705, elec_temp: 0, total_charge: 0, total_spin: 0, forces: 705, charges: 0]
2025-09-22 03:16:27.089 INFO: Total number of configurations: train=142, valid=705, tests=[],
2025-09-22 03:16:27.089 INFO: Using atomic numbers from command line argument
2025-09-22 03:16:27.090 INFO: Using atomic numbers from command line argument
2025-09-22 03:16:27.090 INFO: Atomic Numbers used: [3, 8, 40, 57]
2025-09-22 03:16:27.090 INFO: Isolated Atomic Energies (E0s) not in training file, using command line argument
2025-09-22 03:16:27.090 INFO: Loading atomic energies from /home/phanim/harshitrawat/summer/e0s_llzo.json
2025-09-22 03:16:27.092 INFO: Isolated Atomic Energies (E0s) not in training file, using command line argument
2025-09-22 03:16:27.092 INFO: Loading atomic energies from /home/phanim/harshitrawat/summer/e0s_llzo.json
2025-09-22 03:16:27.094 INFO: Atomic Energies used (z: eV) for head target_head: {3: -1.882, 8: -4.913, 40: -8.509, 57: -4.894}
2025-09-22 03:16:27.094 INFO: Atomic Energies used (z: eV) for head pt_head: {3: -1.882, 8: -4.913, 40: -8.509, 57: -4.894}
2025-09-22 03:16:27.094 INFO: Processing datasets for head 'target_head'
2025-09-22 03:17:16.030 INFO: Combining 1 list datasets for head 'target_head'
2025-09-22 03:17:38.291 INFO: Combining 1 list datasets for head 'target_head_valid'
2025-09-22 03:17:38.294 INFO: Combined validation datasets for target_head
2025-09-22 03:17:38.294 INFO: Head 'target_head' training dataset size: 1612
2025-09-22 03:17:38.295 INFO: Processing datasets for head 'pt_head'
2025-09-22 03:17:38.400 INFO: Combining 1 list datasets for head 'pt_head'
2025-09-22 03:18:01.134 INFO: Combining 1 list datasets for head 'pt_head_valid'
2025-09-22 03:18:01.134 INFO: Combined validation datasets for pt_head
2025-09-22 03:18:01.135 INFO: Head 'pt_head' training dataset size: 142
2025-09-22 03:18:01.135 INFO: Computing average number of neighbors
2025-09-22 03:18:03.517 INFO: Average number of neighbors: 67.31388041084317
2025-09-22 03:18:03.517 INFO: During training the following quantities will be reported: energy, forces
2025-09-22 03:18:03.517 INFO: ===========MODEL DETAILS===========
2025-09-22 03:18:05.130 WARNING: Standard deviation of the scaling is zero, Changing to no scaling
2025-09-22 03:18:05.133 INFO: Loading FOUNDATION model
2025-09-22 03:18:05.134 INFO: Using filtered elements: [3, 8, 40, 57]
2025-09-22 03:18:05.134 INFO: Model configuration extracted from foundation model
2025-09-22 03:18:05.134 INFO: Using weighted loss function for fine-tuning
2025-09-22 03:18:05.134 INFO: Message passing with hidden irreps 128x0e+128x1o+128x2e)
2025-09-22 03:18:05.134 INFO: 2 layers, each with correlation order: 3 (body order: 4) and spherical harmonics up to: l=3
2025-09-22 03:18:05.134 INFO: Radial cutoff: 6.0 A (total receptive field for each atom: 12.0 A)
2025-09-22 03:18:05.134 INFO: Distance transform for radial basis functions: None
Using reduced CG: False
Using reduced CG: False
2025-09-22 03:18:06.425 INFO: Total number of parameters: 896586
2025-09-22 03:18:06.425 INFO: 
2025-09-22 03:18:06.425 INFO: ===========OPTIMIZER INFORMATION===========
2025-09-22 03:18:06.425 INFO: Using ADAM as parameter optimizer
2025-09-22 03:18:06.425 INFO: Batch size: 2
2025-09-22 03:18:06.425 INFO: Number of gradient updates: 57005
2025-09-22 03:18:06.425 INFO: Learning rate: 0.0001, weight decay: 1e-08
2025-09-22 03:18:06.425 INFO: WeightedEnergyForcesLoss(energy_weight=50.000, forces_weight=10.000)
2025-09-22 03:18:06.432 WARNING: No SWA checkpoint found, while SWA is enabled. Compare the swa_start parameter and the latest checkpoint.
2025-09-22 03:18:06.432 INFO: Loading checkpoint: ./checkpoints/mace_T2_w1_2heads_final_run-10_epoch-62.pt
2025-09-22 03:18:06.477 INFO: Using gradient clipping with tolerance=1.000
2025-09-22 03:18:06.477 INFO: 
2025-09-22 03:18:06.477 INFO: ===========TRAINING===========
2025-09-22 03:18:06.477 INFO: Started training, reporting errors on validation set
2025-09-22 03:18:06.477 INFO: Loss metrics on validation set
2025-09-22 03:19:33.004 INFO: Initial: head: pt_head, loss=0.04126035, RMSE_E_per_atom=    8.75 meV, RMSE_F=   64.09 meV / A
2025-09-22 03:20:52.992 INFO: Initial: head: target_head, loss=0.01122993, RMSE_E_per_atom=    1.20 meV, RMSE_F=   35.66 meV / A
2025-09-22 03:31:14.228 INFO: Epoch 62: head: pt_head, loss=0.04006977, RMSE_E_per_atom=    8.62 meV, RMSE_F=   63.22 meV / A
2025-09-22 03:32:34.997 INFO: Epoch 62: head: target_head, loss=0.01112888, RMSE_E_per_atom=    1.43 meV, RMSE_F=   35.49 meV / A
2025-09-22 03:42:50.003 INFO: Epoch 63: head: pt_head, loss=0.04050162, RMSE_E_per_atom=    9.16 meV, RMSE_F=   63.20 meV / A
2025-09-22 03:44:10.094 INFO: Epoch 63: head: target_head, loss=0.01105490, RMSE_E_per_atom=    0.62 meV, RMSE_F=   35.50 meV / A
2025-09-22 03:54:24.994 INFO: Epoch 64: head: pt_head, loss=0.04169593, RMSE_E_per_atom=    9.48 meV, RMSE_F=   63.92 meV / A
2025-09-22 03:55:45.012 INFO: Epoch 64: head: target_head, loss=0.01104200, RMSE_E_per_atom=    0.75 meV, RMSE_F=   35.47 meV / A
2025-09-22 03:55:45.158 INFO: Training complete
2025-09-22 03:55:45.158 INFO: 
2025-09-22 03:55:45.158 INFO: ===========RESULTS===========
2025-09-22 03:55:45.161 INFO: Loading checkpoint: ./checkpoints/mace_T2_w1_2heads_final_run-10_epoch-64.pt
2025-09-22 03:55:45.194 INFO: Loaded Stage one model from epoch 64 for evaluation
2025-09-22 03:55:45.194 INFO: Saving model to checkpoints/mace_T2_w1_2heads_final_run-10.model
2025-09-22 03:55:45.459 INFO: Compiling model, saving metadata to mace_T2_w1_2heads_final_compiled.model
2025-09-22 03:55:46.177 INFO: Computing metrics for training, validation, and test sets
2025-09-22 03:55:46.177 INFO: Skipping evaluation for heads: ['pt_head']
2025-09-22 03:55:46.177 INFO: Skipping evaluation of train_pt_head (in skip_heads list)
2025-09-22 03:55:46.177 INFO: Evaluating train_target_head ...
2025-09-22 03:58:33.262 INFO: Skipping evaluation of valid_pt_head (in skip_heads list)
2025-09-22 03:58:33.265 INFO: Evaluating valid_target_head ...
2025-09-22 03:59:53.715 INFO: Error-table on TRAIN and VALID:
+-------------------+---------------------+------------------+-------------------+
|    config_type    | RMSE E / meV / atom | RMSE F / meV / A | relative F RMSE % |
+-------------------+---------------------+------------------+-------------------+
| train_target_head |            0.8      |         32.6     |          9.39     |
| valid_target_head |            0.8      |         35.5     |         10.32     |
+-------------------+---------------------+------------------+-------------------+
2025-09-22 04:06:01.816 INFO: Done
