2025-09-13 00:44:07.561 INFO: ===========VERIFYING SETTINGS===========
2025-09-13 00:44:07.562 INFO: MACE version: 0.3.14
2025-09-13 00:44:08.338 INFO: CUDA version: 12.1, CUDA device: 0
2025-09-13 00:44:09.440 INFO: Using foundation model /home/phanim/harshitrawat/summer/mace_models/universal/2024-01-07-mace-128-L2_epoch-199.model as initial checkpoint.
2025-09-13 00:44:09.441 WARNING: Using multiheads finetuning with a foundation model that is not a Materials Project model, need to provied a path to a pretraining file with --pt_train_file.
2025-09-13 00:44:09.441 INFO: ===========LOADING INPUT DATA===========
2025-09-13 00:44:09.441 INFO: Using heads: ['target_head', 'pt_head']
2025-09-13 00:44:09.441 INFO: Using the key specifications to parse data:
2025-09-13 00:44:09.441 INFO: target_head: KeySpecification(info_keys={'energy': 'REF_energy', 'stress': 'REF_stress', 'virials': 'REF_virials', 'dipole': 'dipole', 'head': 'head', 'elec_temp': 'elec_temp', 'total_charge': 'total_charge', 'total_spin': 'total_spin'}, arrays_keys={'forces': 'REF_forces', 'charges': 'REF_charges'})
2025-09-13 00:44:09.441 INFO: pt_head: KeySpecification(info_keys={'energy': 'REF_energy', 'stress': 'REF_stress', 'virials': 'REF_virials', 'dipole': 'dipole', 'head': 'head', 'elec_temp': 'elec_temp', 'total_charge': 'total_charge', 'total_spin': 'total_spin'}, arrays_keys={'forces': 'REF_forces', 'charges': 'REF_charges'})
2025-09-13 00:44:09.441 INFO: =============    Processing head target_head     ===========
2025-09-13 00:44:15.597 INFO: Training set 1/1 [energy: 1612, stress: 0, virials: 0, dipole components: 0, head: 1612, elec_temp: 0, total_charge: 0, total_spin: 0, forces: 1612, charges: 0]
2025-09-13 00:44:15.602 INFO: Total Training set [energy: 1612, stress: 0, virials: 0, dipole components: 0, head: 1612, elec_temp: 0, total_charge: 0, total_spin: 0, forces: 1612, charges: 0]
2025-09-13 00:44:18.172 INFO: Validation set 1/1 [energy: 705, stress: 0, virials: 0, dipole components: 0, head: 705, elec_temp: 0, total_charge: 0, total_spin: 0, forces: 705, charges: 0]
2025-09-13 00:44:18.175 INFO: Total Validation set [energy: 705, stress: 0, virials: 0, dipole components: 0, head: 705, elec_temp: 0, total_charge: 0, total_spin: 0, forces: 705, charges: 0]
2025-09-13 00:44:18.175 INFO: Total number of configurations: train=1612, valid=705, tests=[],
2025-09-13 00:44:18.175 INFO: =============    Processing head pt_head     ===========
2025-09-13 00:44:18.238 INFO: Training set 1/1 [energy: 142, stress: 0, virials: 0, dipole components: 0, head: 142, elec_temp: 0, total_charge: 0, total_spin: 0, forces: 0, charges: 0]
2025-09-13 00:44:18.238 INFO: Total Training set [energy: 142, stress: 0, virials: 0, dipole components: 0, head: 142, elec_temp: 0, total_charge: 0, total_spin: 0, forces: 0, charges: 0]
2025-09-13 00:44:20.789 INFO: Validation set 1/1 [energy: 705, stress: 0, virials: 0, dipole components: 0, head: 705, elec_temp: 0, total_charge: 0, total_spin: 0, forces: 705, charges: 0]
2025-09-13 00:44:20.791 INFO: Total Validation set [energy: 705, stress: 0, virials: 0, dipole components: 0, head: 705, elec_temp: 0, total_charge: 0, total_spin: 0, forces: 705, charges: 0]
2025-09-13 00:44:20.791 INFO: Total number of configurations: train=142, valid=705, tests=[],
2025-09-13 00:44:20.792 INFO: Using atomic numbers from command line argument
2025-09-13 00:44:20.792 INFO: Using atomic numbers from command line argument
2025-09-13 00:44:20.792 INFO: Atomic Numbers used: [3, 8, 40, 57]
2025-09-13 00:44:20.792 INFO: Isolated Atomic Energies (E0s) not in training file, using command line argument
2025-09-13 00:44:20.792 INFO: Loading atomic energies from /home/phanim/harshitrawat/summer/e0s_llzo.json
2025-09-13 00:44:20.792 INFO: Isolated Atomic Energies (E0s) not in training file, using command line argument
2025-09-13 00:44:20.792 INFO: Loading atomic energies from /home/phanim/harshitrawat/summer/e0s_llzo.json
2025-09-13 00:44:20.793 INFO: Atomic Energies used (z: eV) for head target_head: {3: -1.882, 8: -4.913, 40: -8.509, 57: -4.894}
2025-09-13 00:44:20.793 INFO: Atomic Energies used (z: eV) for head pt_head: {3: -1.882, 8: -4.913, 40: -8.509, 57: -4.894}
2025-09-13 00:44:20.793 INFO: Processing datasets for head 'target_head'
2025-09-13 00:45:12.274 INFO: Combining 1 list datasets for head 'target_head'
2025-09-13 00:45:34.661 INFO: Combining 1 list datasets for head 'target_head_valid'
2025-09-13 00:45:34.661 INFO: Combined validation datasets for target_head
2025-09-13 00:45:34.661 INFO: Head 'target_head' training dataset size: 1612
2025-09-13 00:45:34.662 INFO: Processing datasets for head 'pt_head'
2025-09-13 00:45:34.767 INFO: Combining 1 list datasets for head 'pt_head'
2025-09-13 00:45:57.526 INFO: Combining 1 list datasets for head 'pt_head_valid'
2025-09-13 00:45:57.527 INFO: Combined validation datasets for pt_head
2025-09-13 00:45:57.527 INFO: Head 'pt_head' training dataset size: 142
2025-09-13 00:45:57.527 INFO: Computing average number of neighbors
2025-09-13 00:46:00.067 INFO: Average number of neighbors: 67.31388041084317
2025-09-13 00:46:00.067 INFO: During training the following quantities will be reported: energy, forces
2025-09-13 00:46:00.067 INFO: ===========MODEL DETAILS===========
2025-09-13 00:46:01.672 WARNING: Standard deviation of the scaling is zero, Changing to no scaling
2025-09-13 00:46:01.676 INFO: Loading FOUNDATION model
2025-09-13 00:46:01.676 INFO: Using filtered elements: [3, 8, 40, 57]
2025-09-13 00:46:01.676 INFO: Model configuration extracted from foundation model
2025-09-13 00:46:01.677 INFO: Using weighted loss function for fine-tuning
2025-09-13 00:46:01.677 INFO: Message passing with hidden irreps 128x0e+128x1o+128x2e)
2025-09-13 00:46:01.677 INFO: 2 layers, each with correlation order: 3 (body order: 4) and spherical harmonics up to: l=3
2025-09-13 00:46:01.677 INFO: Radial cutoff: 6.0 A (total receptive field for each atom: 12.0 A)
2025-09-13 00:46:01.677 INFO: Distance transform for radial basis functions: None
Using reduced CG: False
Using reduced CG: False
2025-09-13 00:46:03.181 INFO: Total number of parameters: 896586
2025-09-13 00:46:03.181 INFO: 
2025-09-13 00:46:03.181 INFO: ===========OPTIMIZER INFORMATION===========
2025-09-13 00:46:03.181 INFO: Using ADAM as parameter optimizer
2025-09-13 00:46:03.181 INFO: Batch size: 2
2025-09-13 00:46:03.181 INFO: Number of gradient updates: 35080
2025-09-13 00:46:03.181 INFO: Learning rate: 0.002, weight decay: 1e-08
2025-09-13 00:46:03.181 INFO: WeightedEnergyForcesLoss(energy_weight=50.000, forces_weight=10.000)
2025-09-13 00:46:03.359 WARNING: Cannot find checkpoint with tag 'mace_T2_w1_2heads_final_run-10' in './checkpoints'
2025-09-13 00:46:03.359 INFO: Using gradient clipping with tolerance=1.000
2025-09-13 00:46:03.359 INFO: 
2025-09-13 00:46:03.359 INFO: ===========TRAINING===========
2025-09-13 00:46:03.359 INFO: Started training, reporting errors on validation set
2025-09-13 00:46:03.359 INFO: Loss metrics on validation set
2025-09-13 00:47:29.062 INFO: Initial: head: pt_head, loss=233.51464016, RMSE_E_per_atom= 2126.43 meV, RMSE_F=  959.54 meV / A
2025-09-13 00:48:48.954 INFO: Initial: head: target_head, loss=233.51464016, RMSE_E_per_atom= 2126.43 meV, RMSE_F=  959.54 meV / A
2025-09-13 00:59:07.990 INFO: Epoch 0: head: pt_head, loss=0.13024546, RMSE_E_per_atom=   38.47 meV, RMSE_F=   78.34 meV / A
2025-09-13 01:00:27.634 INFO: Epoch 0: head: target_head, loss=0.07983658, RMSE_E_per_atom=   24.20 meV, RMSE_F=   74.63 meV / A
2025-09-13 01:10:39.906 INFO: Epoch 1: head: pt_head, loss=0.07735610, RMSE_E_per_atom=   28.71 meV, RMSE_F=   63.46 meV / A
2025-09-13 01:11:59.784 INFO: Epoch 1: head: target_head, loss=0.03641409, RMSE_E_per_atom=    9.93 meV, RMSE_F=   59.61 meV / A
2025-09-13 01:22:12.222 INFO: Epoch 2: head: pt_head, loss=0.06763594, RMSE_E_per_atom=   26.18 meV, RMSE_F=   60.75 meV / A
2025-09-13 01:23:32.116 INFO: Epoch 2: head: target_head, loss=0.03854337, RMSE_E_per_atom=   14.16 meV, RMSE_F=   56.52 meV / A
2025-09-13 01:33:44.348 INFO: Epoch 3: head: pt_head, loss=0.07432730, RMSE_E_per_atom=   26.55 meV, RMSE_F=   65.30 meV / A
2025-09-13 01:35:04.267 INFO: Epoch 3: head: target_head, loss=0.02986708, RMSE_E_per_atom=    8.57 meV, RMSE_F=   54.22 meV / A
2025-09-13 01:45:16.778 INFO: Epoch 4: head: pt_head, loss=0.06380091, RMSE_E_per_atom=   24.45 meV, RMSE_F=   61.22 meV / A
2025-09-13 01:46:36.535 INFO: Epoch 4: head: target_head, loss=0.02621313, RMSE_E_per_atom=    5.62 meV, RMSE_F=   52.51 meV / A
2025-09-13 01:56:48.781 INFO: Epoch 5: head: pt_head, loss=0.07106302, RMSE_E_per_atom=   23.04 meV, RMSE_F=   69.18 meV / A
2025-09-13 01:58:08.521 INFO: Epoch 5: head: target_head, loss=0.02613227, RMSE_E_per_atom=    3.48 meV, RMSE_F=   53.38 meV / A
2025-09-13 02:08:21.442 INFO: Epoch 6: head: pt_head, loss=0.05339013, RMSE_E_per_atom=    7.35 meV, RMSE_F=   73.20 meV / A
2025-09-13 02:09:41.250 INFO: Epoch 6: head: target_head, loss=0.03115697, RMSE_E_per_atom=    7.45 meV, RMSE_F=   55.58 meV / A
2025-09-13 02:19:53.604 INFO: Epoch 7: head: pt_head, loss=0.07326755, RMSE_E_per_atom=   24.98 meV, RMSE_F=   67.07 meV / A
2025-09-13 02:21:13.445 INFO: Epoch 7: head: target_head, loss=0.02247494, RMSE_E_per_atom=    4.91 meV, RMSE_F=   48.77 meV / A
2025-09-13 02:31:25.713 INFO: Epoch 8: head: pt_head, loss=0.12471747, RMSE_E_per_atom=   40.81 meV, RMSE_F=   66.75 meV / A
2025-09-13 02:32:45.450 INFO: Epoch 8: head: target_head, loss=0.04845443, RMSE_E_per_atom=   22.77 meV, RMSE_F=   50.49 meV / A
2025-09-13 02:42:58.187 INFO: Epoch 9: head: pt_head, loss=0.04652998, RMSE_E_per_atom=    9.57 meV, RMSE_F=   66.65 meV / A
2025-09-13 02:44:17.802 INFO: Epoch 9: head: target_head, loss=0.02166954, RMSE_E_per_atom=    4.64 meV, RMSE_F=   48.03 meV / A
2025-09-13 02:54:30.315 INFO: Epoch 10: head: pt_head, loss=0.04125803, RMSE_E_per_atom=   12.42 meV, RMSE_F=   60.22 meV / A
2025-09-13 02:55:49.949 INFO: Epoch 10: head: target_head, loss=0.02178522, RMSE_E_per_atom=    7.85 meV, RMSE_F=   45.88 meV / A
