2025-09-13 03:01:50.945 INFO: ===========VERIFYING SETTINGS===========
2025-09-13 03:01:50.946 INFO: MACE version: 0.3.14
2025-09-13 03:01:51.789 INFO: CUDA version: 12.1, CUDA device: 0
2025-09-13 03:01:52.881 INFO: Using foundation model /home/phanim/harshitrawat/summer/mace_models/universal/2024-01-07-mace-128-L2_epoch-199.model as initial checkpoint.
2025-09-13 03:01:52.894 WARNING: Using multiheads finetuning with a foundation model that is not a Materials Project model, need to provied a path to a pretraining file with --pt_train_file.
2025-09-13 03:01:52.894 INFO: ===========LOADING INPUT DATA===========
2025-09-13 03:01:52.894 INFO: Using heads: ['target_head', 'pt_head']
2025-09-13 03:01:52.894 INFO: Using the key specifications to parse data:
2025-09-13 03:01:52.894 INFO: target_head: KeySpecification(info_keys={'energy': 'REF_energy', 'stress': 'REF_stress', 'virials': 'REF_virials', 'dipole': 'dipole', 'head': 'head', 'elec_temp': 'elec_temp', 'total_charge': 'total_charge', 'total_spin': 'total_spin'}, arrays_keys={'forces': 'REF_forces', 'charges': 'REF_charges'})
2025-09-13 03:01:52.894 INFO: pt_head: KeySpecification(info_keys={'energy': 'REF_energy', 'stress': 'REF_stress', 'virials': 'REF_virials', 'dipole': 'dipole', 'head': 'head', 'elec_temp': 'elec_temp', 'total_charge': 'total_charge', 'total_spin': 'total_spin'}, arrays_keys={'forces': 'REF_forces', 'charges': 'REF_charges'})
2025-09-13 03:01:52.894 INFO: =============    Processing head target_head     ===========
2025-09-13 03:01:59.027 INFO: Training set 1/1 [energy: 1612, stress: 0, virials: 0, dipole components: 0, head: 1612, elec_temp: 0, total_charge: 0, total_spin: 0, forces: 1612, charges: 0]
2025-09-13 03:01:59.032 INFO: Total Training set [energy: 1612, stress: 0, virials: 0, dipole components: 0, head: 1612, elec_temp: 0, total_charge: 0, total_spin: 0, forces: 1612, charges: 0]
2025-09-13 03:02:01.598 INFO: Validation set 1/1 [energy: 705, stress: 0, virials: 0, dipole components: 0, head: 705, elec_temp: 0, total_charge: 0, total_spin: 0, forces: 705, charges: 0]
2025-09-13 03:02:01.600 INFO: Total Validation set [energy: 705, stress: 0, virials: 0, dipole components: 0, head: 705, elec_temp: 0, total_charge: 0, total_spin: 0, forces: 705, charges: 0]
2025-09-13 03:02:01.600 INFO: Total number of configurations: train=1612, valid=705, tests=[],
2025-09-13 03:02:01.600 INFO: =============    Processing head pt_head     ===========
2025-09-13 03:02:01.671 INFO: Training set 1/1 [energy: 142, stress: 0, virials: 0, dipole components: 0, head: 142, elec_temp: 0, total_charge: 0, total_spin: 0, forces: 0, charges: 0]
2025-09-13 03:02:01.672 INFO: Total Training set [energy: 142, stress: 0, virials: 0, dipole components: 0, head: 142, elec_temp: 0, total_charge: 0, total_spin: 0, forces: 0, charges: 0]
2025-09-13 03:02:04.204 INFO: Validation set 1/1 [energy: 705, stress: 0, virials: 0, dipole components: 0, head: 705, elec_temp: 0, total_charge: 0, total_spin: 0, forces: 705, charges: 0]
2025-09-13 03:02:04.206 INFO: Total Validation set [energy: 705, stress: 0, virials: 0, dipole components: 0, head: 705, elec_temp: 0, total_charge: 0, total_spin: 0, forces: 705, charges: 0]
2025-09-13 03:02:04.206 INFO: Total number of configurations: train=142, valid=705, tests=[],
2025-09-13 03:02:04.206 INFO: Using atomic numbers from command line argument
2025-09-13 03:02:04.206 INFO: Using atomic numbers from command line argument
2025-09-13 03:02:04.206 INFO: Atomic Numbers used: [3, 8, 40, 57]
2025-09-13 03:02:04.206 INFO: Isolated Atomic Energies (E0s) not in training file, using command line argument
2025-09-13 03:02:04.206 INFO: Loading atomic energies from /home/phanim/harshitrawat/summer/e0s_llzo.json
2025-09-13 03:02:04.207 INFO: Isolated Atomic Energies (E0s) not in training file, using command line argument
2025-09-13 03:02:04.207 INFO: Loading atomic energies from /home/phanim/harshitrawat/summer/e0s_llzo.json
2025-09-13 03:02:04.207 INFO: Atomic Energies used (z: eV) for head target_head: {3: -1.882, 8: -4.913, 40: -8.509, 57: -4.894}
2025-09-13 03:02:04.207 INFO: Atomic Energies used (z: eV) for head pt_head: {3: -1.882, 8: -4.913, 40: -8.509, 57: -4.894}
2025-09-13 03:02:04.207 INFO: Processing datasets for head 'target_head'
2025-09-13 03:02:55.667 INFO: Combining 1 list datasets for head 'target_head'
2025-09-13 03:03:18.103 INFO: Combining 1 list datasets for head 'target_head_valid'
2025-09-13 03:03:18.103 INFO: Combined validation datasets for target_head
2025-09-13 03:03:18.103 INFO: Head 'target_head' training dataset size: 1612
2025-09-13 03:03:18.103 INFO: Processing datasets for head 'pt_head'
2025-09-13 03:03:18.209 INFO: Combining 1 list datasets for head 'pt_head'
2025-09-13 03:03:41.308 INFO: Combining 1 list datasets for head 'pt_head_valid'
2025-09-13 03:03:41.308 INFO: Combined validation datasets for pt_head
2025-09-13 03:03:41.308 INFO: Head 'pt_head' training dataset size: 142
2025-09-13 03:03:41.309 INFO: Computing average number of neighbors
2025-09-13 03:03:43.863 INFO: Average number of neighbors: 67.31388041084317
2025-09-13 03:03:43.863 INFO: During training the following quantities will be reported: energy, forces
2025-09-13 03:03:43.863 INFO: ===========MODEL DETAILS===========
2025-09-13 03:03:45.435 WARNING: Standard deviation of the scaling is zero, Changing to no scaling
2025-09-13 03:03:45.438 INFO: Loading FOUNDATION model
2025-09-13 03:03:45.439 INFO: Using filtered elements: [3, 8, 40, 57]
2025-09-13 03:03:45.439 INFO: Model configuration extracted from foundation model
2025-09-13 03:03:45.439 INFO: Using weighted loss function for fine-tuning
2025-09-13 03:03:45.439 INFO: Message passing with hidden irreps 128x0e+128x1o+128x2e)
2025-09-13 03:03:45.439 INFO: 2 layers, each with correlation order: 3 (body order: 4) and spherical harmonics up to: l=3
2025-09-13 03:03:45.439 INFO: Radial cutoff: 6.0 A (total receptive field for each atom: 12.0 A)
2025-09-13 03:03:45.439 INFO: Distance transform for radial basis functions: None
Using reduced CG: False
Using reduced CG: False
2025-09-13 03:03:46.933 INFO: Total number of parameters: 896586
2025-09-13 03:03:46.933 INFO: 
2025-09-13 03:03:46.933 INFO: ===========OPTIMIZER INFORMATION===========
2025-09-13 03:03:46.933 INFO: Using ADAM as parameter optimizer
2025-09-13 03:03:46.933 INFO: Batch size: 2
2025-09-13 03:03:46.933 INFO: Number of gradient updates: 35080
2025-09-13 03:03:46.933 INFO: Learning rate: 0.001, weight decay: 1e-08
2025-09-13 03:03:46.933 INFO: WeightedEnergyForcesLoss(energy_weight=50.000, forces_weight=10.000)
2025-09-13 03:03:46.935 WARNING: No SWA checkpoint found, while SWA is enabled. Compare the swa_start parameter and the latest checkpoint.
2025-09-13 03:03:46.935 INFO: Loading checkpoint: ./checkpoints/mace_T2_w1_2heads_final_run-10_epoch-9.pt
2025-09-13 03:03:46.974 INFO: Using gradient clipping with tolerance=1.000
2025-09-13 03:03:46.974 INFO: 
2025-09-13 03:03:46.974 INFO: ===========TRAINING===========
2025-09-13 03:03:46.974 INFO: Started training, reporting errors on validation set
2025-09-13 03:03:46.974 INFO: Loss metrics on validation set
2025-09-13 03:05:12.546 INFO: Initial: head: pt_head, loss=0.04652998, RMSE_E_per_atom=    9.57 meV, RMSE_F=   66.65 meV / A
2025-09-13 03:06:32.414 INFO: Initial: head: target_head, loss=0.02166954, RMSE_E_per_atom=    4.64 meV, RMSE_F=   48.03 meV / A
2025-09-13 03:16:53.492 INFO: Epoch 9: head: pt_head, loss=0.05662545, RMSE_E_per_atom=   21.22 meV, RMSE_F=   60.63 meV / A
2025-09-13 03:18:13.247 INFO: Epoch 9: head: target_head, loss=0.01760207, RMSE_E_per_atom=    3.42 meV, RMSE_F=   43.88 meV / A
2025-09-13 03:28:27.713 INFO: Epoch 10: head: pt_head, loss=0.04674682, RMSE_E_per_atom=   13.41 meV, RMSE_F=   63.51 meV / A
2025-09-13 03:29:47.390 INFO: Epoch 10: head: target_head, loss=0.01682535, RMSE_E_per_atom=    1.91 meV, RMSE_F=   43.44 meV / A
2025-09-13 03:40:01.850 INFO: Epoch 11: head: pt_head, loss=0.04842092, RMSE_E_per_atom=   16.41 meV, RMSE_F=   61.29 meV / A
2025-09-13 03:41:21.633 INFO: Epoch 11: head: target_head, loss=0.01748665, RMSE_E_per_atom=    3.84 meV, RMSE_F=   43.51 meV / A
2025-09-13 03:51:35.804 INFO: Epoch 12: head: pt_head, loss=0.04363836, RMSE_E_per_atom=   14.07 meV, RMSE_F=   60.23 meV / A
2025-09-13 03:52:55.693 INFO: Epoch 12: head: target_head, loss=0.01843378, RMSE_E_per_atom=    6.71 meV, RMSE_F=   42.75 meV / A
2025-09-13 04:03:10.356 INFO: Epoch 13: head: pt_head, loss=0.04915805, RMSE_E_per_atom=   18.69 meV, RMSE_F=   58.80 meV / A
2025-09-13 04:04:30.134 INFO: Epoch 13: head: target_head, loss=0.01684089, RMSE_E_per_atom=    4.88 meV, RMSE_F=   42.16 meV / A
2025-09-13 04:14:44.745 INFO: Epoch 14: head: pt_head, loss=0.04001100, RMSE_E_per_atom=   12.45 meV, RMSE_F=   59.22 meV / A
2025-09-13 04:16:04.495 INFO: Epoch 14: head: target_head, loss=0.01614126, RMSE_E_per_atom=    4.04 meV, RMSE_F=   41.73 meV / A
2025-09-13 04:26:19.397 INFO: Epoch 15: head: pt_head, loss=0.04416211, RMSE_E_per_atom=   12.38 meV, RMSE_F=   62.67 meV / A
2025-09-13 04:27:39.218 INFO: Epoch 15: head: target_head, loss=0.01629806, RMSE_E_per_atom=    1.20 meV, RMSE_F=   42.70 meV / A
2025-09-13 04:37:53.398 INFO: Epoch 16: head: pt_head, loss=0.03696240, RMSE_E_per_atom=    8.59 meV, RMSE_F=   60.06 meV / A
2025-09-13 04:39:13.062 INFO: Epoch 16: head: target_head, loss=0.01573538, RMSE_E_per_atom=    3.86 meV, RMSE_F=   41.25 meV / A
2025-09-13 04:49:27.501 INFO: Epoch 17: head: pt_head, loss=0.04112822, RMSE_E_per_atom=   12.53 meV, RMSE_F=   60.11 meV / A
2025-09-13 04:50:47.279 INFO: Epoch 17: head: target_head, loss=0.01567398, RMSE_E_per_atom=    1.81 meV, RMSE_F=   41.92 meV / A
2025-09-13 05:01:01.874 INFO: Epoch 18: head: pt_head, loss=0.04758204, RMSE_E_per_atom=   16.54 meV, RMSE_F=   60.63 meV / A
2025-09-13 05:02:21.599 INFO: Epoch 18: head: target_head, loss=0.01629102, RMSE_E_per_atom=    5.79 meV, RMSE_F=   40.74 meV / A
2025-09-13 05:12:36.123 INFO: Epoch 19: head: pt_head, loss=0.04074603, RMSE_E_per_atom=   11.17 meV, RMSE_F=   61.11 meV / A
2025-09-13 05:13:55.854 INFO: Epoch 19: head: target_head, loss=0.01746705, RMSE_E_per_atom=    7.54 meV, RMSE_F=   40.64 meV / A
2025-09-13 05:24:10.237 INFO: Epoch 20: head: pt_head, loss=0.03394813, RMSE_E_per_atom=    8.07 meV, RMSE_F=   57.92 meV / A
2025-09-13 05:25:30.122 INFO: Epoch 20: head: target_head, loss=0.01572130, RMSE_E_per_atom=    3.40 meV, RMSE_F=   41.33 meV / A
2025-09-13 05:35:44.409 INFO: Epoch 21: head: pt_head, loss=0.04021560, RMSE_E_per_atom=   10.76 meV, RMSE_F=   61.20 meV / A
2025-09-13 05:37:04.206 INFO: Epoch 21: head: target_head, loss=0.01467315, RMSE_E_per_atom=    2.77 meV, RMSE_F=   40.25 meV / A
2025-09-13 05:47:18.476 INFO: Epoch 22: head: pt_head, loss=0.06345438, RMSE_E_per_atom=   23.13 meV, RMSE_F=   62.88 meV / A
2025-09-13 05:48:38.316 INFO: Epoch 22: head: target_head, loss=0.02334932, RMSE_E_per_atom=   13.17 meV, RMSE_F=   40.69 meV / A
2025-09-13 05:58:52.375 INFO: Epoch 23: head: pt_head, loss=0.08302981, RMSE_E_per_atom=   28.57 meV, RMSE_F=   68.41 meV / A
2025-09-13 06:00:12.223 INFO: Epoch 23: head: target_head, loss=0.02699310, RMSE_E_per_atom=    9.23 meV, RMSE_F=   51.58 meV / A
2025-09-13 06:10:26.541 INFO: Epoch 24: head: pt_head, loss=0.03926363, RMSE_E_per_atom=    9.58 meV, RMSE_F=   61.31 meV / A
2025-09-13 06:11:46.332 INFO: Epoch 24: head: target_head, loss=0.01468263, RMSE_E_per_atom=    3.68 meV, RMSE_F=   39.83 meV / A
2025-09-13 06:22:00.217 INFO: Epoch 25: head: pt_head, loss=0.03811060, RMSE_E_per_atom=    6.56 meV, RMSE_F=   62.55 meV / A
2025-09-13 06:23:20.001 INFO: Epoch 25: head: target_head, loss=0.01445294, RMSE_E_per_atom=    3.20 meV, RMSE_F=   39.65 meV / A
2025-09-13 06:33:34.598 INFO: Epoch 26: head: pt_head, loss=0.04758873, RMSE_E_per_atom=   15.13 meV, RMSE_F=   62.59 meV / A
2025-09-13 06:34:54.243 INFO: Epoch 26: head: target_head, loss=0.01652159, RMSE_E_per_atom=    7.29 meV, RMSE_F=   39.60 meV / A
2025-09-13 06:45:08.949 INFO: Epoch 27: head: pt_head, loss=0.05041032, RMSE_E_per_atom=   15.79 meV, RMSE_F=   64.15 meV / A
2025-09-13 06:46:28.853 INFO: Epoch 27: head: target_head, loss=0.01677104, RMSE_E_per_atom=    7.62 meV, RMSE_F=   39.73 meV / A
2025-09-13 06:56:43.068 INFO: Epoch 28: head: pt_head, loss=0.03792681, RMSE_E_per_atom=    6.36 meV, RMSE_F=   62.40 meV / A
2025-09-13 06:58:02.727 INFO: Epoch 28: head: target_head, loss=0.01556408, RMSE_E_per_atom=    6.80 meV, RMSE_F=   38.74 meV / A
2025-09-13 07:08:17.327 INFO: Epoch 29: head: pt_head, loss=0.04228701, RMSE_E_per_atom=   12.66 meV, RMSE_F=   61.09 meV / A
2025-09-13 07:09:37.258 INFO: Epoch 29: head: target_head, loss=0.01758583, RMSE_E_per_atom=    3.31 meV, RMSE_F=   43.38 meV / A
2025-09-13 07:19:51.357 INFO: Epoch 30: head: pt_head, loss=0.04432542, RMSE_E_per_atom=    9.10 meV, RMSE_F=   65.91 meV / A
2025-09-13 07:21:11.231 INFO: Epoch 30: head: target_head, loss=0.01491605, RMSE_E_per_atom=    2.09 meV, RMSE_F=   40.73 meV / A
2025-09-13 07:31:25.402 INFO: Epoch 31: head: pt_head, loss=0.03790932, RMSE_E_per_atom=    8.58 meV, RMSE_F=   61.11 meV / A
2025-09-13 07:32:45.343 INFO: Epoch 31: head: target_head, loss=0.01893152, RMSE_E_per_atom=   10.98 meV, RMSE_F=   38.31 meV / A
2025-09-13 07:42:59.599 INFO: Epoch 32: head: pt_head, loss=0.04397682, RMSE_E_per_atom=   13.61 meV, RMSE_F=   61.66 meV / A
2025-09-13 07:44:19.316 INFO: Epoch 32: head: target_head, loss=0.01487204, RMSE_E_per_atom=    3.24 meV, RMSE_F=   40.10 meV / A
2025-09-13 07:54:33.931 INFO: Epoch 33: head: pt_head, loss=0.04828953, RMSE_E_per_atom=   14.06 meV, RMSE_F=   64.62 meV / A
2025-09-13 07:55:53.887 INFO: Epoch 33: head: target_head, loss=0.01301112, RMSE_E_per_atom=    1.63 meV, RMSE_F=   38.22 meV / A
2025-09-13 08:06:08.264 INFO: Epoch 34: head: pt_head, loss=0.04583504, RMSE_E_per_atom=   13.10 meV, RMSE_F=   63.68 meV / A
2025-09-13 08:07:28.084 INFO: Epoch 34: head: target_head, loss=0.01449870, RMSE_E_per_atom=    5.93 meV, RMSE_F=   38.04 meV / A
2025-09-13 08:17:42.748 INFO: Epoch 35: head: pt_head, loss=0.04096582, RMSE_E_per_atom=    8.14 meV, RMSE_F=   64.17 meV / A
2025-09-13 08:19:02.504 INFO: Epoch 35: head: target_head, loss=0.01329336, RMSE_E_per_atom=    2.10 meV, RMSE_F=   38.48 meV / A
2025-09-13 08:29:16.607 INFO: Epoch 36: head: pt_head, loss=0.03877100, RMSE_E_per_atom=    7.43 meV, RMSE_F=   62.61 meV / A
2025-09-13 08:30:36.768 INFO: Epoch 36: head: target_head, loss=0.01415793, RMSE_E_per_atom=    3.88 meV, RMSE_F=   38.90 meV / A
2025-09-13 08:40:51.096 INFO: Epoch 37: head: pt_head, loss=0.04218553, RMSE_E_per_atom=    6.41 meV, RMSE_F=   66.07 meV / A
2025-09-13 08:42:10.974 INFO: Epoch 37: head: target_head, loss=0.01341009, RMSE_E_per_atom=    3.00 meV, RMSE_F=   38.28 meV / A
2025-09-13 08:52:25.181 INFO: Epoch 38: head: pt_head, loss=0.03620988, RMSE_E_per_atom=    7.04 meV, RMSE_F=   60.86 meV / A
2025-09-13 08:53:45.013 INFO: Epoch 38: head: target_head, loss=0.01314888, RMSE_E_per_atom=    3.74 meV, RMSE_F=   37.59 meV / A
2025-09-13 09:03:59.370 INFO: Epoch 39: head: pt_head, loss=0.03958942, RMSE_E_per_atom=   10.35 meV, RMSE_F=   61.29 meV / A
2025-09-13 09:05:19.150 INFO: Epoch 39: head: target_head, loss=0.01241667, RMSE_E_per_atom=    1.04 meV, RMSE_F=   37.50 meV / A
2025-09-13 09:05:19.374 INFO: Training complete
2025-09-13 09:05:19.374 INFO: 
2025-09-13 09:05:19.374 INFO: ===========RESULTS===========
2025-09-13 09:05:19.379 INFO: Loading checkpoint: ./checkpoints/mace_T2_w1_2heads_final_run-10_epoch-39.pt
2025-09-13 09:05:19.411 INFO: Loaded Stage one model from epoch 39 for evaluation
2025-09-13 09:05:19.412 INFO: Saving model to checkpoints/mace_T2_w1_2heads_final_run-10.model
2025-09-13 09:05:19.825 INFO: Compiling model, saving metadata to mace_T2_w1_2heads_final_compiled.model
2025-09-13 09:05:20.585 INFO: Computing metrics for training, validation, and test sets
2025-09-13 09:05:20.585 INFO: Skipping evaluation for heads: ['pt_head']
2025-09-13 09:05:20.586 INFO: Skipping evaluation of train_pt_head (in skip_heads list)
2025-09-13 09:05:20.586 INFO: Evaluating train_target_head ...
2025-09-13 09:08:07.034 INFO: Skipping evaluation of valid_pt_head (in skip_heads list)
2025-09-13 09:08:07.037 INFO: Evaluating valid_target_head ...
2025-09-13 09:09:27.141 INFO: Error-table on TRAIN and VALID:
+-------------------+---------------------+------------------+-------------------+
|    config_type    | RMSE E / meV / atom | RMSE F / meV / A | relative F RMSE % |
+-------------------+---------------------+------------------+-------------------+
| train_target_head |            1.0      |         34.8     |         10.03     |
| valid_target_head |            1.0      |         37.5     |         10.91     |
+-------------------+---------------------+------------------+-------------------+
2025-09-13 09:15:34.724 INFO: Done
