2025-07-24 01:46:28.418 INFO: ===========VERIFYING SETTINGS===========
2025-07-24 01:46:28.419 INFO: ===========VERIFYING SETTINGS===========
2025-07-24 01:47:10.701 INFO: ===========VERIFYING SETTINGS===========
2025-07-24 01:47:10.707 INFO: Process group initialized: True
2025-07-24 01:47:10.707 INFO: Processes: 1
2025-07-24 01:47:10.707 INFO: MACE version: 0.3.14
2025-07-24 01:47:10.707 INFO: CUDA version: 12.6, CUDA device: 0
2025-07-24 01:47:10.717 INFO: ===========VERIFYING SETTINGS===========
2025-07-24 01:47:10.721 INFO: Process group initialized: True
2025-07-24 01:47:10.721 INFO: Processes: 1
2025-07-24 01:47:10.721 INFO: MACE version: 0.3.14
2025-07-24 01:47:10.721 INFO: CUDA version: 12.6, CUDA device: 0
2025-07-24 01:47:10.822 INFO: ===========LOADING INPUT DATA===========
2025-07-24 01:47:10.822 INFO: Using heads: ['Default']
2025-07-24 01:47:10.822 INFO: Using the key specifications to parse data:
2025-07-24 01:47:10.822 INFO: Default: KeySpecification(info_keys={'energy': 'REF_energy', 'stress': 'REF_stress', 'virials': 'REF_virials', 'dipole': 'dipole', 'head': 'head', 'elec_temp': 'elec_temp', 'total_charge': 'total_charge', 'total_spin': 'total_spin'}, arrays_keys={'forces': 'REF_forces', 'charges': 'REF_charges'})
2025-07-24 01:47:10.822 INFO: =============    Processing head Default     ===========
2025-07-24 01:47:10.822 INFO: ===========LOADING INPUT DATA===========
2025-07-24 01:47:10.822 INFO: Using heads: ['Default']
2025-07-24 01:47:10.822 INFO: Using the key specifications to parse data:
2025-07-24 01:47:10.822 INFO: Default: KeySpecification(info_keys={'energy': 'REF_energy', 'stress': 'REF_stress', 'virials': 'REF_virials', 'dipole': 'dipole', 'head': 'head', 'elec_temp': 'elec_temp', 'total_charge': 'total_charge', 'total_spin': 'total_spin'}, arrays_keys={'forces': 'REF_forces', 'charges': 'REF_charges'})
2025-07-24 01:47:10.822 INFO: =============    Processing head Default     ===========
2025-07-24 01:47:31.946 INFO: Training set 1/1 [energy: 6337, stress: 0, virials: 0, dipole components: 0, head: 6337, elec_temp: 0, total_charge: 0, total_spin: 0, forces: 6337, charges: 0]
2025-07-24 01:47:31.949 INFO: Training set 1/1 [energy: 6337, stress: 0, virials: 0, dipole components: 0, head: 6337, elec_temp: 0, total_charge: 0, total_spin: 0, forces: 6337, charges: 0]
2025-07-24 01:47:31.968 INFO: Total Training set [energy: 6337, stress: 0, virials: 0, dipole components: 0, head: 6337, elec_temp: 0, total_charge: 0, total_spin: 0, forces: 6337, charges: 0]
2025-07-24 01:47:31.968 INFO: No validation set provided, splitting training data instead.
2025-07-24 01:47:31.969 INFO: Total Training set [energy: 6337, stress: 0, virials: 0, dipole components: 0, head: 6337, elec_temp: 0, total_charge: 0, total_spin: 0, forces: 6337, charges: 0]
2025-07-24 01:47:31.969 INFO: No validation set provided, splitting training data instead.
2025-07-24 01:47:31.971 INFO: Using random 0% of training set for validation with indices saved in: ./valid_indices_42.txt
2025-07-24 01:47:31.973 INFO: Using random 0% of training set for validation with indices saved in: ./valid_indices_42.txt
2025-07-24 01:47:31.993 INFO: Random Split Training set [energy: 6306, stress: 0, virials: 0, dipole components: 0, head: 6306, elec_temp: 0, total_charge: 0, total_spin: 0, forces: 6306, charges: 0]
2025-07-24 01:47:31.993 INFO: Random Split Validation set [energy: 31, stress: 0, virials: 0, dipole components: 0, head: 31, elec_temp: 0, total_charge: 0, total_spin: 0, forces: 31, charges: 0]
2025-07-24 01:47:31.995 INFO: Random Split Training set [energy: 6306, stress: 0, virials: 0, dipole components: 0, head: 6306, elec_temp: 0, total_charge: 0, total_spin: 0, forces: 6306, charges: 0]
2025-07-24 01:47:31.996 INFO: Random Split Validation set [energy: 31, stress: 0, virials: 0, dipole components: 0, head: 31, elec_temp: 0, total_charge: 0, total_spin: 0, forces: 31, charges: 0]
2025-07-24 01:47:34.569 INFO: Test set 1/1 [energy: 705, stress: 0, virials: 0, dipole components: 0, head: 705, elec_temp: 0, total_charge: 0, total_spin: 0, forces: 705, charges: 0]
2025-07-24 01:47:34.571 INFO: Total Test set [energy: 705, stress: 0, virials: 0, dipole components: 0, head: 705, elec_temp: 0, total_charge: 0, total_spin: 0, forces: 705, charges: 0]
2025-07-24 01:47:34.571 INFO: Total number of configurations: train=6306, valid=31, tests=[Default_Default: 705],
2025-07-24 01:47:34.593 INFO: Test set 1/1 [energy: 705, stress: 0, virials: 0, dipole components: 0, head: 705, elec_temp: 0, total_charge: 0, total_spin: 0, forces: 705, charges: 0]
2025-07-24 01:47:34.596 INFO: Total Test set [energy: 705, stress: 0, virials: 0, dipole components: 0, head: 705, elec_temp: 0, total_charge: 0, total_spin: 0, forces: 705, charges: 0]
2025-07-24 01:47:34.596 INFO: Total number of configurations: train=6306, valid=31, tests=[Default_Default: 705],
2025-07-24 01:47:34.838 INFO: Atomic Numbers used: [3, 8, 40, 57]
2025-07-24 01:47:34.838 INFO: Isolated Atomic Energies (E0s) not in training file, using command line argument
2025-07-24 01:47:34.838 INFO: Atomic Energies used (z: eV) for head Default: {3: -201.7093, 8: -431.6112, 40: -1275.9529, 57: -857.6754}
2025-07-24 01:47:34.838 INFO: Processing datasets for head 'Default'
2025-07-24 01:47:34.867 INFO: Atomic Numbers used: [3, 8, 40, 57]
2025-07-24 01:47:34.868 INFO: Isolated Atomic Energies (E0s) not in training file, using command line argument
2025-07-24 01:47:34.868 INFO: Atomic Energies used (z: eV) for head Default: {3: -201.7093, 8: -431.6112, 40: -1275.9529, 57: -857.6754}
2025-07-24 01:47:34.868 INFO: Processing datasets for head 'Default'
2025-07-24 01:48:30.248 INFO: Combining 1 list datasets for head 'Default'
2025-07-24 01:48:30.440 INFO: Combining 1 list datasets for head 'Default'
2025-07-24 01:48:30.575 INFO: Head 'Default' training dataset size: 6306
2025-07-24 01:48:30.576 INFO: Computing average number of neighbors
2025-07-24 01:48:30.762 INFO: Head 'Default' training dataset size: 6306
2025-07-24 01:48:30.762 INFO: Computing average number of neighbors
2025-07-24 01:48:44.760 INFO: Average number of neighbors: 38.70344595488896
2025-07-24 01:48:44.760 INFO: During training the following quantities will be reported: energy, forces
2025-07-24 01:48:44.760 INFO: ===========MODEL DETAILS===========
2025-07-24 01:48:44.771 INFO: Average number of neighbors: 38.70344595488896
2025-07-24 01:48:44.771 INFO: During training the following quantities will be reported: energy, forces
2025-07-24 01:48:44.771 INFO: ===========MODEL DETAILS===========
2025-07-24 01:48:50.332 INFO: Building model
2025-07-24 01:48:50.332 INFO: Message passing with 64 channels and max_L=2 (64x0e+64x1o+64x2e)
2025-07-24 01:48:50.332 INFO: 2 layers, each with correlation order: 3 (body order: 4) and spherical harmonics up to: l=3
2025-07-24 01:48:50.332 INFO: 8 radial and 5 basis functions
2025-07-24 01:48:50.332 INFO: Radial cutoff: 5.0 A (total receptive field for each atom: 10.0 A)
2025-07-24 01:48:50.332 INFO: Distance transform for radial basis functions: None
2025-07-24 01:48:50.332 INFO: Hidden irreps: 64x0e+64x1o+64x2e
2025-07-24 01:48:50.445 INFO: Building model
2025-07-24 01:48:50.446 INFO: Message passing with 64 channels and max_L=2 (64x0e+64x1o+64x2e)
2025-07-24 01:48:50.446 INFO: 2 layers, each with correlation order: 3 (body order: 4) and spherical harmonics up to: l=3
2025-07-24 01:48:50.446 INFO: 8 radial and 5 basis functions
2025-07-24 01:48:50.446 INFO: Radial cutoff: 5.0 A (total receptive field for each atom: 10.0 A)
2025-07-24 01:48:50.446 INFO: Distance transform for radial basis functions: None
2025-07-24 01:48:50.446 INFO: Hidden irreps: 64x0e+64x1o+64x2e
2025-07-24 01:48:51.408 INFO: Total number of parameters: 353360
2025-07-24 01:48:51.408 INFO: 
2025-07-24 01:48:51.408 INFO: ===========OPTIMIZER INFORMATION===========
2025-07-24 01:48:51.408 INFO: Using ADAM as parameter optimizer
2025-07-24 01:48:51.408 INFO: Batch size: 4
2025-07-24 01:48:51.408 INFO: Number of gradient updates: 31530
2025-07-24 01:48:51.408 INFO: Learning rate: 0.01, weight decay: 5e-07
2025-07-24 01:48:51.408 INFO: WeightedEnergyForcesLoss(energy_weight=1.000, forces_weight=100.000)
2025-07-24 01:48:51.417 INFO: Using gradient clipping with tolerance=10.000
2025-07-24 01:48:51.417 INFO: 
2025-07-24 01:48:51.417 INFO: ===========TRAINING===========
2025-07-24 01:48:51.417 INFO: Started training, reporting errors on validation set
2025-07-24 01:48:51.417 INFO: Loss metrics on validation set
2025-07-24 01:48:51.512 INFO: Total number of parameters: 353360
2025-07-24 01:48:51.512 INFO: 
2025-07-24 01:48:51.512 INFO: ===========OPTIMIZER INFORMATION===========
2025-07-24 01:48:51.512 INFO: Using ADAM as parameter optimizer
2025-07-24 01:48:51.512 INFO: Batch size: 4
2025-07-24 01:48:51.513 INFO: Number of gradient updates: 31530
2025-07-24 01:48:51.513 INFO: Learning rate: 0.01, weight decay: 5e-07
2025-07-24 01:48:51.513 INFO: WeightedEnergyForcesLoss(energy_weight=1.000, forces_weight=100.000)
2025-07-24 01:48:51.521 INFO: Using gradient clipping with tolerance=10.000
2025-07-24 01:48:51.521 INFO: 
2025-07-24 01:48:51.521 INFO: ===========TRAINING===========
2025-07-24 01:48:51.521 INFO: Started training, reporting errors on validation set
2025-07-24 01:48:51.521 INFO: Loss metrics on validation set
2025-07-24 01:48:58.120 INFO: Initial: head: Default, loss=84130.66394859, RMSE_E_per_atom=290030.14 meV, RMSE_F=  365.74 meV / A
2025-07-24 01:48:58.263 INFO: Initial: head: Default, loss=84130.66394859, RMSE_E_per_atom=290030.14 meV, RMSE_F=  365.74 meV / A
2025-07-24 01:49:31.007 INFO: ===========VERIFYING SETTINGS===========
2025-07-24 01:49:31.019 INFO: Process group initialized: True
2025-07-24 01:49:31.019 INFO: Processes: 1
2025-07-24 01:49:31.019 INFO: MACE version: 0.3.14
2025-07-24 01:49:31.020 INFO: CUDA version: 12.6, CUDA device: 0
2025-07-24 01:49:31.095 INFO: ===========VERIFYING SETTINGS===========
2025-07-24 01:49:31.105 INFO: Process group initialized: True
2025-07-24 01:49:31.105 INFO: Processes: 1
2025-07-24 01:49:31.105 INFO: MACE version: 0.3.14
2025-07-24 01:49:31.105 INFO: CUDA version: 12.6, CUDA device: 0
2025-07-24 01:49:31.140 INFO: ===========LOADING INPUT DATA===========
2025-07-24 01:49:31.140 INFO: Using heads: ['Default']
2025-07-24 01:49:31.140 INFO: Using the key specifications to parse data:
2025-07-24 01:49:31.140 INFO: Default: KeySpecification(info_keys={'energy': 'REF_energy', 'stress': 'REF_stress', 'virials': 'REF_virials', 'dipole': 'dipole', 'head': 'head', 'elec_temp': 'elec_temp', 'total_charge': 'total_charge', 'total_spin': 'total_spin'}, arrays_keys={'forces': 'REF_forces', 'charges': 'REF_charges'})
2025-07-24 01:49:31.140 INFO: =============    Processing head Default     ===========
2025-07-24 01:49:31.140 INFO: ===========LOADING INPUT DATA===========
2025-07-24 01:49:31.140 INFO: Using heads: ['Default']
2025-07-24 01:49:31.140 INFO: Using the key specifications to parse data:
2025-07-24 01:49:31.140 INFO: Default: KeySpecification(info_keys={'energy': 'REF_energy', 'stress': 'REF_stress', 'virials': 'REF_virials', 'dipole': 'dipole', 'head': 'head', 'elec_temp': 'elec_temp', 'total_charge': 'total_charge', 'total_spin': 'total_spin'}, arrays_keys={'forces': 'REF_forces', 'charges': 'REF_charges'})
2025-07-24 01:49:31.140 INFO: =============    Processing head Default     ===========
2025-07-24 01:49:52.277 INFO: Training set 1/1 [energy: 6337, stress: 0, virials: 0, dipole components: 0, head: 6337, elec_temp: 0, total_charge: 0, total_spin: 0, forces: 6337, charges: 0]
2025-07-24 01:49:52.296 INFO: Total Training set [energy: 6337, stress: 0, virials: 0, dipole components: 0, head: 6337, elec_temp: 0, total_charge: 0, total_spin: 0, forces: 6337, charges: 0]
2025-07-24 01:49:52.297 INFO: No validation set provided, splitting training data instead.
2025-07-24 01:49:52.297 INFO: Training set 1/1 [energy: 6337, stress: 0, virials: 0, dipole components: 0, head: 6337, elec_temp: 0, total_charge: 0, total_spin: 0, forces: 6337, charges: 0]
2025-07-24 01:49:52.301 INFO: Using random 0% of training set for validation with indices saved in: ./valid_indices_42.txt
2025-07-24 01:49:52.316 INFO: Total Training set [energy: 6337, stress: 0, virials: 0, dipole components: 0, head: 6337, elec_temp: 0, total_charge: 0, total_spin: 0, forces: 6337, charges: 0]
2025-07-24 01:49:52.316 INFO: No validation set provided, splitting training data instead.
2025-07-24 01:49:52.320 INFO: Using random 0% of training set for validation with indices saved in: ./valid_indices_42.txt
2025-07-24 01:49:52.323 INFO: Random Split Training set [energy: 6306, stress: 0, virials: 0, dipole components: 0, head: 6306, elec_temp: 0, total_charge: 0, total_spin: 0, forces: 6306, charges: 0]
2025-07-24 01:49:52.323 INFO: Random Split Validation set [energy: 31, stress: 0, virials: 0, dipole components: 0, head: 31, elec_temp: 0, total_charge: 0, total_spin: 0, forces: 31, charges: 0]
2025-07-24 01:49:52.342 INFO: Random Split Training set [energy: 6306, stress: 0, virials: 0, dipole components: 0, head: 6306, elec_temp: 0, total_charge: 0, total_spin: 0, forces: 6306, charges: 0]
2025-07-24 01:49:52.343 INFO: Random Split Validation set [energy: 31, stress: 0, virials: 0, dipole components: 0, head: 31, elec_temp: 0, total_charge: 0, total_spin: 0, forces: 31, charges: 0]
2025-07-24 01:49:54.946 INFO: Test set 1/1 [energy: 705, stress: 0, virials: 0, dipole components: 0, head: 705, elec_temp: 0, total_charge: 0, total_spin: 0, forces: 705, charges: 0]
2025-07-24 01:49:54.948 INFO: Total Test set [energy: 705, stress: 0, virials: 0, dipole components: 0, head: 705, elec_temp: 0, total_charge: 0, total_spin: 0, forces: 705, charges: 0]
2025-07-24 01:49:54.948 INFO: Total number of configurations: train=6306, valid=31, tests=[Default_Default: 705],
2025-07-24 01:49:54.976 INFO: Test set 1/1 [energy: 705, stress: 0, virials: 0, dipole components: 0, head: 705, elec_temp: 0, total_charge: 0, total_spin: 0, forces: 705, charges: 0]
2025-07-24 01:49:54.978 INFO: Total Test set [energy: 705, stress: 0, virials: 0, dipole components: 0, head: 705, elec_temp: 0, total_charge: 0, total_spin: 0, forces: 705, charges: 0]
2025-07-24 01:49:54.978 INFO: Total number of configurations: train=6306, valid=31, tests=[Default_Default: 705],
2025-07-24 01:49:55.216 INFO: Atomic Numbers used: [3, 8, 40, 57]
2025-07-24 01:49:55.216 INFO: Isolated Atomic Energies (E0s) not in training file, using command line argument
2025-07-24 01:49:55.216 INFO: Atomic Energies used (z: eV) for head Default: {3: -201.7093, 8: -431.6112, 40: -1275.9529, 57: -857.6754}
2025-07-24 01:49:55.216 INFO: Processing datasets for head 'Default'
2025-07-24 01:49:55.251 INFO: Atomic Numbers used: [3, 8, 40, 57]
2025-07-24 01:49:55.251 INFO: Isolated Atomic Energies (E0s) not in training file, using command line argument
2025-07-24 01:49:55.251 INFO: Atomic Energies used (z: eV) for head Default: {3: -201.7093, 8: -431.6112, 40: -1275.9529, 57: -857.6754}
2025-07-24 01:49:55.251 INFO: Processing datasets for head 'Default'
2025-07-24 01:50:50.664 INFO: Combining 1 list datasets for head 'Default'
2025-07-24 01:50:50.865 INFO: Combining 1 list datasets for head 'Default'
2025-07-24 01:50:50.989 INFO: Head 'Default' training dataset size: 6306
2025-07-24 01:50:50.990 INFO: Computing average number of neighbors
2025-07-24 01:50:51.189 INFO: Head 'Default' training dataset size: 6306
2025-07-24 01:50:51.190 INFO: Computing average number of neighbors
2025-07-24 01:51:04.973 INFO: Average number of neighbors: 38.70344595488896
2025-07-24 01:51:04.973 INFO: During training the following quantities will be reported: energy, forces
2025-07-24 01:51:04.973 INFO: ===========MODEL DETAILS===========
2025-07-24 01:51:05.048 INFO: Average number of neighbors: 38.70344595488896
2025-07-24 01:51:05.049 INFO: During training the following quantities will be reported: energy, forces
2025-07-24 01:51:05.049 INFO: ===========MODEL DETAILS===========
2025-07-24 01:51:10.669 INFO: Building model
2025-07-24 01:51:10.669 INFO: Message passing with 64 channels and max_L=2 (64x0e+64x1o+64x2e)
2025-07-24 01:51:10.669 INFO: 1 layers, each with correlation order: 3 (body order: 4) and spherical harmonics up to: l=3
2025-07-24 01:51:10.669 INFO: 8 radial and 5 basis functions
2025-07-24 01:51:10.669 INFO: Radial cutoff: 5.0 A (total receptive field for each atom: 5.0 A)
2025-07-24 01:51:10.669 INFO: Distance transform for radial basis functions: None
2025-07-24 01:51:10.669 INFO: Hidden irreps: 64x0e+64x1o+64x2e
2025-07-24 01:51:10.683 INFO: Building model
2025-07-24 01:51:10.684 INFO: Message passing with 64 channels and max_L=2 (64x0e+64x1o+64x2e)
2025-07-24 01:51:10.684 INFO: 1 layers, each with correlation order: 3 (body order: 4) and spherical harmonics up to: l=3
2025-07-24 01:51:10.684 INFO: 8 radial and 5 basis functions
2025-07-24 01:51:10.684 INFO: Radial cutoff: 5.0 A (total receptive field for each atom: 5.0 A)
2025-07-24 01:51:10.684 INFO: Distance transform for radial basis functions: None
2025-07-24 01:51:10.684 INFO: Hidden irreps: 64x0e+64x1o+64x2e
2025-07-24 01:51:11.391 INFO: Total number of parameters: 164416
2025-07-24 01:51:11.391 INFO: 
2025-07-24 01:51:11.391 INFO: ===========OPTIMIZER INFORMATION===========
2025-07-24 01:51:11.392 INFO: Using ADAM as parameter optimizer
2025-07-24 01:51:11.392 INFO: Batch size: 4
2025-07-24 01:51:11.392 INFO: Number of gradient updates: 31530
2025-07-24 01:51:11.392 INFO: Learning rate: 0.01, weight decay: 5e-07
2025-07-24 01:51:11.392 INFO: WeightedEnergyForcesLoss(energy_weight=1.000, forces_weight=100.000)
2025-07-24 01:51:11.396 INFO: Total number of parameters: 164416
2025-07-24 01:51:11.396 INFO: 
2025-07-24 01:51:11.396 INFO: ===========OPTIMIZER INFORMATION===========
2025-07-24 01:51:11.396 INFO: Using ADAM as parameter optimizer
2025-07-24 01:51:11.396 INFO: Batch size: 4
2025-07-24 01:51:11.396 INFO: Number of gradient updates: 31530
2025-07-24 01:51:11.396 INFO: Learning rate: 0.01, weight decay: 5e-07
2025-07-24 01:51:11.396 INFO: WeightedEnergyForcesLoss(energy_weight=1.000, forces_weight=100.000)
2025-07-24 01:51:11.396 INFO: Using gradient clipping with tolerance=10.000
2025-07-24 01:51:11.397 INFO: 
2025-07-24 01:51:11.397 INFO: ===========TRAINING===========
2025-07-24 01:51:11.397 INFO: Started training, reporting errors on validation set
2025-07-24 01:51:11.397 INFO: Loss metrics on validation set
2025-07-24 01:51:11.405 INFO: Using gradient clipping with tolerance=10.000
2025-07-24 01:51:11.405 INFO: 
2025-07-24 01:51:11.405 INFO: ===========TRAINING===========
2025-07-24 01:51:11.405 INFO: Started training, reporting errors on validation set
2025-07-24 01:51:11.405 INFO: Loss metrics on validation set
2025-07-24 01:51:15.037 INFO: Initial: head: Default, loss=84131.06202039, RMSE_E_per_atom=290030.84 meV, RMSE_F=  365.66 meV / A
2025-07-24 01:51:15.064 INFO: Initial: head: Default, loss=84131.06202039, RMSE_E_per_atom=290030.84 meV, RMSE_F=  365.66 meV / A
2025-07-24 02:00:32.633 INFO: Epoch 0: head: Default, loss=6973.75608473, RMSE_E_per_atom=21115.49 meV, RMSE_F= 8173.58 meV / A
2025-07-24 02:00:32.648 INFO: Epoch 0: head: Default, loss=27084.67603747, RMSE_E_per_atom=28148.83 meV, RMSE_F=17049.49 meV / A
2025-07-24 02:09:48.104 INFO: Epoch 1: head: Default, loss=17718.42224480, RMSE_E_per_atom= 9109.03 meV, RMSE_F=13768.87 meV / A
2025-07-24 02:09:48.317 INFO: Epoch 1: head: Default, loss=11561.80789289, RMSE_E_per_atom=16388.53 meV, RMSE_F=11142.47 meV / A
2025-07-24 02:18:04.588 INFO: ===========VERIFYING SETTINGS===========
2025-07-24 02:18:04.597 INFO: Process group initialized: True
2025-07-24 02:18:04.597 INFO: Processes: 1
2025-07-24 02:18:04.597 INFO: MACE version: 0.3.14
2025-07-24 02:18:04.597 INFO: CUDA version: 12.6, CUDA device: 0
2025-07-24 02:18:04.653 INFO: ===========VERIFYING SETTINGS===========
2025-07-24 02:18:04.656 INFO: Process group initialized: True
2025-07-24 02:18:04.656 INFO: Processes: 1
2025-07-24 02:18:04.656 INFO: MACE version: 0.3.14
2025-07-24 02:18:04.657 INFO: CUDA version: 12.6, CUDA device: 0
2025-07-24 02:18:04.711 INFO: ===========LOADING INPUT DATA===========
2025-07-24 02:18:04.711 INFO: Using heads: ['Default']
2025-07-24 02:18:04.711 INFO: Using the key specifications to parse data:
2025-07-24 02:18:04.711 INFO: Default: KeySpecification(info_keys={'energy': 'REF_energy', 'stress': 'REF_stress', 'virials': 'REF_virials', 'dipole': 'dipole', 'head': 'head', 'elec_temp': 'elec_temp', 'total_charge': 'total_charge', 'total_spin': 'total_spin'}, arrays_keys={'forces': 'REF_forces', 'charges': 'REF_charges'})
2025-07-24 02:18:04.711 INFO: =============    Processing head Default     ===========
2025-07-24 02:18:04.711 INFO: ===========LOADING INPUT DATA===========
2025-07-24 02:18:04.711 INFO: Using heads: ['Default']
2025-07-24 02:18:04.711 INFO: Using the key specifications to parse data:
2025-07-24 02:18:04.711 INFO: Default: KeySpecification(info_keys={'energy': 'REF_energy', 'stress': 'REF_stress', 'virials': 'REF_virials', 'dipole': 'dipole', 'head': 'head', 'elec_temp': 'elec_temp', 'total_charge': 'total_charge', 'total_spin': 'total_spin'}, arrays_keys={'forces': 'REF_forces', 'charges': 'REF_charges'})
2025-07-24 02:18:04.711 INFO: =============    Processing head Default     ===========
2025-07-24 02:18:25.770 INFO: Training set 1/1 [energy: 6337, stress: 0, virials: 0, dipole components: 0, head: 6337, elec_temp: 0, total_charge: 0, total_spin: 0, forces: 6337, charges: 0]
2025-07-24 02:18:25.789 INFO: Total Training set [energy: 6337, stress: 0, virials: 0, dipole components: 0, head: 6337, elec_temp: 0, total_charge: 0, total_spin: 0, forces: 6337, charges: 0]
2025-07-24 02:18:25.789 INFO: No validation set provided, splitting training data instead.
2025-07-24 02:18:25.793 INFO: Using random 0% of training set for validation with indices saved in: ./valid_indices_42.txt
2025-07-24 02:18:25.815 INFO: Random Split Training set [energy: 6306, stress: 0, virials: 0, dipole components: 0, head: 6306, elec_temp: 0, total_charge: 0, total_spin: 0, forces: 6306, charges: 0]
2025-07-24 02:18:25.815 INFO: Random Split Validation set [energy: 31, stress: 0, virials: 0, dipole components: 0, head: 31, elec_temp: 0, total_charge: 0, total_spin: 0, forces: 31, charges: 0]
2025-07-24 02:18:25.826 INFO: Training set 1/1 [energy: 6337, stress: 0, virials: 0, dipole components: 0, head: 6337, elec_temp: 0, total_charge: 0, total_spin: 0, forces: 6337, charges: 0]
2025-07-24 02:18:25.846 INFO: Total Training set [energy: 6337, stress: 0, virials: 0, dipole components: 0, head: 6337, elec_temp: 0, total_charge: 0, total_spin: 0, forces: 6337, charges: 0]
2025-07-24 02:18:25.846 INFO: No validation set provided, splitting training data instead.
2025-07-24 02:18:25.850 INFO: Using random 0% of training set for validation with indices saved in: ./valid_indices_42.txt
2025-07-24 02:18:25.873 INFO: Random Split Training set [energy: 6306, stress: 0, virials: 0, dipole components: 0, head: 6306, elec_temp: 0, total_charge: 0, total_spin: 0, forces: 6306, charges: 0]
2025-07-24 02:18:25.873 INFO: Random Split Validation set [energy: 31, stress: 0, virials: 0, dipole components: 0, head: 31, elec_temp: 0, total_charge: 0, total_spin: 0, forces: 31, charges: 0]
2025-07-24 02:18:28.382 INFO: Test set 1/1 [energy: 705, stress: 0, virials: 0, dipole components: 0, head: 705, elec_temp: 0, total_charge: 0, total_spin: 0, forces: 705, charges: 0]
2025-07-24 02:18:28.384 INFO: Total Test set [energy: 705, stress: 0, virials: 0, dipole components: 0, head: 705, elec_temp: 0, total_charge: 0, total_spin: 0, forces: 705, charges: 0]
2025-07-24 02:18:28.384 INFO: Total number of configurations: train=6306, valid=31, tests=[Default_Default: 705],
2025-07-24 02:18:28.467 INFO: Test set 1/1 [energy: 705, stress: 0, virials: 0, dipole components: 0, head: 705, elec_temp: 0, total_charge: 0, total_spin: 0, forces: 705, charges: 0]
2025-07-24 02:18:28.469 INFO: Total Test set [energy: 705, stress: 0, virials: 0, dipole components: 0, head: 705, elec_temp: 0, total_charge: 0, total_spin: 0, forces: 705, charges: 0]
2025-07-24 02:18:28.469 INFO: Total number of configurations: train=6306, valid=31, tests=[Default_Default: 705],
2025-07-24 02:18:28.651 INFO: Atomic Numbers used: [3, 8, 40, 57]
2025-07-24 02:18:28.651 INFO: Isolated Atomic Energies (E0s) not in training file, using command line argument
2025-07-24 02:18:28.651 INFO: Atomic Energies used (z: eV) for head Default: {3: -201.7093, 8: -431.6112, 40: -1275.9529, 57: -857.6754}
2025-07-24 02:18:28.651 INFO: Processing datasets for head 'Default'
2025-07-24 02:18:28.738 INFO: Atomic Numbers used: [3, 8, 40, 57]
2025-07-24 02:18:28.738 INFO: Isolated Atomic Energies (E0s) not in training file, using command line argument
2025-07-24 02:18:28.739 INFO: Atomic Energies used (z: eV) for head Default: {3: -201.7093, 8: -431.6112, 40: -1275.9529, 57: -857.6754}
2025-07-24 02:18:28.739 INFO: Processing datasets for head 'Default'
2025-07-24 02:19:24.060 INFO: Combining 1 list datasets for head 'Default'
2025-07-24 02:19:24.378 INFO: Head 'Default' training dataset size: 6306
2025-07-24 02:19:24.378 INFO: Computing average number of neighbors
2025-07-24 02:19:24.385 INFO: Combining 1 list datasets for head 'Default'
2025-07-24 02:19:24.707 INFO: Head 'Default' training dataset size: 6306
2025-07-24 02:19:24.707 INFO: Computing average number of neighbors
2025-07-24 02:19:38.021 INFO: Average number of neighbors: 38.70344595488896
2025-07-24 02:19:38.021 INFO: During training the following quantities will be reported: energy, forces
2025-07-24 02:19:38.021 INFO: ===========MODEL DETAILS===========
2025-07-24 02:19:38.559 INFO: Average number of neighbors: 38.70344595488896
2025-07-24 02:19:38.559 INFO: During training the following quantities will be reported: energy, forces
2025-07-24 02:19:38.559 INFO: ===========MODEL DETAILS===========
2025-07-24 02:19:44.501 INFO: Building model
2025-07-24 02:19:44.503 INFO: Message passing with 64 channels and max_L=2 (64x0e+64x1o+64x2e)
2025-07-24 02:19:44.503 INFO: 2 layers, each with correlation order: 3 (body order: 4) and spherical harmonics up to: l=3
2025-07-24 02:19:44.503 INFO: 8 radial and 5 basis functions
2025-07-24 02:19:44.503 INFO: Radial cutoff: 5.0 A (total receptive field for each atom: 10.0 A)
2025-07-24 02:19:44.503 INFO: Distance transform for radial basis functions: None
2025-07-24 02:19:44.503 INFO: Hidden irreps: 64x0e+64x1o+64x2e
2025-07-24 02:19:45.035 INFO: Building model
2025-07-24 02:19:45.037 INFO: Message passing with 64 channels and max_L=2 (64x0e+64x1o+64x2e)
2025-07-24 02:19:45.037 INFO: 2 layers, each with correlation order: 3 (body order: 4) and spherical harmonics up to: l=3
2025-07-24 02:19:45.037 INFO: 8 radial and 5 basis functions
2025-07-24 02:19:45.037 INFO: Radial cutoff: 5.0 A (total receptive field for each atom: 10.0 A)
2025-07-24 02:19:45.037 INFO: Distance transform for radial basis functions: None
2025-07-24 02:19:45.037 INFO: Hidden irreps: 64x0e+64x1o+64x2e
2025-07-24 02:19:45.838 INFO: Total number of parameters: 353360
2025-07-24 02:19:45.838 INFO: 
2025-07-24 02:19:45.838 INFO: ===========OPTIMIZER INFORMATION===========
2025-07-24 02:19:45.838 INFO: Using ADAM as parameter optimizer
2025-07-24 02:19:45.838 INFO: Batch size: 2
2025-07-24 02:19:45.838 INFO: Number of gradient updates: 63060
2025-07-24 02:19:45.838 INFO: Learning rate: 0.01, weight decay: 5e-07
2025-07-24 02:19:45.838 INFO: WeightedEnergyForcesLoss(energy_weight=1.000, forces_weight=100.000)
2025-07-24 02:19:45.848 INFO: Using gradient clipping with tolerance=10.000
2025-07-24 02:19:45.848 INFO: 
2025-07-24 02:19:45.848 INFO: ===========TRAINING===========
2025-07-24 02:19:45.848 INFO: Started training, reporting errors on validation set
2025-07-24 02:19:45.848 INFO: Loss metrics on validation set
2025-07-24 02:19:46.137 INFO: Total number of parameters: 353360
2025-07-24 02:19:46.138 INFO: 
2025-07-24 02:19:46.138 INFO: ===========OPTIMIZER INFORMATION===========
2025-07-24 02:19:46.138 INFO: Using ADAM as parameter optimizer
2025-07-24 02:19:46.138 INFO: Batch size: 2
2025-07-24 02:19:46.138 INFO: Number of gradient updates: 63060
2025-07-24 02:19:46.138 INFO: Learning rate: 0.01, weight decay: 5e-07
2025-07-24 02:19:46.138 INFO: WeightedEnergyForcesLoss(energy_weight=1.000, forces_weight=100.000)
2025-07-24 02:19:46.147 INFO: Using gradient clipping with tolerance=10.000
2025-07-24 02:19:46.148 INFO: 
2025-07-24 02:19:46.148 INFO: ===========TRAINING===========
2025-07-24 02:19:46.148 INFO: Started training, reporting errors on validation set
2025-07-24 02:19:46.148 INFO: Loss metrics on validation set
2025-07-24 02:19:51.936 INFO: Initial: head: Default, loss=84130.66394859, RMSE_E_per_atom=290030.14 meV, RMSE_F=  365.74 meV / A
2025-07-24 02:19:53.597 INFO: Initial: head: Default, loss=84130.66394859, RMSE_E_per_atom=290030.14 meV, RMSE_F=  365.74 meV / A
2025-07-24 02:31:47.378 INFO: ===========VERIFYING SETTINGS===========
2025-07-24 02:31:47.389 INFO: Process group initialized: True
2025-07-24 02:31:47.390 INFO: Processes: 1
2025-07-24 02:31:47.390 INFO: MACE version: 0.3.14
2025-07-24 02:31:47.390 INFO: CUDA version: 12.6, CUDA device: 0
2025-07-24 02:31:47.986 INFO: Using foundation model /home/phanim/harshitrawat/summer/mace_models/universal/2024-01-07-mace-128-L2_epoch-199.model as initial checkpoint.
2025-07-24 02:31:47.987 WARNING: Using multiheads finetuning with a foundation model that is not a Materials Project model, need to provied a path to a pretraining file with --pt_train_file.
2025-07-24 02:31:47.987 INFO: ===========LOADING INPUT DATA===========
2025-07-24 02:31:47.987 INFO: Using heads: ['Default']
2025-07-24 02:31:47.987 INFO: Using the key specifications to parse data:
2025-07-24 02:31:47.987 INFO: Default: KeySpecification(info_keys={'energy': 'REF_energy', 'stress': 'REF_stress', 'virials': 'REF_virials', 'dipole': 'dipole', 'head': 'head', 'elec_temp': 'elec_temp', 'total_charge': 'total_charge', 'total_spin': 'total_spin'}, arrays_keys={'forces': 'REF_forces', 'charges': 'REF_charges'})
2025-07-24 02:31:47.987 INFO: =============    Processing head Default     ===========
2025-07-24 02:31:51.076 INFO: ===========VERIFYING SETTINGS===========
2025-07-24 02:31:51.079 INFO: Process group initialized: True
2025-07-24 02:31:51.079 INFO: Processes: 1
2025-07-24 02:31:51.079 INFO: MACE version: 0.3.14
2025-07-24 02:31:51.080 INFO: CUDA version: 12.6, CUDA device: 0
2025-07-24 02:31:51.448 INFO: Using foundation model /home/phanim/harshitrawat/summer/mace_models/universal/2024-01-07-mace-128-L2_epoch-199.model as initial checkpoint.
2025-07-24 02:31:51.449 WARNING: Using multiheads finetuning with a foundation model that is not a Materials Project model, need to provied a path to a pretraining file with --pt_train_file.
2025-07-24 02:31:51.449 INFO: ===========LOADING INPUT DATA===========
2025-07-24 02:31:51.449 INFO: Using heads: ['Default']
2025-07-24 02:31:51.449 INFO: Using the key specifications to parse data:
2025-07-24 02:31:51.449 INFO: Default: KeySpecification(info_keys={'energy': 'REF_energy', 'stress': 'REF_stress', 'virials': 'REF_virials', 'dipole': 'dipole', 'head': 'head', 'elec_temp': 'elec_temp', 'total_charge': 'total_charge', 'total_spin': 'total_spin'}, arrays_keys={'forces': 'REF_forces', 'charges': 'REF_charges'})
2025-07-24 02:31:51.449 INFO: =============    Processing head Default     ===========
2025-07-24 02:32:09.115 INFO: Training set 1/1 [energy: 6337, stress: 0, virials: 0, dipole components: 0, head: 6337, elec_temp: 0, total_charge: 0, total_spin: 0, forces: 6337, charges: 0]
2025-07-24 02:32:09.136 INFO: Total Training set [energy: 6337, stress: 0, virials: 0, dipole components: 0, head: 6337, elec_temp: 0, total_charge: 0, total_spin: 0, forces: 6337, charges: 0]
2025-07-24 02:32:09.136 INFO: No validation set provided, splitting training data instead.
2025-07-24 02:32:09.140 INFO: Using random 0% of training set for validation with indices saved in: ./valid_indices_42.txt
2025-07-24 02:32:09.164 INFO: Random Split Training set [energy: 6306, stress: 0, virials: 0, dipole components: 0, head: 6306, elec_temp: 0, total_charge: 0, total_spin: 0, forces: 6306, charges: 0]
2025-07-24 02:32:09.164 INFO: Random Split Validation set [energy: 31, stress: 0, virials: 0, dipole components: 0, head: 31, elec_temp: 0, total_charge: 0, total_spin: 0, forces: 31, charges: 0]
2025-07-24 02:32:11.764 INFO: Test set 1/1 [energy: 705, stress: 0, virials: 0, dipole components: 0, head: 705, elec_temp: 0, total_charge: 0, total_spin: 0, forces: 705, charges: 0]
2025-07-24 02:32:11.766 INFO: Total Test set [energy: 705, stress: 0, virials: 0, dipole components: 0, head: 705, elec_temp: 0, total_charge: 0, total_spin: 0, forces: 705, charges: 0]
2025-07-24 02:32:11.766 INFO: Total number of configurations: train=6306, valid=31, tests=[Default_Default: 705],
2025-07-24 02:32:12.034 INFO: Atomic Numbers used: [3, 8, 40, 57]
2025-07-24 02:32:12.034 INFO: Isolated Atomic Energies (E0s) not in training file, using command line argument
2025-07-24 02:32:12.034 INFO: Atomic Energies used (z: eV) for head Default: {3: -201.7093, 8: -431.6112, 40: -1275.9529, 57: -857.6754}
2025-07-24 02:32:12.034 INFO: Processing datasets for head 'Default'
2025-07-24 02:32:12.538 INFO: Training set 1/1 [energy: 6337, stress: 0, virials: 0, dipole components: 0, head: 6337, elec_temp: 0, total_charge: 0, total_spin: 0, forces: 6337, charges: 0]
2025-07-24 02:32:12.558 INFO: Total Training set [energy: 6337, stress: 0, virials: 0, dipole components: 0, head: 6337, elec_temp: 0, total_charge: 0, total_spin: 0, forces: 6337, charges: 0]
2025-07-24 02:32:12.558 INFO: No validation set provided, splitting training data instead.
2025-07-24 02:32:12.561 INFO: Using random 0% of training set for validation with indices saved in: ./valid_indices_42.txt
2025-07-24 02:32:12.584 INFO: Random Split Training set [energy: 6306, stress: 0, virials: 0, dipole components: 0, head: 6306, elec_temp: 0, total_charge: 0, total_spin: 0, forces: 6306, charges: 0]
2025-07-24 02:32:12.584 INFO: Random Split Validation set [energy: 31, stress: 0, virials: 0, dipole components: 0, head: 31, elec_temp: 0, total_charge: 0, total_spin: 0, forces: 31, charges: 0]
2025-07-24 02:32:15.203 INFO: Test set 1/1 [energy: 705, stress: 0, virials: 0, dipole components: 0, head: 705, elec_temp: 0, total_charge: 0, total_spin: 0, forces: 705, charges: 0]
2025-07-24 02:32:15.205 INFO: Total Test set [energy: 705, stress: 0, virials: 0, dipole components: 0, head: 705, elec_temp: 0, total_charge: 0, total_spin: 0, forces: 705, charges: 0]
2025-07-24 02:32:15.206 INFO: Total number of configurations: train=6306, valid=31, tests=[Default_Default: 705],
2025-07-24 02:32:15.473 INFO: Atomic Numbers used: [3, 8, 40, 57]
2025-07-24 02:32:15.473 INFO: Isolated Atomic Energies (E0s) not in training file, using command line argument
2025-07-24 02:32:15.473 INFO: Atomic Energies used (z: eV) for head Default: {3: -201.7093, 8: -431.6112, 40: -1275.9529, 57: -857.6754}
2025-07-24 02:32:15.473 INFO: Processing datasets for head 'Default'
2025-07-24 02:33:32.629 INFO: Combining 1 list datasets for head 'Default'
2025-07-24 02:33:33.105 INFO: Head 'Default' training dataset size: 6306
2025-07-24 02:33:33.105 INFO: Computing average number of neighbors
2025-07-24 02:33:36.548 INFO: Combining 1 list datasets for head 'Default'
2025-07-24 02:33:37.019 INFO: Head 'Default' training dataset size: 6306
2025-07-24 02:33:37.020 INFO: Computing average number of neighbors
2025-07-24 02:33:55.179 INFO: Average number of neighbors: 68.47692474069387
2025-07-24 02:33:55.180 INFO: During training the following quantities will be reported: energy, forces
2025-07-24 02:33:55.180 INFO: ===========MODEL DETAILS===========
2025-07-24 02:33:59.721 INFO: Average number of neighbors: 68.47692474069387
2025-07-24 02:33:59.721 INFO: During training the following quantities will be reported: energy, forces
2025-07-24 02:33:59.721 INFO: ===========MODEL DETAILS===========
2025-07-24 02:34:04.435 INFO: Loading FOUNDATION model
2025-07-24 02:34:04.437 INFO: Using filtered elements: [3, 8, 40, 57]
2025-07-24 02:34:04.437 INFO: Model configuration extracted from foundation model
2025-07-24 02:34:04.437 INFO: Using weighted loss function for fine-tuning
2025-07-24 02:34:04.437 INFO: Message passing with hidden irreps 128x0e+128x1o+128x2e)
2025-07-24 02:34:04.437 INFO: 2 layers, each with correlation order: 3 (body order: 4) and spherical harmonics up to: l=3
2025-07-24 02:34:04.437 INFO: Radial cutoff: 6.0 A (total receptive field for each atom: 12.0 A)
2025-07-24 02:34:04.437 INFO: Distance transform for radial basis functions: None
2025-07-24 02:34:05.593 INFO: Total number of parameters: 894362
2025-07-24 02:34:05.593 INFO: 
2025-07-24 02:34:05.593 INFO: ===========OPTIMIZER INFORMATION===========
2025-07-24 02:34:05.593 INFO: Using ADAM as parameter optimizer
2025-07-24 02:34:05.593 INFO: Batch size: 2
2025-07-24 02:34:05.593 INFO: Number of gradient updates: 63060
2025-07-24 02:34:05.593 INFO: Learning rate: 0.01, weight decay: 5e-07
2025-07-24 02:34:05.593 INFO: WeightedEnergyForcesLoss(energy_weight=1.000, forces_weight=100.000)
2025-07-24 02:34:05.603 INFO: Using gradient clipping with tolerance=10.000
2025-07-24 02:34:05.603 INFO: 
2025-07-24 02:34:05.603 INFO: ===========TRAINING===========
2025-07-24 02:34:05.603 INFO: Started training, reporting errors on validation set
2025-07-24 02:34:05.603 INFO: Loss metrics on validation set
2025-07-24 02:34:09.273 INFO: Loading FOUNDATION model
2025-07-24 02:34:09.275 INFO: Using filtered elements: [3, 8, 40, 57]
2025-07-24 02:34:09.275 INFO: Model configuration extracted from foundation model
2025-07-24 02:34:09.275 INFO: Using weighted loss function for fine-tuning
2025-07-24 02:34:09.275 INFO: Message passing with hidden irreps 128x0e+128x1o+128x2e)
2025-07-24 02:34:09.275 INFO: 2 layers, each with correlation order: 3 (body order: 4) and spherical harmonics up to: l=3
2025-07-24 02:34:09.275 INFO: Radial cutoff: 6.0 A (total receptive field for each atom: 12.0 A)
2025-07-24 02:34:09.275 INFO: Distance transform for radial basis functions: None
2025-07-24 02:34:10.484 INFO: Total number of parameters: 894362
2025-07-24 02:34:10.484 INFO: 
2025-07-24 02:34:10.484 INFO: ===========OPTIMIZER INFORMATION===========
2025-07-24 02:34:10.484 INFO: Using ADAM as parameter optimizer
2025-07-24 02:34:10.484 INFO: Batch size: 2
2025-07-24 02:34:10.484 INFO: Number of gradient updates: 63060
2025-07-24 02:34:10.484 INFO: Learning rate: 0.01, weight decay: 5e-07
2025-07-24 02:34:10.484 INFO: WeightedEnergyForcesLoss(energy_weight=1.000, forces_weight=100.000)
2025-07-24 02:34:10.495 INFO: Using gradient clipping with tolerance=10.000
2025-07-24 02:34:10.495 INFO: 
2025-07-24 02:34:10.495 INFO: ===========TRAINING===========
2025-07-24 02:34:10.495 INFO: Started training, reporting errors on validation set
2025-07-24 02:34:10.495 INFO: Loss metrics on validation set
2025-07-24 02:34:15.799 INFO: Initial: head: Default, loss=83458.08978851, RMSE_E_per_atom=288641.89 meV, RMSE_F= 1267.25 meV / A
