2025-10-24 16:17:58.948 INFO: ===========VERIFYING SETTINGS===========
2025-10-24 16:17:58.948 INFO: MACE version: 0.3.14
2025-10-24 16:17:59.173 INFO: CUDA version: 12.1, CUDA device: 0
2025-10-24 16:18:00.400 INFO: Using foundation model /home/phanim/harshitrawat/summer/mace_models/universal/2024-01-07-mace-128-L2_epoch-199.model as initial checkpoint.
2025-10-24 16:18:00.401 WARNING: Using multiheads finetuning with a foundation model that is not a Materials Project model, need to provied a path to a pretraining file with --pt_train_file.
2025-10-24 16:18:00.401 INFO: ===========LOADING INPUT DATA===========
2025-10-24 16:18:00.401 INFO: Using heads: ['target_head', 'pt_head']
2025-10-24 16:18:00.401 INFO: Using the key specifications to parse data:
2025-10-24 16:18:00.401 INFO: target_head: KeySpecification(info_keys={'energy': 'REF_energy', 'stress': 'REF_stress', 'virials': 'REF_virials', 'dipole': 'dipole', 'head': 'head', 'elec_temp': 'elec_temp', 'total_charge': 'total_charge', 'total_spin': 'total_spin'}, arrays_keys={'forces': 'REF_forces', 'charges': 'REF_charges'})
2025-10-24 16:18:00.401 INFO: pt_head: KeySpecification(info_keys={'energy': 'REF_energy', 'stress': 'REF_stress', 'virials': 'REF_virials', 'dipole': 'dipole', 'head': 'head', 'elec_temp': 'elec_temp', 'total_charge': 'total_charge', 'total_spin': 'total_spin'}, arrays_keys={'forces': 'REF_forces', 'charges': 'REF_charges'})
2025-10-24 16:18:00.401 INFO: =============    Processing head target_head     ===========
2025-10-24 16:18:23.919 INFO: Training set 1/1 [energy: 6337, stress: 0, virials: 0, dipole components: 0, head: 6337, elec_temp: 0, total_charge: 0, total_spin: 0, forces: 6337, charges: 0]
2025-10-24 16:18:23.941 INFO: Total Training set [energy: 6337, stress: 0, virials: 0, dipole components: 0, head: 6337, elec_temp: 0, total_charge: 0, total_spin: 0, forces: 6337, charges: 0]
2025-10-24 16:18:26.810 INFO: Validation set 1/1 [energy: 705, stress: 0, virials: 0, dipole components: 0, head: 705, elec_temp: 0, total_charge: 0, total_spin: 0, forces: 705, charges: 0]
2025-10-24 16:18:26.813 INFO: Total Validation set [energy: 705, stress: 0, virials: 0, dipole components: 0, head: 705, elec_temp: 0, total_charge: 0, total_spin: 0, forces: 705, charges: 0]
2025-10-24 16:18:26.813 INFO: Total number of configurations: train=6337, valid=705, tests=[],
2025-10-24 16:18:26.813 INFO: =============    Processing head pt_head     ===========
2025-10-24 16:18:26.881 INFO: Training set 1/1 [energy: 142, stress: 0, virials: 0, dipole components: 0, head: 142, elec_temp: 0, total_charge: 0, total_spin: 0, forces: 0, charges: 0]
2025-10-24 16:18:26.882 INFO: Total Training set [energy: 142, stress: 0, virials: 0, dipole components: 0, head: 142, elec_temp: 0, total_charge: 0, total_spin: 0, forces: 0, charges: 0]
2025-10-24 16:18:29.663 INFO: Validation set 1/1 [energy: 705, stress: 0, virials: 0, dipole components: 0, head: 705, elec_temp: 0, total_charge: 0, total_spin: 0, forces: 705, charges: 0]
2025-10-24 16:18:29.665 INFO: Total Validation set [energy: 705, stress: 0, virials: 0, dipole components: 0, head: 705, elec_temp: 0, total_charge: 0, total_spin: 0, forces: 705, charges: 0]
2025-10-24 16:18:29.665 INFO: Total number of configurations: train=142, valid=705, tests=[],
2025-10-24 16:18:29.666 INFO: Using atomic numbers from command line argument
2025-10-24 16:18:29.666 INFO: Using atomic numbers from command line argument
2025-10-24 16:18:29.666 INFO: Atomic Numbers used: [3, 8, 40, 57]
2025-10-24 16:18:29.666 INFO: Isolated Atomic Energies (E0s) not in training file, using command line argument
2025-10-24 16:18:29.666 INFO: Loading atomic energies from /home/phanim/harshitrawat/summer/e0s_llzo.json
2025-10-24 16:18:29.668 INFO: Isolated Atomic Energies (E0s) not in training file, using command line argument
2025-10-24 16:18:29.668 INFO: Loading atomic energies from /home/phanim/harshitrawat/summer/e0s_llzo.json
2025-10-24 16:18:29.670 INFO: Atomic Energies used (z: eV) for head target_head: {3: -1.882, 8: -4.913, 40: -8.509, 57: -4.894}
2025-10-24 16:18:29.670 INFO: Atomic Energies used (z: eV) for head pt_head: {3: -1.882, 8: -4.913, 40: -8.509, 57: -4.894}
2025-10-24 16:18:29.670 INFO: Processing datasets for head 'target_head'
2025-10-24 16:21:51.797 INFO: Combining 1 list datasets for head 'target_head'
2025-10-24 16:22:14.361 INFO: Combining 1 list datasets for head 'target_head_valid'
2025-10-24 16:22:14.361 INFO: Combined validation datasets for target_head
2025-10-24 16:22:14.362 INFO: Head 'target_head' training dataset size: 6337
2025-10-24 16:22:14.362 INFO: Processing datasets for head 'pt_head'
2025-10-24 16:22:14.478 INFO: Combining 1 list datasets for head 'pt_head'
2025-10-24 16:22:37.146 INFO: Combining 1 list datasets for head 'pt_head_valid'
2025-10-24 16:22:37.146 INFO: Combined validation datasets for pt_head
2025-10-24 16:22:37.146 INFO: Head 'pt_head' training dataset size: 142
2025-10-24 16:22:37.147 INFO: Computing average number of neighbors
2025-10-24 16:22:46.261 INFO: Average number of neighbors: 68.51894591324691
2025-10-24 16:22:46.263 INFO: During training the following quantities will be reported: energy, forces
2025-10-24 16:22:46.263 INFO: ===========MODEL DETAILS===========
2025-10-24 16:22:52.627 WARNING: Standard deviation of the scaling is zero, Changing to no scaling
2025-10-24 16:22:52.645 INFO: Loading FOUNDATION model
2025-10-24 16:22:52.647 INFO: Using filtered elements: [3, 8, 40, 57]
2025-10-24 16:22:52.647 INFO: Model configuration extracted from foundation model
2025-10-24 16:22:52.647 INFO: Using weighted loss function for fine-tuning
2025-10-24 16:22:52.647 INFO: Message passing with hidden irreps 128x0e+128x1o+128x2e)
2025-10-24 16:22:52.647 INFO: 2 layers, each with correlation order: 3 (body order: 4) and spherical harmonics up to: l=3
2025-10-24 16:22:52.647 INFO: Radial cutoff: 6.0 A (total receptive field for each atom: 12.0 A)
2025-10-24 16:22:52.647 INFO: Distance transform for radial basis functions: None
2025-10-24 16:22:54.191 INFO: Total number of parameters: 896586
2025-10-24 16:22:54.191 INFO: 
2025-10-24 16:22:54.191 INFO: ===========OPTIMIZER INFORMATION===========
2025-10-24 16:22:54.191 INFO: Using ADAM as parameter optimizer
2025-10-24 16:22:54.191 INFO: Batch size: 2
2025-10-24 16:22:54.191 INFO: Number of gradient updates: 38874
2025-10-24 16:22:54.191 INFO: Learning rate: 0.0002, weight decay: 1e-08
2025-10-24 16:22:54.191 INFO: WeightedEnergyForcesLoss(energy_weight=50.000, forces_weight=10.000)
2025-10-24 16:22:54.259 WARNING: No SWA checkpoint found, while SWA is enabled. Compare the swa_start parameter and the latest checkpoint.
2025-10-24 16:22:54.260 INFO: Loading checkpoint: ./checkpoints/mace_T1_w3_2heads_final_run-40_epoch-10.pt
2025-10-24 16:22:54.655 INFO: Using gradient clipping with tolerance=1.000
2025-10-24 16:22:54.656 INFO: 
2025-10-24 16:22:54.656 INFO: ===========TRAINING===========
2025-10-24 16:22:54.656 INFO: Started training, reporting errors on validation set
2025-10-24 16:22:54.656 INFO: Loss metrics on validation set
2025-10-24 16:25:24.668 INFO: Initial: head: pt_head, loss=0.05391849, RMSE_E_per_atom=   24.55 meV, RMSE_F=   52.53 meV / A
2025-10-24 16:27:49.998 INFO: Initial: head: target_head, loss=0.01375610, RMSE_E_per_atom=    1.58 meV, RMSE_F=   39.44 meV / A
