2025-09-14 09:47:25.739 INFO: ===========VERIFYING SETTINGS===========
2025-09-14 09:47:25.740 INFO: MACE version: 0.3.14
2025-09-14 09:47:26.313 INFO: CUDA version: 12.1, CUDA device: 0
2025-09-14 09:47:27.603 INFO: Using foundation model /home/phanim/harshitrawat/summer/mace_models/universal/2024-01-07-mace-128-L2_epoch-199.model as initial checkpoint.
2025-09-14 09:47:27.604 WARNING: Using multiheads finetuning with a foundation model that is not a Materials Project model, need to provied a path to a pretraining file with --pt_train_file.
2025-09-14 09:47:27.604 INFO: ===========LOADING INPUT DATA===========
2025-09-14 09:47:27.604 INFO: Using heads: ['target_head', 'pt_head']
2025-09-14 09:47:27.604 INFO: Using the key specifications to parse data:
2025-09-14 09:47:27.604 INFO: target_head: KeySpecification(info_keys={'energy': 'REF_energy', 'stress': 'REF_stress', 'virials': 'REF_virials', 'dipole': 'dipole', 'head': 'head', 'elec_temp': 'elec_temp', 'total_charge': 'total_charge', 'total_spin': 'total_spin'}, arrays_keys={'forces': 'REF_forces', 'charges': 'REF_charges'})
2025-09-14 09:47:27.604 INFO: pt_head: KeySpecification(info_keys={'energy': 'REF_energy', 'stress': 'REF_stress', 'virials': 'REF_virials', 'dipole': 'dipole', 'head': 'head', 'elec_temp': 'elec_temp', 'total_charge': 'total_charge', 'total_spin': 'total_spin'}, arrays_keys={'forces': 'REF_forces', 'charges': 'REF_charges'})
2025-09-14 09:47:27.604 INFO: =============    Processing head target_head     ===========
2025-09-14 09:47:33.790 INFO: Training set 1/1 [energy: 1612, stress: 0, virials: 0, dipole components: 0, head: 1612, elec_temp: 0, total_charge: 0, total_spin: 0, forces: 1612, charges: 0]
2025-09-14 09:47:33.795 INFO: Total Training set [energy: 1612, stress: 0, virials: 0, dipole components: 0, head: 1612, elec_temp: 0, total_charge: 0, total_spin: 0, forces: 1612, charges: 0]
2025-09-14 09:47:36.345 INFO: Validation set 1/1 [energy: 705, stress: 0, virials: 0, dipole components: 0, head: 705, elec_temp: 0, total_charge: 0, total_spin: 0, forces: 705, charges: 0]
2025-09-14 09:47:36.348 INFO: Total Validation set [energy: 705, stress: 0, virials: 0, dipole components: 0, head: 705, elec_temp: 0, total_charge: 0, total_spin: 0, forces: 705, charges: 0]
2025-09-14 09:47:36.348 INFO: Total number of configurations: train=1612, valid=705, tests=[],
2025-09-14 09:47:36.348 INFO: =============    Processing head pt_head     ===========
2025-09-14 09:47:36.442 INFO: Training set 1/1 [energy: 142, stress: 0, virials: 0, dipole components: 0, head: 142, elec_temp: 0, total_charge: 0, total_spin: 0, forces: 0, charges: 0]
2025-09-14 09:47:36.443 INFO: Total Training set [energy: 142, stress: 0, virials: 0, dipole components: 0, head: 142, elec_temp: 0, total_charge: 0, total_spin: 0, forces: 0, charges: 0]
2025-09-14 09:47:38.956 INFO: Validation set 1/1 [energy: 705, stress: 0, virials: 0, dipole components: 0, head: 705, elec_temp: 0, total_charge: 0, total_spin: 0, forces: 705, charges: 0]
2025-09-14 09:47:38.958 INFO: Total Validation set [energy: 705, stress: 0, virials: 0, dipole components: 0, head: 705, elec_temp: 0, total_charge: 0, total_spin: 0, forces: 705, charges: 0]
2025-09-14 09:47:38.958 INFO: Total number of configurations: train=142, valid=705, tests=[],
2025-09-14 09:47:38.958 INFO: Using atomic numbers from command line argument
2025-09-14 09:47:38.958 INFO: Using atomic numbers from command line argument
2025-09-14 09:47:38.958 INFO: Atomic Numbers used: [3, 8, 40, 57]
2025-09-14 09:47:38.958 INFO: Isolated Atomic Energies (E0s) not in training file, using command line argument
2025-09-14 09:47:38.958 INFO: Loading atomic energies from /home/phanim/harshitrawat/summer/e0s_llzo.json
2025-09-14 09:47:38.960 INFO: Isolated Atomic Energies (E0s) not in training file, using command line argument
2025-09-14 09:47:38.960 INFO: Loading atomic energies from /home/phanim/harshitrawat/summer/e0s_llzo.json
2025-09-14 09:47:38.960 INFO: Atomic Energies used (z: eV) for head target_head: {3: -1.882, 8: -4.913, 40: -8.509, 57: -4.894}
2025-09-14 09:47:38.960 INFO: Atomic Energies used (z: eV) for head pt_head: {3: -1.882, 8: -4.913, 40: -8.509, 57: -4.894}
2025-09-14 09:47:38.960 INFO: Processing datasets for head 'target_head'
2025-09-14 09:48:27.544 INFO: Combining 1 list datasets for head 'target_head'
2025-09-14 09:48:48.325 INFO: Combining 1 list datasets for head 'target_head_valid'
2025-09-14 09:48:48.325 INFO: Combined validation datasets for target_head
2025-09-14 09:48:48.325 INFO: Head 'target_head' training dataset size: 1612
2025-09-14 09:48:48.326 INFO: Processing datasets for head 'pt_head'
2025-09-14 09:48:48.436 INFO: Combining 1 list datasets for head 'pt_head'
2025-09-14 09:49:09.869 INFO: Combining 1 list datasets for head 'pt_head_valid'
2025-09-14 09:49:09.869 INFO: Combined validation datasets for pt_head
2025-09-14 09:49:09.869 INFO: Head 'pt_head' training dataset size: 142
2025-09-14 09:49:09.870 INFO: Computing average number of neighbors
2025-09-14 09:49:13.149 INFO: Average number of neighbors: 67.31388041084317
2025-09-14 09:49:13.149 INFO: During training the following quantities will be reported: energy, forces
2025-09-14 09:49:13.149 INFO: ===========MODEL DETAILS===========
2025-09-14 09:49:14.756 WARNING: Standard deviation of the scaling is zero, Changing to no scaling
2025-09-14 09:49:14.759 INFO: Loading FOUNDATION model
2025-09-14 09:49:14.760 INFO: Using filtered elements: [3, 8, 40, 57]
2025-09-14 09:49:14.760 INFO: Model configuration extracted from foundation model
2025-09-14 09:49:14.760 INFO: Using weighted loss function for fine-tuning
2025-09-14 09:49:14.760 INFO: Message passing with hidden irreps 128x0e+128x1o+128x2e)
2025-09-14 09:49:14.760 INFO: 2 layers, each with correlation order: 3 (body order: 4) and spherical harmonics up to: l=3
2025-09-14 09:49:14.760 INFO: Radial cutoff: 6.0 A (total receptive field for each atom: 12.0 A)
2025-09-14 09:49:14.760 INFO: Distance transform for radial basis functions: None
Using reduced CG: False
Using reduced CG: False
2025-09-14 09:49:23.343 INFO: Total number of parameters: 896586
2025-09-14 09:49:23.343 INFO: 
2025-09-14 09:49:23.343 INFO: ===========OPTIMIZER INFORMATION===========
2025-09-14 09:49:23.343 INFO: Using ADAM as parameter optimizer
2025-09-14 09:49:23.343 INFO: Batch size: 2
2025-09-14 09:49:23.343 INFO: Number of gradient updates: 70160
2025-09-14 09:49:23.343 INFO: Learning rate: 0.0005, weight decay: 1e-08
2025-09-14 09:49:23.343 INFO: WeightedEnergyForcesLoss(energy_weight=50.000, forces_weight=10.000)
2025-09-14 09:49:23.438 WARNING: No SWA checkpoint found, while SWA is enabled. Compare the swa_start parameter and the latest checkpoint.
2025-09-14 09:49:23.439 INFO: Loading checkpoint: ./checkpoints/mace_T2_w1_2heads_final_run-10_epoch-39.pt
2025-09-14 09:49:23.484 INFO: Using gradient clipping with tolerance=1.000
2025-09-14 09:49:23.484 INFO: 
2025-09-14 09:49:23.484 INFO: ===========TRAINING===========
2025-09-14 09:49:23.484 INFO: Started training, reporting errors on validation set
2025-09-14 09:49:23.484 INFO: Loss metrics on validation set
2025-09-14 09:50:53.106 INFO: Initial: head: pt_head, loss=0.03958942, RMSE_E_per_atom=   10.35 meV, RMSE_F=   61.29 meV / A
2025-09-14 09:52:13.174 INFO: Initial: head: target_head, loss=0.01241667, RMSE_E_per_atom=    1.04 meV, RMSE_F=   37.50 meV / A
2025-09-14 10:02:34.425 INFO: Epoch 39: head: pt_head, loss=0.03911458, RMSE_E_per_atom=    9.63 meV, RMSE_F=   61.53 meV / A
2025-09-14 10:03:54.060 INFO: Epoch 39: head: target_head, loss=0.01213840, RMSE_E_per_atom=    1.43 meV, RMSE_F=   37.02 meV / A
2025-09-14 10:14:08.695 INFO: Epoch 40: head: pt_head, loss=0.03926896, RMSE_E_per_atom=   10.02 meV, RMSE_F=   61.37 meV / A
2025-09-14 10:15:28.238 INFO: Epoch 40: head: target_head, loss=0.01222343, RMSE_E_per_atom=    2.14 meV, RMSE_F=   36.96 meV / A
2025-09-14 10:25:42.697 INFO: Epoch 41: head: pt_head, loss=0.04196492, RMSE_E_per_atom=   10.07 meV, RMSE_F=   63.34 meV / A
2025-09-14 10:27:02.429 INFO: Epoch 41: head: target_head, loss=0.01226344, RMSE_E_per_atom=    1.37 meV, RMSE_F=   37.15 meV / A
2025-09-14 10:37:17.136 INFO: Epoch 42: head: pt_head, loss=0.04308848, RMSE_E_per_atom=   12.78 meV, RMSE_F=   61.87 meV / A
2025-09-14 10:38:36.864 INFO: Epoch 42: head: target_head, loss=0.01179103, RMSE_E_per_atom=    0.93 meV, RMSE_F=   36.59 meV / A
2025-09-14 10:48:51.667 INFO: Epoch 43: head: pt_head, loss=0.03945950, RMSE_E_per_atom=    4.31 meV, RMSE_F=   64.72 meV / A
2025-09-14 10:50:11.432 INFO: Epoch 43: head: target_head, loss=0.01339097, RMSE_E_per_atom=    4.19 meV, RMSE_F=   37.58 meV / A
2025-09-14 11:00:26.220 INFO: Epoch 44: head: pt_head, loss=0.04418583, RMSE_E_per_atom=   13.23 meV, RMSE_F=   62.29 meV / A
2025-09-14 11:01:46.057 INFO: Epoch 44: head: target_head, loss=0.01259775, RMSE_E_per_atom=    2.99 meV, RMSE_F=   37.17 meV / A
2025-09-14 11:12:01.393 INFO: Epoch 45: head: pt_head, loss=0.03966035, RMSE_E_per_atom=    8.30 meV, RMSE_F=   62.98 meV / A
2025-09-14 11:13:21.503 INFO: Epoch 45: head: target_head, loss=0.01213625, RMSE_E_per_atom=    1.58 meV, RMSE_F=   36.95 meV / A
2025-09-14 11:23:37.426 INFO: Epoch 46: head: pt_head, loss=0.04407494, RMSE_E_per_atom=   12.50 meV, RMSE_F=   63.12 meV / A
2025-09-14 11:24:57.254 INFO: Epoch 46: head: target_head, loss=0.01193530, RMSE_E_per_atom=    2.14 meV, RMSE_F=   36.54 meV / A
2025-09-14 11:36:10.228 INFO: Epoch 47: head: pt_head, loss=0.04042427, RMSE_E_per_atom=    9.91 meV, RMSE_F=   62.37 meV / A
2025-09-14 11:37:30.885 INFO: Epoch 47: head: target_head, loss=0.01172491, RMSE_E_per_atom=    1.21 meV, RMSE_F=   36.44 meV / A
2025-09-14 11:47:48.815 INFO: Epoch 48: head: pt_head, loss=0.04546691, RMSE_E_per_atom=   11.57 meV, RMSE_F=   65.13 meV / A
2025-09-14 11:49:08.846 INFO: Epoch 48: head: target_head, loss=0.01194488, RMSE_E_per_atom=    2.08 meV, RMSE_F=   36.53 meV / A
2025-09-14 11:59:31.729 INFO: Epoch 49: head: pt_head, loss=0.04007243, RMSE_E_per_atom=    9.09 meV, RMSE_F=   62.75 meV / A
2025-09-14 12:00:52.367 INFO: Epoch 49: head: target_head, loss=0.01256932, RMSE_E_per_atom=    4.46 meV, RMSE_F=   36.29 meV / A
2025-09-14 12:11:10.805 INFO: Epoch 50: head: pt_head, loss=0.04759355, RMSE_E_per_atom=   14.21 meV, RMSE_F=   64.06 meV / A
2025-09-14 12:12:31.155 INFO: Epoch 50: head: target_head, loss=0.01231593, RMSE_E_per_atom=    3.62 meV, RMSE_F=   36.42 meV / A
2025-09-14 12:22:48.362 INFO: Epoch 51: head: pt_head, loss=0.04270701, RMSE_E_per_atom=    9.44 meV, RMSE_F=   64.58 meV / A
2025-09-14 12:24:09.399 INFO: Epoch 51: head: target_head, loss=0.01184697, RMSE_E_per_atom=    1.85 meV, RMSE_F=   36.47 meV / A
2025-09-14 12:34:26.231 INFO: Epoch 52: head: pt_head, loss=0.04387413, RMSE_E_per_atom=    8.10 meV, RMSE_F=   66.59 meV / A
2025-09-14 12:35:46.299 INFO: Epoch 52: head: target_head, loss=0.01240062, RMSE_E_per_atom=    2.41 meV, RMSE_F=   36.99 meV / A
2025-09-14 12:46:04.575 INFO: Epoch 53: head: pt_head, loss=0.04583228, RMSE_E_per_atom=   12.26 meV, RMSE_F=   64.70 meV / A
2025-09-14 12:47:24.636 INFO: Epoch 53: head: target_head, loss=0.01162060, RMSE_E_per_atom=    1.28 meV, RMSE_F=   36.26 meV / A
2025-09-14 12:59:03.397 INFO: Epoch 54: head: pt_head, loss=0.03867389, RMSE_E_per_atom=    7.68 meV, RMSE_F=   62.74 meV / A
2025-09-14 13:00:23.727 INFO: Epoch 54: head: target_head, loss=0.01147086, RMSE_E_per_atom=    1.26 meV, RMSE_F=   36.04 meV / A
2025-09-14 13:10:41.832 INFO: Epoch 55: head: pt_head, loss=0.04132172, RMSE_E_per_atom=    8.77 meV, RMSE_F=   64.07 meV / A
2025-09-14 13:12:02.526 INFO: Epoch 55: head: target_head, loss=0.01140289, RMSE_E_per_atom=    1.09 meV, RMSE_F=   35.96 meV / A
2025-09-14 13:23:24.541 INFO: Epoch 56: head: pt_head, loss=0.04091706, RMSE_E_per_atom=    7.56 meV, RMSE_F=   64.45 meV / A
2025-09-14 13:24:45.738 INFO: Epoch 56: head: target_head, loss=0.01148062, RMSE_E_per_atom=    0.95 meV, RMSE_F=   36.06 meV / A
2025-09-14 13:38:26.556 INFO: Epoch 57: head: pt_head, loss=0.04164065, RMSE_E_per_atom=    8.66 meV, RMSE_F=   64.41 meV / A
2025-09-14 13:39:47.262 INFO: Epoch 57: head: target_head, loss=0.01177861, RMSE_E_per_atom=    0.85 meV, RMSE_F=   36.51 meV / A
2025-09-14 13:50:04.156 INFO: Epoch 58: head: pt_head, loss=0.04224319, RMSE_E_per_atom=   10.48 meV, RMSE_F=   63.41 meV / A
2025-09-14 13:51:24.535 INFO: Epoch 58: head: target_head, loss=0.01143244, RMSE_E_per_atom=    1.86 meV, RMSE_F=   35.83 meV / A
2025-09-14 14:02:41.081 INFO: Epoch 59: head: pt_head, loss=0.03918965, RMSE_E_per_atom=    7.30 meV, RMSE_F=   63.29 meV / A
2025-09-14 14:04:01.569 INFO: Epoch 59: head: target_head, loss=0.01244804, RMSE_E_per_atom=    4.42 meV, RMSE_F=   36.10 meV / A
2025-09-14 14:52:49.740 INFO: Epoch 60: head: pt_head, loss=0.04009311, RMSE_E_per_atom=    8.61 meV, RMSE_F=   63.39 meV / A
2025-09-14 14:54:09.644 INFO: Epoch 60: head: target_head, loss=0.01144527, RMSE_E_per_atom=    1.03 meV, RMSE_F=   36.03 meV / A
2025-09-14 15:04:25.777 INFO: Epoch 61: head: pt_head, loss=0.04096678, RMSE_E_per_atom=   10.06 meV, RMSE_F=   62.95 meV / A
2025-09-14 15:05:45.986 INFO: Epoch 61: head: target_head, loss=0.01170412, RMSE_E_per_atom=    1.81 meV, RMSE_F=   36.23 meV / A
2025-09-14 15:16:01.060 INFO: Epoch 62: head: pt_head, loss=0.04126035, RMSE_E_per_atom=    8.75 meV, RMSE_F=   64.09 meV / A
2025-09-14 15:17:21.224 INFO: Epoch 62: head: target_head, loss=0.01122993, RMSE_E_per_atom=    1.20 meV, RMSE_F=   35.66 meV / A
