2025-09-13 00:32:06.215 INFO: ===========VERIFYING SETTINGS===========
2025-09-13 00:32:06.216 INFO: MACE version: 0.3.14
2025-09-13 00:32:06.828 INFO: CUDA version: 12.1, CUDA device: 0
2025-09-13 00:32:07.691 INFO: Using foundation model /home/phanim/harshitrawat/summer/mace_models/universal/2024-01-07-mace-128-L2_epoch-199.model as initial checkpoint.
2025-09-13 00:32:07.692 WARNING: Using multiheads finetuning with a foundation model that is not a Materials Project model, need to provied a path to a pretraining file with --pt_train_file.
2025-09-13 00:32:07.693 INFO: ===========LOADING INPUT DATA===========
2025-09-13 00:32:07.693 INFO: Using heads: ['target_head', 'pt_head']
2025-09-13 00:32:07.693 INFO: Using the key specifications to parse data:
2025-09-13 00:32:07.693 INFO: target_head: KeySpecification(info_keys={'energy': 'REF_energy', 'stress': 'REF_stress', 'virials': 'REF_virials', 'dipole': 'dipole', 'head': 'head', 'elec_temp': 'elec_temp', 'total_charge': 'total_charge', 'total_spin': 'total_spin'}, arrays_keys={'forces': 'REF_forces', 'charges': 'REF_charges'})
2025-09-13 00:32:07.693 INFO: pt_head: KeySpecification(info_keys={'energy': 'REF_energy', 'stress': 'REF_stress', 'virials': 'REF_virials', 'dipole': 'dipole', 'head': 'head', 'elec_temp': 'elec_temp', 'total_charge': 'total_charge', 'total_spin': 'total_spin'}, arrays_keys={'forces': 'REF_forces', 'charges': 'REF_charges'})
2025-09-13 00:32:07.693 INFO: =============    Processing head target_head     ===========
2025-09-13 00:32:13.872 INFO: Training set 1/1 [energy: 1612, stress: 0, virials: 0, dipole components: 0, head: 1612, elec_temp: 0, total_charge: 0, total_spin: 0, forces: 1612, charges: 0]
2025-09-13 00:32:13.877 INFO: Total Training set [energy: 1612, stress: 0, virials: 0, dipole components: 0, head: 1612, elec_temp: 0, total_charge: 0, total_spin: 0, forces: 1612, charges: 0]
2025-09-13 00:32:16.433 INFO: Validation set 1/1 [energy: 705, stress: 0, virials: 0, dipole components: 0, head: 705, elec_temp: 0, total_charge: 0, total_spin: 0, forces: 705, charges: 0]
2025-09-13 00:32:16.436 INFO: Total Validation set [energy: 705, stress: 0, virials: 0, dipole components: 0, head: 705, elec_temp: 0, total_charge: 0, total_spin: 0, forces: 705, charges: 0]
2025-09-13 00:32:16.436 INFO: Total number of configurations: train=1612, valid=705, tests=[],
2025-09-13 00:32:16.436 INFO: =============    Processing head pt_head     ===========
2025-09-13 00:32:16.500 INFO: Training set 1/1 [energy: 142, stress: 0, virials: 0, dipole components: 0, head: 142, elec_temp: 0, total_charge: 0, total_spin: 0, forces: 0, charges: 0]
2025-09-13 00:32:16.500 INFO: Total Training set [energy: 142, stress: 0, virials: 0, dipole components: 0, head: 142, elec_temp: 0, total_charge: 0, total_spin: 0, forces: 0, charges: 0]
2025-09-13 00:32:19.051 INFO: Validation set 1/1 [energy: 705, stress: 0, virials: 0, dipole components: 0, head: 705, elec_temp: 0, total_charge: 0, total_spin: 0, forces: 705, charges: 0]
2025-09-13 00:32:19.053 INFO: Total Validation set [energy: 705, stress: 0, virials: 0, dipole components: 0, head: 705, elec_temp: 0, total_charge: 0, total_spin: 0, forces: 705, charges: 0]
2025-09-13 00:32:19.053 INFO: Total number of configurations: train=142, valid=705, tests=[],
2025-09-13 00:32:19.053 INFO: Using atomic numbers from command line argument
2025-09-13 00:32:19.053 INFO: Using atomic numbers from command line argument
2025-09-13 00:32:19.053 INFO: Atomic Numbers used: [3, 8, 40, 57]
2025-09-13 00:32:19.053 INFO: Isolated Atomic Energies (E0s) not in training file, using command line argument
2025-09-13 00:32:19.053 INFO: Loading atomic energies from /home/phanim/harshitrawat/summer/e0s_llzo.json
2025-09-13 00:32:19.055 INFO: Isolated Atomic Energies (E0s) not in training file, using command line argument
2025-09-13 00:32:19.055 INFO: Loading atomic energies from /home/phanim/harshitrawat/summer/e0s_llzo.json
2025-09-13 00:32:19.055 INFO: Atomic Energies used (z: eV) for head target_head: {3: -1.882, 8: -4.913, 40: -8.509, 57: -4.894}
2025-09-13 00:32:19.055 INFO: Atomic Energies used (z: eV) for head pt_head: {3: -1.882, 8: -4.913, 40: -8.509, 57: -4.894}
2025-09-13 00:32:19.055 INFO: Processing datasets for head 'target_head'
2025-09-13 00:33:10.319 INFO: Combining 1 list datasets for head 'target_head'
2025-09-13 00:33:32.682 INFO: Combining 1 list datasets for head 'target_head_valid'
2025-09-13 00:33:32.683 INFO: Combined validation datasets for target_head
2025-09-13 00:33:32.683 INFO: Head 'target_head' training dataset size: 1612
2025-09-13 00:33:32.683 INFO: Processing datasets for head 'pt_head'
2025-09-13 00:33:32.789 INFO: Combining 1 list datasets for head 'pt_head'
2025-09-13 00:33:55.497 INFO: Combining 1 list datasets for head 'pt_head_valid'
2025-09-13 00:33:55.497 INFO: Combined validation datasets for pt_head
2025-09-13 00:33:55.497 INFO: Head 'pt_head' training dataset size: 142
2025-09-13 00:33:55.498 INFO: Computing average number of neighbors
2025-09-13 00:33:58.031 INFO: Average number of neighbors: 67.31388041084317
2025-09-13 00:33:58.031 INFO: During training the following quantities will be reported: energy, forces
2025-09-13 00:33:58.031 INFO: ===========MODEL DETAILS===========
2025-09-13 00:33:59.639 WARNING: Standard deviation of the scaling is zero, Changing to no scaling
2025-09-13 00:33:59.642 INFO: Loading FOUNDATION model
2025-09-13 00:33:59.643 INFO: Using filtered elements: [3, 8, 40, 57]
2025-09-13 00:33:59.643 INFO: Model configuration extracted from foundation model
2025-09-13 00:33:59.643 INFO: Using weighted loss function for fine-tuning
2025-09-13 00:33:59.643 INFO: Message passing with hidden irreps 128x0e+128x1o+128x2e)
2025-09-13 00:33:59.643 INFO: 2 layers, each with correlation order: 3 (body order: 4) and spherical harmonics up to: l=3
2025-09-13 00:33:59.643 INFO: Radial cutoff: 6.0 A (total receptive field for each atom: 12.0 A)
2025-09-13 00:33:59.643 INFO: Distance transform for radial basis functions: None
Using reduced CG: False
Using reduced CG: False
2025-09-13 00:34:01.129 INFO: Total number of parameters: 896586
2025-09-13 00:34:01.129 INFO: 
2025-09-13 00:34:01.129 INFO: ===========OPTIMIZER INFORMATION===========
2025-09-13 00:34:01.129 INFO: Using ADAM as parameter optimizer
2025-09-13 00:34:01.129 INFO: Batch size: 2
2025-09-13 00:34:01.129 INFO: Number of gradient updates: 35080
2025-09-13 00:34:01.129 INFO: Learning rate: 0.002, weight decay: 1e-08
2025-09-13 00:34:01.129 INFO: WeightedEnergyForcesLoss(energy_weight=50.000, forces_weight=10.000)
2025-09-13 00:34:01.132 WARNING: Cannot find checkpoint with tag 'mace_T2_w2_2heads_final_run-2' in './checkpoints'
2025-09-13 00:34:01.132 INFO: Using gradient clipping with tolerance=1.000
2025-09-13 00:34:01.132 INFO: 
2025-09-13 00:34:01.132 INFO: ===========TRAINING===========
2025-09-13 00:34:01.132 INFO: Started training, reporting errors on validation set
2025-09-13 00:34:01.132 INFO: Loss metrics on validation set
2025-09-13 00:35:28.057 INFO: Initial: head: pt_head, loss=233.51464016, RMSE_E_per_atom= 2126.43 meV, RMSE_F=  959.54 meV / A
2025-09-13 00:36:48.060 INFO: Initial: head: target_head, loss=233.51464016, RMSE_E_per_atom= 2126.43 meV, RMSE_F=  959.54 meV / A
