2025-10-01 16:08:56.865 INFO: ===========VERIFYING SETTINGS===========
2025-10-01 16:08:56.866 INFO: MACE version: 0.3.14
2025-10-01 16:08:57.491 INFO: CUDA version: 12.1, CUDA device: 0
2025-10-01 16:08:59.668 INFO: Using foundation model /home/phanim/harshitrawat/summer/mace_models/universal/2024-01-07-mace-128-L2_epoch-199.model as initial checkpoint.
2025-10-01 16:08:59.743 WARNING: Using multiheads finetuning with a foundation model that is not a Materials Project model, need to provied a path to a pretraining file with --pt_train_file.
2025-10-01 16:08:59.743 INFO: ===========LOADING INPUT DATA===========
2025-10-01 16:08:59.743 INFO: Using heads: ['target_head', 'pt_head']
2025-10-01 16:08:59.743 INFO: Using the key specifications to parse data:
2025-10-01 16:08:59.743 INFO: target_head: KeySpecification(info_keys={'energy': 'REF_energy', 'stress': 'REF_stress', 'virials': 'REF_virials', 'dipole': 'dipole', 'head': 'head', 'elec_temp': 'elec_temp', 'total_charge': 'total_charge', 'total_spin': 'total_spin'}, arrays_keys={'forces': 'REF_forces', 'charges': 'REF_charges'})
2025-10-01 16:08:59.743 INFO: pt_head: KeySpecification(info_keys={'energy': 'REF_energy', 'stress': 'REF_stress', 'virials': 'REF_virials', 'dipole': 'dipole', 'head': 'head', 'elec_temp': 'elec_temp', 'total_charge': 'total_charge', 'total_spin': 'total_spin'}, arrays_keys={'forces': 'REF_forces', 'charges': 'REF_charges'})
2025-10-01 16:08:59.743 INFO: =============    Processing head target_head     ===========
2025-10-01 16:09:25.679 INFO: Training set 1/1 [energy: 6337, stress: 0, virials: 0, dipole components: 0, head: 6337, elec_temp: 0, total_charge: 0, total_spin: 0, forces: 6337, charges: 0]
2025-10-01 16:09:25.701 INFO: Total Training set [energy: 6337, stress: 0, virials: 0, dipole components: 0, head: 6337, elec_temp: 0, total_charge: 0, total_spin: 0, forces: 6337, charges: 0]
2025-10-01 16:09:28.881 INFO: Validation set 1/1 [energy: 705, stress: 0, virials: 0, dipole components: 0, head: 705, elec_temp: 0, total_charge: 0, total_spin: 0, forces: 705, charges: 0]
2025-10-01 16:09:28.883 INFO: Total Validation set [energy: 705, stress: 0, virials: 0, dipole components: 0, head: 705, elec_temp: 0, total_charge: 0, total_spin: 0, forces: 705, charges: 0]
2025-10-01 16:09:28.883 INFO: Total number of configurations: train=6337, valid=705, tests=[],
2025-10-01 16:09:28.883 INFO: =============    Processing head pt_head     ===========
2025-10-01 16:09:29.047 INFO: Training set 1/1 [energy: 142, stress: 0, virials: 0, dipole components: 0, head: 142, elec_temp: 0, total_charge: 0, total_spin: 0, forces: 0, charges: 0]
2025-10-01 16:09:29.048 INFO: Total Training set [energy: 142, stress: 0, virials: 0, dipole components: 0, head: 142, elec_temp: 0, total_charge: 0, total_spin: 0, forces: 0, charges: 0]
2025-10-01 16:09:31.764 INFO: Validation set 1/1 [energy: 705, stress: 0, virials: 0, dipole components: 0, head: 705, elec_temp: 0, total_charge: 0, total_spin: 0, forces: 705, charges: 0]
2025-10-01 16:09:31.766 INFO: Total Validation set [energy: 705, stress: 0, virials: 0, dipole components: 0, head: 705, elec_temp: 0, total_charge: 0, total_spin: 0, forces: 705, charges: 0]
2025-10-01 16:09:31.766 INFO: Total number of configurations: train=142, valid=705, tests=[],
2025-10-01 16:09:31.767 INFO: Using atomic numbers from command line argument
2025-10-01 16:09:31.767 INFO: Using atomic numbers from command line argument
2025-10-01 16:09:31.767 INFO: Atomic Numbers used: [3, 8, 40, 57]
2025-10-01 16:09:31.767 INFO: Isolated Atomic Energies (E0s) not in training file, using command line argument
2025-10-01 16:09:31.767 INFO: Loading atomic energies from /home/phanim/harshitrawat/summer/e0s_llzo.json
2025-10-01 16:09:31.769 INFO: Isolated Atomic Energies (E0s) not in training file, using command line argument
2025-10-01 16:09:31.769 INFO: Loading atomic energies from /home/phanim/harshitrawat/summer/e0s_llzo.json
2025-10-01 16:09:31.769 INFO: Atomic Energies used (z: eV) for head target_head: {3: -1.882, 8: -4.913, 40: -8.509, 57: -4.894}
2025-10-01 16:09:31.769 INFO: Atomic Energies used (z: eV) for head pt_head: {3: -1.882, 8: -4.913, 40: -8.509, 57: -4.894}
2025-10-01 16:09:31.769 INFO: Processing datasets for head 'target_head'
2025-10-01 16:12:48.640 INFO: Combining 1 list datasets for head 'target_head'
2025-10-01 16:13:10.608 INFO: Combining 1 list datasets for head 'target_head_valid'
2025-10-01 16:13:10.608 INFO: Combined validation datasets for target_head
2025-10-01 16:13:10.608 INFO: Head 'target_head' training dataset size: 6337
2025-10-01 16:13:10.609 INFO: Processing datasets for head 'pt_head'
2025-10-01 16:13:10.720 INFO: Combining 1 list datasets for head 'pt_head'
2025-10-01 16:13:32.650 INFO: Combining 1 list datasets for head 'pt_head_valid'
2025-10-01 16:13:32.650 INFO: Combined validation datasets for pt_head
2025-10-01 16:13:32.650 INFO: Head 'pt_head' training dataset size: 142
2025-10-01 16:13:32.651 INFO: Computing average number of neighbors
2025-10-01 16:13:44.161 INFO: Average number of neighbors: 68.51894591324691
2025-10-01 16:13:44.163 INFO: During training the following quantities will be reported: energy, forces
2025-10-01 16:13:44.163 INFO: ===========MODEL DETAILS===========
2025-10-01 16:13:50.946 WARNING: Standard deviation of the scaling is zero, Changing to no scaling
2025-10-01 16:13:50.956 INFO: Loading FOUNDATION model
2025-10-01 16:13:50.959 INFO: Using filtered elements: [3, 8, 40, 57]
2025-10-01 16:13:50.959 INFO: Model configuration extracted from foundation model
2025-10-01 16:13:50.959 INFO: Using weighted loss function for fine-tuning
2025-10-01 16:13:50.959 INFO: Message passing with hidden irreps 128x0e+128x1o+128x2e)
2025-10-01 16:13:50.959 INFO: 2 layers, each with correlation order: 3 (body order: 4) and spherical harmonics up to: l=3
2025-10-01 16:13:50.959 INFO: Radial cutoff: 6.0 A (total receptive field for each atom: 12.0 A)
2025-10-01 16:13:50.959 INFO: Distance transform for radial basis functions: None
Using reduced CG: False
Using reduced CG: False
2025-10-01 16:13:53.029 INFO: Total number of parameters: 896586
2025-10-01 16:13:53.029 INFO: 
2025-10-01 16:13:53.029 INFO: ===========OPTIMIZER INFORMATION===========
2025-10-01 16:13:53.029 INFO: Using ADAM as parameter optimizer
2025-10-01 16:13:53.029 INFO: Batch size: 2
2025-10-01 16:13:53.029 INFO: Number of gradient updates: 38874
2025-10-01 16:13:53.029 INFO: Learning rate: 0.0002, weight decay: 1e-08
2025-10-01 16:13:53.029 INFO: WeightedEnergyForcesLoss(energy_weight=50.000, forces_weight=10.000)
2025-10-01 16:13:53.071 WARNING: No SWA checkpoint found, while SWA is enabled. Compare the swa_start parameter and the latest checkpoint.
2025-10-01 16:13:53.072 INFO: Loading checkpoint: ./checkpoints/mace_T1_w4_2heads_final_run-40_epoch-9.pt
2025-10-01 16:13:53.434 INFO: Using gradient clipping with tolerance=1.000
2025-10-01 16:13:53.435 INFO: 
2025-10-01 16:13:53.435 INFO: ===========TRAINING===========
2025-10-01 16:13:53.435 INFO: Started training, reporting errors on validation set
2025-10-01 16:13:53.435 INFO: Loss metrics on validation set
2025-10-01 16:15:22.582 INFO: Initial: head: pt_head, loss=0.06081562, RMSE_E_per_atom=   26.18 meV, RMSE_F=   55.70 meV / A
2025-10-01 16:16:42.769 INFO: Initial: head: target_head, loss=0.01456023, RMSE_E_per_atom=    1.76 meV, RMSE_F=   40.56 meV / A
2025-10-01 16:54:01.510 INFO: Epoch 9: head: pt_head, loss=0.05477010, RMSE_E_per_atom=   24.74 meV, RMSE_F=   52.92 meV / A
2025-10-01 16:55:21.803 INFO: Epoch 9: head: target_head, loss=0.01469806, RMSE_E_per_atom=    2.72 meV, RMSE_F=   40.42 meV / A
2025-10-01 17:32:34.247 INFO: Epoch 10: head: pt_head, loss=0.05391849, RMSE_E_per_atom=   24.55 meV, RMSE_F=   52.53 meV / A
2025-10-01 17:33:54.411 INFO: Epoch 10: head: target_head, loss=0.01375610, RMSE_E_per_atom=    1.58 meV, RMSE_F=   39.44 meV / A
2025-10-01 18:11:06.961 INFO: Epoch 11: head: pt_head, loss=0.05946275, RMSE_E_per_atom=   26.96 meV, RMSE_F=   51.81 meV / A
2025-10-01 18:12:27.147 INFO: Epoch 11: head: target_head, loss=0.01380550, RMSE_E_per_atom=    0.64 meV, RMSE_F=   39.68 meV / A
2025-10-01 18:12:27.149 INFO: Training complete
2025-10-01 18:12:27.149 INFO: 
2025-10-01 18:12:27.149 INFO: ===========RESULTS===========
2025-10-01 18:12:27.240 INFO: Loading checkpoint: ./checkpoints/mace_T1_w4_2heads_final_run-40_epoch-10.pt
2025-10-01 18:12:27.281 INFO: Loaded Stage one model from epoch 10 for evaluation
2025-10-01 18:12:27.282 INFO: Saving model to checkpoints/mace_T1_w4_2heads_final_run-40.model
2025-10-01 18:12:27.610 INFO: Compiling model, saving metadata to mace_T1_w4_2heads_final_compiled.model
2025-10-01 18:12:28.875 INFO: Computing metrics for training, validation, and test sets
2025-10-01 18:12:28.876 INFO: Skipping evaluation for heads: ['pt_head']
2025-10-01 18:12:28.876 INFO: Skipping evaluation of train_pt_head (in skip_heads list)
2025-10-01 18:12:28.876 INFO: Evaluating train_target_head ...
2025-10-01 18:25:39.465 INFO: Skipping evaluation of valid_pt_head (in skip_heads list)
2025-10-01 18:25:39.468 INFO: Evaluating valid_target_head ...
2025-10-01 18:26:59.983 INFO: Error-table on TRAIN and VALID:
+-------------------+---------------------+------------------+-------------------+
|    config_type    | RMSE E / meV / atom | RMSE F / meV / A | relative F RMSE % |
+-------------------+---------------------+------------------+-------------------+
| train_target_head |            1.6      |         40.2     |         11.66     |
| valid_target_head |            1.6      |         39.4     |         11.47     |
+-------------------+---------------------+------------------+-------------------+
2025-10-01 18:45:58.283 INFO: Done
