2025-09-25 00:45:47.120 INFO: ===========VERIFYING SETTINGS===========
2025-09-25 00:45:47.121 INFO: MACE version: 0.3.14
2025-09-25 00:45:47.724 INFO: CUDA version: 12.1, CUDA device: 0
2025-09-25 00:45:48.618 INFO: Using foundation model /home/phanim/harshitrawat/summer/mace_models/universal/2024-01-07-mace-128-L2_epoch-199.model as initial checkpoint.
2025-09-25 00:45:48.619 WARNING: Using multiheads finetuning with a foundation model that is not a Materials Project model, need to provied a path to a pretraining file with --pt_train_file.
2025-09-25 00:45:48.619 INFO: ===========LOADING INPUT DATA===========
2025-09-25 00:45:48.619 INFO: Using heads: ['target_head', 'pt_head']
2025-09-25 00:45:48.619 INFO: Using the key specifications to parse data:
2025-09-25 00:45:48.619 INFO: target_head: KeySpecification(info_keys={'energy': 'REF_energy', 'stress': 'REF_stress', 'virials': 'REF_virials', 'dipole': 'dipole', 'head': 'head', 'elec_temp': 'elec_temp', 'total_charge': 'total_charge', 'total_spin': 'total_spin'}, arrays_keys={'forces': 'REF_forces', 'charges': 'REF_charges'})
2025-09-25 00:45:48.619 INFO: pt_head: KeySpecification(info_keys={'energy': 'REF_energy', 'stress': 'REF_stress', 'virials': 'REF_virials', 'dipole': 'dipole', 'head': 'head', 'elec_temp': 'elec_temp', 'total_charge': 'total_charge', 'total_spin': 'total_spin'}, arrays_keys={'forces': 'REF_forces', 'charges': 'REF_charges'})
2025-09-25 00:45:48.619 INFO: =============    Processing head target_head     ===========
2025-09-25 00:46:11.739 INFO: Training set 1/1 [energy: 6337, stress: 0, virials: 0, dipole components: 0, head: 6337, elec_temp: 0, total_charge: 0, total_spin: 0, forces: 6337, charges: 0]
2025-09-25 00:46:11.760 INFO: Total Training set [energy: 6337, stress: 0, virials: 0, dipole components: 0, head: 6337, elec_temp: 0, total_charge: 0, total_spin: 0, forces: 6337, charges: 0]
2025-09-25 00:46:14.579 INFO: Validation set 1/1 [energy: 705, stress: 0, virials: 0, dipole components: 0, head: 705, elec_temp: 0, total_charge: 0, total_spin: 0, forces: 705, charges: 0]
2025-09-25 00:46:14.581 INFO: Total Validation set [energy: 705, stress: 0, virials: 0, dipole components: 0, head: 705, elec_temp: 0, total_charge: 0, total_spin: 0, forces: 705, charges: 0]
2025-09-25 00:46:14.581 INFO: Total number of configurations: train=6337, valid=705, tests=[],
2025-09-25 00:46:14.581 INFO: =============    Processing head pt_head     ===========
2025-09-25 00:46:14.645 INFO: Training set 1/1 [energy: 142, stress: 0, virials: 0, dipole components: 0, head: 142, elec_temp: 0, total_charge: 0, total_spin: 0, forces: 0, charges: 0]
2025-09-25 00:46:14.646 INFO: Total Training set [energy: 142, stress: 0, virials: 0, dipole components: 0, head: 142, elec_temp: 0, total_charge: 0, total_spin: 0, forces: 0, charges: 0]
2025-09-25 00:46:17.388 INFO: Validation set 1/1 [energy: 705, stress: 0, virials: 0, dipole components: 0, head: 705, elec_temp: 0, total_charge: 0, total_spin: 0, forces: 705, charges: 0]
2025-09-25 00:46:17.390 INFO: Total Validation set [energy: 705, stress: 0, virials: 0, dipole components: 0, head: 705, elec_temp: 0, total_charge: 0, total_spin: 0, forces: 705, charges: 0]
2025-09-25 00:46:17.390 INFO: Total number of configurations: train=142, valid=705, tests=[],
2025-09-25 00:46:17.390 INFO: Using atomic numbers from command line argument
2025-09-25 00:46:17.390 INFO: Using atomic numbers from command line argument
2025-09-25 00:46:17.390 INFO: Atomic Numbers used: [3, 8, 40, 57]
2025-09-25 00:46:17.390 INFO: Isolated Atomic Energies (E0s) not in training file, using command line argument
2025-09-25 00:46:17.390 INFO: Loading atomic energies from /home/phanim/harshitrawat/summer/e0s_llzo.json
2025-09-25 00:46:17.391 INFO: Isolated Atomic Energies (E0s) not in training file, using command line argument
2025-09-25 00:46:17.391 INFO: Loading atomic energies from /home/phanim/harshitrawat/summer/e0s_llzo.json
2025-09-25 00:46:17.392 INFO: Atomic Energies used (z: eV) for head target_head: {3: -1.882, 8: -4.913, 40: -8.509, 57: -4.894}
2025-09-25 00:46:17.392 INFO: Atomic Energies used (z: eV) for head pt_head: {3: -1.882, 8: -4.913, 40: -8.509, 57: -4.894}
2025-09-25 00:46:17.392 INFO: Processing datasets for head 'target_head'
2025-09-25 00:49:34.717 INFO: Combining 1 list datasets for head 'target_head'
2025-09-25 00:49:56.840 INFO: Combining 1 list datasets for head 'target_head_valid'
2025-09-25 00:49:56.840 INFO: Combined validation datasets for target_head
2025-09-25 00:49:56.840 INFO: Head 'target_head' training dataset size: 6337
2025-09-25 00:49:56.840 INFO: Processing datasets for head 'pt_head'
2025-09-25 00:49:56.951 INFO: Combining 1 list datasets for head 'pt_head'
2025-09-25 00:50:19.116 INFO: Combining 1 list datasets for head 'pt_head_valid'
2025-09-25 00:50:19.116 INFO: Combined validation datasets for pt_head
2025-09-25 00:50:19.116 INFO: Head 'pt_head' training dataset size: 142
2025-09-25 00:50:19.117 INFO: Computing average number of neighbors
2025-09-25 00:50:28.009 INFO: Average number of neighbors: 68.51770895320855
2025-09-25 00:50:28.011 INFO: During training the following quantities will be reported: energy, forces
2025-09-25 00:50:28.011 INFO: ===========MODEL DETAILS===========
2025-09-25 00:50:33.902 WARNING: Standard deviation of the scaling is zero, Changing to no scaling
2025-09-25 00:50:33.916 INFO: Loading FOUNDATION model
2025-09-25 00:50:33.917 INFO: Using filtered elements: [3, 8, 40, 57]
2025-09-25 00:50:33.917 INFO: Model configuration extracted from foundation model
2025-09-25 00:50:33.917 INFO: Using weighted loss function for fine-tuning
2025-09-25 00:50:33.918 INFO: Message passing with hidden irreps 128x0e+128x1o+128x2e)
2025-09-25 00:50:33.918 INFO: 2 layers, each with correlation order: 3 (body order: 4) and spherical harmonics up to: l=3
2025-09-25 00:50:33.918 INFO: Radial cutoff: 6.0 A (total receptive field for each atom: 12.0 A)
2025-09-25 00:50:33.918 INFO: Distance transform for radial basis functions: None
Using reduced CG: False
Using reduced CG: False
2025-09-25 00:50:35.315 INFO: Total number of parameters: 896586
2025-09-25 00:50:35.315 INFO: 
2025-09-25 00:50:35.315 INFO: ===========OPTIMIZER INFORMATION===========
2025-09-25 00:50:35.315 INFO: Using ADAM as parameter optimizer
2025-09-25 00:50:35.315 INFO: Batch size: 2
2025-09-25 00:50:35.315 INFO: Number of gradient updates: 210567
2025-09-25 00:50:35.315 INFO: Learning rate: 0.002, weight decay: 1e-08
2025-09-25 00:50:35.315 INFO: WeightedEnergyForcesLoss(energy_weight=50.000, forces_weight=10.000)
2025-09-25 00:50:35.414 WARNING: Cannot find checkpoint with tag 'mace_T1_w2_2heads_final_run-20' in './checkpoints'
2025-09-25 00:50:35.414 INFO: Using gradient clipping with tolerance=1.000
2025-09-25 00:50:35.414 INFO: 
2025-09-25 00:50:35.414 INFO: ===========TRAINING===========
2025-09-25 00:50:35.414 INFO: Started training, reporting errors on validation set
2025-09-25 00:50:35.414 INFO: Loss metrics on validation set
2025-09-25 00:52:01.676 INFO: Initial: head: pt_head, loss=233.51464016, RMSE_E_per_atom= 2126.43 meV, RMSE_F=  959.54 meV / A
2025-09-25 00:53:21.760 INFO: Initial: head: target_head, loss=233.51464016, RMSE_E_per_atom= 2126.43 meV, RMSE_F=  959.54 meV / A
2025-09-25 01:30:34.654 INFO: Epoch 0: head: pt_head, loss=0.08152466, RMSE_E_per_atom=   29.61 meV, RMSE_F=   64.75 meV / A
2025-09-25 01:31:54.769 INFO: Epoch 0: head: target_head, loss=0.03089847, RMSE_E_per_atom=   12.78 meV, RMSE_F=   50.78 meV / A
2025-09-25 02:08:59.287 INFO: Epoch 1: head: pt_head, loss=0.05968275, RMSE_E_per_atom=   21.61 meV, RMSE_F=   63.67 meV / A
2025-09-25 02:10:19.393 INFO: Epoch 1: head: target_head, loss=0.02275847, RMSE_E_per_atom=    8.32 meV, RMSE_F=   46.97 meV / A
2025-09-25 02:47:24.624 INFO: Epoch 2: head: pt_head, loss=0.05475798, RMSE_E_per_atom=   19.83 meV, RMSE_F=   61.79 meV / A
2025-09-25 02:48:44.754 INFO: Epoch 2: head: target_head, loss=0.02001474, RMSE_E_per_atom=    5.46 meV, RMSE_F=   45.11 meV / A
2025-09-25 03:25:50.123 INFO: Epoch 3: head: pt_head, loss=0.14912441, RMSE_E_per_atom=   48.24 meV, RMSE_F=   60.22 meV / A
2025-09-25 03:27:10.432 INFO: Epoch 3: head: target_head, loss=0.01435008, RMSE_E_per_atom=    1.41 meV, RMSE_F=   40.16 meV / A
2025-09-25 04:04:15.153 INFO: Epoch 4: head: pt_head, loss=0.03487041, RMSE_E_per_atom=    5.84 meV, RMSE_F=   59.68 meV / A
2025-09-25 04:05:35.270 INFO: Epoch 4: head: target_head, loss=0.01767663, RMSE_E_per_atom=    8.89 meV, RMSE_F=   39.30 meV / A
2025-09-25 04:42:39.840 INFO: Epoch 5: head: pt_head, loss=0.11958584, RMSE_E_per_atom=   37.79 meV, RMSE_F=   71.79 meV / A
2025-09-25 04:44:00.016 INFO: Epoch 5: head: target_head, loss=0.01389212, RMSE_E_per_atom=    1.35 meV, RMSE_F=   39.77 meV / A
2025-09-25 05:21:03.810 INFO: Epoch 6: head: pt_head, loss=0.15087990, RMSE_E_per_atom=   43.23 meV, RMSE_F=   77.50 meV / A
2025-09-25 05:22:23.899 INFO: Epoch 6: head: target_head, loss=0.01623429, RMSE_E_per_atom=    7.86 meV, RMSE_F=   38.31 meV / A
2025-09-25 05:59:28.338 INFO: Epoch 7: head: pt_head, loss=0.07719068, RMSE_E_per_atom=   24.35 meV, RMSE_F=   71.72 meV / A
2025-09-25 06:00:48.585 INFO: Epoch 7: head: target_head, loss=0.01951069, RMSE_E_per_atom=   11.77 meV, RMSE_F=   37.63 meV / A
2025-09-25 06:37:53.091 INFO: Epoch 8: head: pt_head, loss=0.05809206, RMSE_E_per_atom=   10.29 meV, RMSE_F=   75.11 meV / A
2025-09-25 06:39:13.193 INFO: Epoch 8: head: target_head, loss=0.01638557, RMSE_E_per_atom=    8.72 meV, RMSE_F=   37.63 meV / A
2025-09-25 07:16:17.261 INFO: Epoch 9: head: pt_head, loss=0.06426152, RMSE_E_per_atom=   20.37 meV, RMSE_F=   68.92 meV / A
2025-09-25 07:17:37.359 INFO: Epoch 9: head: target_head, loss=0.01338250, RMSE_E_per_atom=    5.51 meV, RMSE_F=   36.61 meV / A
