2025-08-25 19:46:21.193 INFO: ===========VERIFYING SETTINGS===========
2025-08-25 19:46:21.193 INFO: MACE version: 0.3.14
2025-08-25 19:46:21.883 INFO: CUDA version: 12.1, CUDA device: 0
2025-08-25 19:46:23.663 INFO: Using foundation model /home/phanim/harshitrawat/summer/mace_models/universal/2024-01-07-mace-128-L2_epoch-199.model as initial checkpoint.
2025-08-25 19:46:23.664 INFO: Multihead finetuning mode, setting learning rate to 0.0001 and EMA to True. To use a different learning rate, set --force_mh_ft_lr=True.
2025-08-25 19:46:23.664 INFO: Using multiheads finetuning mode, setting learning rate to 0.0001 and EMA to True
2025-08-25 19:46:23.665 INFO: ===========LOADING INPUT DATA===========
2025-08-25 19:46:23.665 INFO: Using heads: ['Default', 'pt_head']
2025-08-25 19:46:23.665 INFO: Using the key specifications to parse data:
2025-08-25 19:46:23.665 INFO: Default: KeySpecification(info_keys={'energy': 'REF_energy', 'stress': 'REF_stress', 'virials': 'REF_virials', 'dipole': 'dipole', 'head': 'head', 'elec_temp': 'elec_temp', 'total_charge': 'total_charge', 'total_spin': 'total_spin'}, arrays_keys={'forces': 'REF_forces', 'charges': 'REF_charges'})
2025-08-25 19:46:23.665 INFO: pt_head: KeySpecification(info_keys={'energy': 'REF_energy', 'stress': 'REF_stress', 'virials': 'REF_virials', 'dipole': 'dipole', 'head': 'head', 'elec_temp': 'elec_temp', 'total_charge': 'total_charge', 'total_spin': 'total_spin'}, arrays_keys={'forces': 'REF_forces', 'charges': 'REF_charges'})
2025-08-25 19:46:23.665 INFO: =============    Processing head Default     ===========
2025-08-25 19:46:31.072 INFO: Training set 1/1 [energy: 1612, stress: 0, virials: 0, dipole components: 0, head: 1612, elec_temp: 0, total_charge: 0, total_spin: 0, forces: 1612, charges: 0]
2025-08-25 19:46:31.077 INFO: Total Training set [energy: 1612, stress: 0, virials: 0, dipole components: 0, head: 1612, elec_temp: 0, total_charge: 0, total_spin: 0, forces: 1612, charges: 0]
2025-08-25 19:46:33.628 INFO: Validation set 1/1 [energy: 705, stress: 0, virials: 0, dipole components: 0, head: 705, elec_temp: 0, total_charge: 0, total_spin: 0, forces: 705, charges: 0]
2025-08-25 19:46:33.630 INFO: Total Validation set [energy: 705, stress: 0, virials: 0, dipole components: 0, head: 705, elec_temp: 0, total_charge: 0, total_spin: 0, forces: 705, charges: 0]
2025-08-25 19:46:33.630 INFO: Total number of configurations: train=1612, valid=705, tests=[],
2025-08-25 19:46:33.630 INFO: =============    Processing head pt_head     ===========
2025-08-25 19:46:33.693 INFO: Training set 1/1 [energy: 0, stress: 0, virials: 0, dipole components: 0, head: 104, elec_temp: 0, total_charge: 0, total_spin: 0, forces: 0, charges: 0]
2025-08-25 19:46:33.693 INFO: Total Training set [energy: 0, stress: 0, virials: 0, dipole components: 0, head: 104, elec_temp: 0, total_charge: 0, total_spin: 0, forces: 0, charges: 0]
2025-08-25 19:46:33.693 INFO: No validation set provided, splitting training data instead.
2025-08-25 19:46:33.717 INFO: Using random 10% of training set for validation with indices saved in: ./valid_indices_84.txt
2025-08-25 19:46:33.717 INFO: Random Split Training set [energy: 0, stress: 0, virials: 0, dipole components: 0, head: 94, elec_temp: 0, total_charge: 0, total_spin: 0, forces: 0, charges: 0]
2025-08-25 19:46:33.718 INFO: Random Split Validation set [energy: 0, stress: 0, virials: 0, dipole components: 0, head: 10, elec_temp: 0, total_charge: 0, total_spin: 0, forces: 0, charges: 0]
2025-08-25 19:46:33.718 INFO: Total number of configurations: train=94, valid=10, tests=[],
2025-08-25 19:46:33.718 INFO: ==================Using multiheads finetuning mode==================
2025-08-25 19:46:33.718 INFO: Total number of configurations in pretraining: train=94, valid=10
2025-08-25 19:46:33.718 INFO: Using atomic numbers from command line argument
2025-08-25 19:46:33.718 INFO: Using atomic numbers from command line argument
2025-08-25 19:46:33.718 INFO: Atomic Numbers used: [3, 8, 40, 57]
2025-08-25 19:46:33.718 INFO: Isolated Atomic Energies (E0s) not in training file, using command line argument
2025-08-25 19:46:33.720 INFO: Atomic Energies used (z: eV) for head Default: {3: -1.2302615750354944, 8: -23.049110738413006, 40: 23.367646191010394, 57: 15.192898072498549}
2025-08-25 19:46:33.720 INFO: Atomic Energies used (z: eV) for head pt_head: {3: -3.482100566595956, 8: -7.28459863421322, 40: -11.846857579882572, 57: -8.933684809576345}
2025-08-25 19:46:33.720 INFO: Processing datasets for head 'Default'
2025-08-25 19:47:29.281 INFO: Combining 1 list datasets for head 'Default'
2025-08-25 19:47:53.478 INFO: Combining 1 list datasets for head 'Default_valid'
2025-08-25 19:47:53.478 INFO: Combined validation datasets for Default
2025-08-25 19:47:53.478 INFO: Head 'Default' training dataset size: 1612
2025-08-25 19:47:53.478 INFO: Processing datasets for head 'pt_head'
2025-08-25 19:47:53.564 INFO: Combining 1 list datasets for head 'pt_head'
2025-08-25 19:47:53.575 INFO: Head 'pt_head' training dataset size: 94
2025-08-25 19:47:53.575 INFO: Average number of neighbors: 61.964672446250916
2025-08-25 19:47:53.575 INFO: During training the following quantities will be reported: energy, forces, stress
2025-08-25 19:47:53.575 INFO: ===========MODEL DETAILS===========
2025-08-25 19:47:55.851 WARNING: Standard deviation of the scaling is zero, Changing to no scaling
2025-08-25 19:47:55.854 INFO: Loading FOUNDATION model
2025-08-25 19:47:55.855 INFO: Using filtered elements: [3, 8, 40, 57]
2025-08-25 19:47:55.855 INFO: Model configuration extracted from foundation model
2025-08-25 19:47:55.855 INFO: Using universal loss function for fine-tuning
2025-08-25 19:47:55.855 INFO: Message passing with hidden irreps 128x0e+128x1o+128x2e)
2025-08-25 19:47:55.855 INFO: 2 layers, each with correlation order: 3 (body order: 4) and spherical harmonics up to: l=3
2025-08-25 19:47:55.855 INFO: Radial cutoff: 6.0 A (total receptive field for each atom: 12.0 A)
2025-08-25 19:47:55.855 INFO: Distance transform for radial basis functions: None
Using reduced CG: False
Using reduced CG: False
2025-08-25 19:47:57.675 INFO: Total number of parameters: 896586
2025-08-25 19:47:57.675 INFO: 
2025-08-25 19:47:57.675 INFO: ===========OPTIMIZER INFORMATION===========
2025-08-25 19:47:57.675 INFO: Using ADAM as parameter optimizer
2025-08-25 19:47:57.675 INFO: Batch size: 2
2025-08-25 19:47:57.675 INFO: Using Exponential Moving Average with decay: 0.99999
2025-08-25 19:47:57.675 INFO: Number of gradient updates: 853
2025-08-25 19:47:57.675 INFO: Learning rate: 0.0001, weight decay: 1e-08
2025-08-25 19:47:57.675 INFO: UniversalLoss(energy_weight=10.000, forces_weight=0.000, stress_weight=0.000)
2025-08-25 19:47:57.680 WARNING: Cannot find checkpoint with tag 'dummy_mace_T2_including_replay_w2_aries_run-84' in './checkpoints'
2025-08-25 19:47:57.681 INFO: Using gradient clipping with tolerance=1.000
2025-08-25 19:47:57.681 INFO: 
2025-08-25 19:47:57.681 INFO: ===========TRAINING===========
2025-08-25 19:47:57.681 INFO: Started training, reporting errors on validation set
2025-08-25 19:47:57.681 INFO: Loss metrics on validation set
2025-08-25 19:48:04.637 INFO: Initial: head: pt_head, loss=0.00000000, RMSE_E_per_atom= 6899.68 meV, RMSE_F=  405.81 meV / A, RMSE_stress=   19.16 meV / A^3
2025-08-25 19:49:40.253 INFO: Initial: head: Default, loss=0.11800754, RMSE_E_per_atom= 1245.40 meV, RMSE_F=  959.54 meV / A, RMSE_stress=   23.75 meV / A^3
