+ mkdir -p logs
+ export PYTHONUNBUFFERED=1
+ PYTHONUNBUFFERED=1
+ source /home/phanim/harshitrawat/miniconda3/etc/profile.d/conda.sh
++ export CONDA_EXE=/home/phanim/harshitrawat/miniconda3/bin/conda
++ CONDA_EXE=/home/phanim/harshitrawat/miniconda3/bin/conda
++ export _CE_M=
++ _CE_M=
++ export _CE_CONDA=
++ _CE_CONDA=
++ export CONDA_PYTHON_EXE=/home/phanim/harshitrawat/miniconda3/bin/python
++ CONDA_PYTHON_EXE=/home/phanim/harshitrawat/miniconda3/bin/python
++ '[' -z x ']'
+ conda activate mace_0.3.8
+ local cmd=activate
+ case "$cmd" in
+ __conda_activate activate mace_0.3.8
+ '[' -n '' ']'
+ local ask_conda
++ PS1=
++ __conda_exe shell.posix activate mace_0.3.8
++ '[' -n '' ']'
++ /home/phanim/harshitrawat/miniconda3/bin/conda shell.posix activate mace_0.3.8
slurmstepd: error: *** JOB 17768 ON cn10 CANCELLED AT 2025-09-14T21:44:37 ***
