2025-07-24 13:58:53.608 INFO: ===========VERIFYING SETTINGS===========
2025-07-24 13:58:53.608 INFO: MACE version: 0.3.13
2025-07-24 13:58:53.608 DEBUG: Configuration: Namespace(config=None, name='mace_T1_finetune_singlegpu', seed=42, work_dir='.', log_dir='./logs', model_dir='.', checkpoints_dir='./checkpoints', results_dir='./results', downloads_dir='./downloads', device='cuda', default_dtype='float64', distributed=False, log_level='INFO', plot=True, plot_frequency=0, error_table='PerAtomRMSE', model='MACE', r_max=5.0, radial_type='bessel', num_radial_basis=8, num_cutoff_basis=5, pair_repulsion=False, distance_transform='None', interaction='RealAgnosticResidualInteractionBlock', interaction_first='RealAgnosticResidualInteractionBlock', max_ell=3, correlation=3, num_interactions=2, MLP_irreps='16x0e', radial_MLP='[64, 64, 64]', hidden_irreps='128x0e + 128x1o', num_channels=128, max_L=1, gate='silu', scaling='rms_forces_scaling', avg_num_neighbors=1, compute_avg_num_neighbors=True, compute_stress=False, compute_forces=True, train_file='/home/phanim/harshitrawat/summer/final_work/T1_chgnet_labeled.extxyz', valid_file='/home/phanim/harshitrawat/summer/final_work/T2_chgnet_labeled.extxyz', valid_fraction=0.005, test_file=None, test_dir=None, multi_processed_test=False, num_workers=0, pin_memory=True, atomic_numbers=None, mean=None, std=None, statistics_file=None, E0s='{3:-201.7093,8:-431.6112,40:-1275.9529,57:-857.6754}', foundation_filter_elements=True, heads=None, multiheads_finetuning=True, foundation_head=None, weight_pt_head=1.0, num_samples_pt=10000, force_mh_ft_lr=False, subselect_pt='random', filter_type_pt='none', pt_train_file=None, pt_valid_file=None, foundation_model_elements=False, keep_isolated_atoms=False, energy_key='REF_energy', forces_key='REF_forces', virials_key='REF_virials', stress_key='REF_stress', dipole_key='dipole', head_key='head', charges_key='REF_charges', skip_evaluate_heads='pt_head', loss='weighted', forces_weight=30.0, swa_forces_weight=100.0, energy_weight=1.0, swa_energy_weight=1000.0, virials_weight=1.0, swa_virials_weight=10.0, stress_weight=1.0, swa_stress_weight=10.0, dipole_weight=1.0, swa_dipole_weight=1.0, config_type_weights='{"Default":1.0}', huber_delta=0.01, optimizer='adam', beta=0.9, batch_size=1, valid_batch_size=1, lr=0.01, swa_lr=0.001, weight_decay=5e-07, amsgrad=True, scheduler='ReduceLROnPlateau', lr_factor=0.8, scheduler_patience=50, lr_scheduler_gamma=0.9993, swa=False, start_swa=None, lbfgs=False, ema=False, ema_decay=0.99, max_num_epochs=20, patience=2048, foundation_model='/home/phanim/harshitrawat/summer/mace_models/universal/2024-01-07-mace-128-L2_epoch-199.model', foundation_model_readout=False, eval_interval=1, keep_checkpoints=False, save_all_checkpoints=False, restart_latest=False, save_cpu=False, clip_grad=10.0, dry_run=False, enable_cueq=False, wandb=False, wandb_dir=None, wandb_project='', wandb_entity='', wandb_name='', wandb_log_hypers=['num_channels', 'max_L', 'correlation', 'lr', 'swa_lr', 'weight_decay', 'batch_size', 'max_num_epochs', 'start_swa', 'energy_weight', 'forces_weight'], key_specification=KeySpecification(info_keys={'energy': 'REF_energy', 'stress': 'REF_stress', 'virials': 'REF_virials', 'dipole': 'dipole', 'head': 'head'}, arrays_keys={'forces': 'REF_forces', 'charges': 'REF_charges'}))
2025-07-24 13:58:54.011 INFO: CUDA version: 12.6, CUDA device: 0
2025-07-24 13:58:54.299 DEBUG: Popen(['git', 'version'], cwd=/home/phanim/harshitrawat/summer, stdin=None, shell=False, universal_newlines=False)
2025-07-24 13:58:54.303 DEBUG: Popen(['git', 'version'], cwd=/home/phanim/harshitrawat/summer, stdin=None, shell=False, universal_newlines=False)
2025-07-24 13:58:54.430 DEBUG: Popen(['git', 'cat-file', '--batch-check'], cwd=/home/phanim/harshitrawat/summer, stdin=<valid stream>, shell=False, universal_newlines=False)
2025-07-24 13:58:54.554 DEBUG: Current Git commit: 3e8417370b94173b2692e5be9381128eb3c4758f
2025-07-24 13:58:55.043 INFO: Using foundation model /home/phanim/harshitrawat/summer/mace_models/universal/2024-01-07-mace-128-L2_epoch-199.model as initial checkpoint.
2025-07-24 13:58:55.044 WARNING: Using multiheads finetuning with a foundation model that is not a Materials Project model, need to provied a path to a pretraining file with --pt_train_file.
2025-07-24 13:58:55.044 INFO: ===========LOADING INPUT DATA===========
2025-07-24 13:58:55.044 INFO: Using heads: ['Default']
2025-07-24 13:58:55.044 INFO: Using the key specifications to parse data:
2025-07-24 13:58:55.044 INFO: Default: KeySpecification(info_keys={'energy': 'REF_energy', 'stress': 'REF_stress', 'virials': 'REF_virials', 'dipole': 'dipole', 'head': 'head'}, arrays_keys={'forces': 'REF_forces', 'charges': 'REF_charges'})
2025-07-24 13:58:55.044 INFO: =============    Processing head Default     ===========
2025-07-24 13:58:55.067 DEBUG: Loading training file: /home/phanim/harshitrawat/summer/final_work/T1_chgnet_labeled.extxyz
2025-07-24 13:59:16.444 INFO: Training set 1/1 [energy: 6337, stress: 0, virials: 0, dipole components: 0, head: 6337, forces: 6337, charges: 0]
2025-07-24 13:59:16.463 INFO: Total Training set [energy: 6337, stress: 0, virials: 0, dipole components: 0, head: 6337, forces: 6337, charges: 0]
2025-07-24 13:59:19.096 INFO: Validation set 1/1 [energy: 705, stress: 0, virials: 0, dipole components: 0, head: 705, forces: 705, charges: 0]
2025-07-24 13:59:19.098 INFO: Total Validation set [energy: 705, stress: 0, virials: 0, dipole components: 0, head: 705, forces: 705, charges: 0]
2025-07-24 13:59:19.098 INFO: Total number of configurations: train=6337, valid=705, tests=[],
2025-07-24 13:59:19.405 INFO: Atomic Numbers used: [3, 8, 40, 57]
2025-07-24 13:59:19.406 INFO: Isolated Atomic Energies (E0s) not in training file, using command line argument
2025-07-24 13:59:19.406 INFO: Atomic Energies used (z: eV) for head Default: {3: -201.7093, 8: -431.6112, 40: -1275.9529, 57: -857.6754}
2025-07-24 13:59:19.406 INFO: Processing datasets for head 'Default'
2025-07-24 14:01:33.251 INFO: ===========VERIFYING SETTINGS===========
2025-07-24 14:01:33.251 INFO: MACE version: 0.3.13
2025-07-24 14:01:33.251 DEBUG: Configuration: Namespace(config=None, name='mace_T1_finetune_singlegpu', seed=42, work_dir='.', log_dir='./logs', model_dir='.', checkpoints_dir='./checkpoints', results_dir='./results', downloads_dir='./downloads', device='cuda', default_dtype='float64', distributed=False, log_level='INFO', plot=True, plot_frequency=0, error_table='PerAtomRMSE', model='MACE', r_max=5.0, radial_type='bessel', num_radial_basis=8, num_cutoff_basis=5, pair_repulsion=False, distance_transform='None', interaction='RealAgnosticResidualInteractionBlock', interaction_first='RealAgnosticResidualInteractionBlock', max_ell=3, correlation=3, num_interactions=2, MLP_irreps='16x0e', radial_MLP='[64, 64, 64]', hidden_irreps='128x0e + 128x1o', num_channels=128, max_L=1, gate='silu', scaling='rms_forces_scaling', avg_num_neighbors=1, compute_avg_num_neighbors=True, compute_stress=False, compute_forces=True, train_file='/home/phanim/harshitrawat/summer/final_work/T1_chgnet_labeled.extxyz', valid_file='/home/phanim/harshitrawat/summer/final_work/T2_chgnet_labeled.extxyz', valid_fraction=0.005, test_file=None, test_dir=None, multi_processed_test=False, num_workers=0, pin_memory=True, atomic_numbers=None, mean=None, std=None, statistics_file=None, E0s='{3:-201.7093,8:-431.6112,40:-1275.9529,57:-857.6754}', foundation_filter_elements=True, heads=None, multiheads_finetuning=True, foundation_head=None, weight_pt_head=1.0, num_samples_pt=10000, force_mh_ft_lr=False, subselect_pt='random', filter_type_pt='none', pt_train_file=None, pt_valid_file=None, foundation_model_elements=False, keep_isolated_atoms=False, energy_key='REF_energy', forces_key='REF_forces', virials_key='REF_virials', stress_key='REF_stress', dipole_key='dipole', head_key='head', charges_key='REF_charges', skip_evaluate_heads='pt_head', loss='weighted', forces_weight=30.0, swa_forces_weight=100.0, energy_weight=1.0, swa_energy_weight=1000.0, virials_weight=1.0, swa_virials_weight=10.0, stress_weight=1.0, swa_stress_weight=10.0, dipole_weight=1.0, swa_dipole_weight=1.0, config_type_weights='{"Default":1.0}', huber_delta=0.01, optimizer='adam', beta=0.9, batch_size=2, valid_batch_size=1, lr=0.01, swa_lr=0.001, weight_decay=5e-07, amsgrad=True, scheduler='ReduceLROnPlateau', lr_factor=0.8, scheduler_patience=50, lr_scheduler_gamma=0.9993, swa=False, start_swa=None, lbfgs=False, ema=False, ema_decay=0.99, max_num_epochs=20, patience=2048, foundation_model='/home/phanim/harshitrawat/summer/mace_models/universal/2024-01-07-mace-128-L2_epoch-199.model', foundation_model_readout=False, eval_interval=1, keep_checkpoints=False, save_all_checkpoints=False, restart_latest=False, save_cpu=False, clip_grad=10.0, dry_run=False, enable_cueq=False, wandb=False, wandb_dir=None, wandb_project='', wandb_entity='', wandb_name='', wandb_log_hypers=['num_channels', 'max_L', 'correlation', 'lr', 'swa_lr', 'weight_decay', 'batch_size', 'max_num_epochs', 'start_swa', 'energy_weight', 'forces_weight'], key_specification=KeySpecification(info_keys={'energy': 'REF_energy', 'stress': 'REF_stress', 'virials': 'REF_virials', 'dipole': 'dipole', 'head': 'head'}, arrays_keys={'forces': 'REF_forces', 'charges': 'REF_charges'}))
2025-07-24 14:01:33.745 INFO: CUDA version: 12.6, CUDA device: 0
2025-07-24 14:01:33.838 DEBUG: Popen(['git', 'version'], cwd=/home/phanim/harshitrawat/summer, stdin=None, shell=False, universal_newlines=False)
2025-07-24 14:01:33.843 DEBUG: Popen(['git', 'version'], cwd=/home/phanim/harshitrawat/summer, stdin=None, shell=False, universal_newlines=False)
2025-07-24 14:01:33.851 DEBUG: Popen(['git', 'cat-file', '--batch-check'], cwd=/home/phanim/harshitrawat/summer, stdin=<valid stream>, shell=False, universal_newlines=False)
2025-07-24 14:01:33.859 DEBUG: Current Git commit: 3e8417370b94173b2692e5be9381128eb3c4758f
2025-07-24 14:01:34.208 INFO: Using foundation model /home/phanim/harshitrawat/summer/mace_models/universal/2024-01-07-mace-128-L2_epoch-199.model as initial checkpoint.
2025-07-24 14:01:34.209 WARNING: Using multiheads finetuning with a foundation model that is not a Materials Project model, need to provied a path to a pretraining file with --pt_train_file.
2025-07-24 14:01:34.209 INFO: ===========LOADING INPUT DATA===========
2025-07-24 14:01:34.209 INFO: Using heads: ['Default']
2025-07-24 14:01:34.209 INFO: Using the key specifications to parse data:
2025-07-24 14:01:34.209 INFO: Default: KeySpecification(info_keys={'energy': 'REF_energy', 'stress': 'REF_stress', 'virials': 'REF_virials', 'dipole': 'dipole', 'head': 'head'}, arrays_keys={'forces': 'REF_forces', 'charges': 'REF_charges'})
2025-07-24 14:01:34.209 INFO: =============    Processing head Default     ===========
2025-07-24 14:01:34.211 DEBUG: Loading training file: /home/phanim/harshitrawat/summer/final_work/T1_chgnet_labeled.extxyz
2025-07-24 14:01:55.744 INFO: Training set 1/1 [energy: 6337, stress: 0, virials: 0, dipole components: 0, head: 6337, forces: 6337, charges: 0]
2025-07-24 14:01:55.762 INFO: Total Training set [energy: 6337, stress: 0, virials: 0, dipole components: 0, head: 6337, forces: 6337, charges: 0]
2025-07-24 14:01:58.405 INFO: Validation set 1/1 [energy: 705, stress: 0, virials: 0, dipole components: 0, head: 705, forces: 705, charges: 0]
2025-07-24 14:01:58.407 INFO: Total Validation set [energy: 705, stress: 0, virials: 0, dipole components: 0, head: 705, forces: 705, charges: 0]
2025-07-24 14:01:58.407 INFO: Total number of configurations: train=6337, valid=705, tests=[],
2025-07-24 14:01:58.714 INFO: Atomic Numbers used: [3, 8, 40, 57]
2025-07-24 14:01:58.714 INFO: Isolated Atomic Energies (E0s) not in training file, using command line argument
2025-07-24 14:01:58.714 INFO: Atomic Energies used (z: eV) for head Default: {3: -201.7093, 8: -431.6112, 40: -1275.9529, 57: -857.6754}
2025-07-24 14:01:58.715 INFO: Processing datasets for head 'Default'
2025-07-24 14:05:12.894 DEBUG: Successfully loaded dataset from ASE files: ['/home/phanim/harshitrawat/summer/final_work/T1_chgnet_labeled.extxyz']
2025-07-24 14:05:12.895 INFO: Combining 1 list datasets for head 'Default'
2025-07-24 14:05:34.371 DEBUG: Successfully loaded validation dataset from ASE files: ['/home/phanim/harshitrawat/summer/final_work/T2_chgnet_labeled.extxyz']
2025-07-24 14:05:34.371 INFO: Combining 1 list datasets for head 'Default_valid'
2025-07-24 14:05:34.371 INFO: Combined validation datasets for Default
2025-07-24 14:05:34.371 INFO: Head 'Default' training dataset size: 6337
2025-07-24 14:05:34.372 INFO: Computing average number of neighbors
2025-07-24 14:06:31.312 INFO: Average number of neighbors: 68.51557639403025
2025-07-24 14:06:31.313 INFO: During training the following quantities will be reported: energy, forces
2025-07-24 14:06:31.313 INFO: ===========MODEL DETAILS===========
2025-07-24 14:08:20.918 INFO: Loading FOUNDATION model
2025-07-24 14:08:20.921 INFO: Using filtered elements: [3, 8, 40, 57]
2025-07-24 14:08:20.921 INFO: Model configuration extracted from foundation model
2025-07-24 14:08:20.921 INFO: Using universal loss function for fine-tuning
2025-07-24 14:08:20.922 INFO: Message passing with hidden irreps 128x0e+128x1o+128x2e)
2025-07-24 14:08:20.922 INFO: 2 layers, each with correlation order: 3 (body order: 4) and spherical harmonics up to: l=3
2025-07-24 14:08:20.922 INFO: Radial cutoff: 6.0 A (total receptive field for each atom: 12.0 A)
2025-07-24 14:08:20.922 INFO: Distance transform for radial basis functions: None
2025-07-24 14:08:32.761 DEBUG: ScaleShiftMACE(
  (node_embedding): LinearNodeEmbeddingBlock(
    (linear): Linear(4x0e -> 128x0e | 512 weights)
  )
  (radial_embedding): RadialEmbeddingBlock(
    (bessel_fn): BesselBasis(r_max=6.0, num_basis=10, trainable=True)
    (cutoff_fn): PolynomialCutoff(p=5, r_max=6.0)
  )
  (spherical_harmonics): SphericalHarmonics()
  (atomic_energies_fn): AtomicEnergiesBlock(energies=[[-201.7093, -431.6112, -1275.9529, -857.6754]])
  (interactions): ModuleList(
    (0): RealAgnosticResidualInteractionBlock(
      (linear_up): Linear(128x0e -> 128x0e | 16384 weights)
      (conv_tp): TensorProduct(128x0e x 1x0e+1x1o+1x2e+1x3o -> 128x0e+128x1o+128x2e+128x3o | 512 paths | 512 weights)
      (conv_tp_weights): FullyConnectedNet[10, 64, 64, 64, 512]
      (linear): Linear(128x0e+128x1o+128x2e+128x3o -> 128x0e+128x1o+128x2e+128x3o | 65536 weights)
      (skip_tp): FullyConnectedTensorProduct(128x0e x 4x0e -> 128x0e+128x1o+128x2e | 65536 paths | 65536 weights)
      (reshape): reshape_irreps()
    )
    (1): RealAgnosticResidualInteractionBlock(
      (linear_up): Linear(128x0e+128x1o+128x2e -> 128x0e+128x1o+128x2e | 49152 weights)
      (conv_tp): TensorProduct(128x0e+128x1o+128x2e x 1x0e+1x1o+1x2e+1x3o -> 384x0e+640x1o+640x2e+512x3o | 2176 paths | 2176 weights)
      (conv_tp_weights): FullyConnectedNet[10, 64, 64, 64, 2176]
      (linear): Linear(128x0e+128x0e+128x0e+128x1o+128x1o+128x1o+128x1o+128x1o+128x2e+128x2e+128x2e+128x2e+128x2e+128x3o+128x3o+128x3o+128x3o -> 128x0e+128x1o+128x2e+128x3o | 278528 weights)
      (skip_tp): FullyConnectedTensorProduct(128x0e+128x1o+128x2e x 4x0e -> 128x0e | 65536 paths | 65536 weights)
      (reshape): reshape_irreps()
    )
  )
  (products): ModuleList(
    (0): EquivariantProductBasisBlock(
      (symmetric_contractions): SymmetricContraction(
        (contractions): ModuleList(
          (0): Contraction(
            (contractions_weighting): ModuleList(
              (0-1): 2 x GraphModule()
            )
            (contractions_features): ModuleList(
              (0-1): 2 x GraphModule()
            )
            (weights): ParameterList(
                (0): Parameter containing: [torch.float64 of size 4x4x128 (cuda:0)]
                (1): Parameter containing: [torch.float64 of size 4x1x128 (cuda:0)]
            )
            (graph_opt_main): GraphModule()
          )
          (1): Contraction(
            (contractions_weighting): ModuleList(
              (0-1): 2 x GraphModule()
            )
            (contractions_features): ModuleList(
              (0-1): 2 x GraphModule()
            )
            (weights): ParameterList(
                (0): Parameter containing: [torch.float64 of size 4x6x128 (cuda:0)]
                (1): Parameter containing: [torch.float64 of size 4x1x128 (cuda:0)]
            )
            (graph_opt_main): GraphModule()
          )
          (2): Contraction(
            (contractions_weighting): ModuleList(
              (0-1): 2 x GraphModule()
            )
            (contractions_features): ModuleList(
              (0-1): 2 x GraphModule()
            )
            (weights): ParameterList(
                (0): Parameter containing: [torch.float64 of size 4x7x128 (cuda:0)]
                (1): Parameter containing: [torch.float64 of size 4x1x128 (cuda:0)]
            )
            (graph_opt_main): GraphModule()
          )
        )
      )
      (linear): Linear(128x0e+128x1o+128x2e -> 128x0e+128x1o+128x2e | 49152 weights)
    )
    (1): EquivariantProductBasisBlock(
      (symmetric_contractions): SymmetricContraction(
        (contractions): ModuleList(
          (0): Contraction(
            (contractions_weighting): ModuleList(
              (0-1): 2 x GraphModule()
            )
            (contractions_features): ModuleList(
              (0-1): 2 x GraphModule()
            )
            (weights): ParameterList(
                (0): Parameter containing: [torch.float64 of size 4x4x128 (cuda:0)]
                (1): Parameter containing: [torch.float64 of size 4x1x128 (cuda:0)]
            )
            (graph_opt_main): GraphModule()
          )
        )
      )
      (linear): Linear(128x0e -> 128x0e | 16384 weights)
    )
  )
  (readouts): ModuleList(
    (0): LinearReadoutBlock(
      (linear): Linear(128x0e+128x1o+128x2e -> 1x0e | 128 weights)
    )
    (1): NonLinearReadoutBlock(
      (linear_1): Linear(128x0e -> 16x0e | 2048 weights)
      (non_linearity): Activation [x] (16x0e -> 16x0e)
      (linear_2): Linear(16x0e -> 1x0e | 16 weights)
    )
  )
  (scale_shift): ScaleShiftBlock(scale=0.8042, shift=0.1641)
)
2025-07-24 14:08:32.762 INFO: Total number of parameters: 894362
2025-07-24 14:08:32.762 INFO: 
2025-07-24 14:08:32.762 INFO: ===========OPTIMIZER INFORMATION===========
2025-07-24 14:08:32.762 INFO: Using ADAM as parameter optimizer
2025-07-24 14:08:32.762 INFO: Batch size: 2
2025-07-24 14:08:32.762 INFO: Number of gradient updates: 63370
2025-07-24 14:08:32.762 INFO: Learning rate: 0.01, weight decay: 5e-07
2025-07-24 14:08:32.763 INFO: WeightedEnergyForcesLoss(energy_weight=1.000, forces_weight=30.000)
2025-07-24 14:08:32.763 INFO: Using gradient clipping with tolerance=10.000
2025-07-24 14:08:32.763 INFO: 
2025-07-24 14:08:32.763 INFO: ===========TRAINING===========
2025-07-24 14:08:32.763 INFO: Started training, reporting errors on validation set
2025-07-24 14:08:32.763 INFO: Loss metrics on validation set
2025-07-24 14:11:14.387 INFO: Initial: head: Default, loss=88992.45910932, RMSE_E_per_atom=298278.68 meV, RMSE_F=  959.54 meV / A
