2025-09-25 00:54:23.024 INFO: ===========VERIFYING SETTINGS===========
2025-09-25 00:54:23.024 INFO: MACE version: 0.3.14
2025-09-25 00:54:23.599 INFO: CUDA version: 12.1, CUDA device: 0
2025-09-25 00:54:24.103 INFO: Using foundation model /home/phanim/harshitrawat/summer/mace_models/universal/2024-01-07-mace-128-L2_epoch-199.model as initial checkpoint.
2025-09-25 00:54:24.105 WARNING: Using multiheads finetuning with a foundation model that is not a Materials Project model, need to provied a path to a pretraining file with --pt_train_file.
2025-09-25 00:54:24.105 INFO: ===========LOADING INPUT DATA===========
2025-09-25 00:54:24.105 INFO: Using heads: ['target_head', 'pt_head']
2025-09-25 00:54:24.105 INFO: Using the key specifications to parse data:
2025-09-25 00:54:24.105 INFO: target_head: KeySpecification(info_keys={'energy': 'REF_energy', 'stress': 'REF_stress', 'virials': 'REF_virials', 'dipole': 'dipole', 'head': 'head', 'elec_temp': 'elec_temp', 'total_charge': 'total_charge', 'total_spin': 'total_spin'}, arrays_keys={'forces': 'REF_forces', 'charges': 'REF_charges'})
2025-09-25 00:54:24.106 INFO: pt_head: KeySpecification(info_keys={'energy': 'REF_energy', 'stress': 'REF_stress', 'virials': 'REF_virials', 'dipole': 'dipole', 'head': 'head', 'elec_temp': 'elec_temp', 'total_charge': 'total_charge', 'total_spin': 'total_spin'}, arrays_keys={'forces': 'REF_forces', 'charges': 'REF_charges'})
2025-09-25 00:54:24.106 INFO: =============    Processing head target_head     ===========
2025-09-25 00:54:47.398 INFO: Training set 1/1 [energy: 6337, stress: 0, virials: 0, dipole components: 0, head: 6337, elec_temp: 0, total_charge: 0, total_spin: 0, forces: 6337, charges: 0]
2025-09-25 00:54:47.420 INFO: Total Training set [energy: 6337, stress: 0, virials: 0, dipole components: 0, head: 6337, elec_temp: 0, total_charge: 0, total_spin: 0, forces: 6337, charges: 0]
2025-09-25 00:54:50.264 INFO: Validation set 1/1 [energy: 705, stress: 0, virials: 0, dipole components: 0, head: 705, elec_temp: 0, total_charge: 0, total_spin: 0, forces: 705, charges: 0]
2025-09-25 00:54:50.267 INFO: Total Validation set [energy: 705, stress: 0, virials: 0, dipole components: 0, head: 705, elec_temp: 0, total_charge: 0, total_spin: 0, forces: 705, charges: 0]
2025-09-25 00:54:50.267 INFO: Total number of configurations: train=6337, valid=705, tests=[],
2025-09-25 00:54:50.267 INFO: =============    Processing head pt_head     ===========
2025-09-25 00:54:50.332 INFO: Training set 1/1 [energy: 142, stress: 0, virials: 0, dipole components: 0, head: 142, elec_temp: 0, total_charge: 0, total_spin: 0, forces: 0, charges: 0]
2025-09-25 00:54:50.333 INFO: Total Training set [energy: 142, stress: 0, virials: 0, dipole components: 0, head: 142, elec_temp: 0, total_charge: 0, total_spin: 0, forces: 0, charges: 0]
2025-09-25 00:54:53.090 INFO: Validation set 1/1 [energy: 705, stress: 0, virials: 0, dipole components: 0, head: 705, elec_temp: 0, total_charge: 0, total_spin: 0, forces: 705, charges: 0]
2025-09-25 00:54:53.092 INFO: Total Validation set [energy: 705, stress: 0, virials: 0, dipole components: 0, head: 705, elec_temp: 0, total_charge: 0, total_spin: 0, forces: 705, charges: 0]
2025-09-25 00:54:53.092 INFO: Total number of configurations: train=142, valid=705, tests=[],
2025-09-25 00:54:53.092 INFO: Using atomic numbers from command line argument
2025-09-25 00:54:53.092 INFO: Using atomic numbers from command line argument
2025-09-25 00:54:53.092 INFO: Atomic Numbers used: [3, 8, 40, 57]
2025-09-25 00:54:53.092 INFO: Isolated Atomic Energies (E0s) not in training file, using command line argument
2025-09-25 00:54:53.092 INFO: Loading atomic energies from /home/phanim/harshitrawat/summer/e0s_llzo.json
2025-09-25 00:54:53.094 INFO: Isolated Atomic Energies (E0s) not in training file, using command line argument
2025-09-25 00:54:53.094 INFO: Loading atomic energies from /home/phanim/harshitrawat/summer/e0s_llzo.json
2025-09-25 00:54:53.095 INFO: Atomic Energies used (z: eV) for head target_head: {3: -1.882, 8: -4.913, 40: -8.509, 57: -4.894}
2025-09-25 00:54:53.095 INFO: Atomic Energies used (z: eV) for head pt_head: {3: -1.882, 8: -4.913, 40: -8.509, 57: -4.894}
2025-09-25 00:54:53.095 INFO: Processing datasets for head 'target_head'
2025-09-25 00:58:10.479 INFO: Combining 1 list datasets for head 'target_head'
2025-09-25 00:58:32.572 INFO: Combining 1 list datasets for head 'target_head_valid'
2025-09-25 00:58:32.572 INFO: Combined validation datasets for target_head
2025-09-25 00:58:32.572 INFO: Head 'target_head' training dataset size: 6337
2025-09-25 00:58:32.572 INFO: Processing datasets for head 'pt_head'
2025-09-25 00:58:32.687 INFO: Combining 1 list datasets for head 'pt_head'
2025-09-25 00:58:54.795 INFO: Combining 1 list datasets for head 'pt_head_valid'
2025-09-25 00:58:54.795 INFO: Combined validation datasets for pt_head
2025-09-25 00:58:54.795 INFO: Head 'pt_head' training dataset size: 142
2025-09-25 00:58:54.796 INFO: Computing average number of neighbors
2025-09-25 00:59:03.580 INFO: Average number of neighbors: 68.51645228734358
2025-09-25 00:59:03.582 INFO: During training the following quantities will be reported: energy, forces
2025-09-25 00:59:03.582 INFO: ===========MODEL DETAILS===========
2025-09-25 00:59:09.434 WARNING: Standard deviation of the scaling is zero, Changing to no scaling
2025-09-25 00:59:09.447 INFO: Loading FOUNDATION model
2025-09-25 00:59:09.449 INFO: Using filtered elements: [3, 8, 40, 57]
2025-09-25 00:59:09.449 INFO: Model configuration extracted from foundation model
2025-09-25 00:59:09.449 INFO: Using weighted loss function for fine-tuning
2025-09-25 00:59:09.449 INFO: Message passing with hidden irreps 128x0e+128x1o+128x2e)
2025-09-25 00:59:09.449 INFO: 2 layers, each with correlation order: 3 (body order: 4) and spherical harmonics up to: l=3
2025-09-25 00:59:09.449 INFO: Radial cutoff: 6.0 A (total receptive field for each atom: 12.0 A)
2025-09-25 00:59:09.449 INFO: Distance transform for radial basis functions: None
Using reduced CG: False
Using reduced CG: False
2025-09-25 00:59:10.868 INFO: Total number of parameters: 896586
2025-09-25 00:59:10.868 INFO: 
2025-09-25 00:59:10.868 INFO: ===========OPTIMIZER INFORMATION===========
2025-09-25 00:59:10.868 INFO: Using ADAM as parameter optimizer
2025-09-25 00:59:10.868 INFO: Batch size: 2
2025-09-25 00:59:10.868 INFO: Number of gradient updates: 210567
2025-09-25 00:59:10.868 INFO: Learning rate: 0.0002, weight decay: 1e-08
2025-09-25 00:59:10.868 INFO: WeightedEnergyForcesLoss(energy_weight=50.000, forces_weight=10.000)
2025-09-25 00:59:10.899 WARNING: No SWA checkpoint found, while SWA is enabled. Compare the swa_start parameter and the latest checkpoint.
2025-09-25 00:59:10.899 INFO: Loading checkpoint: ./checkpoints/mace_T1_w1_2heads_final_run-10_epoch-1.pt
2025-09-25 00:59:10.947 INFO: Using gradient clipping with tolerance=1.000
2025-09-25 00:59:10.947 INFO: 
2025-09-25 00:59:10.947 INFO: ===========TRAINING===========
2025-09-25 00:59:10.947 INFO: Started training, reporting errors on validation set
2025-09-25 00:59:10.947 INFO: Loss metrics on validation set
2025-09-25 01:00:37.096 INFO: Initial: head: pt_head, loss=0.04302767, RMSE_E_per_atom=    8.95 meV, RMSE_F=   65.28 meV / A
2025-09-25 01:01:57.307 INFO: Initial: head: target_head, loss=0.01823407, RMSE_E_per_atom=    4.37 meV, RMSE_F=   44.17 meV / A
2025-09-25 01:39:18.850 INFO: Epoch 1: head: pt_head, loss=0.03527353, RMSE_E_per_atom=    6.72 meV, RMSE_F=   60.51 meV / A
2025-09-25 01:40:39.191 INFO: Epoch 1: head: target_head, loss=0.01505222, RMSE_E_per_atom=    1.04 meV, RMSE_F=   41.36 meV / A
2025-09-25 02:17:53.311 INFO: Epoch 2: head: pt_head, loss=0.03587889, RMSE_E_per_atom=    7.92 meV, RMSE_F=   60.41 meV / A
2025-09-25 02:19:13.572 INFO: Epoch 2: head: target_head, loss=0.01457002, RMSE_E_per_atom=    0.99 meV, RMSE_F=   40.72 meV / A
2025-09-25 02:56:28.145 INFO: Epoch 3: head: pt_head, loss=0.03480143, RMSE_E_per_atom=    7.98 meV, RMSE_F=   59.41 meV / A
2025-09-25 02:57:48.461 INFO: Epoch 3: head: target_head, loss=0.01431670, RMSE_E_per_atom=    0.94 meV, RMSE_F=   40.36 meV / A
2025-09-25 03:35:03.081 INFO: Epoch 4: head: pt_head, loss=0.03219730, RMSE_E_per_atom=    4.96 meV, RMSE_F=   58.76 meV / A
2025-09-25 03:36:23.537 INFO: Epoch 4: head: target_head, loss=0.01409241, RMSE_E_per_atom=    0.93 meV, RMSE_F=   40.05 meV / A
2025-09-25 04:13:38.417 INFO: Epoch 5: head: pt_head, loss=0.03669428, RMSE_E_per_atom=    9.63 meV, RMSE_F=   59.91 meV / A
2025-09-25 04:14:58.827 INFO: Epoch 5: head: target_head, loss=0.01381115, RMSE_E_per_atom=    1.93 meV, RMSE_F=   39.44 meV / A
2025-09-25 04:52:14.150 INFO: Epoch 6: head: pt_head, loss=0.03264957, RMSE_E_per_atom=    6.00 meV, RMSE_F=   58.87 meV / A
2025-09-25 04:53:34.473 INFO: Epoch 6: head: target_head, loss=0.01345874, RMSE_E_per_atom=    1.19 meV, RMSE_F=   39.10 meV / A
2025-09-25 05:30:49.264 INFO: Epoch 7: head: pt_head, loss=0.03171047, RMSE_E_per_atom=    5.97 meV, RMSE_F=   57.88 meV / A
2025-09-25 05:32:09.528 INFO: Epoch 7: head: target_head, loss=0.01326435, RMSE_E_per_atom=    0.81 meV, RMSE_F=   38.87 meV / A
2025-09-25 06:09:24.152 INFO: Epoch 8: head: pt_head, loss=0.03283116, RMSE_E_per_atom=    5.69 meV, RMSE_F=   59.12 meV / A
2025-09-25 06:10:44.371 INFO: Epoch 8: head: target_head, loss=0.01299450, RMSE_E_per_atom=    0.88 meV, RMSE_F=   38.48 meV / A
2025-09-25 06:47:58.916 INFO: Epoch 9: head: pt_head, loss=0.03355205, RMSE_E_per_atom=    6.56 meV, RMSE_F=   59.56 meV / A
2025-09-25 06:49:19.226 INFO: Epoch 9: head: target_head, loss=0.01283261, RMSE_E_per_atom=    0.84 meV, RMSE_F=   38.23 meV / A
2025-09-25 07:26:34.148 INFO: Epoch 10: head: pt_head, loss=0.03342017, RMSE_E_per_atom=    6.28 meV, RMSE_F=   59.68 meV / A
2025-09-25 07:27:54.370 INFO: Epoch 10: head: target_head, loss=0.01275528, RMSE_E_per_atom=    1.86 meV, RMSE_F=   37.91 meV / A
