Using head target_head out of ['pt_head', 'target_head']
No dtype selected, switching to float64 to match model dtype.
Using head target_head out of ['pt_head', 'target_head']
No dtype selected, switching to float64 to match model dtype.
Using head target_head out of ['pt_head', 'target_head']
No dtype selected, switching to float64 to match model dtype.
Using head target_head out of ['pt_head', 'target_head']
No dtype selected, switching to float64 to match model dtype.
Using head target_head out of ['pt_head', 'target_head']
No dtype selected, switching to float64 to match model dtype.
Using head target_head out of ['pt_head', 'target_head']
No dtype selected, switching to float64 to match model dtype.
Using head target_head out of ['pt_head', 'target_head']
No dtype selected, switching to float64 to match model dtype.
Using head target_head out of ['pt_head', 'target_head']
No dtype selected, switching to float64 to match model dtype.
Using head target_head out of ['pt_head', 'target_head']
No dtype selected, switching to float64 to match model dtype.
Using head target_head out of ['pt_head', 'target_head']
No dtype selected, switching to float64 to match model dtype.
Using head target_head out of ['pt_head', 'target_head']
No dtype selected, switching to float64 to match model dtype.
Using head target_head out of ['pt_head', 'target_head']
No dtype selected, switching to float64 to match model dtype.
Using head target_head out of ['pt_head', 'target_head']
No dtype selected, switching to float64 to match model dtype.
Using head target_head out of ['pt_head', 'target_head']
No dtype selected, switching to float64 to match model dtype.
Using head target_head out of ['pt_head', 'target_head']
No dtype selected, switching to float64 to match model dtype.
Using head target_head out of ['pt_head', 'target_head']
No dtype selected, switching to float64 to match model dtype.
Using head target_head out of ['pt_head', 'target_head']
No dtype selected, switching to float64 to match model dtype.
Using head target_head out of ['pt_head', 'target_head']
No dtype selected, switching to float64 to match model dtype.
Using head target_head out of ['pt_head', 'target_head']
No dtype selected, switching to float64 to match model dtype.
Using head target_head out of ['pt_head', 'target_head']
No dtype selected, switching to float64 to match model dtype.
Using head target_head out of ['pt_head', 'target_head']
No dtype selected, switching to float64 to match model dtype.
Using head target_head out of ['pt_head', 'target_head']
No dtype selected, switching to float64 to match model dtype.
Using head target_head out of ['pt_head', 'target_head']
No dtype selected, switching to float64 to match model dtype.
Using head target_head out of ['pt_head', 'target_head']
No dtype selected, switching to float64 to match model dtype.
Using head target_head out of ['pt_head', 'target_head']
No dtype selected, switching to float64 to match model dtype.
Using head target_head out of ['pt_head', 'target_head']
No dtype selected, switching to float64 to match model dtype.
Using head target_head out of ['pt_head', 'target_head']
No dtype selected, switching to float64 to match model dtype.
Using head target_head out of ['pt_head', 'target_head']
No dtype selected, switching to float64 to match model dtype.
Using head target_head out of ['pt_head', 'target_head']
No dtype selected, switching to float64 to match model dtype.
Using head target_head out of ['pt_head', 'target_head']
No dtype selected, switching to float64 to match model dtype.
Using head target_head out of ['pt_head', 'target_head']
No dtype selected, switching to float64 to match model dtype.
Using head target_head out of ['pt_head', 'target_head']
No dtype selected, switching to float64 to match model dtype.
Using head target_head out of ['pt_head', 'target_head']
No dtype selected, switching to float64 to match model dtype.
Using head target_head out of ['pt_head', 'target_head']
No dtype selected, switching to float64 to match model dtype.
Using head target_head out of ['pt_head', 'target_head']
No dtype selected, switching to float64 to match model dtype.
Using head target_head out of ['pt_head', 'target_head']
No dtype selected, switching to float64 to match model dtype.
Using head target_head out of ['pt_head', 'target_head']
No dtype selected, switching to float64 to match model dtype.
Using head target_head out of ['pt_head', 'target_head']
No dtype selected, switching to float64 to match model dtype.
Using head target_head out of ['pt_head', 'target_head']
No dtype selected, switching to float64 to match model dtype.
Using head target_head out of ['pt_head', 'target_head']
No dtype selected, switching to float64 to match model dtype.
Wrote:
  /home/phanim/harshitrawat/summer/surface_energy_MACE_ensembles.xlsx
  /home/phanim/harshitrawat/summer/surface_energy_MACE_ensembles.json
