Using head target_head out of ['pt_head', 'target_head']
No dtype selected, switching to float64 to match model dtype.
Using head target_head out of ['pt_head', 'target_head']
No dtype selected, switching to float64 to match model dtype.
Using head target_head out of ['pt_head', 'target_head']
No dtype selected, switching to float64 to match model dtype.
Using head target_head out of ['pt_head', 'target_head']
No dtype selected, switching to float64 to match model dtype.
Using head target_head out of ['pt_head', 'target_head']
No dtype selected, switching to float64 to match model dtype.
Using head target_head out of ['pt_head', 'target_head']
No dtype selected, switching to float64 to match model dtype.
Using head target_head out of ['pt_head', 'target_head']
No dtype selected, switching to float64 to match model dtype.
Using head target_head out of ['pt_head', 'target_head']
No dtype selected, switching to float64 to match model dtype.
Using head target_head out of ['pt_head', 'target_head']
No dtype selected, switching to float64 to match model dtype.
Using head target_head out of ['pt_head', 'target_head']
No dtype selected, switching to float64 to match model dtype.
Using head target_head out of ['pt_head', 'target_head']
No dtype selected, switching to float64 to match model dtype.
Using head target_head out of ['pt_head', 'target_head']
No dtype selected, switching to float64 to match model dtype.
Using head target_head out of ['pt_head', 'target_head']
No dtype selected, switching to float64 to match model dtype.
Using head target_head out of ['pt_head', 'target_head']
No dtype selected, switching to float64 to match model dtype.
Using head target_head out of ['pt_head', 'target_head']
No dtype selected, switching to float64 to match model dtype.
Using head target_head out of ['pt_head', 'target_head']
No dtype selected, switching to float64 to match model dtype.
Using head target_head out of ['pt_head', 'target_head']
No dtype selected, switching to float64 to match model dtype.
Using head target_head out of ['pt_head', 'target_head']
No dtype selected, switching to float64 to match model dtype.
Using head target_head out of ['pt_head', 'target_head']
No dtype selected, switching to float64 to match model dtype.
Using head target_head out of ['pt_head', 'target_head']
No dtype selected, switching to float64 to match model dtype.
[MACET2] wrote:
   /home/phanim/harshitrawat/summer/surface_energy_MACET1_MACET2_detailed.xlsx
   /home/phanim/harshitrawat/summer/surface_energy_MACET1_MACET2_detailed.json
   /home/phanim/harshitrawat/summer/surface_energy_MACET1_MACET2_summary.xlsx
   /home/phanim/harshitrawat/summer/surface_energy_MACET1_MACET2_summary.json
Using head target_head out of ['pt_head', 'target_head']
No dtype selected, switching to float64 to match model dtype.
Using head target_head out of ['pt_head', 'target_head']
No dtype selected, switching to float64 to match model dtype.
Using head target_head out of ['pt_head', 'target_head']
No dtype selected, switching to float64 to match model dtype.
Using head target_head out of ['pt_head', 'target_head']
No dtype selected, switching to float64 to match model dtype.
Using head target_head out of ['pt_head', 'target_head']
No dtype selected, switching to float64 to match model dtype.
Using head target_head out of ['pt_head', 'target_head']
No dtype selected, switching to float64 to match model dtype.
Using head target_head out of ['pt_head', 'target_head']
No dtype selected, switching to float64 to match model dtype.
Using head target_head out of ['pt_head', 'target_head']
No dtype selected, switching to float64 to match model dtype.
Using head target_head out of ['pt_head', 'target_head']
No dtype selected, switching to float64 to match model dtype.
Using head target_head out of ['pt_head', 'target_head']
No dtype selected, switching to float64 to match model dtype.
Using head target_head out of ['pt_head', 'target_head']
No dtype selected, switching to float64 to match model dtype.
Using head target_head out of ['pt_head', 'target_head']
No dtype selected, switching to float64 to match model dtype.
Using head target_head out of ['pt_head', 'target_head']
No dtype selected, switching to float64 to match model dtype.
Using head target_head out of ['pt_head', 'target_head']
No dtype selected, switching to float64 to match model dtype.
Using head target_head out of ['pt_head', 'target_head']
No dtype selected, switching to float64 to match model dtype.
Using head target_head out of ['pt_head', 'target_head']
No dtype selected, switching to float64 to match model dtype.
Using head target_head out of ['pt_head', 'target_head']
No dtype selected, switching to float64 to match model dtype.
Using head target_head out of ['pt_head', 'target_head']
No dtype selected, switching to float64 to match model dtype.
Using head target_head out of ['pt_head', 'target_head']
No dtype selected, switching to float64 to match model dtype.
Using head target_head out of ['pt_head', 'target_head']
No dtype selected, switching to float64 to match model dtype.
[MACET1] wrote:
   /home/phanim/harshitrawat/summer/surface_energy_MACET1_MACET1_detailed.xlsx
   /home/phanim/harshitrawat/summer/surface_energy_MACET1_MACET1_detailed.json
   /home/phanim/harshitrawat/summer/surface_energy_MACET1_MACET1_summary.xlsx
   /home/phanim/harshitrawat/summer/surface_energy_MACET1_MACET1_summary.json
Done: MACET1
