2025-08-16 12:55:24.117 INFO: ===========VERIFYING SETTINGS===========
2025-08-16 12:55:24.117 INFO: MACE version: 0.3.14
2025-08-16 12:55:24.118 DEBUG: Configuration: Namespace(config=None, name='mace_iteration_2_T1_iso', seed=42, work_dir='.', log_dir='./logs', model_dir='.', checkpoints_dir='./checkpoints', results_dir='./results', downloads_dir='./downloads', device='cuda', default_dtype='float64', distributed=False, launcher='slurm', log_level='INFO', plot=True, plot_frequency=0, error_table='PerAtomRMSE', model='MACE', r_max=5.0, radial_type='bessel', num_radial_basis=8, num_cutoff_basis=5, pair_repulsion=False, distance_transform='None', apply_cutoff=True, interaction='RealAgnosticResidualInteractionBlock', interaction_first='RealAgnosticResidualInteractionBlock', max_ell=3, correlation=3, use_reduced_cg=True, use_so3=False, use_agnostic_product=False, num_interactions=2, MLP_irreps='16x0e', radial_MLP='[64, 64, 64]', hidden_irreps='128x0e + 128x1o', edge_irreps=None, num_channels=128, max_L=1, gate='silu', scaling='rms_forces_scaling', avg_num_neighbors=1, compute_avg_num_neighbors=True, compute_stress=False, compute_forces=True, train_file='/home/phanim/harshitrawat/summer/T1_T2_T3_data/T2_it_2_isolated.extxyz', valid_file='/home/phanim/harshitrawat/summer/T1_T2_T3_data/val_it2.extxyz', valid_fraction=0.1, test_file=None, test_dir=None, multi_processed_test=False, num_workers=0, pin_memory=True, atomic_numbers=None, mean=None, std=None, statistics_file=None, E0s='{3: -1.9089228666666667, 8: -4.947961005 , 40: -8.54770063 , 57: -4.936007105}', foundation_filter_elements=True, heads=None, multiheads_finetuning=True, foundation_head=None, weight_pt_head=1.0, num_samples_pt=10000, force_mh_ft_lr=False, subselect_pt='random', filter_type_pt='none', pt_train_file=None, pt_valid_file=None, foundation_model_elements=False, keep_isolated_atoms=False, energy_key='REF_energy', forces_key='REF_forces', virials_key='REF_virials', stress_key='REF_stress', dipole_key='dipole', head_key='head', charges_key='REF_charges', elec_temp_key='elec_temp', total_spin_key='total_spin', total_charge_key='total_charge', embedding_specs=None, skip_evaluate_heads='pt_head', loss='weighted', forces_weight=40.0, swa_forces_weight=100.0, energy_weight=100.0, swa_energy_weight=1000.0, virials_weight=1.0, swa_virials_weight=10.0, stress_weight=1.0, swa_stress_weight=10.0, dipole_weight=1.0, swa_dipole_weight=1.0, config_type_weights='{"Default":1.0}', huber_delta=0.01, optimizer='adam', beta=0.9, batch_size=2, valid_batch_size=1, lr=0.005, swa_lr=0.001, weight_decay=1e-08, amsgrad=True, scheduler='ReduceLROnPlateau', lr_factor=0.8, scheduler_patience=4, lr_scheduler_gamma=0.9993, swa=False, start_swa=None, lbfgs=False, ema=False, ema_decay=0.99, max_num_epochs=130, patience=8, foundation_model='/home/phanim/harshitrawat/summer/mace_models/universal/2024-01-07-mace-128-L2_epoch-199.model', foundation_model_readout=False, eval_interval=1, keep_checkpoints=False, save_all_checkpoints=False, restart_latest=True, save_cpu=False, clip_grad=10.0, dry_run=False, enable_cueq=False, only_cueq=False, wandb=False, wandb_dir=None, wandb_project='', wandb_entity='', wandb_name='', wandb_log_hypers=['num_channels', 'max_L', 'correlation', 'lr', 'swa_lr', 'weight_decay', 'batch_size', 'max_num_epochs', 'start_swa', 'energy_weight', 'forces_weight'], key_specification=KeySpecification(info_keys={'energy': 'REF_energy', 'stress': 'REF_stress', 'virials': 'REF_virials', 'dipole': 'dipole', 'head': 'head', 'elec_temp': 'elec_temp', 'total_charge': 'total_charge', 'total_spin': 'total_spin'}, arrays_keys={'forces': 'REF_forces', 'charges': 'REF_charges'}))
2025-08-16 12:55:24.652 INFO: CUDA version: 12.6, CUDA device: 0
2025-08-16 12:55:24.838 DEBUG: Popen(['git', 'version'], cwd=/home/phanim/harshitrawat/summer/Iteration 2, stdin=None, shell=False, universal_newlines=False)
2025-08-16 12:55:24.841 DEBUG: Popen(['git', 'version'], cwd=/home/phanim/harshitrawat/summer/Iteration 2, stdin=None, shell=False, universal_newlines=False)
2025-08-16 12:55:24.848 DEBUG: Popen(['git', 'cat-file', '--batch-check'], cwd=/home/phanim/harshitrawat/summer, stdin=<valid stream>, shell=False, universal_newlines=False)
2025-08-16 12:55:24.855 DEBUG: Current Git commit: 1d90e32d2a2ab1a0f37f8f552c105b53a5efa803
2025-08-16 12:55:25.231 INFO: Using foundation model /home/phanim/harshitrawat/summer/mace_models/universal/2024-01-07-mace-128-L2_epoch-199.model as initial checkpoint.
2025-08-16 12:55:25.232 WARNING: Using multiheads finetuning with a foundation model that is not a Materials Project model, need to provied a path to a pretraining file with --pt_train_file.
2025-08-16 12:55:25.232 INFO: ===========LOADING INPUT DATA===========
2025-08-16 12:55:25.232 INFO: Using heads: ['Default']
2025-08-16 12:55:25.232 INFO: Using the key specifications to parse data:
2025-08-16 12:55:25.232 INFO: Default: KeySpecification(info_keys={'energy': 'REF_energy', 'stress': 'REF_stress', 'virials': 'REF_virials', 'dipole': 'dipole', 'head': 'head', 'elec_temp': 'elec_temp', 'total_charge': 'total_charge', 'total_spin': 'total_spin'}, arrays_keys={'forces': 'REF_forces', 'charges': 'REF_charges'})
2025-08-16 12:55:25.232 INFO: =============    Processing head Default     ===========
2025-08-16 12:55:25.233 DEBUG: Loading training file: /home/phanim/harshitrawat/summer/T1_T2_T3_data/T2_it_2_isolated.extxyz
2025-08-16 12:55:31.505 INFO: Using isolated atom energies from training file
2025-08-16 12:55:31.746 INFO: Training set 1/1 [energy: 2812, stress: 0, virials: 0, dipole components: 0, head: 2812, elec_temp: 0, total_charge: 0, total_spin: 0, forces: 2812, charges: 0]
2025-08-16 12:55:31.753 INFO: Total Training set [energy: 2812, stress: 0, virials: 0, dipole components: 0, head: 2812, elec_temp: 0, total_charge: 0, total_spin: 0, forces: 2812, charges: 0]
2025-08-16 12:55:34.378 INFO: Validation set 1/1 [energy: 2505, stress: 0, virials: 0, dipole components: 0, head: 2505, elec_temp: 0, total_charge: 0, total_spin: 0, forces: 2505, charges: 0]
2025-08-16 12:55:34.385 INFO: Total Validation set [energy: 2505, stress: 0, virials: 0, dipole components: 0, head: 2505, elec_temp: 0, total_charge: 0, total_spin: 0, forces: 2505, charges: 0]
2025-08-16 12:55:34.385 DEBUG: Element 3 found in 1 file. Using E0: -1.908923 eV
2025-08-16 12:55:34.385 DEBUG: Element 8 found in 1 file. Using E0: -4.947961 eV
2025-08-16 12:55:34.385 DEBUG: Element 40 found in 1 file. Using E0: -8.547701 eV
2025-08-16 12:55:34.385 DEBUG: Element 57 found in 1 file. Using E0: -4.936007 eV
2025-08-16 12:55:34.385 INFO: Total number of configurations: train=2812, valid=2505, tests=[],
2025-08-16 12:55:34.483 INFO: Atomic Numbers used: [3, 8, 40, 57]
2025-08-16 12:55:34.483 INFO: Atomic Energies used (z: eV) for head Default: {3: -1.9089228666666667, 8: -4.947961005, 40: -8.54770063, 57: -4.936007105}
2025-08-16 12:55:34.484 INFO: Processing datasets for head 'Default'
2025-08-16 12:55:54.584 DEBUG: Successfully loaded dataset from ASE files: ['/home/phanim/harshitrawat/summer/T1_T2_T3_data/T2_it_2_isolated.extxyz']
2025-08-16 12:55:54.585 INFO: Combining 1 list datasets for head 'Default'
2025-08-16 12:56:03.866 DEBUG: Successfully loaded validation dataset from ASE files: ['/home/phanim/harshitrawat/summer/T1_T2_T3_data/val_it2.extxyz']
2025-08-16 12:56:03.866 INFO: Combining 1 list datasets for head 'Default_valid'
2025-08-16 12:56:03.866 INFO: Combined validation datasets for Default
2025-08-16 12:56:03.866 INFO: Head 'Default' training dataset size: 2812
2025-08-16 12:56:03.866 INFO: Computing average number of neighbors
2025-08-16 12:56:06.728 INFO: Average number of neighbors: 67.31953374096544
2025-08-16 12:56:06.728 INFO: During training the following quantities will be reported: energy, forces
2025-08-16 12:56:06.728 INFO: ===========MODEL DETAILS===========
2025-08-16 12:56:08.900 INFO: Loading FOUNDATION model
2025-08-16 12:56:08.901 INFO: Using filtered elements: [3, 8, 40, 57]
2025-08-16 12:56:08.901 INFO: Model configuration extracted from foundation model
2025-08-16 12:56:08.901 INFO: Using weighted loss function for fine-tuning
2025-08-16 12:56:08.901 INFO: Message passing with hidden irreps 128x0e+128x1o+128x2e)
2025-08-16 12:56:08.901 INFO: 2 layers, each with correlation order: 3 (body order: 4) and spherical harmonics up to: l=3
2025-08-16 12:56:08.901 INFO: Radial cutoff: 6.0 A (total receptive field for each atom: 12.0 A)
2025-08-16 12:56:08.901 INFO: Distance transform for radial basis functions: None
2025-08-16 12:56:10.175 DEBUG: ScaleShiftMACE(
  (node_embedding): LinearNodeEmbeddingBlock(
    (linear): Linear(4x0e -> 128x0e | 512 weights)
  )
  (radial_embedding): RadialEmbeddingBlock(
    (bessel_fn): BesselBasis(r_max=6.0, num_basis=10, trainable=True)
    (cutoff_fn): PolynomialCutoff(p=5, r_max=6.0)
  )
  (spherical_harmonics): SphericalHarmonics()
  (atomic_energies_fn): AtomicEnergiesBlock(energies=[[-1.9089, -4.9480, -8.5477, -4.9360]])
  (interactions): ModuleList(
    (0): RealAgnosticResidualInteractionBlock(
      (linear_up): Linear(128x0e -> 128x0e | 16384 weights)
      (conv_tp): TensorProduct(128x0e x 1x0e+1x1o+1x2e+1x3o -> 128x0e+128x1o+128x2e+128x3o | 512 paths | 512 weights)
      (conv_tp_weights): FullyConnectedNet[10, 64, 64, 64, 512]
      (linear): Linear(128x0e+128x1o+128x2e+128x3o -> 128x0e+128x1o+128x2e+128x3o | 65536 weights)
      (skip_tp): FullyConnectedTensorProduct(128x0e x 4x0e -> 128x0e+128x1o+128x2e | 65536 paths | 65536 weights)
      (reshape): reshape_irreps()
    )
    (1): RealAgnosticResidualInteractionBlock(
      (linear_up): Linear(128x0e+128x1o+128x2e -> 128x0e+128x1o+128x2e | 49152 weights)
      (conv_tp): TensorProduct(128x0e+128x1o+128x2e x 1x0e+1x1o+1x2e+1x3o -> 384x0e+640x1o+640x2e+512x3o | 2176 paths | 2176 weights)
      (conv_tp_weights): FullyConnectedNet[10, 64, 64, 64, 2176]
      (linear): Linear(128x0e+128x0e+128x0e+128x1o+128x1o+128x1o+128x1o+128x1o+128x2e+128x2e+128x2e+128x2e+128x2e+128x3o+128x3o+128x3o+128x3o -> 128x0e+128x1o+128x2e+128x3o | 278528 weights)
      (skip_tp): FullyConnectedTensorProduct(128x0e+128x1o+128x2e x 4x0e -> 128x0e | 65536 paths | 65536 weights)
      (reshape): reshape_irreps()
    )
  )
  (products): ModuleList(
    (0): EquivariantProductBasisBlock(
      (symmetric_contractions): SymmetricContraction(
        (contractions): ModuleList(
          (0): Contraction(
            (contractions_weighting): ModuleList(
              (0-1): 2 x GraphModule()
            )
            (contractions_features): ModuleList(
              (0-1): 2 x GraphModule()
            )
            (weights): ParameterList(
                (0): Parameter containing: [torch.float64 of size 4x4x128 (cuda:0)]
                (1): Parameter containing: [torch.float64 of size 4x1x128 (cuda:0)]
            )
            (graph_opt_main): GraphModule()
          )
          (1): Contraction(
            (contractions_weighting): ModuleList(
              (0-1): 2 x GraphModule()
            )
            (contractions_features): ModuleList(
              (0-1): 2 x GraphModule()
            )
            (weights): ParameterList(
                (0): Parameter containing: [torch.float64 of size 4x6x128 (cuda:0)]
                (1): Parameter containing: [torch.float64 of size 4x1x128 (cuda:0)]
            )
            (graph_opt_main): GraphModule()
          )
          (2): Contraction(
            (contractions_weighting): ModuleList(
              (0-1): 2 x GraphModule()
            )
            (contractions_features): ModuleList(
              (0-1): 2 x GraphModule()
            )
            (weights): ParameterList(
                (0): Parameter containing: [torch.float64 of size 4x7x128 (cuda:0)]
                (1): Parameter containing: [torch.float64 of size 4x1x128 (cuda:0)]
            )
            (graph_opt_main): GraphModule()
          )
        )
      )
      (linear): Linear(128x0e+128x1o+128x2e -> 128x0e+128x1o+128x2e | 49152 weights)
    )
    (1): EquivariantProductBasisBlock(
      (symmetric_contractions): SymmetricContraction(
        (contractions): ModuleList(
          (0): Contraction(
            (contractions_weighting): ModuleList(
              (0-1): 2 x GraphModule()
            )
            (contractions_features): ModuleList(
              (0-1): 2 x GraphModule()
            )
            (weights): ParameterList(
                (0): Parameter containing: [torch.float64 of size 4x4x128 (cuda:0)]
                (1): Parameter containing: [torch.float64 of size 4x1x128 (cuda:0)]
            )
            (graph_opt_main): GraphModule()
          )
        )
      )
      (linear): Linear(128x0e -> 128x0e | 16384 weights)
    )
  )
  (readouts): ModuleList(
    (0): LinearReadoutBlock(
      (linear): Linear(128x0e+128x1o+128x2e -> 1x0e | 128 weights)
    )
    (1): NonLinearReadoutBlock(
      (linear_1): Linear(128x0e -> 16x0e | 2048 weights)
      (non_linearity): Activation [x] (16x0e -> 16x0e)
      (linear_2): Linear(16x0e -> 1x0e | 16 weights)
    )
  )
  (scale_shift): ScaleShiftBlock(scale=0.8042, shift=0.1641)
)
2025-08-16 12:56:10.176 INFO: Total number of parameters: 894362
2025-08-16 12:56:10.176 INFO: 
2025-08-16 12:56:10.176 INFO: ===========OPTIMIZER INFORMATION===========
2025-08-16 12:56:10.176 INFO: Using ADAM as parameter optimizer
2025-08-16 12:56:10.176 INFO: Batch size: 2
2025-08-16 12:56:10.176 INFO: Number of gradient updates: 182780
2025-08-16 12:56:10.176 INFO: Learning rate: 0.005, weight decay: 1e-08
2025-08-16 12:56:10.176 INFO: WeightedEnergyForcesLoss(energy_weight=100.000, forces_weight=40.000)
2025-08-16 12:56:10.190 WARNING: Cannot find checkpoint with tag 'mace_iteration_2_T1_iso_run-42' in './checkpoints'
2025-08-16 12:56:10.190 INFO: Using gradient clipping with tolerance=10.000
2025-08-16 12:56:10.190 INFO: 
2025-08-16 12:56:10.190 INFO: ===========TRAINING===========
2025-08-16 12:56:10.190 INFO: Started training, reporting errors on validation set
2025-08-16 12:56:10.190 INFO: Loss metrics on validation set
2025-08-16 12:59:17.481 INFO: Initial: head: Default, loss=721006456550875.87500000, RMSE_E_per_atom=194676739.70 meV, RMSE_F=1092913895.41 meV / A
2025-08-16 13:10:21.002 INFO: Epoch 0: head: Default, loss=15998.61670497, RMSE_E_per_atom= 1495.95 meV, RMSE_F= 4118.32 meV / A
2025-08-16 13:10:21.004 DEBUG: Saving checkpoint: ./checkpoints/mace_iteration_2_T1_iso_run-42_epoch-0.pt
2025-08-16 13:21:22.174 INFO: Epoch 1: head: Default, loss=8919.59335933, RMSE_E_per_atom= 1024.20 meV, RMSE_F= 2856.58 meV / A
2025-08-16 13:21:22.176 DEBUG: Deleting old checkpoint file: ./checkpoints/mace_iteration_2_T1_iso_run-42_epoch-0.pt
2025-08-16 13:21:22.204 DEBUG: Saving checkpoint: ./checkpoints/mace_iteration_2_T1_iso_run-42_epoch-1.pt
2025-08-16 13:32:24.995 INFO: Epoch 2: head: Default, loss=8962.95208019, RMSE_E_per_atom=  927.30 meV, RMSE_F= 2876.72 meV / A
2025-08-16 13:43:28.120 INFO: Epoch 3: head: Default, loss=12605.18591514, RMSE_E_per_atom=  703.08 meV, RMSE_F= 3420.69 meV / A
2025-08-16 13:54:30.910 INFO: Epoch 4: head: Default, loss=7718.44048596, RMSE_E_per_atom=  809.07 meV, RMSE_F= 2672.88 meV / A
2025-08-16 13:54:30.913 DEBUG: Deleting old checkpoint file: ./checkpoints/mace_iteration_2_T1_iso_run-42_epoch-1.pt
2025-08-16 13:54:30.961 DEBUG: Saving checkpoint: ./checkpoints/mace_iteration_2_T1_iso_run-42_epoch-4.pt
2025-08-16 14:05:34.511 INFO: Epoch 5: head: Default, loss=9370.15236033, RMSE_E_per_atom=  766.76 meV, RMSE_F= 2965.22 meV / A
2025-08-16 14:16:36.616 INFO: Epoch 6: head: Default, loss=7799.53298994, RMSE_E_per_atom=  715.81 meV, RMSE_F= 2879.26 meV / A
2025-08-16 14:27:38.399 INFO: Epoch 7: head: Default, loss=60720.72516004, RMSE_E_per_atom=  850.31 meV, RMSE_F= 9826.54 meV / A
2025-08-16 14:38:40.108 INFO: Epoch 8: head: Default, loss=5627.21379345, RMSE_E_per_atom=  593.50 meV, RMSE_F= 2323.39 meV / A
2025-08-16 14:38:40.110 DEBUG: Deleting old checkpoint file: ./checkpoints/mace_iteration_2_T1_iso_run-42_epoch-4.pt
2025-08-16 14:38:40.137 DEBUG: Saving checkpoint: ./checkpoints/mace_iteration_2_T1_iso_run-42_epoch-8.pt
2025-08-16 14:49:43.180 INFO: Epoch 9: head: Default, loss=29879241.79772823, RMSE_E_per_atom=29029.18 meV, RMSE_F=223172.74 meV / A
2025-08-16 15:00:45.172 INFO: Epoch 10: head: Default, loss=5446.62524825, RMSE_E_per_atom=  590.33 meV, RMSE_F= 2292.83 meV / A
2025-08-16 15:00:45.174 DEBUG: Deleting old checkpoint file: ./checkpoints/mace_iteration_2_T1_iso_run-42_epoch-8.pt
2025-08-16 15:00:45.193 DEBUG: Saving checkpoint: ./checkpoints/mace_iteration_2_T1_iso_run-42_epoch-10.pt
2025-08-16 15:11:47.308 INFO: Epoch 11: head: Default, loss=5408.65849360, RMSE_E_per_atom=  541.44 meV, RMSE_F= 2290.41 meV / A
2025-08-16 15:11:47.310 DEBUG: Deleting old checkpoint file: ./checkpoints/mace_iteration_2_T1_iso_run-42_epoch-10.pt
2025-08-16 15:11:47.340 DEBUG: Saving checkpoint: ./checkpoints/mace_iteration_2_T1_iso_run-42_epoch-11.pt
2025-08-16 15:22:49.254 INFO: Epoch 12: head: Default, loss=5600.09454540, RMSE_E_per_atom=  572.01 meV, RMSE_F= 2338.77 meV / A
