2025-08-15 18:17:06.213 INFO: ===========VERIFYING SETTINGS===========
2025-08-15 18:17:06.213 INFO: MACE version: 0.3.14
2025-08-15 18:17:06.722 INFO: CUDA version: 12.6, CUDA device: 0
2025-08-15 18:17:07.399 INFO: Using foundation model /home/phanim/harshitrawat/summer/mace_models/universal/2024-01-07-mace-128-L2_epoch-199.model as initial checkpoint.
2025-08-15 18:17:07.400 WARNING: Using multiheads finetuning with a foundation model that is not a Materials Project model, need to provied a path to a pretraining file with --pt_train_file.
2025-08-15 18:17:07.400 INFO: ===========LOADING INPUT DATA===========
2025-08-15 18:17:07.400 INFO: Using heads: ['Default']
2025-08-15 18:17:07.400 INFO: Using the key specifications to parse data:
2025-08-15 18:17:07.400 INFO: Default: KeySpecification(info_keys={'energy': 'REF_energy', 'stress': 'REF_stress', 'virials': 'REF_virials', 'dipole': 'dipole', 'head': 'head', 'elec_temp': 'elec_temp', 'total_charge': 'total_charge', 'total_spin': 'total_spin'}, arrays_keys={'forces': 'REF_forces', 'charges': 'REF_charges'})
2025-08-15 18:17:07.400 INFO: =============    Processing head Default     ===========
2025-08-15 18:17:28.690 INFO: Training set 1/1 [energy: 7537, stress: 0, virials: 0, dipole components: 0, head: 7537, elec_temp: 0, total_charge: 0, total_spin: 0, forces: 7537, charges: 0]
2025-08-15 18:17:28.715 INFO: Total Training set [energy: 7537, stress: 0, virials: 0, dipole components: 0, head: 7537, elec_temp: 0, total_charge: 0, total_spin: 0, forces: 7537, charges: 0]
2025-08-15 18:17:31.635 INFO: Validation set 1/1 [energy: 2505, stress: 0, virials: 0, dipole components: 0, head: 2505, elec_temp: 0, total_charge: 0, total_spin: 0, forces: 2505, charges: 0]
2025-08-15 18:17:31.642 INFO: Total Validation set [energy: 2505, stress: 0, virials: 0, dipole components: 0, head: 2505, elec_temp: 0, total_charge: 0, total_spin: 0, forces: 2505, charges: 0]
2025-08-15 18:17:31.642 INFO: Total number of configurations: train=7537, valid=2505, tests=[],
2025-08-15 18:17:31.953 INFO: Atomic Numbers used: [3, 8, 40, 57]
2025-08-15 18:17:31.953 INFO: Isolated Atomic Energies (E0s) not in training file, using command line argument
2025-08-15 18:17:31.953 INFO: Computing average Atomic Energies using least squares regression
2025-08-15 18:17:32.000 INFO: Atomic Energies used (z: eV) for head Default: {3: -1.2313485088334661, 8: -14.324970891998225, 40: 7.229818579027988, 57: -9.0793589293354}
2025-08-15 18:17:32.000 INFO: Processing datasets for head 'Default'
2025-08-15 18:18:55.282 INFO: Combining 1 list datasets for head 'Default'
2025-08-15 18:19:05.256 INFO: Combining 1 list datasets for head 'Default_valid'
2025-08-15 18:19:05.256 INFO: Combined validation datasets for Default
2025-08-15 18:19:05.256 INFO: Head 'Default' training dataset size: 7537
2025-08-15 18:19:05.257 INFO: Computing average number of neighbors
2025-08-15 18:19:14.891 INFO: Average number of neighbors: 68.51869377846778
2025-08-15 18:19:14.895 INFO: During training the following quantities will be reported: energy, forces
2025-08-15 18:19:14.895 INFO: ===========MODEL DETAILS===========
2025-08-15 18:19:22.750 INFO: Loading FOUNDATION model
2025-08-15 18:19:22.752 INFO: Using filtered elements: [3, 8, 40, 57]
2025-08-15 18:19:22.752 INFO: Model configuration extracted from foundation model
2025-08-15 18:19:22.752 INFO: Using weighted loss function for fine-tuning
2025-08-15 18:19:22.752 INFO: Message passing with hidden irreps 128x0e+128x1o+128x2e)
2025-08-15 18:19:22.752 INFO: 2 layers, each with correlation order: 3 (body order: 4) and spherical harmonics up to: l=3
2025-08-15 18:19:22.752 INFO: Radial cutoff: 6.0 A (total receptive field for each atom: 12.0 A)
2025-08-15 18:19:22.752 INFO: Distance transform for radial basis functions: None
2025-08-15 18:19:24.371 INFO: Total number of parameters: 894362
2025-08-15 18:19:24.371 INFO: 
2025-08-15 18:19:24.371 INFO: ===========OPTIMIZER INFORMATION===========
2025-08-15 18:19:24.371 INFO: Using ADAM as parameter optimizer
2025-08-15 18:19:24.371 INFO: Batch size: 2
2025-08-15 18:19:24.371 INFO: Number of gradient updates: 489905
2025-08-15 18:19:24.371 INFO: Learning rate: 0.005, weight decay: 1e-08
2025-08-15 18:19:24.371 INFO: WeightedEnergyForcesLoss(energy_weight=100.000, forces_weight=40.000)
2025-08-15 18:19:24.381 WARNING: Cannot find checkpoint with tag 'mace_iteration_2_T1_run-42' in './checkpoints'
2025-08-15 18:19:24.381 INFO: Using gradient clipping with tolerance=10.000
2025-08-15 18:19:24.381 INFO: 
2025-08-15 18:19:24.381 INFO: ===========TRAINING===========
2025-08-15 18:19:24.381 INFO: Started training, reporting errors on validation set
2025-08-15 18:19:24.381 INFO: Loss metrics on validation set
2025-08-15 18:22:34.327 INFO: Initial: head: Default, loss=721006465920509.00000000, RMSE_E_per_atom=194676980.35 meV, RMSE_F=1092913895.41 meV / A
2025-08-15 18:56:54.204 INFO: Epoch 0: head: Default, loss=13435.92977866, RMSE_E_per_atom= 2003.65 meV, RMSE_F= 3524.44 meV / A
2025-08-15 19:31:14.813 INFO: Epoch 1: head: Default, loss=12644.85508789, RMSE_E_per_atom= 1203.20 meV, RMSE_F= 3522.44 meV / A
2025-08-15 19:32:55.330 INFO: ===========VERIFYING SETTINGS===========
2025-08-15 19:32:55.330 INFO: MACE version: 0.3.14
2025-08-15 19:32:55.942 INFO: CUDA version: 12.6, CUDA device: 0
2025-08-15 19:32:56.453 INFO: Using foundation model /home/phanim/harshitrawat/summer/mace_models/universal/2024-01-07-mace-128-L2_epoch-199.model as initial checkpoint.
2025-08-15 19:32:56.454 WARNING: Using multiheads finetuning with a foundation model that is not a Materials Project model, need to provied a path to a pretraining file with --pt_train_file.
2025-08-15 19:32:56.454 INFO: ===========LOADING INPUT DATA===========
2025-08-15 19:32:56.454 INFO: Using heads: ['Default']
2025-08-15 19:32:56.454 INFO: Using the key specifications to parse data:
2025-08-15 19:32:56.454 INFO: Default: KeySpecification(info_keys={'energy': 'REF_energy', 'stress': 'REF_stress', 'virials': 'REF_virials', 'dipole': 'dipole', 'head': 'head', 'elec_temp': 'elec_temp', 'total_charge': 'total_charge', 'total_spin': 'total_spin'}, arrays_keys={'forces': 'REF_forces', 'charges': 'REF_charges'})
2025-08-15 19:32:56.454 INFO: =============    Processing head Default     ===========
2025-08-15 19:33:17.815 INFO: Training set 1/1 [energy: 7537, stress: 0, virials: 0, dipole components: 0, head: 7537, elec_temp: 0, total_charge: 0, total_spin: 0, forces: 7537, charges: 0]
2025-08-15 19:33:17.838 INFO: Total Training set [energy: 7537, stress: 0, virials: 0, dipole components: 0, head: 7537, elec_temp: 0, total_charge: 0, total_spin: 0, forces: 7537, charges: 0]
2025-08-15 19:33:20.743 INFO: Validation set 1/1 [energy: 2505, stress: 0, virials: 0, dipole components: 0, head: 2505, elec_temp: 0, total_charge: 0, total_spin: 0, forces: 2505, charges: 0]
2025-08-15 19:33:20.750 INFO: Total Validation set [energy: 2505, stress: 0, virials: 0, dipole components: 0, head: 2505, elec_temp: 0, total_charge: 0, total_spin: 0, forces: 2505, charges: 0]
2025-08-15 19:33:20.750 INFO: Total number of configurations: train=7537, valid=2505, tests=[],
2025-08-15 19:33:21.060 INFO: Atomic Numbers used: [3, 8, 40, 57]
2025-08-15 19:33:21.060 INFO: Isolated Atomic Energies (E0s) not in training file, using command line argument
2025-08-15 19:33:21.060 INFO: Computing average Atomic Energies using least squares regression
2025-08-15 19:33:21.106 INFO: Atomic Energies used (z: eV) for head Default: {3: -1.2313485088334661, 8: -14.324970891998225, 40: 7.229818579027988, 57: -9.0793589293354}
2025-08-15 19:33:21.106 INFO: Processing datasets for head 'Default'
2025-08-15 19:34:44.843 INFO: Combining 1 list datasets for head 'Default'
2025-08-15 19:34:54.939 INFO: Combining 1 list datasets for head 'Default_valid'
2025-08-15 19:34:54.939 INFO: Combined validation datasets for Default
2025-08-15 19:34:54.939 INFO: Head 'Default' training dataset size: 7537
2025-08-15 19:34:54.940 INFO: Computing average number of neighbors
2025-08-15 19:35:04.469 INFO: Average number of neighbors: 68.51869377846778
2025-08-15 19:35:04.473 INFO: During training the following quantities will be reported: energy, forces
2025-08-15 19:35:04.473 INFO: ===========MODEL DETAILS===========
2025-08-15 19:35:12.324 INFO: Loading FOUNDATION model
2025-08-15 19:35:12.326 INFO: Using filtered elements: [3, 8, 40, 57]
2025-08-15 19:35:12.326 INFO: Model configuration extracted from foundation model
2025-08-15 19:35:12.326 INFO: Using weighted loss function for fine-tuning
2025-08-15 19:35:12.326 INFO: Message passing with hidden irreps 128x0e+128x1o+128x2e)
2025-08-15 19:35:12.326 INFO: 2 layers, each with correlation order: 3 (body order: 4) and spherical harmonics up to: l=3
2025-08-15 19:35:12.326 INFO: Radial cutoff: 6.0 A (total receptive field for each atom: 12.0 A)
2025-08-15 19:35:12.326 INFO: Distance transform for radial basis functions: None
2025-08-15 19:35:13.943 INFO: Total number of parameters: 894362
2025-08-15 19:35:13.943 INFO: 
2025-08-15 19:35:13.943 INFO: ===========OPTIMIZER INFORMATION===========
2025-08-15 19:35:13.943 INFO: Using ADAM as parameter optimizer
2025-08-15 19:35:13.943 INFO: Batch size: 2
2025-08-15 19:35:13.943 INFO: Number of gradient updates: 489905
2025-08-15 19:35:13.943 INFO: Learning rate: 0.001, weight decay: 1e-08
2025-08-15 19:35:13.943 INFO: WeightedEnergyForcesLoss(energy_weight=100.000, forces_weight=40.000)
2025-08-15 19:35:13.951 WARNING: No SWA checkpoint found, while SWA is enabled. Compare the swa_start parameter and the latest checkpoint.
2025-08-15 19:35:13.951 INFO: Loading checkpoint: ./checkpoints/mace_iteration_2_T1_run-42_epoch-1.pt
2025-08-15 19:35:13.989 INFO: Using gradient clipping with tolerance=10.000
2025-08-15 19:35:13.989 INFO: 
2025-08-15 19:35:13.989 INFO: ===========TRAINING===========
2025-08-15 19:35:13.989 INFO: Started training, reporting errors on validation set
2025-08-15 19:35:13.989 INFO: Loss metrics on validation set
2025-08-15 19:38:22.965 INFO: Initial: head: Default, loss=12644.85508789, RMSE_E_per_atom= 1203.20 meV, RMSE_F= 3522.44 meV / A
2025-08-15 20:12:44.350 INFO: Epoch 1: head: Default, loss=15176.44021422, RMSE_E_per_atom=  841.48 meV, RMSE_F= 4466.39 meV / A
2025-08-15 20:47:03.925 INFO: Epoch 2: head: Default, loss=7681.54137824, RMSE_E_per_atom=  582.12 meV, RMSE_F= 2814.56 meV / A
2025-08-15 21:21:24.524 INFO: Epoch 3: head: Default, loss=8071.59531656, RMSE_E_per_atom=  582.13 meV, RMSE_F= 2995.64 meV / A
2025-08-15 21:51:02.816 INFO: ===========VERIFYING SETTINGS===========
2025-08-15 21:51:02.817 INFO: MACE version: 0.3.14
2025-08-15 21:51:02.838 INFO: ===========VERIFYING SETTINGS===========
2025-08-15 21:51:02.854 INFO: MACE version: 0.3.14
2025-08-15 21:51:03.462 INFO: CUDA version: 12.6, CUDA device: 0
2025-08-15 21:51:03.482 INFO: CUDA version: 12.6, CUDA device: 0
2025-08-15 21:51:04.530 INFO: Using foundation model /home/phanim/harshitrawat/summer/mace_models/universal/2024-01-07-mace-128-L2_epoch-199.model as initial checkpoint.
2025-08-15 21:51:04.531 WARNING: Using multiheads finetuning with a foundation model that is not a Materials Project model, need to provied a path to a pretraining file with --pt_train_file.
2025-08-15 21:51:04.531 INFO: ===========LOADING INPUT DATA===========
2025-08-15 21:51:04.531 INFO: Using heads: ['Default']
2025-08-15 21:51:04.531 INFO: Using the key specifications to parse data:
2025-08-15 21:51:04.531 INFO: Using foundation model /home/phanim/harshitrawat/summer/mace_models/universal/2024-01-07-mace-128-L2_epoch-199.model as initial checkpoint.
2025-08-15 21:51:04.531 INFO: Default: KeySpecification(info_keys={'energy': 'REF_energy', 'stress': 'REF_stress', 'virials': 'REF_virials', 'dipole': 'dipole', 'head': 'head', 'elec_temp': 'elec_temp', 'total_charge': 'total_charge', 'total_spin': 'total_spin'}, arrays_keys={'forces': 'REF_forces', 'charges': 'REF_charges'})
2025-08-15 21:51:04.531 INFO: =============    Processing head Default     ===========
2025-08-15 21:51:04.532 WARNING: Using multiheads finetuning with a foundation model that is not a Materials Project model, need to provied a path to a pretraining file with --pt_train_file.
2025-08-15 21:51:04.532 INFO: ===========LOADING INPUT DATA===========
2025-08-15 21:51:04.532 INFO: Using heads: ['Default']
2025-08-15 21:51:04.532 INFO: Using the key specifications to parse data:
2025-08-15 21:51:04.532 INFO: Default: KeySpecification(info_keys={'energy': 'REF_energy', 'stress': 'REF_stress', 'virials': 'REF_virials', 'dipole': 'dipole', 'head': 'head', 'elec_temp': 'elec_temp', 'total_charge': 'total_charge', 'total_spin': 'total_spin'}, arrays_keys={'forces': 'REF_forces', 'charges': 'REF_charges'})
2025-08-15 21:51:04.532 INFO: =============    Processing head Default     ===========
2025-08-15 21:51:25.826 INFO: Training set 1/1 [energy: 7537, stress: 0, virials: 0, dipole components: 0, head: 7537, elec_temp: 0, total_charge: 0, total_spin: 0, forces: 7537, charges: 0]
2025-08-15 21:51:25.849 INFO: Total Training set [energy: 7537, stress: 0, virials: 0, dipole components: 0, head: 7537, elec_temp: 0, total_charge: 0, total_spin: 0, forces: 7537, charges: 0]
2025-08-15 21:51:25.917 INFO: Training set 1/1 [energy: 7537, stress: 0, virials: 0, dipole components: 0, head: 7537, elec_temp: 0, total_charge: 0, total_spin: 0, forces: 7537, charges: 0]
2025-08-15 21:51:25.940 INFO: Total Training set [energy: 7537, stress: 0, virials: 0, dipole components: 0, head: 7537, elec_temp: 0, total_charge: 0, total_spin: 0, forces: 7537, charges: 0]
2025-08-15 21:51:28.810 INFO: Validation set 1/1 [energy: 2505, stress: 0, virials: 0, dipole components: 0, head: 2505, elec_temp: 0, total_charge: 0, total_spin: 0, forces: 2505, charges: 0]
2025-08-15 21:51:28.817 INFO: Total Validation set [energy: 2505, stress: 0, virials: 0, dipole components: 0, head: 2505, elec_temp: 0, total_charge: 0, total_spin: 0, forces: 2505, charges: 0]
2025-08-15 21:51:28.817 INFO: Total number of configurations: train=7537, valid=2505, tests=[],
2025-08-15 21:51:28.922 INFO: Validation set 1/1 [energy: 2505, stress: 0, virials: 0, dipole components: 0, head: 2505, elec_temp: 0, total_charge: 0, total_spin: 0, forces: 2505, charges: 0]
2025-08-15 21:51:28.929 INFO: Total Validation set [energy: 2505, stress: 0, virials: 0, dipole components: 0, head: 2505, elec_temp: 0, total_charge: 0, total_spin: 0, forces: 2505, charges: 0]
2025-08-15 21:51:28.929 INFO: Total number of configurations: train=7537, valid=2505, tests=[],
2025-08-15 21:51:29.125 INFO: Atomic Numbers used: [3, 8, 40, 57]
2025-08-15 21:51:29.125 INFO: Isolated Atomic Energies (E0s) not in training file, using command line argument
2025-08-15 21:51:29.125 INFO: Computing average Atomic Energies using least squares regression
2025-08-15 21:51:29.169 INFO: Atomic Energies used (z: eV) for head Default: {3: -1.2313485088334661, 8: -14.324970891998225, 40: 7.229818579027988, 57: -9.0793589293354}
2025-08-15 21:51:29.169 INFO: Processing datasets for head 'Default'
2025-08-15 21:51:29.237 INFO: Atomic Numbers used: [3, 8, 40, 57]
2025-08-15 21:51:29.237 INFO: Isolated Atomic Energies (E0s) not in training file, using command line argument
2025-08-15 21:51:29.237 INFO: Computing average Atomic Energies using least squares regression
2025-08-15 21:51:29.284 INFO: Atomic Energies used (z: eV) for head Default: {3: -1.2313485088334661, 8: -14.324970891998225, 40: 7.229818579027988, 57: -9.0793589293354}
2025-08-15 21:51:29.285 INFO: Processing datasets for head 'Default'
2025-08-15 21:52:50.388 INFO: Combining 1 list datasets for head 'Default'
2025-08-15 21:52:50.514 INFO: Combining 1 list datasets for head 'Default'
2025-08-15 21:53:00.209 INFO: Combining 1 list datasets for head 'Default_valid'
2025-08-15 21:53:00.209 INFO: Combined validation datasets for Default
2025-08-15 21:53:00.209 INFO: Head 'Default' training dataset size: 7537
2025-08-15 21:53:00.209 INFO: Computing average number of neighbors
2025-08-15 21:53:00.329 INFO: Combining 1 list datasets for head 'Default_valid'
2025-08-15 21:53:00.329 INFO: Combined validation datasets for Default
2025-08-15 21:53:00.329 INFO: Head 'Default' training dataset size: 7537
2025-08-15 21:53:00.329 INFO: Computing average number of neighbors
2025-08-15 21:53:21.325 INFO: Average number of neighbors: 68.51869377846778
2025-08-15 21:53:21.329 INFO: During training the following quantities will be reported: energy, forces
2025-08-15 21:53:21.329 INFO: ===========MODEL DETAILS===========
2025-08-15 21:53:21.866 INFO: Average number of neighbors: 68.51869377846778
2025-08-15 21:53:21.870 INFO: During training the following quantities will be reported: energy, forces
2025-08-15 21:53:21.870 INFO: ===========MODEL DETAILS===========
2025-08-15 21:53:31.008 INFO: Loading FOUNDATION model
2025-08-15 21:53:31.010 INFO: Using filtered elements: [3, 8, 40, 57]
2025-08-15 21:53:31.010 INFO: Model configuration extracted from foundation model
2025-08-15 21:53:31.010 INFO: Using weighted loss function for fine-tuning
2025-08-15 21:53:31.010 INFO: Message passing with hidden irreps 128x0e+128x1o+128x2e)
2025-08-15 21:53:31.010 INFO: 2 layers, each with correlation order: 3 (body order: 4) and spherical harmonics up to: l=3
2025-08-15 21:53:31.010 INFO: Radial cutoff: 6.0 A (total receptive field for each atom: 12.0 A)
2025-08-15 21:53:31.010 INFO: Distance transform for radial basis functions: None
2025-08-15 21:53:31.780 INFO: Loading FOUNDATION model
2025-08-15 21:53:31.782 INFO: Using filtered elements: [3, 8, 40, 57]
2025-08-15 21:53:31.782 INFO: Model configuration extracted from foundation model
2025-08-15 21:53:31.782 INFO: Using weighted loss function for fine-tuning
2025-08-15 21:53:31.782 INFO: Message passing with hidden irreps 128x0e+128x1o+128x2e)
2025-08-15 21:53:31.782 INFO: 2 layers, each with correlation order: 3 (body order: 4) and spherical harmonics up to: l=3
2025-08-15 21:53:31.782 INFO: Radial cutoff: 6.0 A (total receptive field for each atom: 12.0 A)
2025-08-15 21:53:31.782 INFO: Distance transform for radial basis functions: None
2025-08-15 21:53:32.381 INFO: Total number of parameters: 894362
2025-08-15 21:53:32.381 INFO: 
2025-08-15 21:53:32.381 INFO: ===========OPTIMIZER INFORMATION===========
2025-08-15 21:53:32.381 INFO: Using ADAM as parameter optimizer
2025-08-15 21:53:32.381 INFO: Batch size: 2
2025-08-15 21:53:32.381 INFO: Number of gradient updates: 489905
2025-08-15 21:53:32.381 INFO: Learning rate: 0.005, weight decay: 1e-08
2025-08-15 21:53:32.381 INFO: WeightedEnergyForcesLoss(energy_weight=100.000, forces_weight=40.000)
2025-08-15 21:53:32.414 WARNING: No SWA checkpoint found, while SWA is enabled. Compare the swa_start parameter and the latest checkpoint.
2025-08-15 21:53:32.415 INFO: Loading checkpoint: ./checkpoints/mace_iteration_2_T1_run-42_epoch-2.pt
2025-08-15 21:53:32.700 INFO: Using gradient clipping with tolerance=10.000
2025-08-15 21:53:32.701 INFO: 
2025-08-15 21:53:32.701 INFO: ===========TRAINING===========
2025-08-15 21:53:32.701 INFO: Started training, reporting errors on validation set
2025-08-15 21:53:32.701 INFO: Loss metrics on validation set
2025-08-15 21:53:33.188 INFO: Total number of parameters: 894362
2025-08-15 21:53:33.188 INFO: 
2025-08-15 21:53:33.188 INFO: ===========OPTIMIZER INFORMATION===========
2025-08-15 21:53:33.188 INFO: Using ADAM as parameter optimizer
2025-08-15 21:53:33.188 INFO: Batch size: 2
2025-08-15 21:53:33.188 INFO: Number of gradient updates: 489905
2025-08-15 21:53:33.188 INFO: Learning rate: 0.005, weight decay: 1e-08
2025-08-15 21:53:33.188 INFO: WeightedEnergyForcesLoss(energy_weight=100.000, forces_weight=40.000)
2025-08-15 21:53:33.189 WARNING: No SWA checkpoint found, while SWA is enabled. Compare the swa_start parameter and the latest checkpoint.
2025-08-15 21:53:33.190 INFO: Loading checkpoint: ./checkpoints/mace_iteration_2_T1_run-42_epoch-2.pt
2025-08-15 21:53:33.229 INFO: Using gradient clipping with tolerance=10.000
2025-08-15 21:53:33.229 INFO: 
2025-08-15 21:53:33.229 INFO: ===========TRAINING===========
2025-08-15 21:53:33.229 INFO: Started training, reporting errors on validation set
2025-08-15 21:53:33.229 INFO: Loss metrics on validation set
2025-08-15 21:58:17.283 INFO: Initial: head: Default, loss=7681.54137824, RMSE_E_per_atom=  582.12 meV, RMSE_F= 2814.56 meV / A
2025-08-15 21:58:19.599 INFO: Initial: head: Default, loss=7681.54137824, RMSE_E_per_atom=  582.12 meV, RMSE_F= 2814.56 meV / A
2025-08-15 22:15:54.101 INFO: ===========VERIFYING SETTINGS===========
2025-08-15 22:15:54.101 INFO: ===========VERIFYING SETTINGS===========
2025-08-15 22:15:54.101 INFO: MACE version: 0.3.14
2025-08-15 22:15:54.101 INFO: MACE version: 0.3.14
2025-08-15 22:15:54.803 INFO: CUDA version: 12.6, CUDA device: 0
2025-08-15 22:15:54.806 INFO: CUDA version: 12.6, CUDA device: 0
2025-08-15 22:15:55.725 INFO: Using foundation model /home/phanim/harshitrawat/summer/mace_models/universal/2024-01-07-mace-128-L2_epoch-199.model as initial checkpoint.
2025-08-15 22:15:55.726 WARNING: Using multiheads finetuning with a foundation model that is not a Materials Project model, need to provied a path to a pretraining file with --pt_train_file.
2025-08-15 22:15:55.726 INFO: ===========LOADING INPUT DATA===========
2025-08-15 22:15:55.726 INFO: Using heads: ['Default']
2025-08-15 22:15:55.726 INFO: Using the key specifications to parse data:
2025-08-15 22:15:55.726 INFO: Default: KeySpecification(info_keys={'energy': 'REF_energy', 'stress': 'REF_stress', 'virials': 'REF_virials', 'dipole': 'dipole', 'head': 'head', 'elec_temp': 'elec_temp', 'total_charge': 'total_charge', 'total_spin': 'total_spin'}, arrays_keys={'forces': 'REF_forces', 'charges': 'REF_charges'})
2025-08-15 22:15:55.726 INFO: =============    Processing head Default     ===========
2025-08-15 22:15:55.728 INFO: Using foundation model /home/phanim/harshitrawat/summer/mace_models/universal/2024-01-07-mace-128-L2_epoch-199.model as initial checkpoint.
2025-08-15 22:15:55.729 WARNING: Using multiheads finetuning with a foundation model that is not a Materials Project model, need to provied a path to a pretraining file with --pt_train_file.
2025-08-15 22:15:55.729 INFO: ===========LOADING INPUT DATA===========
2025-08-15 22:15:55.729 INFO: Using heads: ['Default']
2025-08-15 22:15:55.729 INFO: Using the key specifications to parse data:
2025-08-15 22:15:55.729 INFO: Default: KeySpecification(info_keys={'energy': 'REF_energy', 'stress': 'REF_stress', 'virials': 'REF_virials', 'dipole': 'dipole', 'head': 'head', 'elec_temp': 'elec_temp', 'total_charge': 'total_charge', 'total_spin': 'total_spin'}, arrays_keys={'forces': 'REF_forces', 'charges': 'REF_charges'})
2025-08-15 22:15:55.729 INFO: =============    Processing head Default     ===========
2025-08-15 22:16:17.027 INFO: Training set 1/1 [energy: 7541, stress: 0, virials: 0, dipole components: 0, head: 7541, elec_temp: 0, total_charge: 0, total_spin: 0, forces: 7541, charges: 0]
2025-08-15 22:16:17.050 INFO: Total Training set [energy: 7541, stress: 0, virials: 0, dipole components: 0, head: 7541, elec_temp: 0, total_charge: 0, total_spin: 0, forces: 7541, charges: 0]
2025-08-15 22:16:17.059 INFO: Training set 1/1 [energy: 7541, stress: 0, virials: 0, dipole components: 0, head: 7541, elec_temp: 0, total_charge: 0, total_spin: 0, forces: 7541, charges: 0]
2025-08-15 22:16:17.082 INFO: Total Training set [energy: 7541, stress: 0, virials: 0, dipole components: 0, head: 7541, elec_temp: 0, total_charge: 0, total_spin: 0, forces: 7541, charges: 0]
2025-08-15 22:16:19.968 INFO: Validation set 1/1 [energy: 2505, stress: 0, virials: 0, dipole components: 0, head: 2505, elec_temp: 0, total_charge: 0, total_spin: 0, forces: 2505, charges: 0]
2025-08-15 22:16:19.975 INFO: Total Validation set [energy: 2505, stress: 0, virials: 0, dipole components: 0, head: 2505, elec_temp: 0, total_charge: 0, total_spin: 0, forces: 2505, charges: 0]
2025-08-15 22:16:19.975 INFO: Total number of configurations: train=7541, valid=2505, tests=[],
2025-08-15 22:16:19.975 INFO: Validation set 1/1 [energy: 2505, stress: 0, virials: 0, dipole components: 0, head: 2505, elec_temp: 0, total_charge: 0, total_spin: 0, forces: 2505, charges: 0]
2025-08-15 22:16:19.982 INFO: Total Validation set [energy: 2505, stress: 0, virials: 0, dipole components: 0, head: 2505, elec_temp: 0, total_charge: 0, total_spin: 0, forces: 2505, charges: 0]
2025-08-15 22:16:19.982 INFO: Total number of configurations: train=7541, valid=2505, tests=[],
2025-08-15 22:16:20.285 INFO: Atomic Numbers used: [3, 8, 40, 57]
2025-08-15 22:16:20.285 INFO: Isolated Atomic Energies (E0s) not in training file, using command line argument
2025-08-15 22:16:20.285 INFO: Atomic Energies used (z: eV) for head Default: {3: -1.9089228666666667, 8: -4.947961005, 40: -8.54770063, 57: -4.936007105}
2025-08-15 22:16:20.285 INFO: Processing datasets for head 'Default'
2025-08-15 22:16:20.291 INFO: Atomic Numbers used: [3, 8, 40, 57]
2025-08-15 22:16:20.291 INFO: Isolated Atomic Energies (E0s) not in training file, using command line argument
2025-08-15 22:16:20.291 INFO: Atomic Energies used (z: eV) for head Default: {3: -1.9089228666666667, 8: -4.947961005, 40: -8.54770063, 57: -4.936007105}
2025-08-15 22:16:20.291 INFO: Processing datasets for head 'Default'
2025-08-15 22:17:41.415 INFO: Combining 1 list datasets for head 'Default'
2025-08-15 22:17:41.680 INFO: Combining 1 list datasets for head 'Default'
2025-08-15 22:18:01.046 INFO: ===========VERIFYING SETTINGS===========
2025-08-15 22:18:01.046 INFO: MACE version: 0.3.14
2025-08-15 22:18:01.918 INFO: CUDA version: 12.6, CUDA device: 0
2025-08-15 22:18:02.479 INFO: Using foundation model /home/phanim/harshitrawat/summer/mace_models/universal/2024-01-07-mace-128-L2_epoch-199.model as initial checkpoint.
2025-08-15 22:18:02.480 WARNING: Using multiheads finetuning with a foundation model that is not a Materials Project model, need to provied a path to a pretraining file with --pt_train_file.
2025-08-15 22:18:02.480 INFO: ===========LOADING INPUT DATA===========
2025-08-15 22:18:02.480 INFO: Using heads: ['Default']
2025-08-15 22:18:02.480 INFO: Using the key specifications to parse data:
2025-08-15 22:18:02.480 INFO: Default: KeySpecification(info_keys={'energy': 'REF_energy', 'stress': 'REF_stress', 'virials': 'REF_virials', 'dipole': 'dipole', 'head': 'head', 'elec_temp': 'elec_temp', 'total_charge': 'total_charge', 'total_spin': 'total_spin'}, arrays_keys={'forces': 'REF_forces', 'charges': 'REF_charges'})
2025-08-15 22:18:02.481 INFO: =============    Processing head Default     ===========
2025-08-15 22:18:23.787 INFO: Training set 1/1 [energy: 7541, stress: 0, virials: 0, dipole components: 0, head: 7541, elec_temp: 0, total_charge: 0, total_spin: 0, forces: 7541, charges: 0]
2025-08-15 22:18:23.810 INFO: Total Training set [energy: 7541, stress: 0, virials: 0, dipole components: 0, head: 7541, elec_temp: 0, total_charge: 0, total_spin: 0, forces: 7541, charges: 0]
2025-08-15 22:18:26.732 INFO: Validation set 1/1 [energy: 2505, stress: 0, virials: 0, dipole components: 0, head: 2505, elec_temp: 0, total_charge: 0, total_spin: 0, forces: 2505, charges: 0]
2025-08-15 22:18:26.738 INFO: Total Validation set [energy: 2505, stress: 0, virials: 0, dipole components: 0, head: 2505, elec_temp: 0, total_charge: 0, total_spin: 0, forces: 2505, charges: 0]
2025-08-15 22:18:26.739 INFO: Total number of configurations: train=7541, valid=2505, tests=[],
2025-08-15 22:18:27.042 INFO: Atomic Numbers used: [3, 8, 40, 57]
2025-08-15 22:18:27.042 INFO: Isolated Atomic Energies (E0s) not in training file, using command line argument
2025-08-15 22:18:27.042 INFO: Atomic Energies used (z: eV) for head Default: {3: -1.9089228666666667, 8: -4.947961005, 40: -8.54770063, 57: -4.936007105}
2025-08-15 22:18:27.042 INFO: Processing datasets for head 'Default'
2025-08-15 22:19:51.581 INFO: Combining 1 list datasets for head 'Default'
2025-08-15 22:20:01.684 INFO: Combining 1 list datasets for head 'Default_valid'
2025-08-15 22:20:01.684 INFO: Combined validation datasets for Default
2025-08-15 22:20:01.684 INFO: Head 'Default' training dataset size: 7541
2025-08-15 22:20:01.685 INFO: Computing average number of neighbors
2025-08-15 22:20:11.118 INFO: Average number of neighbors: 68.51808300541806
2025-08-15 22:20:11.122 INFO: During training the following quantities will be reported: energy, forces
2025-08-15 22:20:11.122 INFO: ===========MODEL DETAILS===========
2025-08-15 22:20:19.000 INFO: Loading FOUNDATION model
2025-08-15 22:20:19.001 INFO: Using filtered elements: [3, 8, 40, 57]
2025-08-15 22:20:19.001 INFO: Model configuration extracted from foundation model
2025-08-15 22:20:19.001 INFO: Using weighted loss function for fine-tuning
2025-08-15 22:20:19.001 INFO: Message passing with hidden irreps 128x0e+128x1o+128x2e)
2025-08-15 22:20:19.001 INFO: 2 layers, each with correlation order: 3 (body order: 4) and spherical harmonics up to: l=3
2025-08-15 22:20:19.001 INFO: Radial cutoff: 6.0 A (total receptive field for each atom: 12.0 A)
2025-08-15 22:20:19.001 INFO: Distance transform for radial basis functions: None
2025-08-15 22:20:20.639 INFO: Total number of parameters: 894362
2025-08-15 22:20:20.639 INFO: 
2025-08-15 22:20:20.639 INFO: ===========OPTIMIZER INFORMATION===========
2025-08-15 22:20:20.639 INFO: Using ADAM as parameter optimizer
2025-08-15 22:20:20.639 INFO: Batch size: 2
2025-08-15 22:20:20.639 INFO: Number of gradient updates: 490165
2025-08-15 22:20:20.639 INFO: Learning rate: 0.005, weight decay: 1e-08
2025-08-15 22:20:20.639 INFO: WeightedEnergyForcesLoss(energy_weight=100.000, forces_weight=40.000)
2025-08-15 22:20:20.646 WARNING: No SWA checkpoint found, while SWA is enabled. Compare the swa_start parameter and the latest checkpoint.
2025-08-15 22:20:20.647 INFO: Loading checkpoint: ./checkpoints/mace_iteration_2_T1_run-42_epoch-2.pt
2025-08-15 22:20:20.686 INFO: Using gradient clipping with tolerance=10.000
2025-08-15 22:20:20.686 INFO: 
2025-08-15 22:20:20.686 INFO: ===========TRAINING===========
2025-08-15 22:20:20.686 INFO: Started training, reporting errors on validation set
2025-08-15 22:20:20.686 INFO: Loss metrics on validation set
2025-08-15 22:23:28.508 INFO: Initial: head: Default, loss=7681.54137824, RMSE_E_per_atom=  582.12 meV, RMSE_F= 2814.56 meV / A
2025-08-15 22:57:49.468 INFO: Epoch 2: head: Default, loss=8150.65181095, RMSE_E_per_atom= 1020.30 meV, RMSE_F= 2793.83 meV / A
2025-08-15 23:32:09.407 INFO: Epoch 3: head: Default, loss=476826.73636336, RMSE_E_per_atom= 4769.23 meV, RMSE_F=28042.53 meV / A
2025-08-15 23:56:26.850 INFO: ===========VERIFYING SETTINGS===========
2025-08-15 23:56:26.850 INFO: MACE version: 0.3.14
2025-08-15 23:56:27.420 INFO: CUDA version: 12.6, CUDA device: 0
2025-08-15 23:56:27.799 INFO: Using foundation model /home/phanim/harshitrawat/summer/mace_models/universal/2024-01-07-mace-128-L2_epoch-199.model as initial checkpoint.
2025-08-15 23:56:27.800 WARNING: Using multiheads finetuning with a foundation model that is not a Materials Project model, need to provied a path to a pretraining file with --pt_train_file.
2025-08-15 23:56:27.800 INFO: ===========LOADING INPUT DATA===========
2025-08-15 23:56:27.800 INFO: Using heads: ['Default']
2025-08-15 23:56:27.800 INFO: Using the key specifications to parse data:
2025-08-15 23:56:27.800 INFO: Default: KeySpecification(info_keys={'energy': 'REF_energy', 'stress': 'REF_stress', 'virials': 'REF_virials', 'dipole': 'dipole', 'head': 'head', 'elec_temp': 'elec_temp', 'total_charge': 'total_charge', 'total_spin': 'total_spin'}, arrays_keys={'forces': 'REF_forces', 'charges': 'REF_charges'})
2025-08-15 23:56:27.800 INFO: =============    Processing head Default     ===========
2025-08-15 23:56:49.026 INFO: Training set 1/1 [energy: 7537, stress: 0, virials: 0, dipole components: 0, head: 7537, elec_temp: 0, total_charge: 0, total_spin: 0, forces: 7537, charges: 0]
2025-08-15 23:56:49.049 INFO: Total Training set [energy: 7537, stress: 0, virials: 0, dipole components: 0, head: 7537, elec_temp: 0, total_charge: 0, total_spin: 0, forces: 7537, charges: 0]
2025-08-15 23:56:52.011 INFO: Validation set 1/1 [energy: 2505, stress: 0, virials: 0, dipole components: 0, head: 2505, elec_temp: 0, total_charge: 0, total_spin: 0, forces: 2505, charges: 0]
2025-08-15 23:56:52.018 INFO: Total Validation set [energy: 2505, stress: 0, virials: 0, dipole components: 0, head: 2505, elec_temp: 0, total_charge: 0, total_spin: 0, forces: 2505, charges: 0]
2025-08-15 23:56:52.018 INFO: Total number of configurations: train=7537, valid=2505, tests=[],
2025-08-15 23:56:52.326 INFO: Atomic Numbers used: [3, 8, 40, 57]
2025-08-15 23:56:52.326 INFO: Isolated Atomic Energies (E0s) not in training file, using command line argument
2025-08-15 23:56:52.326 INFO: Computing average Atomic Energies using least squares regression
2025-08-15 23:56:52.371 INFO: Atomic Energies used (z: eV) for head Default: {3: -1.2313485088334661, 8: -14.324970891998225, 40: 7.229818579027988, 57: -9.0793589293354}
2025-08-15 23:56:52.371 INFO: Processing datasets for head 'Default'
2025-08-15 23:58:16.099 INFO: Combining 1 list datasets for head 'Default'
2025-08-15 23:58:26.127 INFO: Combining 1 list datasets for head 'Default_valid'
2025-08-15 23:58:26.127 INFO: Combined validation datasets for Default
2025-08-15 23:58:26.127 INFO: Head 'Default' training dataset size: 7537
2025-08-15 23:58:26.128 INFO: Computing average number of neighbors
2025-08-15 23:58:35.479 INFO: Average number of neighbors: 68.51869377846778
2025-08-15 23:58:35.482 INFO: During training the following quantities will be reported: energy, forces
2025-08-15 23:58:35.482 INFO: ===========MODEL DETAILS===========
2025-08-15 23:58:43.192 INFO: Loading FOUNDATION model
2025-08-15 23:58:43.193 INFO: Using filtered elements: [3, 8, 40, 57]
2025-08-15 23:58:43.193 INFO: Model configuration extracted from foundation model
2025-08-15 23:58:43.193 INFO: Using weighted loss function for fine-tuning
2025-08-15 23:58:43.194 INFO: Message passing with hidden irreps 128x0e+128x1o+128x2e)
2025-08-15 23:58:43.194 INFO: 2 layers, each with correlation order: 3 (body order: 4) and spherical harmonics up to: l=3
2025-08-15 23:58:43.194 INFO: Radial cutoff: 6.0 A (total receptive field for each atom: 12.0 A)
2025-08-15 23:58:43.194 INFO: Distance transform for radial basis functions: None
2025-08-15 23:58:44.873 INFO: Total number of parameters: 894362
2025-08-15 23:58:44.873 INFO: 
2025-08-15 23:58:44.873 INFO: ===========OPTIMIZER INFORMATION===========
2025-08-15 23:58:44.873 INFO: Using ADAM as parameter optimizer
2025-08-15 23:58:44.873 INFO: Batch size: 2
2025-08-15 23:58:44.874 INFO: Number of gradient updates: 489905
2025-08-15 23:58:44.874 INFO: Learning rate: 0.005, weight decay: 1e-08
2025-08-15 23:58:44.874 INFO: WeightedEnergyForcesLoss(energy_weight=100.000, forces_weight=40.000)
2025-08-15 23:58:44.879 WARNING: No SWA checkpoint found, while SWA is enabled. Compare the swa_start parameter and the latest checkpoint.
2025-08-15 23:58:44.879 INFO: Loading checkpoint: ./checkpoints/mace_iteration_2_T1_run-42_epoch-2.pt
2025-08-15 23:58:44.918 INFO: Using gradient clipping with tolerance=10.000
2025-08-15 23:58:44.918 INFO: 
2025-08-15 23:58:44.918 INFO: ===========TRAINING===========
2025-08-15 23:58:44.918 INFO: Started training, reporting errors on validation set
2025-08-15 23:58:44.918 INFO: Loss metrics on validation set
2025-08-16 00:01:54.985 INFO: Initial: head: Default, loss=8150.65181095, RMSE_E_per_atom= 1020.30 meV, RMSE_F= 2793.83 meV / A
2025-08-16 00:15:32.157 INFO: ===========VERIFYING SETTINGS===========
2025-08-16 00:15:32.157 INFO: MACE version: 0.3.14
2025-08-16 00:15:32.730 INFO: CUDA version: 12.6, CUDA device: 0
2025-08-16 00:15:33.246 INFO: Using foundation model /home/phanim/harshitrawat/summer/mace_models/universal/2024-01-07-mace-128-L2_epoch-199.model as initial checkpoint.
2025-08-16 00:15:33.249 WARNING: Using multiheads finetuning with a foundation model that is not a Materials Project model, need to provied a path to a pretraining file with --pt_train_file.
2025-08-16 00:15:33.249 INFO: ===========LOADING INPUT DATA===========
2025-08-16 00:15:33.249 INFO: Using heads: ['Default']
2025-08-16 00:15:33.249 INFO: Using the key specifications to parse data:
2025-08-16 00:15:33.249 INFO: Default: KeySpecification(info_keys={'energy': 'REF_energy', 'stress': 'REF_stress', 'virials': 'REF_virials', 'dipole': 'dipole', 'head': 'head', 'elec_temp': 'elec_temp', 'total_charge': 'total_charge', 'total_spin': 'total_spin'}, arrays_keys={'forces': 'REF_forces', 'charges': 'REF_charges'})
2025-08-16 00:15:33.249 INFO: =============    Processing head Default     ===========
2025-08-16 00:15:54.451 INFO: Training set 1/1 [energy: 7537, stress: 0, virials: 0, dipole components: 0, head: 7537, elec_temp: 0, total_charge: 0, total_spin: 0, forces: 7537, charges: 0]
2025-08-16 00:15:54.474 INFO: Total Training set [energy: 7537, stress: 0, virials: 0, dipole components: 0, head: 7537, elec_temp: 0, total_charge: 0, total_spin: 0, forces: 7537, charges: 0]
2025-08-16 00:15:57.399 INFO: Validation set 1/1 [energy: 2505, stress: 0, virials: 0, dipole components: 0, head: 2505, elec_temp: 0, total_charge: 0, total_spin: 0, forces: 2505, charges: 0]
2025-08-16 00:15:57.406 INFO: Total Validation set [energy: 2505, stress: 0, virials: 0, dipole components: 0, head: 2505, elec_temp: 0, total_charge: 0, total_spin: 0, forces: 2505, charges: 0]
2025-08-16 00:15:57.406 INFO: Total number of configurations: train=7537, valid=2505, tests=[],
2025-08-16 00:15:57.715 INFO: Atomic Numbers used: [3, 8, 40, 57]
2025-08-16 00:15:57.715 INFO: Isolated Atomic Energies (E0s) not in training file, using command line argument
2025-08-16 00:15:57.715 INFO: Computing average Atomic Energies using least squares regression
2025-08-16 00:15:57.761 INFO: Atomic Energies used (z: eV) for head Default: {3: -1.2313485088334661, 8: -14.324970891998225, 40: 7.229818579027988, 57: -9.0793589293354}
2025-08-16 00:15:57.761 INFO: Processing datasets for head 'Default'
2025-08-16 00:17:31.999 INFO: ===========VERIFYING SETTINGS===========
2025-08-16 00:17:31.999 INFO: MACE version: 0.3.14
2025-08-16 00:17:32.530 INFO: CUDA version: 12.6, CUDA device: 0
2025-08-16 00:17:33.067 INFO: Using foundation model /home/phanim/harshitrawat/summer/mace_models/universal/2024-01-07-mace-128-L2_epoch-199.model as initial checkpoint.
2025-08-16 00:17:33.068 WARNING: Using multiheads finetuning with a foundation model that is not a Materials Project model, need to provied a path to a pretraining file with --pt_train_file.
2025-08-16 00:17:33.068 INFO: ===========LOADING INPUT DATA===========
2025-08-16 00:17:33.068 INFO: Using heads: ['Default']
2025-08-16 00:17:33.068 INFO: Using the key specifications to parse data:
2025-08-16 00:17:33.068 INFO: Default: KeySpecification(info_keys={'energy': 'REF_energy', 'stress': 'REF_stress', 'virials': 'REF_virials', 'dipole': 'dipole', 'head': 'head', 'elec_temp': 'elec_temp', 'total_charge': 'total_charge', 'total_spin': 'total_spin'}, arrays_keys={'forces': 'REF_forces', 'charges': 'REF_charges'})
2025-08-16 00:17:33.068 INFO: =============    Processing head Default     ===========
2025-08-16 00:17:54.414 INFO: Training set 1/1 [energy: 7537, stress: 0, virials: 0, dipole components: 0, head: 7537, elec_temp: 0, total_charge: 0, total_spin: 0, forces: 7537, charges: 0]
2025-08-16 00:17:54.439 INFO: Total Training set [energy: 7537, stress: 0, virials: 0, dipole components: 0, head: 7537, elec_temp: 0, total_charge: 0, total_spin: 0, forces: 7537, charges: 0]
2025-08-16 00:17:57.427 INFO: Validation set 1/1 [energy: 2505, stress: 0, virials: 0, dipole components: 0, head: 2505, elec_temp: 0, total_charge: 0, total_spin: 0, forces: 2505, charges: 0]
2025-08-16 00:17:57.434 INFO: Total Validation set [energy: 2505, stress: 0, virials: 0, dipole components: 0, head: 2505, elec_temp: 0, total_charge: 0, total_spin: 0, forces: 2505, charges: 0]
2025-08-16 00:17:57.434 INFO: Total number of configurations: train=7537, valid=2505, tests=[],
2025-08-16 00:17:57.742 INFO: Atomic Numbers used: [3, 8, 40, 57]
2025-08-16 00:17:57.743 INFO: Isolated Atomic Energies (E0s) not in training file, using command line argument
2025-08-16 00:17:57.743 INFO: Computing average Atomic Energies using least squares regression
2025-08-16 00:17:57.790 INFO: Atomic Energies used (z: eV) for head Default: {3: -1.2313485088334661, 8: -14.324970891998225, 40: 7.229818579027988, 57: -9.0793589293354}
2025-08-16 00:17:57.790 INFO: Processing datasets for head 'Default'
2025-08-16 00:19:21.409 INFO: Combining 1 list datasets for head 'Default'
2025-08-16 00:19:31.433 INFO: Combining 1 list datasets for head 'Default_valid'
2025-08-16 00:19:31.433 INFO: Combined validation datasets for Default
2025-08-16 00:19:31.433 INFO: Head 'Default' training dataset size: 7537
2025-08-16 00:19:31.434 INFO: Computing average number of neighbors
2025-08-16 00:19:40.793 INFO: Average number of neighbors: 68.51869377846778
2025-08-16 00:19:40.797 INFO: During training the following quantities will be reported: energy, forces
2025-08-16 00:19:40.797 INFO: ===========MODEL DETAILS===========
2025-08-16 00:19:48.665 INFO: Loading FOUNDATION model
2025-08-16 00:19:48.667 INFO: Using filtered elements: [3, 8, 40, 57]
2025-08-16 00:19:48.667 INFO: Model configuration extracted from foundation model
2025-08-16 00:19:48.667 INFO: Using weighted loss function for fine-tuning
2025-08-16 00:19:48.667 INFO: Message passing with hidden irreps 128x0e+128x1o+128x2e)
2025-08-16 00:19:48.667 INFO: 2 layers, each with correlation order: 3 (body order: 4) and spherical harmonics up to: l=3
2025-08-16 00:19:48.667 INFO: Radial cutoff: 6.0 A (total receptive field for each atom: 12.0 A)
2025-08-16 00:19:48.667 INFO: Distance transform for radial basis functions: None
2025-08-16 00:19:50.332 INFO: Total number of parameters: 894362
2025-08-16 00:19:50.332 INFO: 
2025-08-16 00:19:50.332 INFO: ===========OPTIMIZER INFORMATION===========
2025-08-16 00:19:50.332 INFO: Using ADAM as parameter optimizer
2025-08-16 00:19:50.332 INFO: Batch size: 2
2025-08-16 00:19:50.332 INFO: Number of gradient updates: 489905
2025-08-16 00:19:50.332 INFO: Learning rate: 0.005, weight decay: 1e-08
2025-08-16 00:19:50.332 INFO: WeightedEnergyForcesLoss(energy_weight=100.000, forces_weight=40.000)
2025-08-16 00:19:50.338 WARNING: No SWA checkpoint found, while SWA is enabled. Compare the swa_start parameter and the latest checkpoint.
2025-08-16 00:19:50.338 INFO: Loading checkpoint: ./checkpoints/mace_iteration_2_T1_run-42_epoch-2.pt
2025-08-16 00:19:50.376 INFO: Using gradient clipping with tolerance=10.000
2025-08-16 00:19:50.376 INFO: 
2025-08-16 00:19:50.376 INFO: ===========TRAINING===========
2025-08-16 00:19:50.376 INFO: Started training, reporting errors on validation set
2025-08-16 00:19:50.376 INFO: Loss metrics on validation set
2025-08-16 00:20:43.261 INFO: ===========VERIFYING SETTINGS===========
2025-08-16 00:20:43.261 INFO: MACE version: 0.3.14
2025-08-16 00:20:43.930 INFO: CUDA version: 12.6, CUDA device: 0
2025-08-16 00:20:44.496 INFO: Using foundation model /home/phanim/harshitrawat/summer/mace_models/universal/2024-01-07-mace-128-L2_epoch-199.model as initial checkpoint.
2025-08-16 00:20:44.497 WARNING: Using multiheads finetuning with a foundation model that is not a Materials Project model, need to provied a path to a pretraining file with --pt_train_file.
2025-08-16 00:20:44.497 INFO: ===========LOADING INPUT DATA===========
2025-08-16 00:20:44.497 INFO: Using heads: ['Default']
2025-08-16 00:20:44.497 INFO: Using the key specifications to parse data:
2025-08-16 00:20:44.497 INFO: Default: KeySpecification(info_keys={'energy': 'REF_energy', 'stress': 'REF_stress', 'virials': 'REF_virials', 'dipole': 'dipole', 'head': 'head', 'elec_temp': 'elec_temp', 'total_charge': 'total_charge', 'total_spin': 'total_spin'}, arrays_keys={'forces': 'REF_forces', 'charges': 'REF_charges'})
2025-08-16 00:20:44.497 INFO: =============    Processing head Default     ===========
2025-08-16 00:21:05.876 INFO: Training set 1/1 [energy: 7537, stress: 0, virials: 0, dipole components: 0, head: 7537, elec_temp: 0, total_charge: 0, total_spin: 0, forces: 7537, charges: 0]
2025-08-16 00:21:05.900 INFO: Total Training set [energy: 7537, stress: 0, virials: 0, dipole components: 0, head: 7537, elec_temp: 0, total_charge: 0, total_spin: 0, forces: 7537, charges: 0]
2025-08-16 00:21:08.877 INFO: Validation set 1/1 [energy: 2505, stress: 0, virials: 0, dipole components: 0, head: 2505, elec_temp: 0, total_charge: 0, total_spin: 0, forces: 2505, charges: 0]
2025-08-16 00:21:08.883 INFO: Total Validation set [energy: 2505, stress: 0, virials: 0, dipole components: 0, head: 2505, elec_temp: 0, total_charge: 0, total_spin: 0, forces: 2505, charges: 0]
2025-08-16 00:21:08.884 INFO: Total number of configurations: train=7537, valid=2505, tests=[],
2025-08-16 00:21:09.191 INFO: Atomic Numbers used: [3, 8, 40, 57]
2025-08-16 00:21:09.191 INFO: Isolated Atomic Energies (E0s) not in training file, using command line argument
2025-08-16 00:21:09.191 INFO: Computing average Atomic Energies using least squares regression
2025-08-16 00:21:09.237 INFO: Atomic Energies used (z: eV) for head Default: {3: -1.2313485088334661, 8: -14.324970891998225, 40: 7.229818579027988, 57: -9.0793589293354}
2025-08-16 00:21:09.237 INFO: Processing datasets for head 'Default'
2025-08-16 00:22:33.543 INFO: Combining 1 list datasets for head 'Default'
2025-08-16 00:22:43.556 INFO: Combining 1 list datasets for head 'Default_valid'
2025-08-16 00:22:43.557 INFO: Combined validation datasets for Default
2025-08-16 00:22:43.557 INFO: Head 'Default' training dataset size: 7537
2025-08-16 00:22:43.557 INFO: Computing average number of neighbors
2025-08-16 00:22:53.200 INFO: Average number of neighbors: 68.51869377846778
2025-08-16 00:22:53.205 INFO: During training the following quantities will be reported: energy, forces
2025-08-16 00:22:53.205 INFO: ===========MODEL DETAILS===========
2025-08-16 00:23:00.901 INFO: Loading FOUNDATION model
2025-08-16 00:23:00.903 INFO: Using filtered elements: [3, 8, 40, 57]
2025-08-16 00:23:00.903 INFO: Model configuration extracted from foundation model
2025-08-16 00:23:00.903 INFO: Using weighted loss function for fine-tuning
2025-08-16 00:23:00.903 INFO: Message passing with hidden irreps 128x0e+128x1o+128x2e)
2025-08-16 00:23:00.903 INFO: 2 layers, each with correlation order: 3 (body order: 4) and spherical harmonics up to: l=3
2025-08-16 00:23:00.903 INFO: Radial cutoff: 6.0 A (total receptive field for each atom: 12.0 A)
2025-08-16 00:23:00.903 INFO: Distance transform for radial basis functions: None
2025-08-16 00:23:02.574 INFO: Total number of parameters: 894362
2025-08-16 00:23:02.574 INFO: 
2025-08-16 00:23:02.574 INFO: ===========OPTIMIZER INFORMATION===========
2025-08-16 00:23:02.574 INFO: Using ADAM as parameter optimizer
2025-08-16 00:23:02.574 INFO: Batch size: 2
2025-08-16 00:23:02.574 INFO: Number of gradient updates: 489905
2025-08-16 00:23:02.574 INFO: Learning rate: 0.005, weight decay: 1e-08
2025-08-16 00:23:02.574 INFO: WeightedEnergyForcesLoss(energy_weight=100.000, forces_weight=40.000)
2025-08-16 00:23:02.582 WARNING: No SWA checkpoint found, while SWA is enabled. Compare the swa_start parameter and the latest checkpoint.
2025-08-16 00:23:02.582 INFO: Loading checkpoint: ./checkpoints/mace_iteration_2_T1_run-42_epoch-2.pt
2025-08-16 00:23:02.620 INFO: Using gradient clipping with tolerance=10.000
2025-08-16 00:23:02.621 INFO: 
2025-08-16 00:23:02.621 INFO: ===========TRAINING===========
2025-08-16 00:23:02.621 INFO: Started training, reporting errors on validation set
2025-08-16 00:23:02.621 INFO: Loss metrics on validation set
2025-08-16 00:26:11.823 INFO: Initial: head: Default, loss=8150.65181095, RMSE_E_per_atom= 1020.30 meV, RMSE_F= 2793.83 meV / A
2025-08-16 01:00:32.513 INFO: Epoch 2: head: Default, loss=9720.40821066, RMSE_E_per_atom=  890.51 meV, RMSE_F= 3153.25 meV / A
2025-08-16 01:34:50.936 INFO: Epoch 3: head: Default, loss=6708.65909325, RMSE_E_per_atom=  862.65 meV, RMSE_F= 2484.03 meV / A
