2025-08-18 15:19:05.878 INFO: ===========VERIFYING SETTINGS===========
2025-08-18 15:19:05.878 INFO: MACE version: 0.3.14
2025-08-18 15:19:06.204 INFO: CUDA version: 12.6, CUDA device: 0
2025-08-18 15:19:07.152 INFO: Using foundation model /home/phanim/harshitrawat/summer/mace_models/universal/2024-01-07-mace-128-L2_epoch-199.model as initial checkpoint.
2025-08-18 15:19:07.153 WARNING: Using multiheads finetuning with a foundation model that is not a Materials Project model, need to provied a path to a pretraining file with --pt_train_file.
2025-08-18 15:19:07.153 INFO: ===========LOADING INPUT DATA===========
2025-08-18 15:19:07.153 INFO: Using heads: ['Default']
2025-08-18 15:19:07.153 INFO: Using the key specifications to parse data:
2025-08-18 15:19:07.154 INFO: Default: KeySpecification(info_keys={'energy': 'REF_energy', 'stress': 'REF_stress', 'virials': 'REF_virials', 'dipole': 'dipole', 'head': 'head', 'elec_temp': 'elec_temp', 'total_charge': 'total_charge', 'total_spin': 'total_spin'}, arrays_keys={'forces': 'REF_forces', 'charges': 'REF_charges'})
2025-08-18 15:19:07.154 INFO: =============    Processing head Default     ===========
2025-08-18 15:19:13.402 INFO: Using isolated atom energies from training file
2025-08-18 15:19:13.630 INFO: Training set 1/1 [energy: 2812, stress: 0, virials: 0, dipole components: 0, head: 2812, elec_temp: 0, total_charge: 0, total_spin: 0, forces: 2812, charges: 0]
2025-08-18 15:19:13.638 INFO: Total Training set [energy: 2812, stress: 0, virials: 0, dipole components: 0, head: 2812, elec_temp: 0, total_charge: 0, total_spin: 0, forces: 2812, charges: 0]
2025-08-18 15:19:16.276 INFO: Validation set 1/1 [energy: 2505, stress: 0, virials: 0, dipole components: 0, head: 2505, elec_temp: 0, total_charge: 0, total_spin: 0, forces: 2505, charges: 0]
2025-08-18 15:19:16.284 INFO: Total Validation set [energy: 2505, stress: 0, virials: 0, dipole components: 0, head: 2505, elec_temp: 0, total_charge: 0, total_spin: 0, forces: 2505, charges: 0]
2025-08-18 15:19:16.284 INFO: Total number of configurations: train=2812, valid=2505, tests=[],
2025-08-18 15:19:16.382 INFO: Atomic Numbers used: [3, 8, 40, 57]
2025-08-18 15:19:16.382 INFO: Atomic Energies used (z: eV) for head Default: {3: -1.882089, 8: -4.913321, 40: -8.509101, 57: -4.894711}
2025-08-18 15:19:16.382 INFO: Processing datasets for head 'Default'
2025-08-18 15:19:36.394 INFO: Combining 1 list datasets for head 'Default'
2025-08-18 15:19:45.731 INFO: Combining 1 list datasets for head 'Default_valid'
2025-08-18 15:19:45.731 INFO: Combined validation datasets for Default
2025-08-18 15:19:45.731 INFO: Head 'Default' training dataset size: 2812
2025-08-18 15:19:45.732 INFO: Computing average number of neighbors
2025-08-18 15:19:48.568 INFO: Average number of neighbors: 67.31953374096544
2025-08-18 15:19:48.568 INFO: During training the following quantities will be reported: energy, forces
2025-08-18 15:19:48.568 INFO: ===========MODEL DETAILS===========
2025-08-18 15:19:50.827 INFO: Loading FOUNDATION model
2025-08-18 15:19:50.828 INFO: Using filtered elements: [3, 8, 40, 57]
2025-08-18 15:19:50.828 INFO: Model configuration extracted from foundation model
2025-08-18 15:19:50.828 INFO: Using weighted loss function for fine-tuning
2025-08-18 15:19:50.828 INFO: Message passing with hidden irreps 128x0e+128x1o+128x2e)
2025-08-18 15:19:50.828 INFO: 2 layers, each with correlation order: 3 (body order: 4) and spherical harmonics up to: l=3
2025-08-18 15:19:50.828 INFO: Radial cutoff: 6.0 A (total receptive field for each atom: 12.0 A)
2025-08-18 15:19:50.828 INFO: Distance transform for radial basis functions: None
2025-08-18 15:19:52.149 INFO: Total number of parameters: 894362
2025-08-18 15:19:52.150 INFO: 
2025-08-18 15:19:52.150 INFO: ===========OPTIMIZER INFORMATION===========
2025-08-18 15:19:52.150 INFO: Using ADAM as parameter optimizer
2025-08-18 15:19:52.150 INFO: Batch size: 2
2025-08-18 15:19:52.150 INFO: Number of gradient updates: 182780
2025-08-18 15:19:52.150 INFO: Learning rate: 0.0002, weight decay: 1e-08
2025-08-18 15:19:52.150 INFO: WeightedEnergyForcesLoss(energy_weight=10.000, forces_weight=40.000)
2025-08-18 15:19:52.371 WARNING: Cannot find checkpoint with tag 'mace_it_2_T2_universal_loss_isolated_chgnet_run-42' in './checkpoints'
2025-08-18 15:19:52.371 INFO: Using gradient clipping with tolerance=2.000
2025-08-18 15:19:52.371 INFO: 
2025-08-18 15:19:52.371 INFO: ===========TRAINING===========
2025-08-18 15:19:52.371 INFO: Started training, reporting errors on validation set
2025-08-18 15:19:52.371 INFO: Loss metrics on validation set
2025-08-18 15:23:01.399 INFO: Initial: head: Default, loss=717595543586632.75000000, RMSE_E_per_atom=194676740.73 meV, RMSE_F=1092913895.41 meV / A
