2025-08-18 14:55:06.371 INFO: ===========VERIFYING SETTINGS===========
2025-08-18 14:55:06.371 INFO: MACE version: 0.3.14
2025-08-18 14:55:06.912 INFO: CUDA version: 12.6, CUDA device: 0
2025-08-18 14:55:07.689 INFO: Using foundation model /home/phanim/harshitrawat/summer/mace_models/universal/2024-01-07-mace-128-L2_epoch-199.model as initial checkpoint.
2025-08-18 14:55:07.690 WARNING: Using multiheads finetuning with a foundation model that is not a Materials Project model, need to provied a path to a pretraining file with --pt_train_file.
2025-08-18 14:55:07.690 INFO: ===========LOADING INPUT DATA===========
2025-08-18 14:55:07.690 INFO: Using heads: ['Default']
2025-08-18 14:55:07.690 INFO: Using the key specifications to parse data:
2025-08-18 14:55:07.690 INFO: Default: KeySpecification(info_keys={'energy': 'REF_energy', 'stress': 'REF_stress', 'virials': 'REF_virials', 'dipole': 'dipole', 'head': 'head', 'elec_temp': 'elec_temp', 'total_charge': 'total_charge', 'total_spin': 'total_spin'}, arrays_keys={'forces': 'REF_forces', 'charges': 'REF_charges'})
2025-08-18 14:55:07.690 INFO: =============    Processing head Default     ===========
2025-08-18 14:57:16.091 INFO: ===========VERIFYING SETTINGS===========
2025-08-18 14:57:16.091 INFO: MACE version: 0.3.14
2025-08-18 14:57:16.738 INFO: CUDA version: 12.6, CUDA device: 0
2025-08-18 14:57:17.190 INFO: Using foundation model /home/phanim/harshitrawat/summer/mace_models/universal/2024-01-07-mace-128-L2_epoch-199.model as initial checkpoint.
2025-08-18 14:57:17.191 WARNING: Using multiheads finetuning with a foundation model that is not a Materials Project model, need to provied a path to a pretraining file with --pt_train_file.
2025-08-18 14:57:17.191 INFO: ===========LOADING INPUT DATA===========
2025-08-18 14:57:17.191 INFO: Using heads: ['Default']
2025-08-18 14:57:17.191 INFO: Using the key specifications to parse data:
2025-08-18 14:57:17.191 INFO: Default: KeySpecification(info_keys={'energy': 'REF_energy', 'stress': 'REF_stress', 'virials': 'REF_virials', 'dipole': 'dipole', 'head': 'head', 'elec_temp': 'elec_temp', 'total_charge': 'total_charge', 'total_spin': 'total_spin'}, arrays_keys={'forces': 'REF_forces', 'charges': 'REF_charges'})
2025-08-18 14:57:17.191 INFO: =============    Processing head Default     ===========
2025-08-18 14:57:22.793 INFO: Training set 1/1 [energy: 2773, stress: 0, virials: 0, dipole components: 0, head: 2773, elec_temp: 0, total_charge: 0, total_spin: 0, forces: 2773, charges: 0]
2025-08-18 14:57:22.800 INFO: Total Training set [energy: 2773, stress: 0, virials: 0, dipole components: 0, head: 2773, elec_temp: 0, total_charge: 0, total_spin: 0, forces: 2773, charges: 0]
2025-08-18 14:57:25.455 INFO: Validation set 1/1 [energy: 2505, stress: 0, virials: 0, dipole components: 0, head: 2505, elec_temp: 0, total_charge: 0, total_spin: 0, forces: 2505, charges: 0]
2025-08-18 14:57:25.462 INFO: Total Validation set [energy: 2505, stress: 0, virials: 0, dipole components: 0, head: 2505, elec_temp: 0, total_charge: 0, total_spin: 0, forces: 2505, charges: 0]
2025-08-18 14:57:25.462 INFO: Total number of configurations: train=2773, valid=2505, tests=[],
2025-08-18 14:57:25.561 INFO: Atomic Numbers used: [3, 8, 40, 57]
2025-08-18 14:57:25.561 INFO: Isolated Atomic Energies (E0s) not in training file, using command line argument
2025-08-18 14:57:25.561 INFO: Computing average Atomic Energies using least squares regression
2025-08-18 14:57:25.575 INFO: Atomic Energies used (z: eV) for head Default: {3: -1.2785249224810222, 8: -11.223045987492995, 40: 5.193197603746068, 57: -19.225222662804924}
2025-08-18 14:57:25.575 INFO: Processing datasets for head 'Default'
2025-08-18 14:57:45.635 INFO: Combining 1 list datasets for head 'Default'
2025-08-18 14:57:54.898 INFO: Combining 1 list datasets for head 'Default_valid'
2025-08-18 14:57:54.898 INFO: Combined validation datasets for Default
2025-08-18 14:57:54.898 INFO: Head 'Default' training dataset size: 2773
2025-08-18 14:57:54.899 INFO: Computing average number of neighbors
2025-08-18 14:57:57.717 INFO: Average number of neighbors: 67.32635519731062
2025-08-18 14:57:57.717 INFO: During training the following quantities will be reported: energy, forces, stress
2025-08-18 14:57:57.717 INFO: ===========MODEL DETAILS===========
2025-08-18 14:57:59.855 INFO: Loading FOUNDATION model
2025-08-18 14:57:59.856 INFO: Using filtered elements: [3, 8, 40, 57]
2025-08-18 14:57:59.856 INFO: Model configuration extracted from foundation model
2025-08-18 14:57:59.856 INFO: Using universal loss function for fine-tuning
2025-08-18 14:57:59.856 INFO: Message passing with hidden irreps 128x0e+128x1o+128x2e)
2025-08-18 14:57:59.856 INFO: 2 layers, each with correlation order: 3 (body order: 4) and spherical harmonics up to: l=3
2025-08-18 14:57:59.856 INFO: Radial cutoff: 6.0 A (total receptive field for each atom: 12.0 A)
2025-08-18 14:57:59.856 INFO: Distance transform for radial basis functions: None
2025-08-18 14:58:01.159 INFO: Total number of parameters: 894362
2025-08-18 14:58:01.159 INFO: 
2025-08-18 14:58:01.159 INFO: ===========OPTIMIZER INFORMATION===========
2025-08-18 14:58:01.159 INFO: Using ADAM as parameter optimizer
2025-08-18 14:58:01.159 INFO: Batch size: 2
2025-08-18 14:58:01.159 INFO: Number of gradient updates: 180245
2025-08-18 14:58:01.159 INFO: Learning rate: 0.0001, weight decay: 1e-08
2025-08-18 14:58:01.159 INFO: UniversalLoss(energy_weight=100.000, forces_weight=40.000, stress_weight=1.000)
2025-08-18 14:58:01.328 WARNING: Cannot find checkpoint with tag 'mace_it_2_T2_universal_loss_fcut200_avg_run-42' in './checkpoints'
2025-08-18 14:58:01.328 INFO: Using gradient clipping with tolerance=2.000
2025-08-18 14:58:01.328 INFO: 
2025-08-18 14:58:01.328 INFO: ===========TRAINING===========
2025-08-18 14:58:01.328 INFO: Started training, reporting errors on validation set
2025-08-18 14:58:01.328 INFO: Loss metrics on validation set
2025-08-18 15:02:32.191 INFO: Initial: head: Default, loss=22837.33373301, RMSE_E_per_atom=194676960.58 meV, RMSE_F=1092913895.41 meV / A, RMSE_stress=11844695.92 meV / A^3
2025-08-18 15:05:04.949 INFO: ===========VERIFYING SETTINGS===========
2025-08-18 15:05:04.950 INFO: MACE version: 0.3.14
2025-08-18 15:05:05.518 INFO: CUDA version: 12.6, CUDA device: 0
2025-08-18 15:05:05.990 INFO: Using foundation model /home/phanim/harshitrawat/summer/mace_models/universal/2024-01-07-mace-128-L2_epoch-199.model as initial checkpoint.
2025-08-18 15:05:05.991 WARNING: Using multiheads finetuning with a foundation model that is not a Materials Project model, need to provied a path to a pretraining file with --pt_train_file.
2025-08-18 15:05:05.991 INFO: ===========LOADING INPUT DATA===========
2025-08-18 15:05:05.991 INFO: Using heads: ['Default']
2025-08-18 15:05:05.991 INFO: Using the key specifications to parse data:
2025-08-18 15:05:05.991 INFO: Default: KeySpecification(info_keys={'energy': 'REF_energy', 'stress': 'REF_stress', 'virials': 'REF_virials', 'dipole': 'dipole', 'head': 'head', 'elec_temp': 'elec_temp', 'total_charge': 'total_charge', 'total_spin': 'total_spin'}, arrays_keys={'forces': 'REF_forces', 'charges': 'REF_charges'})
2025-08-18 15:05:05.991 INFO: =============    Processing head Default     ===========
2025-08-18 15:05:11.622 INFO: Training set 1/1 [energy: 2773, stress: 0, virials: 0, dipole components: 0, head: 2773, elec_temp: 0, total_charge: 0, total_spin: 0, forces: 2773, charges: 0]
2025-08-18 15:05:11.629 INFO: Total Training set [energy: 2773, stress: 0, virials: 0, dipole components: 0, head: 2773, elec_temp: 0, total_charge: 0, total_spin: 0, forces: 2773, charges: 0]
2025-08-18 15:05:14.302 INFO: Validation set 1/1 [energy: 2505, stress: 0, virials: 0, dipole components: 0, head: 2505, elec_temp: 0, total_charge: 0, total_spin: 0, forces: 2505, charges: 0]
2025-08-18 15:05:14.309 INFO: Total Validation set [energy: 2505, stress: 0, virials: 0, dipole components: 0, head: 2505, elec_temp: 0, total_charge: 0, total_spin: 0, forces: 2505, charges: 0]
2025-08-18 15:05:14.309 INFO: Total number of configurations: train=2773, valid=2505, tests=[],
2025-08-18 15:05:14.409 INFO: Atomic Numbers used: [3, 8, 40, 57]
2025-08-18 15:05:14.409 INFO: Isolated Atomic Energies (E0s) not in training file, using command line argument
2025-08-18 15:05:14.409 INFO: Computing average Atomic Energies using least squares regression
2025-08-18 15:05:14.424 INFO: Atomic Energies used (z: eV) for head Default: {3: -1.2785249224810222, 8: -11.223045987492995, 40: 5.193197603746068, 57: -19.225222662804924}
2025-08-18 15:05:14.424 INFO: Processing datasets for head 'Default'
2025-08-18 15:05:35.981 INFO: Combining 1 list datasets for head 'Default'
2025-08-18 15:05:45.255 INFO: Combining 1 list datasets for head 'Default_valid'
2025-08-18 15:05:45.255 INFO: Combined validation datasets for Default
2025-08-18 15:05:45.255 INFO: Head 'Default' training dataset size: 2773
2025-08-18 15:05:45.255 INFO: Computing average number of neighbors
2025-08-18 15:05:48.101 INFO: Average number of neighbors: 67.32635519731062
2025-08-18 15:05:48.102 INFO: During training the following quantities will be reported: energy, forces, stress
2025-08-18 15:05:48.102 INFO: ===========MODEL DETAILS===========
2025-08-18 15:05:50.294 INFO: Loading FOUNDATION model
2025-08-18 15:05:50.295 INFO: Using filtered elements: [3, 8, 40, 57]
2025-08-18 15:05:50.295 INFO: Model configuration extracted from foundation model
2025-08-18 15:05:50.295 INFO: Using universal loss function for fine-tuning
2025-08-18 15:05:50.295 INFO: Message passing with hidden irreps 128x0e+128x1o+128x2e)
2025-08-18 15:05:50.295 INFO: 2 layers, each with correlation order: 3 (body order: 4) and spherical harmonics up to: l=3
2025-08-18 15:05:50.295 INFO: Radial cutoff: 6.0 A (total receptive field for each atom: 12.0 A)
2025-08-18 15:05:50.295 INFO: Distance transform for radial basis functions: None
2025-08-18 15:05:51.564 INFO: Total number of parameters: 894362
2025-08-18 15:05:51.564 INFO: 
2025-08-18 15:05:51.564 INFO: ===========OPTIMIZER INFORMATION===========
2025-08-18 15:05:51.564 INFO: Using ADAM as parameter optimizer
2025-08-18 15:05:51.564 INFO: Batch size: 2
2025-08-18 15:05:51.564 INFO: Number of gradient updates: 180245
2025-08-18 15:05:51.564 INFO: Learning rate: 0.01, weight decay: 1e-08
2025-08-18 15:05:51.564 INFO: UniversalLoss(energy_weight=100.000, forces_weight=40.000, stress_weight=1.000)
2025-08-18 15:05:51.575 WARNING: Cannot find checkpoint with tag 'mace_it_2_T2_universal_loss_fcut200_avg_run-42' in './checkpoints'
2025-08-18 15:05:51.575 INFO: Using gradient clipping with tolerance=2.000
2025-08-18 15:05:51.575 INFO: 
2025-08-18 15:05:51.575 INFO: ===========TRAINING===========
2025-08-18 15:05:51.575 INFO: Started training, reporting errors on validation set
2025-08-18 15:05:51.575 INFO: Loss metrics on validation set
2025-08-18 15:10:21.247 INFO: Initial: head: Default, loss=22837.33373301, RMSE_E_per_atom=194676960.58 meV, RMSE_F=1092913895.41 meV / A, RMSE_stress=11844695.92 meV / A^3
2025-08-18 15:23:24.529 INFO: Epoch 0: head: Default, loss=3.26330714, RMSE_E_per_atom= 1677.81 meV, RMSE_F= 3492.53 meV / A, RMSE_stress=  255.64 meV / A^3
