2025-08-11 22:11:51.048 INFO: ===========VERIFYING SETTINGS===========
2025-08-11 22:11:51.048 INFO: MACE version: 0.3.14
2025-08-11 22:11:51.416 INFO: CUDA version: 12.6, CUDA device: 0
2025-08-11 22:11:53.084 INFO: Using foundation model /home/phanim/harshitrawat/summer/mace_models/universal/2024-01-07-mace-128-L2_epoch-199.model as initial checkpoint.
2025-08-11 22:26:30.858 INFO: ===========VERIFYING SETTINGS===========
2025-08-11 22:26:30.858 INFO: MACE version: 0.3.14
2025-08-11 22:26:31.177 INFO: CUDA version: 12.6, CUDA device: 0
2025-08-11 22:26:31.751 INFO: Using foundation model /home/phanim/harshitrawat/summer/mace_models/universal/2024-01-07-mace-128-L2_epoch-199.model as initial checkpoint.
2025-08-11 22:26:31.752 INFO: Multihead finetuning mode, setting learning rate to 0.0001 and EMA to True. To use a different learning rate, set --force_mh_ft_lr=True.
2025-08-11 22:26:31.752 INFO: Using multiheads finetuning mode, setting learning rate to 0.0001 and EMA to True
2025-08-11 22:26:31.752 INFO: ===========LOADING INPUT DATA===========
2025-08-11 22:26:31.752 INFO: Using heads: ['Default', 'pt_head']
2025-08-11 22:26:31.752 INFO: Using the key specifications to parse data:
2025-08-11 22:26:31.752 INFO: Default: KeySpecification(info_keys={'energy': 'REF_energy', 'stress': 'REF_stress', 'virials': 'REF_virials', 'dipole': 'dipole', 'head': 'head', 'elec_temp': 'elec_temp', 'total_charge': 'total_charge', 'polarizability': 'polarizability', 'total_spin': 'total_spin'}, arrays_keys={'forces': 'REF_forces', 'charges': 'REF_charges'})
2025-08-11 22:26:31.752 INFO: pt_head: KeySpecification(info_keys={'energy': 'REF_energy', 'stress': 'REF_stress', 'virials': 'REF_virials', 'dipole': 'dipole', 'head': 'head', 'elec_temp': 'elec_temp', 'total_charge': 'total_charge', 'polarizability': 'polarizability', 'total_spin': 'total_spin'}, arrays_keys={'forces': 'REF_forces', 'charges': 'REF_charges'})
2025-08-11 22:26:31.752 INFO: =============    Processing head Default     ===========
2025-08-12 00:48:02.186 INFO: ===========VERIFYING SETTINGS===========
2025-08-12 00:48:02.186 INFO: MACE version: 0.3.14
2025-08-12 00:48:02.833 INFO: CUDA version: 12.6, CUDA device: 0
2025-08-12 00:48:03.550 INFO: Using foundation model /home/phanim/harshitrawat/summer/mace_models/universal/2024-01-07-mace-128-L2_epoch-199.model as initial checkpoint.
2025-08-12 00:48:03.551 INFO: Multihead finetuning mode, setting learning rate to 0.0001 and EMA to True. To use a different learning rate, set --force_mh_ft_lr=True.
2025-08-12 00:48:03.551 INFO: Using multiheads finetuning mode, setting learning rate to 0.0001 and EMA to True
2025-08-12 00:48:03.551 INFO: ===========LOADING INPUT DATA===========
2025-08-12 00:48:03.551 INFO: Using heads: ['Default', 'pt_head']
2025-08-12 00:48:03.551 INFO: Using the key specifications to parse data:
2025-08-12 00:48:03.551 INFO: Default: KeySpecification(info_keys={'energy': 'energy', 'stress': 'REF_stress', 'virials': 'REF_virials', 'dipole': 'dipole', 'head': 'head', 'elec_temp': 'elec_temp', 'total_charge': 'total_charge', 'polarizability': 'polarizability', 'total_spin': 'total_spin'}, arrays_keys={'forces': 'forces', 'charges': 'REF_charges'})
2025-08-12 00:48:03.551 INFO: pt_head: KeySpecification(info_keys={'energy': 'energy', 'stress': 'REF_stress', 'virials': 'REF_virials', 'dipole': 'dipole', 'head': 'head', 'elec_temp': 'elec_temp', 'total_charge': 'total_charge', 'polarizability': 'polarizability', 'total_spin': 'total_spin'}, arrays_keys={'forces': 'forces', 'charges': 'REF_charges'})
2025-08-12 00:48:03.551 INFO: =============    Processing head Default     ===========
2025-08-12 00:48:21.901 WARNING: Since ASE version 3.23.0b1, using energy_key 'energy' is no longer safe when communicating between MACE and ASE. We recommend using a different key, rewriting 'energy' to 'REF_energy'. You need to use --energy_key='REF_energy' to specify the chosen key name.
2025-08-12 00:48:22.399 WARNING: Since ASE version 3.23.0b1, using forces_key 'forces' is no longer safe when communicating between MACE and ASE. We recommend using a different key, rewriting 'forces' to 'REF_forces'. You need to use --forces_key='REF_forces' to specify the chosen key name.
2025-08-12 00:48:23.446 INFO: Training set 1/1 [energy: 5986, stress: 0, virials: 0, dipole components: 0, head: 5986, elec_temp: 0, total_charge: 0, polarizability: 0, total_spin: 0, forces: 5986, charges: 0]
2025-08-12 00:48:23.463 INFO: Total Training set [energy: 5986, stress: 0, virials: 0, dipole components: 0, head: 5986, elec_temp: 0, total_charge: 0, polarizability: 0, total_spin: 0, forces: 5986, charges: 0]
2025-08-12 00:48:23.627 WARNING: Since ASE version 3.23.0b1, using energy_key 'energy' is no longer safe when communicating between MACE and ASE. We recommend using a different key, rewriting 'energy' to 'REF_energy'. You need to use --energy_key='REF_energy' to specify the chosen key name.
2025-08-12 00:48:23.669 WARNING: Since ASE version 3.23.0b1, using forces_key 'forces' is no longer safe when communicating between MACE and ASE. We recommend using a different key, rewriting 'forces' to 'REF_forces'. You need to use --forces_key='REF_forces' to specify the chosen key name.
2025-08-12 00:48:23.720 INFO: Validation set 1/1 [energy: 640, stress: 0, virials: 0, dipole components: 0, head: 640, elec_temp: 0, total_charge: 0, polarizability: 0, total_spin: 0, forces: 640, charges: 0]
2025-08-12 00:48:23.722 INFO: Total Validation set [energy: 640, stress: 0, virials: 0, dipole components: 0, head: 640, elec_temp: 0, total_charge: 0, polarizability: 0, total_spin: 0, forces: 640, charges: 0]
2025-08-12 00:48:23.722 INFO: Total number of configurations: train=5986, valid=640, tests=[],
2025-08-12 00:48:23.722 INFO: =============    Processing head pt_head     ===========
2025-08-12 00:48:35.387 WARNING: Since ASE version 3.23.0b1, using energy_key 'energy' is no longer safe when communicating between MACE and ASE. We recommend using a different key, rewriting 'energy' to 'REF_energy'. You need to use --energy_key='REF_energy' to specify the chosen key name.
2025-08-12 00:48:35.789 WARNING: Since ASE version 3.23.0b1, using forces_key 'forces' is no longer safe when communicating between MACE and ASE. We recommend using a different key, rewriting 'forces' to 'REF_forces'. You need to use --forces_key='REF_forces' to specify the chosen key name.
2025-08-12 00:48:36.542 INFO: Training set 1/1 [energy: 5028, stress: 0, virials: 0, dipole components: 0, head: 5028, elec_temp: 0, total_charge: 0, polarizability: 0, total_spin: 0, forces: 5028, charges: 0]
2025-08-12 00:48:36.557 INFO: Total Training set [energy: 5028, stress: 0, virials: 0, dipole components: 0, head: 5028, elec_temp: 0, total_charge: 0, polarizability: 0, total_spin: 0, forces: 5028, charges: 0]
2025-08-12 00:48:36.557 INFO: No validation set provided, splitting training data instead.
2025-08-12 00:59:16.149 INFO: ===========VERIFYING SETTINGS===========
2025-08-12 00:59:16.149 INFO: MACE version: 0.3.14
2025-08-12 00:59:16.732 INFO: CUDA version: 12.6, CUDA device: 0
2025-08-12 00:59:17.400 INFO: Using foundation model /home/phanim/harshitrawat/summer/mace_models/universal/2024-01-07-mace-128-L2_epoch-199.model as initial checkpoint.
2025-08-12 00:59:17.402 INFO: Multihead finetuning mode, setting learning rate to 0.0001 and EMA to True. To use a different learning rate, set --force_mh_ft_lr=True.
2025-08-12 00:59:17.402 INFO: Using multiheads finetuning mode, setting learning rate to 0.0001 and EMA to True
2025-08-12 00:59:17.402 INFO: ===========LOADING INPUT DATA===========
2025-08-12 00:59:17.402 INFO: Using heads: ['Default', 'pt_head']
2025-08-12 00:59:17.402 INFO: Using the key specifications to parse data:
2025-08-12 00:59:17.402 INFO: Default: KeySpecification(info_keys={'energy': 'energy', 'stress': 'REF_stress', 'virials': 'REF_virials', 'dipole': 'dipole', 'head': 'head', 'elec_temp': 'elec_temp', 'total_charge': 'total_charge', 'polarizability': 'polarizability', 'total_spin': 'total_spin'}, arrays_keys={'forces': 'forces', 'charges': 'REF_charges'})
2025-08-12 00:59:17.402 INFO: pt_head: KeySpecification(info_keys={'energy': 'energy', 'stress': 'REF_stress', 'virials': 'REF_virials', 'dipole': 'dipole', 'head': 'head', 'elec_temp': 'elec_temp', 'total_charge': 'total_charge', 'polarizability': 'polarizability', 'total_spin': 'total_spin'}, arrays_keys={'forces': 'forces', 'charges': 'REF_charges'})
2025-08-12 00:59:17.402 INFO: =============    Processing head Default     ===========
2025-08-12 00:59:35.860 WARNING: Since ASE version 3.23.0b1, using energy_key 'energy' is no longer safe when communicating between MACE and ASE. We recommend using a different key, rewriting 'energy' to 'REF_energy'. You need to use --energy_key='REF_energy' to specify the chosen key name.
2025-08-12 00:59:36.373 WARNING: Since ASE version 3.23.0b1, using forces_key 'forces' is no longer safe when communicating between MACE and ASE. We recommend using a different key, rewriting 'forces' to 'REF_forces'. You need to use --forces_key='REF_forces' to specify the chosen key name.
2025-08-12 00:59:37.424 INFO: Training set 1/1 [energy: 5986, stress: 0, virials: 0, dipole components: 0, head: 5986, elec_temp: 0, total_charge: 0, polarizability: 0, total_spin: 0, forces: 5986, charges: 0]
2025-08-12 00:59:37.441 INFO: Total Training set [energy: 5986, stress: 0, virials: 0, dipole components: 0, head: 5986, elec_temp: 0, total_charge: 0, polarizability: 0, total_spin: 0, forces: 5986, charges: 0]
2025-08-12 00:59:37.605 WARNING: Since ASE version 3.23.0b1, using energy_key 'energy' is no longer safe when communicating between MACE and ASE. We recommend using a different key, rewriting 'energy' to 'REF_energy'. You need to use --energy_key='REF_energy' to specify the chosen key name.
2025-08-12 00:59:37.647 WARNING: Since ASE version 3.23.0b1, using forces_key 'forces' is no longer safe when communicating between MACE and ASE. We recommend using a different key, rewriting 'forces' to 'REF_forces'. You need to use --forces_key='REF_forces' to specify the chosen key name.
2025-08-12 00:59:37.698 INFO: Validation set 1/1 [energy: 640, stress: 0, virials: 0, dipole components: 0, head: 640, elec_temp: 0, total_charge: 0, polarizability: 0, total_spin: 0, forces: 640, charges: 0]
2025-08-12 00:59:37.700 INFO: Total Validation set [energy: 640, stress: 0, virials: 0, dipole components: 0, head: 640, elec_temp: 0, total_charge: 0, polarizability: 0, total_spin: 0, forces: 640, charges: 0]
2025-08-12 00:59:37.700 INFO: Total number of configurations: train=5986, valid=640, tests=[],
2025-08-12 00:59:37.700 INFO: =============    Processing head pt_head     ===========
2025-08-12 01:04:52.329 INFO: ===========VERIFYING SETTINGS===========
2025-08-12 01:04:52.329 INFO: MACE version: 0.3.14
2025-08-12 01:04:52.988 INFO: CUDA version: 12.6, CUDA device: 0
2025-08-12 01:04:53.817 INFO: Using foundation model /home/phanim/harshitrawat/summer/mace_models/universal/2024-01-07-mace-128-L2_epoch-199.model as initial checkpoint.
2025-08-12 01:04:53.818 INFO: Multihead finetuning mode, setting learning rate to 0.0001 and EMA to True. To use a different learning rate, set --force_mh_ft_lr=True.
2025-08-12 01:04:53.818 INFO: Using multiheads finetuning mode, setting learning rate to 0.0001 and EMA to True
2025-08-12 01:04:53.818 INFO: ===========LOADING INPUT DATA===========
2025-08-12 01:04:53.818 INFO: Using heads: ['Default', 'pt_head']
2025-08-12 01:04:53.818 INFO: Using the key specifications to parse data:
2025-08-12 01:04:53.818 INFO: Default: KeySpecification(info_keys={'energy': 'energy', 'stress': 'REF_stress', 'virials': 'REF_virials', 'dipole': 'dipole', 'head': 'head', 'elec_temp': 'elec_temp', 'total_charge': 'total_charge', 'polarizability': 'polarizability', 'total_spin': 'total_spin'}, arrays_keys={'forces': 'forces', 'charges': 'REF_charges'})
2025-08-12 01:04:53.818 INFO: pt_head: KeySpecification(info_keys={'energy': 'energy', 'stress': 'REF_stress', 'virials': 'REF_virials', 'dipole': 'dipole', 'head': 'head', 'elec_temp': 'elec_temp', 'total_charge': 'total_charge', 'polarizability': 'polarizability', 'total_spin': 'total_spin'}, arrays_keys={'forces': 'forces', 'charges': 'REF_charges'})
2025-08-12 01:04:53.818 INFO: =============    Processing head Default     ===========
2025-08-12 01:05:12.282 WARNING: Since ASE version 3.23.0b1, using energy_key 'energy' is no longer safe when communicating between MACE and ASE. We recommend using a different key, rewriting 'energy' to 'REF_energy'. You need to use --energy_key='REF_energy' to specify the chosen key name.
2025-08-12 01:05:12.796 WARNING: Since ASE version 3.23.0b1, using forces_key 'forces' is no longer safe when communicating between MACE and ASE. We recommend using a different key, rewriting 'forces' to 'REF_forces'. You need to use --forces_key='REF_forces' to specify the chosen key name.
2025-08-12 01:05:13.870 INFO: Training set 1/1 [energy: 5986, stress: 0, virials: 0, dipole components: 0, head: 5986, elec_temp: 0, total_charge: 0, polarizability: 0, total_spin: 0, forces: 5986, charges: 0]
2025-08-12 01:05:13.888 INFO: Total Training set [energy: 5986, stress: 0, virials: 0, dipole components: 0, head: 5986, elec_temp: 0, total_charge: 0, polarizability: 0, total_spin: 0, forces: 5986, charges: 0]
2025-08-12 01:05:14.060 WARNING: Since ASE version 3.23.0b1, using energy_key 'energy' is no longer safe when communicating between MACE and ASE. We recommend using a different key, rewriting 'energy' to 'REF_energy'. You need to use --energy_key='REF_energy' to specify the chosen key name.
2025-08-12 01:05:14.105 WARNING: Since ASE version 3.23.0b1, using forces_key 'forces' is no longer safe when communicating between MACE and ASE. We recommend using a different key, rewriting 'forces' to 'REF_forces'. You need to use --forces_key='REF_forces' to specify the chosen key name.
2025-08-12 01:05:14.161 INFO: Validation set 1/1 [energy: 640, stress: 0, virials: 0, dipole components: 0, head: 640, elec_temp: 0, total_charge: 0, polarizability: 0, total_spin: 0, forces: 640, charges: 0]
2025-08-12 01:05:14.163 INFO: Total Validation set [energy: 640, stress: 0, virials: 0, dipole components: 0, head: 640, elec_temp: 0, total_charge: 0, polarizability: 0, total_spin: 0, forces: 640, charges: 0]
2025-08-12 01:05:14.163 INFO: Total number of configurations: train=5986, valid=640, tests=[],
2025-08-12 01:05:14.163 INFO: =============    Processing head pt_head     ===========
2025-08-12 01:05:26.008 WARNING: Since ASE version 3.23.0b1, using energy_key 'energy' is no longer safe when communicating between MACE and ASE. We recommend using a different key, rewriting 'energy' to 'REF_energy'. You need to use --energy_key='REF_energy' to specify the chosen key name.
2025-08-12 01:05:26.415 WARNING: Since ASE version 3.23.0b1, using forces_key 'forces' is no longer safe when communicating between MACE and ASE. We recommend using a different key, rewriting 'forces' to 'REF_forces'. You need to use --forces_key='REF_forces' to specify the chosen key name.
2025-08-12 01:05:27.206 INFO: Training set 1/1 [energy: 5028, stress: 0, virials: 0, dipole components: 0, head: 5028, elec_temp: 0, total_charge: 0, polarizability: 0, total_spin: 0, forces: 5028, charges: 0]
2025-08-12 01:05:27.221 INFO: Total Training set [energy: 5028, stress: 0, virials: 0, dipole components: 0, head: 5028, elec_temp: 0, total_charge: 0, polarizability: 0, total_spin: 0, forces: 5028, charges: 0]
2025-08-12 01:05:27.393 WARNING: Since ASE version 3.23.0b1, using energy_key 'energy' is no longer safe when communicating between MACE and ASE. We recommend using a different key, rewriting 'energy' to 'REF_energy'. You need to use --energy_key='REF_energy' to specify the chosen key name.
2025-08-12 01:05:27.437 WARNING: Since ASE version 3.23.0b1, using forces_key 'forces' is no longer safe when communicating between MACE and ASE. We recommend using a different key, rewriting 'forces' to 'REF_forces'. You need to use --forces_key='REF_forces' to specify the chosen key name.
2025-08-12 01:05:27.492 INFO: Validation set 1/1 [energy: 640, stress: 0, virials: 0, dipole components: 0, head: 640, elec_temp: 0, total_charge: 0, polarizability: 0, total_spin: 0, forces: 640, charges: 0]
2025-08-12 01:05:27.494 INFO: Total Validation set [energy: 640, stress: 0, virials: 0, dipole components: 0, head: 640, elec_temp: 0, total_charge: 0, polarizability: 0, total_spin: 0, forces: 640, charges: 0]
2025-08-12 01:05:27.494 INFO: Total number of configurations: train=5028, valid=640, tests=[],
2025-08-12 01:05:27.495 INFO: ==================Using multiheads finetuning mode==================
2025-08-12 01:05:27.495 INFO: Total number of configurations in pretraining: train=5028, valid=640
2025-08-12 01:05:27.867 INFO: Atomic Numbers used: [3, 8, 40, 57]
2025-08-12 01:05:27.867 INFO: Isolated Atomic Energies (E0s) not in training file, using command line argument
2025-08-12 01:05:27.870 INFO: Atomic Energies used (z: eV) for head Default: {3: -1.1190404292132379, 8: 0.5759887109337836, 40: 5.377267508500145, 57: -69.06937595870446}
2025-08-12 01:05:27.870 INFO: Atomic Energies used (z: eV) for head pt_head: {3: -3.482100566595956, 8: -7.28459863421322, 40: -11.846857579882572, 57: -8.933684809576345}
2025-08-12 01:05:27.870 INFO: Processing datasets for head 'Default'
2025-08-12 01:06:36.412 INFO: Combining 1 list datasets for head 'Default'
2025-08-12 01:06:36.602 INFO: Combining 1 list datasets for head 'Default_valid'
2025-08-12 01:06:36.602 INFO: Combined validation datasets for Default
2025-08-12 01:06:36.602 INFO: Head 'Default' training dataset size: 5986
2025-08-12 01:06:36.602 INFO: Processing datasets for head 'pt_head'
2025-08-12 01:06:36.602 INFO: =============    Pseudolabeling for pt_head    ===========
2025-08-12 01:06:36.602 INFO: Applying pseudolabels to pt_head configurations using foundation model
2025-08-12 01:06:36.604 INFO: Using foundation model's atomic numbers for pseudolabeling: [1, 2, 3, 4, 5, 6, 7, 8, 9, 10, 11, 12, 13, 14, 15, 16, 17, 18, 19, 20, 21, 22, 23, 24, 25, 26, 27, 28, 29, 30, 31, 32, 33, 34, 35, 36, 37, 38, 39, 40, 41, 42, 43, 44, 45, 46, 47, 48, 49, 50, 51, 52, 53, 54, 55, 56, 57, 58, 59, 60, 61, 62, 63, 64, 65, 66, 67, 68, 69, 70, 71, 72, 73, 74, 75, 76, 77, 78, 79, 80, 81, 82, 83, 89, 90, 91, 92, 93, 94]
2025-08-12 01:06:36.604 INFO: Generating pseudolabels for 5028 pt_head training configurations
2025-08-12 01:13:21.108 INFO: Generated pseudolabels for 5028 configurations
2025-08-12 01:13:21.110 INFO: Successfully applied pseudolabels to 5028 training configurations
2025-08-12 01:13:21.111 INFO: Generating pseudolabels for 640 pt_head validation configurations
2025-08-12 01:13:26.977 INFO: Generated pseudolabels for 640 configurations
2025-08-12 01:13:26.978 INFO: Successfully applied pseudolabels to 640 validation configurations
2025-08-12 01:13:26.978 INFO: Successfully applied pseudolabels to pt_head configurations
2025-08-12 01:14:11.661 INFO: Combining 1 list datasets for head 'pt_head'
2025-08-12 01:14:11.866 INFO: Combining 1 list datasets for head 'pt_head_valid'
2025-08-12 01:14:11.866 INFO: Combined validation datasets for pt_head
2025-08-12 01:14:11.866 INFO: Head 'pt_head' training dataset size: 5028
2025-08-12 01:14:11.867 INFO: Average number of neighbors: 61.964672446250916
2025-08-12 01:14:11.867 INFO: During training the following quantities will be reported: energy, forces, stress
2025-08-12 01:14:11.867 INFO: ===========MODEL DETAILS===========
2025-08-12 01:14:22.946 INFO: Loading FOUNDATION model
2025-08-12 01:14:22.948 INFO: Using filtered elements: [3, 8, 40, 57]
2025-08-12 01:14:22.948 INFO: Model configuration extracted from foundation model
2025-08-12 01:14:22.948 INFO: Using universal loss function for fine-tuning
2025-08-12 01:14:22.948 INFO: Message passing with hidden irreps 128x0e+128x1o+128x2e)
2025-08-12 01:14:22.948 INFO: 2 layers, each with correlation order: 3 (body order: 4) and spherical harmonics up to: l=3
2025-08-12 01:14:22.948 INFO: Radial cutoff: 6.0 A (total receptive field for each atom: 12.0 A)
2025-08-12 01:14:22.948 INFO: Distance transform for radial basis functions: None
2025-08-12 01:14:24.496 INFO: Total number of parameters: 896586
2025-08-12 01:14:24.496 INFO: 
2025-08-12 01:14:24.496 INFO: ===========OPTIMIZER INFORMATION===========
2025-08-12 01:14:24.496 INFO: Using ADAM as parameter optimizer
2025-08-12 01:14:24.496 INFO: Batch size: 2
2025-08-12 01:14:24.496 INFO: Using Exponential Moving Average with decay: 0.99999
2025-08-12 01:14:24.496 INFO: Number of gradient updates: 220280
2025-08-12 01:14:24.496 INFO: Learning rate: 0.0001, weight decay: 1e-08
2025-08-12 01:14:24.496 INFO: UniversalLoss(energy_weight=100.000, forces_weight=40.000, stress_weight=1.000)
2025-08-12 01:14:24.497 INFO: Using gradient clipping with tolerance=10.000
2025-08-12 01:14:24.497 INFO: 
2025-08-12 01:14:24.497 INFO: ===========TRAINING===========
2025-08-12 01:14:24.497 INFO: Started training, reporting errors on validation set
2025-08-12 01:14:24.497 INFO: Loss metrics on validation set
2025-08-12 01:14:48.085 INFO: Initial: head: pt_head, loss=0.00000000, RMSE_E_per_atom=    0.00 meV, RMSE_F=    0.00 meV / A, RMSE_stress=None meV / A^3
2025-08-12 01:15:10.535 INFO: Initial: head: Default, loss=5879.65224442, RMSE_E_per_atom=7179077.41 meV, RMSE_F=151375951.53 meV / A, RMSE_stress=None meV / A^3
2025-08-12 02:01:12.969 INFO: Epoch 0: head: pt_head, loss=948.46200498, RMSE_E_per_atom=6274663.10 meV, RMSE_F=137536886.57 meV / A, RMSE_stress=None meV / A^3
2025-08-12 02:01:35.160 INFO: Epoch 0: head: Default, loss=6177.79096812, RMSE_E_per_atom=7525350.52 meV, RMSE_F=193538324.41 meV / A, RMSE_stress=None meV / A^3
2025-08-12 02:33:06.487 INFO: ===========VERIFYING SETTINGS===========
2025-08-12 02:33:06.487 INFO: MACE version: 0.3.14
2025-08-12 02:33:07.168 INFO: CUDA version: 12.6, CUDA device: 0
2025-08-12 02:33:07.830 INFO: Using foundation model /home/phanim/harshitrawat/summer/mace_models/universal/2024-01-07-mace-128-L2_epoch-199.model as initial checkpoint.
2025-08-12 02:33:07.831 WARNING: Using multiheads finetuning with a foundation model that is not a Materials Project model, need to provied a path to a pretraining file with --pt_train_file.
2025-08-12 02:33:07.831 INFO: ===========LOADING INPUT DATA===========
2025-08-12 02:33:07.831 INFO: Using heads: ['Default']
2025-08-12 02:33:07.831 INFO: Using the key specifications to parse data:
2025-08-12 02:33:07.831 INFO: Default: KeySpecification(info_keys={'energy': 'energy', 'stress': 'REF_stress', 'virials': 'REF_virials', 'dipole': 'dipole', 'head': 'head', 'elec_temp': 'elec_temp', 'total_charge': 'total_charge', 'polarizability': 'polarizability', 'total_spin': 'total_spin'}, arrays_keys={'forces': 'forces', 'charges': 'REF_charges'})
2025-08-12 02:33:07.831 INFO: =============    Processing head Default     ===========
2025-08-12 02:33:26.270 WARNING: Since ASE version 3.23.0b1, using energy_key 'energy' is no longer safe when communicating between MACE and ASE. We recommend using a different key, rewriting 'energy' to 'REF_energy'. You need to use --energy_key='REF_energy' to specify the chosen key name.
2025-08-12 02:33:26.786 WARNING: Since ASE version 3.23.0b1, using forces_key 'forces' is no longer safe when communicating between MACE and ASE. We recommend using a different key, rewriting 'forces' to 'REF_forces'. You need to use --forces_key='REF_forces' to specify the chosen key name.
2025-08-12 02:33:27.898 INFO: Training set 1/1 [energy: 5986, stress: 0, virials: 0, dipole components: 0, head: 5986, elec_temp: 0, total_charge: 0, polarizability: 0, total_spin: 0, forces: 5986, charges: 0]
2025-08-12 02:33:27.916 INFO: Total Training set [energy: 5986, stress: 0, virials: 0, dipole components: 0, head: 5986, elec_temp: 0, total_charge: 0, polarizability: 0, total_spin: 0, forces: 5986, charges: 0]
2025-08-12 02:33:28.088 WARNING: Since ASE version 3.23.0b1, using energy_key 'energy' is no longer safe when communicating between MACE and ASE. We recommend using a different key, rewriting 'energy' to 'REF_energy'. You need to use --energy_key='REF_energy' to specify the chosen key name.
2025-08-12 02:33:28.131 WARNING: Since ASE version 3.23.0b1, using forces_key 'forces' is no longer safe when communicating between MACE and ASE. We recommend using a different key, rewriting 'forces' to 'REF_forces'. You need to use --forces_key='REF_forces' to specify the chosen key name.
2025-08-12 02:33:28.185 INFO: Validation set 1/1 [energy: 640, stress: 0, virials: 0, dipole components: 0, head: 640, elec_temp: 0, total_charge: 0, polarizability: 0, total_spin: 0, forces: 640, charges: 0]
2025-08-12 02:33:28.187 INFO: Total Validation set [energy: 640, stress: 0, virials: 0, dipole components: 0, head: 640, elec_temp: 0, total_charge: 0, polarizability: 0, total_spin: 0, forces: 640, charges: 0]
2025-08-12 02:33:28.187 INFO: Total number of configurations: train=5986, valid=640, tests=[],
2025-08-12 02:33:28.419 INFO: Atomic Numbers used: [3, 8, 40, 57]
2025-08-12 02:33:28.419 INFO: Isolated Atomic Energies (E0s) not in training file, using command line argument
2025-08-12 02:33:28.419 INFO: Computing average Atomic Energies using least squares regression
2025-08-12 02:33:28.456 INFO: Atomic Energies used (z: eV) for head Default: {3: -1.1190404292130913, 8: 0.5759887109338244, 40: 5.377267508500145, 57: -69.0693759587064}
2025-08-12 02:33:28.456 INFO: Processing datasets for head 'Default'
2025-08-12 02:34:37.355 INFO: Combining 1 list datasets for head 'Default'
2025-08-12 02:34:37.542 INFO: Combining 1 list datasets for head 'Default_valid'
2025-08-12 02:34:37.542 INFO: Combined validation datasets for Default
2025-08-12 02:34:37.542 INFO: Head 'Default' training dataset size: 5986
2025-08-12 02:34:37.543 INFO: Computing average number of neighbors
2025-08-12 02:34:45.486 INFO: Average number of neighbors: 70.13425544547107
2025-08-12 02:34:45.487 INFO: During training the following quantities will be reported: energy, forces
2025-08-12 02:34:45.487 INFO: ===========MODEL DETAILS===========
2025-08-12 02:34:52.786 INFO: Loading FOUNDATION model
2025-08-12 02:34:52.787 INFO: Using filtered elements: [3, 8, 40, 57]
2025-08-12 02:34:52.787 INFO: Model configuration extracted from foundation model
2025-08-12 02:34:52.787 INFO: Using weighted loss function for fine-tuning
2025-08-12 02:34:52.787 INFO: Message passing with hidden irreps 128x0e+128x1o+128x2e)
2025-08-12 02:34:52.787 INFO: 2 layers, each with correlation order: 3 (body order: 4) and spherical harmonics up to: l=3
2025-08-12 02:34:52.787 INFO: Radial cutoff: 6.0 A (total receptive field for each atom: 12.0 A)
2025-08-12 02:34:52.787 INFO: Distance transform for radial basis functions: None
2025-08-12 02:34:54.309 INFO: Total number of parameters: 894362
2025-08-12 02:34:54.309 INFO: 
2025-08-12 02:34:54.309 INFO: ===========OPTIMIZER INFORMATION===========
2025-08-12 02:34:54.309 INFO: Using ADAM as parameter optimizer
2025-08-12 02:34:54.309 INFO: Batch size: 2
2025-08-12 02:34:54.309 INFO: Number of gradient updates: 119720
2025-08-12 02:34:54.309 INFO: Learning rate: 0.0003, weight decay: 1e-08
2025-08-12 02:34:54.309 INFO: WeightedEnergyForcesLoss(energy_weight=100.000, forces_weight=40.000)
2025-08-12 02:34:54.310 INFO: Using gradient clipping with tolerance=10.000
2025-08-12 02:34:54.310 INFO: 
2025-08-12 02:34:54.310 INFO: ===========TRAINING===========
2025-08-12 02:34:54.310 INFO: Started training, reporting errors on validation set
2025-08-12 02:34:54.310 INFO: Loss metrics on validation set
2025-08-12 02:35:14.810 INFO: Initial: head: Default, loss=1047730099534.75000000, RMSE_E_per_atom=7179077.41 meV, RMSE_F=151375951.53 meV / A
2025-08-12 02:36:55.876 INFO: ===========VERIFYING SETTINGS===========
2025-08-12 02:36:55.876 INFO: MACE version: 0.3.14
2025-08-12 02:36:56.449 INFO: CUDA version: 12.6, CUDA device: 0
2025-08-12 02:36:56.903 INFO: Using foundation model /home/phanim/harshitrawat/summer/mace_models/universal/2024-01-07-mace-128-L2_epoch-199.model as initial checkpoint.
2025-08-12 02:36:56.904 INFO: Multihead finetuning mode, setting learning rate to 0.0001 and EMA to True. To use a different learning rate, set --force_mh_ft_lr=True.
2025-08-12 02:36:56.904 INFO: Using multiheads finetuning mode, setting learning rate to 0.0001 and EMA to True
2025-08-12 02:36:56.905 INFO: ===========LOADING INPUT DATA===========
2025-08-12 02:36:56.905 INFO: Using heads: ['Default', 'pt_head']
2025-08-12 02:36:56.905 INFO: Using the key specifications to parse data:
2025-08-12 02:36:56.905 INFO: Default: KeySpecification(info_keys={'energy': 'energy', 'stress': 'REF_stress', 'virials': 'REF_virials', 'dipole': 'dipole', 'head': 'head', 'elec_temp': 'elec_temp', 'total_charge': 'total_charge', 'polarizability': 'polarizability', 'total_spin': 'total_spin'}, arrays_keys={'forces': 'forces', 'charges': 'REF_charges'})
2025-08-12 02:36:56.905 INFO: pt_head: KeySpecification(info_keys={'energy': 'energy', 'stress': 'REF_stress', 'virials': 'REF_virials', 'dipole': 'dipole', 'head': 'head', 'elec_temp': 'elec_temp', 'total_charge': 'total_charge', 'polarizability': 'polarizability', 'total_spin': 'total_spin'}, arrays_keys={'forces': 'forces', 'charges': 'REF_charges'})
2025-08-12 02:36:56.905 INFO: =============    Processing head Default     ===========
2025-08-12 02:37:15.239 WARNING: Since ASE version 3.23.0b1, using energy_key 'energy' is no longer safe when communicating between MACE and ASE. We recommend using a different key, rewriting 'energy' to 'REF_energy'. You need to use --energy_key='REF_energy' to specify the chosen key name.
2025-08-12 02:37:15.749 WARNING: Since ASE version 3.23.0b1, using forces_key 'forces' is no longer safe when communicating between MACE and ASE. We recommend using a different key, rewriting 'forces' to 'REF_forces'. You need to use --forces_key='REF_forces' to specify the chosen key name.
2025-08-12 02:37:16.832 INFO: Training set 1/1 [energy: 5986, stress: 0, virials: 0, dipole components: 0, head: 5986, elec_temp: 0, total_charge: 0, polarizability: 0, total_spin: 0, forces: 5986, charges: 0]
2025-08-12 02:37:16.849 INFO: Total Training set [energy: 5986, stress: 0, virials: 0, dipole components: 0, head: 5986, elec_temp: 0, total_charge: 0, polarizability: 0, total_spin: 0, forces: 5986, charges: 0]
2025-08-12 02:37:17.015 WARNING: Since ASE version 3.23.0b1, using energy_key 'energy' is no longer safe when communicating between MACE and ASE. We recommend using a different key, rewriting 'energy' to 'REF_energy'. You need to use --energy_key='REF_energy' to specify the chosen key name.
2025-08-12 02:37:17.056 WARNING: Since ASE version 3.23.0b1, using forces_key 'forces' is no longer safe when communicating between MACE and ASE. We recommend using a different key, rewriting 'forces' to 'REF_forces'. You need to use --forces_key='REF_forces' to specify the chosen key name.
2025-08-12 02:37:17.107 INFO: Validation set 1/1 [energy: 640, stress: 0, virials: 0, dipole components: 0, head: 640, elec_temp: 0, total_charge: 0, polarizability: 0, total_spin: 0, forces: 640, charges: 0]
2025-08-12 02:37:17.109 INFO: Total Validation set [energy: 640, stress: 0, virials: 0, dipole components: 0, head: 640, elec_temp: 0, total_charge: 0, polarizability: 0, total_spin: 0, forces: 640, charges: 0]
2025-08-12 02:37:17.109 INFO: Total number of configurations: train=5986, valid=640, tests=[],
2025-08-12 02:37:17.109 INFO: =============    Processing head pt_head     ===========
2025-08-12 02:37:28.841 WARNING: Since ASE version 3.23.0b1, using energy_key 'energy' is no longer safe when communicating between MACE and ASE. We recommend using a different key, rewriting 'energy' to 'REF_energy'. You need to use --energy_key='REF_energy' to specify the chosen key name.
2025-08-12 02:37:29.238 WARNING: Since ASE version 3.23.0b1, using forces_key 'forces' is no longer safe when communicating between MACE and ASE. We recommend using a different key, rewriting 'forces' to 'REF_forces'. You need to use --forces_key='REF_forces' to specify the chosen key name.
2025-08-12 02:37:30.016 INFO: Training set 1/1 [energy: 5028, stress: 0, virials: 0, dipole components: 0, head: 5028, elec_temp: 0, total_charge: 0, polarizability: 0, total_spin: 0, forces: 5028, charges: 0]
2025-08-12 02:37:30.031 INFO: Total Training set [energy: 5028, stress: 0, virials: 0, dipole components: 0, head: 5028, elec_temp: 0, total_charge: 0, polarizability: 0, total_spin: 0, forces: 5028, charges: 0]
2025-08-12 02:37:30.199 WARNING: Since ASE version 3.23.0b1, using energy_key 'energy' is no longer safe when communicating between MACE and ASE. We recommend using a different key, rewriting 'energy' to 'REF_energy'. You need to use --energy_key='REF_energy' to specify the chosen key name.
2025-08-12 02:37:30.241 WARNING: Since ASE version 3.23.0b1, using forces_key 'forces' is no longer safe when communicating between MACE and ASE. We recommend using a different key, rewriting 'forces' to 'REF_forces'. You need to use --forces_key='REF_forces' to specify the chosen key name.
2025-08-12 02:37:30.295 INFO: Validation set 1/1 [energy: 640, stress: 0, virials: 0, dipole components: 0, head: 640, elec_temp: 0, total_charge: 0, polarizability: 0, total_spin: 0, forces: 640, charges: 0]
2025-08-12 02:37:30.297 INFO: Total Validation set [energy: 640, stress: 0, virials: 0, dipole components: 0, head: 640, elec_temp: 0, total_charge: 0, polarizability: 0, total_spin: 0, forces: 640, charges: 0]
2025-08-12 02:37:30.297 INFO: Total number of configurations: train=5028, valid=640, tests=[],
2025-08-12 02:37:30.297 INFO: ==================Using multiheads finetuning mode==================
2025-08-12 02:37:30.297 INFO: Total number of configurations in pretraining: train=5028, valid=640
2025-08-12 02:37:30.671 INFO: Atomic Numbers used: [3, 8, 40, 57]
2025-08-12 02:37:30.671 INFO: Isolated Atomic Energies (E0s) not in training file, using command line argument
2025-08-12 02:37:30.674 INFO: Atomic Energies used (z: eV) for head Default: {3: -1.1190404292132379, 8: 0.5759887109337836, 40: 5.377267508500145, 57: -69.06937595870446}
2025-08-12 02:37:30.674 INFO: Atomic Energies used (z: eV) for head pt_head: {3: -3.482100566595956, 8: -7.28459863421322, 40: -11.846857579882572, 57: -8.933684809576345}
2025-08-12 02:37:30.674 INFO: Processing datasets for head 'Default'
2025-08-12 02:38:38.715 INFO: Combining 1 list datasets for head 'Default'
2025-08-12 02:38:38.902 INFO: Combining 1 list datasets for head 'Default_valid'
2025-08-12 02:38:38.902 INFO: Combined validation datasets for Default
2025-08-12 02:38:38.902 INFO: Head 'Default' training dataset size: 5986
2025-08-12 02:38:38.903 INFO: Processing datasets for head 'pt_head'
2025-08-12 02:38:38.903 INFO: =============    Pseudolabeling for pt_head    ===========
2025-08-12 02:38:38.903 INFO: Applying pseudolabels to pt_head configurations using foundation model
2025-08-12 02:38:38.904 INFO: Using foundation model's atomic numbers for pseudolabeling: [1, 2, 3, 4, 5, 6, 7, 8, 9, 10, 11, 12, 13, 14, 15, 16, 17, 18, 19, 20, 21, 22, 23, 24, 25, 26, 27, 28, 29, 30, 31, 32, 33, 34, 35, 36, 37, 38, 39, 40, 41, 42, 43, 44, 45, 46, 47, 48, 49, 50, 51, 52, 53, 54, 55, 56, 57, 58, 59, 60, 61, 62, 63, 64, 65, 66, 67, 68, 69, 70, 71, 72, 73, 74, 75, 76, 77, 78, 79, 80, 81, 82, 83, 89, 90, 91, 92, 93, 94]
2025-08-12 02:38:38.904 INFO: Generating pseudolabels for 5028 pt_head training configurations
2025-08-12 02:45:22.149 INFO: Generated pseudolabels for 5028 configurations
2025-08-12 02:45:22.151 INFO: Successfully applied pseudolabels to 5028 training configurations
2025-08-12 02:45:22.151 INFO: Generating pseudolabels for 640 pt_head validation configurations
2025-08-12 02:45:27.963 INFO: Generated pseudolabels for 640 configurations
2025-08-12 02:45:27.963 INFO: Successfully applied pseudolabels to 640 validation configurations
2025-08-12 02:45:27.963 INFO: Successfully applied pseudolabels to pt_head configurations
2025-08-12 02:46:12.437 INFO: Combining 1 list datasets for head 'pt_head'
2025-08-12 02:46:12.638 INFO: Combining 1 list datasets for head 'pt_head_valid'
2025-08-12 02:46:12.638 INFO: Combined validation datasets for pt_head
2025-08-12 02:46:12.638 INFO: Head 'pt_head' training dataset size: 5028
2025-08-12 02:46:12.638 INFO: Average number of neighbors: 61.964672446250916
2025-08-12 02:46:12.638 INFO: During training the following quantities will be reported: energy, forces, stress
2025-08-12 02:46:12.638 INFO: ===========MODEL DETAILS===========
2025-08-12 02:46:23.520 INFO: Loading FOUNDATION model
2025-08-12 02:46:23.523 INFO: Using filtered elements: [3, 8, 40, 57]
2025-08-12 02:46:23.523 INFO: Model configuration extracted from foundation model
2025-08-12 02:46:23.523 INFO: Using universal loss function for fine-tuning
2025-08-12 02:46:23.523 INFO: Message passing with hidden irreps 128x0e+128x1o+128x2e)
2025-08-12 02:46:23.523 INFO: 2 layers, each with correlation order: 3 (body order: 4) and spherical harmonics up to: l=3
2025-08-12 02:46:23.523 INFO: Radial cutoff: 6.0 A (total receptive field for each atom: 12.0 A)
2025-08-12 02:46:23.523 INFO: Distance transform for radial basis functions: None
2025-08-12 02:46:24.876 INFO: Total number of parameters: 896586
2025-08-12 02:46:24.876 INFO: 
2025-08-12 02:46:24.876 INFO: ===========OPTIMIZER INFORMATION===========
2025-08-12 02:46:24.876 INFO: Using ADAM as parameter optimizer
2025-08-12 02:46:24.876 INFO: Batch size: 2
2025-08-12 02:46:24.876 INFO: Using Exponential Moving Average with decay: 0.99999
2025-08-12 02:46:24.876 INFO: Number of gradient updates: 220280
2025-08-12 02:46:24.876 INFO: Learning rate: 0.0001, weight decay: 1e-08
2025-08-12 02:46:24.876 INFO: UniversalLoss(energy_weight=100.000, forces_weight=40.000, stress_weight=1.000)
2025-08-12 02:46:24.879 WARNING: No SWA checkpoint found, while SWA is enabled. Compare the swa_start parameter and the latest checkpoint.
2025-08-12 02:46:24.880 INFO: Loading checkpoint: ./checkpoints/mace_T1_pseudolabel_replay_mh_run-123_epoch-0.pt
2025-08-12 02:46:24.934 INFO: Using gradient clipping with tolerance=10.000
2025-08-12 02:46:24.934 INFO: 
2025-08-12 02:46:24.934 INFO: ===========TRAINING===========
2025-08-12 02:46:24.934 INFO: Started training, reporting errors on validation set
2025-08-12 02:46:24.934 INFO: Loss metrics on validation set
2025-08-12 02:46:47.847 INFO: Initial: head: pt_head, loss=948.46200498, RMSE_E_per_atom=6274663.10 meV, RMSE_F=137536886.57 meV / A, RMSE_stress=None meV / A^3
2025-08-12 02:47:09.714 INFO: Initial: head: Default, loss=6177.79096812, RMSE_E_per_atom=7525350.52 meV, RMSE_F=193538324.41 meV / A, RMSE_stress=None meV / A^3
2025-08-12 03:33:17.293 INFO: Epoch 0: head: pt_head, loss=1092.56504285, RMSE_E_per_atom=6989073.19 meV, RMSE_F=123990458.59 meV / A, RMSE_stress=None meV / A^3
2025-08-12 03:33:39.821 INFO: Epoch 0: head: Default, loss=5475.19269151, RMSE_E_per_atom=7731123.74 meV, RMSE_F=195260316.50 meV / A, RMSE_stress=None meV / A^3
2025-08-12 04:19:47.869 INFO: Epoch 1: head: pt_head, loss=1298.87254809, RMSE_E_per_atom=8153129.67 meV, RMSE_F=130946712.17 meV / A, RMSE_stress=None meV / A^3
2025-08-12 04:20:10.200 INFO: Epoch 1: head: Default, loss=7936.97220421, RMSE_E_per_atom=7408287.57 meV, RMSE_F=233109074.59 meV / A, RMSE_stress=None meV / A^3
2025-08-12 05:06:17.774 INFO: Epoch 2: head: pt_head, loss=1864.31600771, RMSE_E_per_atom=11403581.22 meV, RMSE_F=357526927.28 meV / A, RMSE_stress=None meV / A^3
2025-08-12 05:06:40.317 INFO: Epoch 2: head: Default, loss=18122.08276816, RMSE_E_per_atom=24783981.77 meV, RMSE_F=634216141.22 meV / A, RMSE_stress=None meV / A^3
2025-08-12 05:52:48.497 INFO: Epoch 3: head: pt_head, loss=2695.38787831, RMSE_E_per_atom=20956336.17 meV, RMSE_F=509559597.80 meV / A, RMSE_stress=None meV / A^3
2025-08-12 05:53:11.002 INFO: Epoch 3: head: Default, loss=22239.85561955, RMSE_E_per_atom=34139386.61 meV, RMSE_F=794529933.59 meV / A, RMSE_stress=None meV / A^3
2025-08-12 06:39:17.771 INFO: Epoch 4: head: pt_head, loss=2848.13530111, RMSE_E_per_atom=23437152.45 meV, RMSE_F=537010103.91 meV / A, RMSE_stress=None meV / A^3
2025-08-12 06:39:40.374 INFO: Epoch 4: head: Default, loss=21251.26194762, RMSE_E_per_atom=34106154.06 meV, RMSE_F=759318316.27 meV / A, RMSE_stress=None meV / A^3
2025-08-12 07:26:01.771 INFO: Epoch 5: head: pt_head, loss=2667.43639176, RMSE_E_per_atom=22577500.91 meV, RMSE_F=491972260.55 meV / A, RMSE_stress=None meV / A^3
2025-08-12 07:26:24.955 INFO: Epoch 5: head: Default, loss=19071.57432855, RMSE_E_per_atom=31240904.07 meV, RMSE_F=672788218.34 meV / A, RMSE_stress=None meV / A^3
2025-08-12 08:12:33.319 INFO: Epoch 6: head: pt_head, loss=2359.38529472, RMSE_E_per_atom=20216913.63 meV, RMSE_F=420723910.02 meV / A, RMSE_stress=None meV / A^3
2025-08-12 08:12:55.597 INFO: Epoch 6: head: Default, loss=16412.83238286, RMSE_E_per_atom=26132927.17 meV, RMSE_F=546398688.47 meV / A, RMSE_stress=None meV / A^3
2025-08-12 08:59:05.262 INFO: Epoch 7: head: pt_head, loss=2244.56031609, RMSE_E_per_atom=20297031.91 meV, RMSE_F=386543535.85 meV / A, RMSE_stress=None meV / A^3
2025-08-12 08:59:27.417 INFO: Epoch 7: head: Default, loss=15586.10943730, RMSE_E_per_atom=25312926.96 meV, RMSE_F=495305458.72 meV / A, RMSE_stress=None meV / A^3
2025-08-12 08:59:27.417 INFO: Stopping optimization after 7 epochs without improvement
2025-08-12 08:59:27.417 INFO: Training complete
2025-08-12 08:59:27.418 INFO: 
2025-08-12 08:59:27.418 INFO: ===========RESULTS===========
2025-08-12 08:59:27.506 INFO: Loading checkpoint: ./checkpoints/mace_T1_pseudolabel_replay_mh_run-123_epoch-0.pt
2025-08-12 08:59:27.546 INFO: Loaded Stage one model from epoch 0 for evaluation
2025-08-12 08:59:27.546 INFO: Saving model to checkpoints/mace_T1_pseudolabel_replay_mh_run-123.model
2025-08-12 08:59:27.803 INFO: Compiling model, saving metadata to mace_T1_pseudolabel_replay_mh_compiled.model
2025-08-12 08:59:29.026 INFO: Computing metrics for training, validation, and test sets
2025-08-12 08:59:29.026 INFO: Skipping evaluation for heads: ['pt_head']
2025-08-12 08:59:29.026 INFO: Evaluating train_Default ...
2025-08-12 09:11:56.420 INFO: Skipping evaluation of train_pt_head (in skip_heads list)
2025-08-12 09:11:56.423 INFO: Evaluating valid_Default ...
2025-08-12 09:12:18.623 INFO: Skipping evaluation of valid_pt_head (in skip_heads list)
2025-08-12 09:12:18.858 INFO: Error-table on TRAIN and VALID:
+---------------+---------------------+------------------+-------------------+---------------------------------------+
|  config_type  | RMSE E / meV / atom | RMSE F / meV / A | relative F RMSE % | RMSE Stress (Virials) / meV / A (A^3) |
+---------------+---------------------+------------------+-------------------+---------------------------------------+
| train_Default |      23706729.6     |    64086085.9    |     8171663.99    |                  None                 |
| valid_Default |      7731123.7      |   195260316.5    |     814202.93     |                  None                 |
+---------------+---------------------+------------------+-------------------+---------------------------------------+
2025-08-12 09:12:18.962 INFO: Done
