2025-08-12 22:56:08.166 INFO: ===========VERIFYING SETTINGS===========
2025-08-12 22:56:08.166 INFO: MACE version: 0.3.14
2025-08-12 22:56:08.727 INFO: CUDA version: 12.6, CUDA device: 0
2025-08-12 22:56:09.441 INFO: Using foundation model /home/phanim/harshitrawat/summer/mace_models/universal/2024-01-07-mace-128-L2_epoch-199.model as initial checkpoint.
2025-08-12 22:56:09.442 WARNING: Using multiheads finetuning with a foundation model that is not a Materials Project model, need to provied a path to a pretraining file with --pt_train_file.
2025-08-12 22:56:09.442 INFO: ===========LOADING INPUT DATA===========
2025-08-12 22:56:09.442 INFO: Using heads: ['Default']
2025-08-12 22:56:09.442 INFO: Using the key specifications to parse data:
2025-08-12 22:56:09.442 INFO: Default: KeySpecification(info_keys={'energy': 'energy_eV', 'stress': 'REF_stress', 'virials': 'REF_virials', 'dipole': 'dipole', 'head': 'head', 'elec_temp': 'elec_temp', 'total_charge': 'total_charge', 'polarizability': 'polarizability', 'total_spin': 'total_spin'}, arrays_keys={'forces': 'forces_per_atom_eV_per_A', 'charges': 'REF_charges'})
2025-08-12 22:56:09.442 INFO: =============    Processing head Default     ===========
2025-08-12 22:56:30.980 INFO: Training set 1/1 [energy: 5986, stress: 0, virials: 0, dipole components: 0, head: 5986, elec_temp: 0, total_charge: 0, polarizability: 0, total_spin: 0, forces: 5986, charges: 0]
2025-08-12 22:56:31.000 INFO: Total Training set [energy: 5986, stress: 0, virials: 0, dipole components: 0, head: 5986, elec_temp: 0, total_charge: 0, polarizability: 0, total_spin: 0, forces: 5986, charges: 0]
2025-08-12 22:56:31.187 INFO: Validation set 1/1 [energy: 640, stress: 0, virials: 0, dipole components: 0, head: 640, elec_temp: 0, total_charge: 0, polarizability: 0, total_spin: 0, forces: 640, charges: 0]
2025-08-12 22:56:31.188 INFO: Total Validation set [energy: 640, stress: 0, virials: 0, dipole components: 0, head: 640, elec_temp: 0, total_charge: 0, polarizability: 0, total_spin: 0, forces: 640, charges: 0]
2025-08-12 22:56:31.189 INFO: Total number of configurations: train=5986, valid=640, tests=[],
2025-08-12 22:56:31.420 INFO: Atomic Numbers used: [3, 8, 40, 57]
2025-08-12 22:57:01.992 INFO: ===========VERIFYING SETTINGS===========
2025-08-12 22:57:01.992 INFO: MACE version: 0.3.14
2025-08-12 22:57:02.541 INFO: CUDA version: 12.6, CUDA device: 0
2025-08-12 22:57:02.934 INFO: Using foundation model /home/phanim/harshitrawat/summer/mace_models/universal/2024-01-07-mace-128-L2_epoch-199.model as initial checkpoint.
2025-08-12 22:57:02.960 WARNING: Using multiheads finetuning with a foundation model that is not a Materials Project model, need to provied a path to a pretraining file with --pt_train_file.
2025-08-12 22:57:02.960 INFO: ===========LOADING INPUT DATA===========
2025-08-12 22:57:02.960 INFO: Using heads: ['Default']
2025-08-12 22:57:02.960 INFO: Using the key specifications to parse data:
2025-08-12 22:57:02.960 INFO: Default: KeySpecification(info_keys={'energy': 'energy', 'stress': 'REF_stress', 'virials': 'REF_virials', 'dipole': 'dipole', 'head': 'head', 'elec_temp': 'elec_temp', 'total_charge': 'total_charge', 'polarizability': 'polarizability', 'total_spin': 'total_spin'}, arrays_keys={'forces': 'forces', 'charges': 'REF_charges'})
2025-08-12 22:57:02.960 INFO: =============    Processing head Default     ===========
2025-08-12 22:57:23.806 WARNING: Since ASE version 3.23.0b1, using energy_key 'energy' is no longer safe when communicating between MACE and ASE. We recommend using a different key, rewriting 'energy' to 'REF_energy'. You need to use --energy_key='REF_energy' to specify the chosen key name.
2025-08-12 22:57:24.342 WARNING: Since ASE version 3.23.0b1, using forces_key 'forces' is no longer safe when communicating between MACE and ASE. We recommend using a different key, rewriting 'forces' to 'REF_forces'. You need to use --forces_key='REF_forces' to specify the chosen key name.
2025-08-12 22:57:25.442 INFO: Training set 1/1 [energy: 5986, stress: 0, virials: 0, dipole components: 0, head: 5986, elec_temp: 0, total_charge: 0, polarizability: 0, total_spin: 0, forces: 5986, charges: 0]
2025-08-12 22:57:25.461 INFO: Total Training set [energy: 5986, stress: 0, virials: 0, dipole components: 0, head: 5986, elec_temp: 0, total_charge: 0, polarizability: 0, total_spin: 0, forces: 5986, charges: 0]
2025-08-12 22:57:25.639 WARNING: Since ASE version 3.23.0b1, using energy_key 'energy' is no longer safe when communicating between MACE and ASE. We recommend using a different key, rewriting 'energy' to 'REF_energy'. You need to use --energy_key='REF_energy' to specify the chosen key name.
2025-08-12 22:57:25.682 WARNING: Since ASE version 3.23.0b1, using forces_key 'forces' is no longer safe when communicating between MACE and ASE. We recommend using a different key, rewriting 'forces' to 'REF_forces'. You need to use --forces_key='REF_forces' to specify the chosen key name.
2025-08-12 22:57:25.735 INFO: Validation set 1/1 [energy: 640, stress: 0, virials: 0, dipole components: 0, head: 640, elec_temp: 0, total_charge: 0, polarizability: 0, total_spin: 0, forces: 640, charges: 0]
2025-08-12 22:57:25.737 INFO: Total Validation set [energy: 640, stress: 0, virials: 0, dipole components: 0, head: 640, elec_temp: 0, total_charge: 0, polarizability: 0, total_spin: 0, forces: 640, charges: 0]
2025-08-12 22:57:25.737 INFO: Total number of configurations: train=5986, valid=640, tests=[],
2025-08-12 22:57:25.967 INFO: Atomic Numbers used: [3, 8, 40, 57]
