Starting extraction for T1 using Universal MACE...
Loading model from /home/phanim/harshitrawat/summer/mace_models/universal/2024-01-07-mace-128-L2_epoch-199.model...
Processing data from /home/phanim/harshitrawat/summer/T1_T2_T3_data/T1_chgnet_labeled.extxyz...
Processed 200 frames...
Processed 400 frames...
Processed 600 frames...
Processed 800 frames...
Processed 1000 frames...
Processed 1200 frames...
Processed 1400 frames...
Processed 1600 frames...
Processed 1800 frames...
Processed 2000 frames...
Processed 2200 frames...
Processed 2400 frames...
Processed 2600 frames...
Processed 2800 frames...
Processed 3000 frames...
Processed 3200 frames...
Processed 3400 frames...
Processed 3600 frames...
Processed 3800 frames...
Processed 4000 frames...
Processed 4200 frames...
Processed 4400 frames...
Processed 4600 frames...
Processed 4800 frames...
Processed 5000 frames...
Processed 5200 frames...
Processed 5400 frames...
Processed 5600 frames...
Processed 5800 frames...
Processed 6000 frames...
Processed 6200 frames...
Processed 6337 frames...
Done!
Done.
